Log file open, 10/13/18 18:20:01
LogWindows: Failed to load 'aqProf.dll' (GetLastError=126)
LogWindows: File 'aqProf.dll' does not exist
LogWindows: Failed to load 'VtuneApi.dll' (GetLastError=126)
LogWindows: File 'VtuneApi.dll' does not exist
LogWindows: Failed to load 'VtuneApi32e.dll' (GetLastError=126)
LogWindows: File 'VtuneApi32e.dll' does not exist
LogInit: Display: Running engine for game: fps
LogPlatformFile: Not using cached read wrapper
LogTaskGraph: Started task graph with 5 named threads and 23 total threads with 3 sets of task threads.
LogStats: Stats thread started at 0.270152
LogD3D11RHI: Loaded GFSDK_Aftermath_Lib.x64.dll
LogICUInternationalization: Display: ICU TimeZone Detection - Raw Offset: +1:00, Platform Override: ''
LogPluginManager: Mounting plugin Paper2D
LogPluginManager: Mounting plugin AISupport
LogPluginManager: Mounting plugin LightPropagationVolume
LogPluginManager: Mounting plugin CLionSourceCodeAccess
LogPluginManager: Mounting plugin CodeLiteSourceCodeAccess
LogPluginManager: Mounting plugin GitSourceControl
LogPluginManager: Mounting plugin KDevelopSourceCodeAccess
LogPluginManager: Mounting plugin NullSourceCodeAccess
LogPluginManager: Mounting plugin PerforceSourceControl
LogPluginManager: Mounting plugin SubversionSourceControl
LogPluginManager: Mounting plugin UObjectPlugin
LogPluginManager: Mounting plugin VisualStudioCodeSourceCodeAccess
LogPluginManager: Mounting plugin VisualStudioSourceCodeAccess
LogPluginManager: Mounting plugin XCodeSourceCodeAccess
LogPluginManager: Mounting plugin AssetManagerEditor
LogPluginManager: Mounting plugin CryptoKeys
LogPluginManager: Mounting plugin DataValidation
LogPluginManager: Mounting plugin FacialAnimation
LogPluginManager: Mounting plugin GameplayTagsEditor
LogPluginManager: Mounting plugin MacGraphicsSwitching
LogPluginManager: Mounting plugin MeshEditor
LogPluginManager: Mounting plugin MobileLauncherProfileWizard
LogPluginManager: Mounting plugin PluginBrowser
LogPluginManager: Mounting plugin SpeedTreeImporter
LogPluginManager: Mounting plugin DatasmithContent
LogPluginManager: Mounting plugin AlembicImporter
LogPluginManager: Mounting plugin AppleImageUtils
LogPluginManager: Mounting plugin AppleVision
LogPluginManager: Mounting plugin BackChannel
LogPluginManager: Mounting plugin CharacterAI
LogPluginManager: Mounting plugin GeometryCache
LogPluginManager: Mounting plugin HTML5Networking
LogPluginManager: Mounting plugin ProxyLODPlugin
LogPluginManager: Mounting plugin MagicLeap
LogPluginManager: Mounting plugin MagicLeapEmulator
LogPluginManager: Mounting plugin MagicLeapMedia
LogPluginManager: Mounting plugin AndroidMedia
LogPluginManager: Mounting plugin AvfMedia
LogPluginManager: Mounting plugin ImgMedia
LogPluginManager: Mounting plugin LinearTimecode
LogPluginManager: Mounting plugin MediaCompositing
LogPluginManager: Mounting plugin MediaPlayerEditor
LogPluginManager: Mounting plugin WmfMedia
LogPluginManager: Mounting plugin TcpMessaging
LogPluginManager: Mounting plugin UdpMessaging
LogPluginManager: Mounting plugin ActorSequence
LogPluginManager: Mounting plugin LevelSequenceEditor
LogPluginManager: Mounting plugin MatineeToLevelSequence
LogPluginManager: Mounting plugin NetcodeUnitTest
LogPluginManager: Mounting plugin NUTUnrealEngine4
LogPluginManager: Mounting plugin OnlineSubsystemGooglePlay
LogPluginManager: Mounting plugin OnlineSubsystemIOS
LogPluginManager: Mounting plugin OnlineSubsystem
LogPluginManager: Mounting plugin OnlineSubsystemNull
LogPluginManager: Mounting plugin OnlineSubsystemUtils
LogPluginManager: Mounting plugin LauncherChunkInstaller
LogPluginManager: Mounting plugin AndroidDeviceProfileSelector
LogPluginManager: Mounting plugin AndroidMoviePlayer
LogPluginManager: Mounting plugin AndroidPermission
LogPluginManager: Mounting plugin AppleMoviePlayer
LogPluginManager: Mounting plugin ArchVisCharacter
LogPluginManager: Mounting plugin AudioCapture
LogPluginManager: Mounting plugin CableComponent
LogPluginManager: Mounting plugin CustomMeshComponent
LogPluginManager: Mounting plugin EditableMesh
LogPluginManager: Mounting plugin ExampleDeviceProfileSelector
LogPluginManager: Mounting plugin GoogleCloudMessaging
LogPluginManager: Mounting plugin ImmediatePhysics
LogPluginManager: Mounting plugin IOSDeviceProfileSelector
LogPluginManager: Mounting plugin LinuxDeviceProfileSelector
LogPluginManager: Mounting plugin LocationServicesBPLibrary
LogPluginManager: Mounting plugin MobilePatchingUtils
LogPluginManager: Mounting plugin OculusVR
LogPluginManager: Plugin shader directory ../../../Engine/Plugins/Runtime/Oculus/OculusVR/Shaders found
LogPluginManager: Mapping shader source directory ../../../Engine/Plugins/Runtime/Oculus/OculusVR/Shaders to virtual directory /Plugin/OculusVR
LogPluginManager: Mounting plugin PhysXVehicles
LogPluginManager: Mounting plugin ProceduralMeshComponent
LogPluginManager: Mounting plugin RuntimePhysXCooking
LogPluginManager: Mounting plugin SteamVR
LogPluginManager: Mounting plugin WindowsMoviePlayer
LogStreaming: Display: Took  0.059s to configure plugins.
LogInit: Using libcurl 7.55.1-DEV
LogInit:  - built for x86_64-pc-win32
LogInit:  - supports SSL with OpenSSL/1.0.2h
LogInit:  - supports HTTP deflate (compression) using libz 1.2.8
LogInit:  - other features:
LogInit:      CURL_VERSION_SSL
LogInit:      CURL_VERSION_LIBZ
LogInit:      CURL_VERSION_IPV6
LogInit:      CURL_VERSION_ASYNCHDNS
LogInit:      CURL_VERSION_LARGEFILE
LogInit:      CURL_VERSION_IDN
LogInit:  CurlRequestOptions (configurable via config and command line):
LogInit:  - bVerifyPeer = false  - Libcurl will NOT verify peer certificate
LogInit:  - bUseHttpProxy = false  - Libcurl will NOT use HTTP proxy
LogInit:  - bDontReuseConnections = false  - Libcurl will reuse connections
LogInit:  - CertBundlePath = nullptr  - Libcurl will use whatever was configured at build time.
LogInit:  - MaxHostConnections = 16  - Libcurl will limit the number of connections to a host
LogInit:  - LocalHostAddr = Default
LogInit:  - BufferSize = 65536
LogInit: WinSock: version 1.1 (2.2), MaxSocks=32767, MaxUdp=65467
LogInit: Build: ++UE4+Release-4.20-CL-4369336
LogInit: Engine Version: 4.20.3-4369336+++UE4+Release-4.20
LogInit: Compatible Engine Version: 4.20.0-4212847+++UE4+Release-4.20
LogInit: Net CL: 4212847
LogInit: OS: Windows 10 (), CPU: Intel(R) Core(TM) i7-6700K CPU @ 4.00GHz, GPU: NVIDIA GeForce GTX 970
LogInit: Compiled (64-bit): Sep 17 2018 12:26:19
LogInit: Compiled with Visual C++: 19.13.26129.00
LogInit: Build Configuration: Development
LogInit: Branch Name: ++UE4+Release-4.20
LogInit: Command Line: 
LogInit: Base Directory: D:/Program Files/Epic Games/UE_4.20/Engine/Binaries/Win64/
LogInit: Installed Engine Build: 1
LogDevObjectVersion: Number of dev versions registered: 20
LogDevObjectVersion:   Dev-Blueprints (B0D832E4-1F89-4F0D-ACCF-7EB736FD4AA2): 10
LogDevObjectVersion:   Dev-Build (E1C64328-A22C-4D53-A36C-8E866417BD8C): 0
LogDevObjectVersion:   Dev-Core (375EC13C-06E4-48FB-B500-84F0262A717E): 2
LogDevObjectVersion:   Dev-Editor (E4B068ED-F494-42E9-A231-DA0B2E46BB41): 24
LogDevObjectVersion:   Dev-Framework (CFFC743F-43B0-4480-9391-14DF171D2073): 34
LogDevObjectVersion:   Dev-Mobile (B02B49B5-BB20-44E9-A304-32B752E40360): 2
LogDevObjectVersion:   Dev-Networking (A4E4105C-59A1-49B5-A7C5-40C4547EDFEE): 0
LogDevObjectVersion:   Dev-Online (39C831C9-5AE6-47DC-9A44-9C173E1C8E7C): 0
LogDevObjectVersion:   Dev-Physics (78F01B33-EBEA-4F98-B9B4-84EACCB95AA2): 0
LogDevObjectVersion:   Dev-Platform (6631380F-2D4D-43E0-8009-CF276956A95A): 0
LogDevObjectVersion:   Dev-Rendering (12F88B9F-8875-4AFC-A67C-D90C383ABD29): 26
LogDevObjectVersion:   Dev-Sequencer (7B5AE74C-D270-4C10-A958-57980B212A5A): 9
LogDevObjectVersion:   Dev-VR (D7296918-1DD6-4BDD-9DE2-64A83CC13884): 2
LogDevObjectVersion:   Dev-LoadTimes (C2A15278-BFE7-4AFE-6C17-90FF531DF755): 1
LogDevObjectVersion:   Private-Geometry (6EACA3D4-40EC-4CC1-B786-8BED09428FC5): 3
LogDevObjectVersion:   Dev-AnimPhys (29E575DD-E0A3-4627-9D10-D276232CDCEA): 17
LogDevObjectVersion:   Dev-ReflectionCapture (6B266CEC-1EC7-4B8F-A30B-E4D90942FC07): 1
LogDevObjectVersion:   Dev-Automation (0DF73D61-A23F-47EA-B727-89E90C41499A): 1
LogDevObjectVersion:   FortniteMain (601D1886-AC64-4F84-AA16-D3DE0DEAC7D6): 12
LogDevObjectVersion:   Dev-Enterprise (9DFFBCD6-494F-0158-E221-12823C92A888): 1
LogStreaming: Display: Took  0.001s to delete old logs.
LogInit: Presizing for max 8388607 objects, including 0 objects not considered by GC, pre-allocating 0 bytes for permanent pool.
LogInit: Object subsystem initialized
[2018.10.13-16.20.01:901][  0]LogInit: Selected Device Profile: [Windows]
[2018.10.13-16.20.01:901][  0]LogInit: Applying CVar settings loaded from the selected device profile: [Windows]
[2018.10.13-16.20.01:910][  0]LogHAL: Display: Platform has ~ 16 GB [17119395840 / 17179869184 / 16], which maps to Larger [LargestMinGB=32, LargerMinGB=12, DefaultMinGB=8, SmallerMinGB=6, SmallestMinGB=0)
[2018.10.13-16.20.01:910][  0]LogInit: Setting Device Profile CVar: [[r.Vulkan.UseRealUBs:1]]
[2018.10.13-16.20.01:910][  0]LogInit: Going up to parent DeviceProfile []
[2018.10.13-16.20.01:910][  0]LogInit: Computer: KOMPUTER
[2018.10.13-16.20.01:910][  0]LogInit: User: brysz
[2018.10.13-16.20.01:910][  0]LogInit: CPU Page size=4096, Cores=4
[2018.10.13-16.20.01:910][  0]LogInit: High frequency timer resolution =10.000000 MHz
[2018.10.13-16.20.01:911][  0]LogMemory: Memory total: Physical=15.9GB (16GB approx)
[2018.10.13-16.20.01:911][  0]LogMemory: Platform Memory Stats for Windows
[2018.10.13-16.20.01:911][  0]LogMemory: Process Physical Memory: 100.79 MB used, 100.79 MB peak
[2018.10.13-16.20.01:911][  0]LogMemory: Process Virtual Memory: 89.55 MB used, 89.55 MB peak
[2018.10.13-16.20.01:911][  0]LogMemory: Physical Memory: 6465.26 MB used,  9861.07 MB free, 16326.33 MB total
[2018.10.13-16.20.01:911][  0]LogMemory: Virtual Memory: 4638.81 MB used,  9861.07 MB free, 134217728.00 MB total
[2018.10.13-16.20.02:322][  0]LogInit: Using OS detected language (en-US).
[2018.10.13-16.20.02:322][  0]LogInit: Using OS detected locale (pl-PL).
[2018.10.13-16.20.02:322][  0]LogTextLocalizationManager: No specific localization for 'en-US' exists, so the 'en' localization will be used.
[2018.10.13-16.20.02:636][  0]LogStreaming: Display: Took  0.314s to InitEngineTextLocalization.
[2018.10.13-16.20.02:636][  0]LogInit: Setting process to per monitor DPI aware
[2018.10.13-16.20.02:671][  0]LogSlate: New Slate User Created.  User Index 0, Is Virtual User: 0
[2018.10.13-16.20.02:671][  0]LogSlate: Slate User Registered.  User Index 0, Is Virtual User: 0
[2018.10.13-16.20.02:808][  0]LogHMD: Failed to initialize OpenVR with code 110
[2018.10.13-16.20.02:808][  0]LogD3D11RHI: D3D11 adapters:
[2018.10.13-16.20.02:864][  0]LogD3D11RHI:    0. 'NVIDIA GeForce GTX 970' (Feature Level 11_0)
[2018.10.13-16.20.02:864][  0]LogD3D11RHI:       4043/0/8163 MB DedicatedVideo/DedicatedSystem/SharedSystem, Outputs:2, VendorId:0x10de
[2018.10.13-16.20.02:865][  0]LogD3D11RHI:    1. 'Microsoft Basic Render Driver' (Feature Level 11_0)
[2018.10.13-16.20.02:865][  0]LogD3D11RHI:       0/0/8163 MB DedicatedVideo/DedicatedSystem/SharedSystem, Outputs:0, VendorId:0x1414
[2018.10.13-16.20.02:865][  0]LogD3D11RHI: Chosen D3D11 Adapter: 0
[2018.10.13-16.20.02:872][  0]LogD3D11RHI: Creating new Direct3DDevice
[2018.10.13-16.20.02:872][  0]LogD3D11RHI:     GPU DeviceId: 0x13c2 (for the marketing name, search the web for "GPU Device Id")
[2018.10.13-16.20.02:872][  0]LogWindows: EnumDisplayDevices:
[2018.10.13-16.20.02:872][  0]LogWindows:    0. 'NVIDIA GeForce GTX 970' (P:1 D:1)
[2018.10.13-16.20.02:872][  0]LogWindows:    1. 'NVIDIA GeForce GTX 970' (P:0 D:1)
[2018.10.13-16.20.02:872][  0]LogWindows:    2. 'NVIDIA GeForce GTX 970' (P:0 D:0)
[2018.10.13-16.20.02:873][  0]LogWindows:    3. 'NVIDIA GeForce GTX 970' (P:0 D:0)
[2018.10.13-16.20.02:873][  0]LogWindows: DebugString: FoundDriverCount:4 
[2018.10.13-16.20.02:873][  0]LogD3D11RHI:     Adapter Name: NVIDIA GeForce GTX 970
[2018.10.13-16.20.02:873][  0]LogD3D11RHI:   Driver Version: 416.16 (internal:25.21.14.1616, unified:416.16)
[2018.10.13-16.20.02:873][  0]LogD3D11RHI:      Driver Date: 10-2-2018
[2018.10.13-16.20.02:873][  0]LogRHI: Texture pool is 2830 MB (70% of 4043 MB)
[2018.10.13-16.20.02:910][  0]LogD3D11RHI: Async texture creation enabled
[2018.10.13-16.20.02:943][  0]LogD3D11RHI: GPU Timing Frequency: 1000.000000 (Debug: 2 2)
[2018.10.13-16.20.02:993][  0]LogShaderCompilers: Guid format shader working directory is 14 characters bigger than the processId version (../../../../../../Bartek/fps/fps/Intermediate/Shaders/WorkingDirectory/9460/).
[2018.10.13-16.20.02:993][  0]LogShaderCompilers: Cleaned the shader compiler working directory 'C:/Users/brysz/AppData/Local/Temp/UnrealShaderWorkingDir/6A71DC7143E1FD0C2201498C74F4EE97/'.
[2018.10.13-16.20.03:294][  0]LogTemp: Display: Loaded TP AllDesktopTargetPlatform
[2018.10.13-16.20.03:303][  0]LogTemp: Display: Loaded TP MacClientTargetPlatform
[2018.10.13-16.20.03:313][  0]LogTemp: Display: Loaded TP MacNoEditorTargetPlatform
[2018.10.13-16.20.03:323][  0]LogTemp: Display: Loaded TP MacServerTargetPlatform
[2018.10.13-16.20.03:332][  0]LogTemp: Display: Loaded TP MacTargetPlatform
[2018.10.13-16.20.03:344][  0]LogTemp: Display: Loaded TP WindowsClientTargetPlatform
[2018.10.13-16.20.03:353][  0]LogTemp: Display: Loaded TP WindowsNoEditorTargetPlatform
[2018.10.13-16.20.03:363][  0]LogTemp: Display: Loaded TP WindowsServerTargetPlatform
[2018.10.13-16.20.03:367][  0]LogTemp: Display: Loaded TP WindowsTargetPlatform
[2018.10.13-16.20.03:437][  0]LogTemp: Display: Loaded TP AndroidTargetPlatform
[2018.10.13-16.20.03:437][  0]LogTemp: Display: Loaded TP AndroidTargetPlatform
[2018.10.13-16.20.03:437][  0]LogTemp: Display: Loaded TP AndroidTargetPlatform
[2018.10.13-16.20.03:437][  0]LogTemp: Display: Loaded TP AndroidTargetPlatform
[2018.10.13-16.20.03:437][  0]LogTemp: Display: Loaded TP AndroidTargetPlatform
[2018.10.13-16.20.03:437][  0]LogTemp: Display: Loaded TP AndroidTargetPlatform
[2018.10.13-16.20.03:437][  0]LogTemp: Display: Loaded TP AndroidTargetPlatform
[2018.10.13-16.20.03:437][  0]LogTemp: Display: Loaded TP AndroidTargetPlatform
[2018.10.13-16.20.03:437][  0]LogTemp: Display: Loaded TP AndroidTargetPlatform
[2018.10.13-16.20.03:437][  0]LogTemp: Display: Loaded TP AndroidTargetPlatform
[2018.10.13-16.20.03:437][  0]LogTemp: Display: Loaded TP AndroidTargetPlatform
[2018.10.13-16.20.03:437][  0]LogTemp: Display: Loaded TP AndroidTargetPlatform
[2018.10.13-16.20.03:437][  0]LogTemp: Display: Loaded TP AndroidTargetPlatform
[2018.10.13-16.20.03:437][  0]LogTemp: Display: Loaded TP AndroidTargetPlatform
[2018.10.13-16.20.03:437][  0]LogTemp: Display: Loaded TP AndroidTargetPlatform
[2018.10.13-16.20.03:437][  0]LogTemp: Display: Loaded TP AndroidTargetPlatform
[2018.10.13-16.20.03:437][  0]LogTemp: Display: Loaded TP AndroidTargetPlatform
[2018.10.13-16.20.03:437][  0]LogTemp: Display: Loaded TP AndroidTargetPlatform
[2018.10.13-16.20.03:438][  0]LogTemp: Display: Loaded TP HTML5TargetPlatform
[2018.10.13-16.20.03:497][  0]LogTemp: Display: Loaded TP IOSTargetPlatform
[2018.10.13-16.20.03:497][  0]LogTemp: Display: Loaded TP IOSTargetPlatform
[2018.10.13-16.20.03:515][  0]LogTemp: Display: Loaded TP TVOSTargetPlatform
[2018.10.13-16.20.03:515][  0]LogTemp: Display: Loaded TP TVOSTargetPlatform
[2018.10.13-16.20.03:524][  0]LogTemp: Display: Loaded TP LinuxClientTargetPlatform
[2018.10.13-16.20.03:534][  0]LogTemp: Display: Loaded TP LinuxNoEditorTargetPlatform
[2018.10.13-16.20.03:544][  0]LogTemp: Display: Loaded TP LinuxServerTargetPlatform
[2018.10.13-16.20.03:554][  0]LogTemp: Display: Loaded TP LinuxTargetPlatform
[2018.10.13-16.20.03:560][  0]LogTemp: Display: Loaded TP LuminTargetPlatform
[2018.10.13-16.20.03:560][  0]LogTargetPlatformManager: Display: Building Assets For Windows
[2018.10.13-16.20.03:596][  0]LogXGEController: Cannot use XGE Controller as Incredibuild is not installed on this machine.
[2018.10.13-16.20.03:596][  0]LogShaderCompilers: Cannot use XGE Shader Compiler as Incredibuild is not installed on this machine.
[2018.10.13-16.20.03:596][  0]LogShaderCompilers: Display: Using Local Shader Compiler.
[2018.10.13-16.20.04:123][  0]LogDerivedDataCache: Display: Max Cache Size: 512 MB
[2018.10.13-16.20.04:170][  0]LogDerivedDataCache: Loaded boot cache 0.05s 71MB C:/Users/brysz/AppData/Local/UnrealEngine/4.20/DerivedDataCache/Boot.ddc.
[2018.10.13-16.20.04:170][  0]LogDerivedDataCache: Display: Loaded Boot cache: C:/Users/brysz/AppData/Local/UnrealEngine/4.20/DerivedDataCache/Boot.ddc
[2018.10.13-16.20.04:170][  0]LogDerivedDataCache: FDerivedDataBackendGraph:  Pak pak cache file ../../../../../../Bartek/fps/fps/DerivedDataCache/DDC.ddp not found, will not use a pak cache.
[2018.10.13-16.20.04:170][  0]LogDerivedDataCache: Unable to find inner node Pak for hierarchical cache Hierarchy.
[2018.10.13-16.20.04:170][  0]LogDerivedDataCache: FDerivedDataBackendGraph:  CompressedPak pak cache file ../../../../../../Bartek/fps/fps/DerivedDataCache/Compressed.ddp not found, will not use a pak cache.
[2018.10.13-16.20.04:170][  0]LogDerivedDataCache: Unable to find inner node CompressedPak for hierarchical cache Hierarchy.
[2018.10.13-16.20.04:180][  0]LogDerivedDataCache: Display: Pak cache opened for reading ../../../Engine/DerivedDataCache/Compressed.ddp.
[2018.10.13-16.20.04:192][  0]LogDerivedDataCache: Using Local data cache path C:/Users/brysz/AppData/Local/UnrealEngine/Common/DerivedDataCache: Writable
[2018.10.13-16.20.04:192][  0]LogDerivedDataCache: Shared data cache path not found in *engine.ini, will not use an Shared cache.
[2018.10.13-16.20.04:192][  0]LogDerivedDataCache: Unable to find inner node Shared for hierarchical cache Hierarchy.
[2018.10.13-16.20.04:207][  0]LogMaterial: Verifying Global Shaders for PCD3D_SM5
[2018.10.13-16.20.04:208][  0]LogSlate: Using FreeType 2.6.0
[2018.10.13-16.20.04:209][  0]LogSlate: SlateFontServices - WITH_FREETYPE: 1, WITH_HARFBUZZ: 1
[2018.10.13-16.20.04:273][  0]LogAssetRegistry: FAssetRegistry took 0.0252 seconds to start up
[2018.10.13-16.20.04:510][  0]LogInit: Selected Device Profile: [Windows]
[2018.10.13-16.20.04:603][  0]LogSimplygon: Simplygon DLL not present - disabling.
[2018.10.13-16.20.04:605][  0]LogMeshReduction: Using SimplygonSwarm for distributed automatic mesh merging
[2018.10.13-16.20.04:605][  0]LogMeshReduction: Using ProxyLODMeshReduction for automatic mesh merging
[2018.10.13-16.20.04:605][  0]LogMeshReduction: Using QuadricMeshReduction for automatic static mesh reduction
[2018.10.13-16.20.04:605][  0]LogMeshReduction: No automatic skeletal mesh reduction module available
[2018.10.13-16.20.04:621][  0]LogNetVersion: fps 1.0.0, NetCL: 4212847, EngineNetVer: 5, GameNetVer: 0 (Checksum: 462728196)
[2018.10.13-16.20.04:997][  0]LogPackageLocalizationCache: Processed 11 localized package path(s) for 2 prioritized culture(s) in 0.073316 seconds
[2018.10.13-16.20.05:002][  0]LogUObjectArray: 38425 objects as part of root set at end of initial load.
[2018.10.13-16.20.05:002][  0]LogUObjectAllocator: 6690872 out of 0 bytes used by permanent object pool.
[2018.10.13-16.20.05:002][  0]LogUObjectArray: CloseDisregardForGC: 0/0 objects in disregard for GC pool
[2018.10.13-16.20.05:619][  0]LogTcpMessaging: Initializing TcpMessaging bridge
[2018.10.13-16.20.05:631][  0]LogUdpMessaging: Initializing bridge on interface 0.0.0.0:0 to multicast group 230.0.0.1:6666.
[2018.10.13-16.20.05:756][  0]SourceControl: Source control is disabled
[2018.10.13-16.20.05:756][  0]SourceControl: Source control is disabled
[2018.10.13-16.20.05:757][  0]SourceControl: Source control is disabled
[2018.10.13-16.20.05:758][  0]SourceControl: Source control is disabled
[2018.10.13-16.20.05:900][  0]LogAndroidPermission: UAndroidPermissionCallbackProxy::GetInstance
[2018.10.13-16.20.06:026][  0]LogOcInput: OculusInput pre-init called
[2018.10.13-16.20.06:074][  0]LogEngine: Initializing Engine...
[2018.10.13-16.20.06:074][  0]LogHMD: Failed to initialize OpenVR with code 110
[2018.10.13-16.20.06:075][  0]LogStats: UGameplayTagsManager::ConstructGameplayTagTree: ImportINI prefixes -  0.000 s
[2018.10.13-16.20.06:075][  0]LogStats: UGameplayTagsManager::ConstructGameplayTagTree: Construct from data asset -  0.000 s
[2018.10.13-16.20.06:075][  0]LogStats: UGameplayTagsManager::ConstructGameplayTagTree: ImportINI -  0.000 s
[2018.10.13-16.20.06:075][  0]LogStats: UGameplayTagsManager::ConstructGameplayTagTree: GameplayTagTreeChangedEvent.Broadcast -  0.000 s
[2018.10.13-16.20.06:227][  0]LogInit: Initializing FReadOnlyCVARCache
[2018.10.13-16.20.06:234][  0]LogAIModule: Creating AISystem for world Untitled
[2018.10.13-16.20.06:285][  0]LogInit: XAudio2 using 'Speakers (Realtek High Definition Audio)' : 2 channels at 48 kHz using 16 bits per sample (channel mask 0x3)
[2018.10.13-16.20.06:330][  0]LogInit: FAudioDevice initialized.
[2018.10.13-16.20.06:330][  0]LogNetVersion: Set ProjectVersion to 1.0.0.0. Version Checksum will be recalculated on next use.
[2018.10.13-16.20.06:393][  0]LogDerivedDataCache: Saved boot cache 0.06s 71MB C:/Users/brysz/AppData/Local/UnrealEngine/4.20/DerivedDataCache/Boot.ddc.
[2018.10.13-16.20.06:402][  0]LogInit: Texture streaming: Enabled
[2018.10.13-16.20.06:412][  0]LogEngineSessionManager: EngineSessionManager initialized
[2018.10.13-16.20.06:421][  0]LogInit: Transaction tracking system initialized
[2018.10.13-16.20.06:432][  0]BlueprintLog: New page: Editor Load
[2018.10.13-16.20.06:475][  0]LocalizationService: Localization service is disabled
[2018.10.13-16.20.06:717][  0]LogCook: Display: Max memory allowance for cook 16384mb min free memory 0mb
[2018.10.13-16.20.06:717][  0]LogCook: Display: Mobile HDR setting 1
[2018.10.13-16.20.06:717][  0]LogGameplayTags: Display: UGameplayTagsManager::DoneAddingNativeTags. DelegateIsBound: 0
[2018.10.13-16.20.06:717][  0]LogStats: UGameplayTagsManager::ConstructGameplayTagTree: ImportINI prefixes -  0.000 s
[2018.10.13-16.20.06:717][  0]LogStats: UGameplayTagsManager::ConstructGameplayTagTree: Construct from data asset -  0.000 s
[2018.10.13-16.20.06:717][  0]LogStats: UGameplayTagsManager::ConstructGameplayTagTree: ImportINI -  0.000 s
[2018.10.13-16.20.06:717][  0]LogStats: UGameplayTagsManager::ConstructGameplayTagTree: GameplayTagTreeChangedEvent.Broadcast -  0.000 s
[2018.10.13-16.20.06:792][  0]LogFileCache: Scanning file cache for directory 'D:/Bartek/fps/fps/Content/' took 0.01s
[2018.10.13-16.20.06:792][  0]SourceControl: Source control is disabled
[2018.10.13-16.20.06:792][  0]Cmd: MAP LOAD FILE="../../../../../../Bartek/fps/fps/Content/FirstPersonBP/Maps/FirstPersonExampleMap.umap" TEMPLATE=0 SHOWPROGRESS=1 FEATURELEVEL=3
[2018.10.13-16.20.06:792][  0]LightingResults: New page: Lighting Build
[2018.10.13-16.20.06:794][  0]MapCheck: New page: Map Check
[2018.10.13-16.20.06:794][  0]LightingResults: New page: Lighting Build
[2018.10.13-16.20.07:036][  0]LogAIModule: Creating AISystem for world FirstPersonExampleMap
[2018.10.13-16.20.07:048][  0]LogEditorServer: Finished looking for orphan Actors (0.000 secs)
[2018.10.13-16.20.07:067][  0]Cmd: MAP CHECKDEP NOCLEARLOG
[2018.10.13-16.20.07:106][  0]MapCheck: Map check complete: 0 Error(s), 0 Warning(s), took 39,016ms to complete.
[2018.10.13-16.20.07:106][  0]LogFileHelpers: Loading map 'FirstPersonExampleMap' took 0.314
[2018.10.13-16.20.07:219][  0]LogSlate: Updating window title bar state: overlay mode, drag disabled, window buttons hidden, title bar hidden
[2018.10.13-16.20.07:225][  0]LogSlate: Updating window title bar state: overlay mode, drag disabled, window buttons hidden, title bar hidden
[2018.10.13-16.20.07:231][  0]LogSlate: Updating window title bar state: overlay mode, drag disabled, window buttons hidden, title bar hidden
[2018.10.13-16.20.07:237][  0]LogSlate: Updating window title bar state: overlay mode, drag disabled, window buttons hidden, title bar hidden
[2018.10.13-16.20.07:241][  0]LogCollectionManager: Loaded 0 collections in 0.000704 seconds
[2018.10.13-16.20.07:280][  0]LogFileCache: Scanning file cache for directory 'D:/Bartek/fps/fps/Saved/Collections/' took 0.01s
[2018.10.13-16.20.07:281][  0]LogFileCache: Scanning file cache for directory 'D:/Bartek/fps/fps/Content/Developers/brysz/Collections/' took 0.01s
[2018.10.13-16.20.07:281][  0]LogFileCache: Scanning file cache for directory 'D:/Bartek/fps/fps/Content/Collections/' took 0.01s
[2018.10.13-16.20.07:281][  0]LogCollectionManager: Rebuilt the GUID cache for 0 collections in 0.000000 seconds
[2018.10.13-16.20.07:288][  0]LogContentBrowser: Native class hierarchy populated in 0.0073 seconds. Added 2572 classes and 603 folders.
[2018.10.13-16.20.07:292][  0]LogContentBrowser: Native class hierarchy updated for 'WidgetCarousel' in 0.0002 seconds. Added 0 classes and 0 folders.
[2018.10.13-16.20.07:321][  0]LogContentBrowser: Native class hierarchy updated for 'AddContentDialog' in 0.0002 seconds. Added 0 classes and 0 folders.
[2018.10.13-16.20.07:324][  0]LogContentBrowser: Native class hierarchy updated for 'SceneOutliner' in 0.0002 seconds. Added 1 classes and 2 folders.
[2018.10.13-16.20.07:381][  0]LogSlate: Took 0.000156 seconds to synchronously load lazily loaded font '../../../Engine/Content/Slate/Fonts/Roboto-Regular.ttf' (155K)
[2018.10.13-16.20.07:383][  0]LogSlate: Took 0.000153 seconds to synchronously load lazily loaded font '../../../Engine/Content/Slate/Fonts/Roboto-Bold.ttf' (160K)
[2018.10.13-16.20.07:387][  0]LogSlate: Took 0.000227 seconds to synchronously load lazily loaded font '../../../Engine/Content/Editor/Slate/Fonts/FontAwesome.ttf' (139K)
[2018.10.13-16.20.07:449][  0]LogRenderer: Reallocating scene render targets to support 1616x896 Format 10 NumSamples 1 (Frame:1).
[2018.10.13-16.20.07:594][  0]LogContentBrowser: Native class hierarchy updated for 'HierarchicalLODOutliner' in 0.0002 seconds. Added 0 classes and 0 folders.
[2018.10.13-16.20.07:594][  0]LogLoad: (Engine Initialization) Total time: 6.99 seconds
[2018.10.13-16.20.07:594][  0]LogLoad: (Engine Initialization) Total Blueprint compile time: 0.00 seconds
[2018.10.13-16.20.07:604][  0]LogWindowsTextInputMethodSystem: Display: IME system now deactivated.
[2018.10.13-16.20.07:624][  0]LogAssetRegistry: Asset discovery search completed in 3.3735 seconds
[2018.10.13-16.20.07:626][  0]LogCollectionManager: Rebuilt the object cache for 0 collections in 0.000000 seconds (found 0 objects)
[2018.10.13-16.20.07:626][  0]LogCollectionManager: Fixed up redirectors for 0 collections in 0.000058 seconds (updated 0 objects)
[2018.10.13-16.20.07:627][  0]LogContentStreaming: Texture pool size now 1000 MB
[2018.10.13-16.20.08:617][101]LogSlate: Took 0.000181 seconds to synchronously load lazily loaded font '../../../Engine/Content/Slate/Fonts/Roboto-Light.ttf' (167K)
[2018.10.13-16.20.10:399][276]LogSlate: FSceneViewport::OnFocusLost() reason 0
[2018.10.13-16.20.10:457][283]LogTemp: Repeating last play command: Selected Viewport
[2018.10.13-16.20.10:468][283]LogBlueprintUserMessages: Early PlayInEditor Detection: Level '/Game/FirstPersonBP/Maps/FirstPersonExampleMap.FirstPersonExampleMap:PersistentLevel' has LevelScriptBlueprint '/Game/FirstPersonBP/Maps/FirstPersonExampleMap.FirstPersonExampleMap:PersistentLevel.FirstPersonExampleMap' with GeneratedClass '/Game/FirstPersonBP/Maps/FirstPersonExampleMap.FirstPersonExampleMap_C' with ClassGeneratedBy '/Game/FirstPersonBP/Maps/FirstPersonExampleMap.FirstPersonExampleMap:PersistentLevel.FirstPersonExampleMap'
[2018.10.13-16.20.10:468][283]LogPlayLevel: PlayLevel: No blueprints needed recompiling
[2018.10.13-16.20.10:480][283]PIE: New page: PIE session: FirstPersonExampleMap (13 paź 2018, 20:20:10)
[2018.10.13-16.20.10:480][283]LogPlayLevel: Creating play world package: /Game/FirstPersonBP/Maps/UEDPIE_0_FirstPersonExampleMap
[2018.10.13-16.20.10:496][283]LogPlayLevel: PIE: StaticDuplicateObject took: (0.016271s)
[2018.10.13-16.20.10:497][283]LogAIModule: Creating AISystem for world FirstPersonExampleMap
[2018.10.13-16.20.10:497][283]LogPlayLevel: PIE: World Init took: (0.000724s)
[2018.10.13-16.20.10:497][283]LogPlayLevel: PIE: Created PIE world by copying editor world from /Game/FirstPersonBP/Maps/FirstPersonExampleMap.FirstPersonExampleMap to /Game/FirstPersonBP/Maps/UEDPIE_0_FirstPersonExampleMap.FirstPersonExampleMap (0.017147s)
[2018.10.13-16.20.10:553][283]LogInit: XAudio2 using 'Speakers (Realtek High Definition Audio)' : 2 channels at 48 kHz using 16 bits per sample (channel mask 0x3)
[2018.10.13-16.20.10:593][283]LogInit: FAudioDevice initialized.
[2018.10.13-16.20.10:634][283]LogLoad: Game class is 'FirstPersonGameMode_C'
[2018.10.13-16.20.10:636][283]LogWorld: Bringing World /Game/FirstPersonBP/Maps/UEDPIE_0_FirstPersonExampleMap.FirstPersonExampleMap up for play (max tick rate 0) at 2018.10.13-18.20.10
[2018.10.13-16.20.10:636][283]LogWorld: Bringing up level for play took: 0.001259
[2018.10.13-16.20.10:651][283]LogContentBrowser: Native class hierarchy updated for 'MovieSceneCapture' in 0.0003 seconds. Added 10 classes and 0 folders.
[2018.10.13-16.20.10:652][283]PIE: Play in editor start time for /Game/FirstPersonBP/Maps/UEDPIE_0_FirstPersonExampleMap 0,382
[2018.10.13-16.20.10:652][283]LogBlueprintUserMessages: Late PlayInEditor Detection: Level '/Game/FirstPersonBP/Maps/FirstPersonExampleMap.FirstPersonExampleMap:PersistentLevel' has LevelScriptBlueprint '/Game/FirstPersonBP/Maps/FirstPersonExampleMap.FirstPersonExampleMap:PersistentLevel.FirstPersonExampleMap' with GeneratedClass '/Game/FirstPersonBP/Maps/FirstPersonExampleMap.FirstPersonExampleMap_C' with ClassGeneratedBy '/Game/FirstPersonBP/Maps/FirstPersonExampleMap.FirstPersonExampleMap:PersistentLevel.FirstPersonExampleMap'
[2018.10.13-16.20.43:967][272]LogBlueprintUserMessages: [FirstPersonCharacter_C_1] you are dead
[2018.10.13-16.20.44:916][386]LogBlueprintUserMessages: Early EndPlayMap Detection: Level '/Game/FirstPersonBP/Maps/FirstPersonExampleMap.FirstPersonExampleMap:PersistentLevel' has LevelScriptBlueprint '/Game/FirstPersonBP/Maps/FirstPersonExampleMap.FirstPersonExampleMap:PersistentLevel.FirstPersonExampleMap' with GeneratedClass '/Game/FirstPersonBP/Maps/FirstPersonExampleMap.FirstPersonExampleMap_C' with ClassGeneratedBy '/Game/FirstPersonBP/Maps/FirstPersonExampleMap.FirstPersonExampleMap:PersistentLevel.FirstPersonExampleMap'
[2018.10.13-16.20.44:916][386]LogSlate: Updating window title bar state: overlay mode, drag disabled, window buttons hidden, title bar hidden
[2018.10.13-16.20.44:948][386]LogPlayLevel: Display: Shutting down PIE online subsystems
[2018.10.13-16.20.44:948][386]LogBlueprintUserMessages: Late EndPlayMap Detection: Level '/Game/FirstPersonBP/Maps/FirstPersonExampleMap.FirstPersonExampleMap:PersistentLevel' has LevelScriptBlueprint '/Game/FirstPersonBP/Maps/FirstPersonExampleMap.FirstPersonExampleMap:PersistentLevel.FirstPersonExampleMap' with GeneratedClass '/Game/FirstPersonBP/Maps/FirstPersonExampleMap.FirstPersonExampleMap_C' with ClassGeneratedBy '/Game/FirstPersonBP/Maps/FirstPersonExampleMap.FirstPersonExampleMap:PersistentLevel.FirstPersonExampleMap'
[2018.10.13-16.20.44:968][386]LogSlate: Updating window title bar state: overlay mode, drag disabled, window buttons hidden, title bar hidden
[2018.10.13-16.20.45:020][390]LogPlayLevel: Display: Destroying online subsystem :Context_5
[2018.10.13-16.21.13:326][628]LogSlate: FSceneViewport::OnFocusLost() reason 0
[2018.10.13-16.21.13:377][634]LogTemp: Repeating last play command: Selected Viewport
[2018.10.13-16.21.13:390][634]LogBlueprintUserMessages: Early PlayInEditor Detection: Level '/Game/FirstPersonBP/Maps/FirstPersonExampleMap.FirstPersonExampleMap:PersistentLevel' has LevelScriptBlueprint '/Game/FirstPersonBP/Maps/FirstPersonExampleMap.FirstPersonExampleMap:PersistentLevel.FirstPersonExampleMap' with GeneratedClass '/Game/FirstPersonBP/Maps/FirstPersonExampleMap.FirstPersonExampleMap_C' with ClassGeneratedBy '/Game/FirstPersonBP/Maps/FirstPersonExampleMap.FirstPersonExampleMap:PersistentLevel.FirstPersonExampleMap'
[2018.10.13-16.21.13:390][634]LogPlayLevel: PlayLevel: No blueprints needed recompiling
[2018.10.13-16.21.13:390][634]PIE: New page: PIE session: FirstPersonExampleMap (13 paź 2018, 20:21:13)
[2018.10.13-16.21.13:390][634]LogPlayLevel: Creating play world package: /Game/FirstPersonBP/Maps/UEDPIE_0_FirstPersonExampleMap
[2018.10.13-16.21.13:399][634]LogPlayLevel: PIE: StaticDuplicateObject took: (0.009393s)
[2018.10.13-16.21.13:400][634]LogAIModule: Creating AISystem for world FirstPersonExampleMap
[2018.10.13-16.21.13:400][634]LogPlayLevel: PIE: World Init took: (0.000779s)
[2018.10.13-16.21.13:400][634]LogPlayLevel: PIE: Created PIE world by copying editor world from /Game/FirstPersonBP/Maps/FirstPersonExampleMap.FirstPersonExampleMap to /Game/FirstPersonBP/Maps/UEDPIE_0_FirstPersonExampleMap.FirstPersonExampleMap (0.010292s)
[2018.10.13-16.21.13:455][634]LogInit: XAudio2 using 'Speakers (Realtek High Definition Audio)' : 2 channels at 48 kHz using 16 bits per sample (channel mask 0x3)
[2018.10.13-16.21.13:495][634]LogInit: FAudioDevice initialized.
[2018.10.13-16.21.13:524][634]LogLoad: Game class is 'FirstPersonGameMode_C'
[2018.10.13-16.21.13:526][634]LogWorld: Bringing World /Game/FirstPersonBP/Maps/UEDPIE_0_FirstPersonExampleMap.FirstPersonExampleMap up for play (max tick rate 0) at 2018.10.13-18.21.13
[2018.10.13-16.21.13:526][634]LogWorld: Bringing up level for play took: 0.001304
[2018.10.13-16.21.13:539][634]PIE: Play in editor start time for /Game/FirstPersonBP/Maps/UEDPIE_0_FirstPersonExampleMap -0,731
[2018.10.13-16.21.13:539][634]LogBlueprintUserMessages: Late PlayInEditor Detection: Level '/Game/FirstPersonBP/Maps/FirstPersonExampleMap.FirstPersonExampleMap:PersistentLevel' has LevelScriptBlueprint '/Game/FirstPersonBP/Maps/FirstPersonExampleMap.FirstPersonExampleMap:PersistentLevel.FirstPersonExampleMap' with GeneratedClass '/Game/FirstPersonBP/Maps/FirstPersonExampleMap.FirstPersonExampleMap_C' with ClassGeneratedBy '/Game/FirstPersonBP/Maps/FirstPersonExampleMap.FirstPersonExampleMap:PersistentLevel.FirstPersonExampleMap'
[2018.10.13-16.21.59:168][100]LogBlueprintUserMessages: [FirstPersonCharacter_C_1] you are dead
[2018.10.13-16.22.00:000][200]LogBlueprintUserMessages: Early EndPlayMap Detection: Level '/Game/FirstPersonBP/Maps/FirstPersonExampleMap.FirstPersonExampleMap:PersistentLevel' has LevelScriptBlueprint '/Game/FirstPersonBP/Maps/FirstPersonExampleMap.FirstPersonExampleMap:PersistentLevel.FirstPersonExampleMap' with GeneratedClass '/Game/FirstPersonBP/Maps/FirstPersonExampleMap.FirstPersonExampleMap_C' with ClassGeneratedBy '/Game/FirstPersonBP/Maps/FirstPersonExampleMap.FirstPersonExampleMap:PersistentLevel.FirstPersonExampleMap'
[2018.10.13-16.22.00:000][200]LogSlate: Updating window title bar state: overlay mode, drag disabled, window buttons hidden, title bar hidden
[2018.10.13-16.22.00:032][200]LogPlayLevel: Display: Shutting down PIE online subsystems
[2018.10.13-16.22.00:032][200]LogBlueprintUserMessages: Late EndPlayMap Detection: Level '/Game/FirstPersonBP/Maps/FirstPersonExampleMap.FirstPersonExampleMap:PersistentLevel' has LevelScriptBlueprint '/Game/FirstPersonBP/Maps/FirstPersonExampleMap.FirstPersonExampleMap:PersistentLevel.FirstPersonExampleMap' with GeneratedClass '/Game/FirstPersonBP/Maps/FirstPersonExampleMap.FirstPersonExampleMap_C' with ClassGeneratedBy '/Game/FirstPersonBP/Maps/FirstPersonExampleMap.FirstPersonExampleMap:PersistentLevel.FirstPersonExampleMap'
[2018.10.13-16.22.00:052][200]LogSlate: Updating window title bar state: overlay mode, drag disabled, window buttons hidden, title bar hidden
[2018.10.13-16.22.00:102][204]LogPlayLevel: Display: Destroying online subsystem :Context_6
[2018.10.13-16.22.01:135][325]LogSlate: FSceneViewport::OnFocusLost() reason 0
[2018.10.13-16.22.01:218][335]LogTemp: Repeating last play command: Selected Viewport
[2018.10.13-16.22.01:230][335]LogBlueprintUserMessages: Early PlayInEditor Detection: Level '/Game/FirstPersonBP/Maps/FirstPersonExampleMap.FirstPersonExampleMap:PersistentLevel' has LevelScriptBlueprint '/Game/FirstPersonBP/Maps/FirstPersonExampleMap.FirstPersonExampleMap:PersistentLevel.FirstPersonExampleMap' with GeneratedClass '/Game/FirstPersonBP/Maps/FirstPersonExampleMap.FirstPersonExampleMap_C' with ClassGeneratedBy '/Game/FirstPersonBP/Maps/FirstPersonExampleMap.FirstPersonExampleMap:PersistentLevel.FirstPersonExampleMap'
[2018.10.13-16.22.01:230][335]LogPlayLevel: PlayLevel: No blueprints needed recompiling
[2018.10.13-16.22.01:230][335]PIE: New page: PIE session: FirstPersonExampleMap (13 paź 2018, 20:22:01)
[2018.10.13-16.22.01:230][335]LogPlayLevel: Creating play world package: /Game/FirstPersonBP/Maps/UEDPIE_0_FirstPersonExampleMap
[2018.10.13-16.22.01:238][335]LogPlayLevel: PIE: StaticDuplicateObject took: (0.008384s)
[2018.10.13-16.22.01:239][335]LogAIModule: Creating AISystem for world FirstPersonExampleMap
[2018.10.13-16.22.01:239][335]LogPlayLevel: PIE: World Init took: (0.000715s)
[2018.10.13-16.22.01:239][335]LogPlayLevel: PIE: Created PIE world by copying editor world from /Game/FirstPersonBP/Maps/FirstPersonExampleMap.FirstPersonExampleMap to /Game/FirstPersonBP/Maps/UEDPIE_0_FirstPersonExampleMap.FirstPersonExampleMap (0.009234s)
[2018.10.13-16.22.01:296][335]LogInit: XAudio2 using 'Speakers (Realtek High Definition Audio)' : 2 channels at 48 kHz using 16 bits per sample (channel mask 0x3)
[2018.10.13-16.22.01:335][335]LogInit: FAudioDevice initialized.
[2018.10.13-16.22.01:362][335]LogLoad: Game class is 'FirstPersonGameMode_C'
[2018.10.13-16.22.01:364][335]LogWorld: Bringing World /Game/FirstPersonBP/Maps/UEDPIE_0_FirstPersonExampleMap.FirstPersonExampleMap up for play (max tick rate 0) at 2018.10.13-18.22.01
[2018.10.13-16.22.01:364][335]LogWorld: Bringing up level for play took: 0.001108
[2018.10.13-16.22.01:377][335]PIE: Play in editor start time for /Game/FirstPersonBP/Maps/UEDPIE_0_FirstPersonExampleMap 1,107
[2018.10.13-16.22.01:377][335]LogBlueprintUserMessages: Late PlayInEditor Detection: Level '/Game/FirstPersonBP/Maps/FirstPersonExampleMap.FirstPersonExampleMap:PersistentLevel' has LevelScriptBlueprint '/Game/FirstPersonBP/Maps/FirstPersonExampleMap.FirstPersonExampleMap:PersistentLevel.FirstPersonExampleMap' with GeneratedClass '/Game/FirstPersonBP/Maps/FirstPersonExampleMap.FirstPersonExampleMap_C' with ClassGeneratedBy '/Game/FirstPersonBP/Maps/FirstPersonExampleMap.FirstPersonExampleMap:PersistentLevel.FirstPersonExampleMap'
[2018.10.13-16.22.26:825][384]LogBlueprintUserMessages: Early EndPlayMap Detection: Level '/Game/FirstPersonBP/Maps/FirstPersonExampleMap.FirstPersonExampleMap:PersistentLevel' has LevelScriptBlueprint '/Game/FirstPersonBP/Maps/FirstPersonExampleMap.FirstPersonExampleMap:PersistentLevel.FirstPersonExampleMap' with GeneratedClass '/Game/FirstPersonBP/Maps/FirstPersonExampleMap.FirstPersonExampleMap_C' with ClassGeneratedBy '/Game/FirstPersonBP/Maps/FirstPersonExampleMap.FirstPersonExampleMap:PersistentLevel.FirstPersonExampleMap'
[2018.10.13-16.22.26:825][384]LogSlate: Updating window title bar state: overlay mode, drag disabled, window buttons hidden, title bar hidden
[2018.10.13-16.22.26:857][384]LogPlayLevel: Display: Shutting down PIE online subsystems
[2018.10.13-16.22.26:857][384]LogBlueprintUserMessages: Late EndPlayMap Detection: Level '/Game/FirstPersonBP/Maps/FirstPersonExampleMap.FirstPersonExampleMap:PersistentLevel' has LevelScriptBlueprint '/Game/FirstPersonBP/Maps/FirstPersonExampleMap.FirstPersonExampleMap:PersistentLevel.FirstPersonExampleMap' with GeneratedClass '/Game/FirstPersonBP/Maps/FirstPersonExampleMap.FirstPersonExampleMap_C' with ClassGeneratedBy '/Game/FirstPersonBP/Maps/FirstPersonExampleMap.FirstPersonExampleMap:PersistentLevel.FirstPersonExampleMap'
[2018.10.13-16.22.26:876][384]LogSlate: Updating window title bar state: overlay mode, drag disabled, window buttons hidden, title bar hidden
[2018.10.13-16.22.26:928][388]LogPlayLevel: Display: Destroying online subsystem :Context_7
[2018.10.13-16.22.28:095][519]LogSlate: FSceneViewport::OnFocusLost() reason 2
[2018.10.13-16.22.29:094][625]MapCheck: New page: Map Check
[2018.10.13-16.22.29:106][625]LogSlate: FSceneViewport::OnFocusLost() reason 2
[2018.10.13-16.22.29:115][625]LightingResults: New page: Lighting Build - 13 paź 2018, 20:22:29
[2018.10.13-16.22.29:308][625]LogSwarmInterface: [OpenConnection] Registering TCP channel ...
[2018.10.13-16.22.29:452][625]LogSwarmInterface: [OpenConnection] Connecting to agent ...
[2018.10.13-16.22.29:465][625]LogSwarmInterface: [TryOpenConnection] Testing the Agent
[2018.10.13-16.22.30:492][625]LogSwarmInterface: [TryOpenConnection] Opening Connection to Agent
[2018.10.13-16.22.30:492][625]LogSwarmInterface: [TryOpenConnection] Local Process ID is 9460
[2018.10.13-16.22.35:041][625]LogStaticLightingSystem: Running Lightmass w/ ImmediateImport mode ENABLED
[2018.10.13-16.22.35:041][625]LogStaticLightingSystem: Running Lightmass w/ ImmediateProcess mode ENABLED
[2018.10.13-16.22.35:041][625]LogStaticLightingSystem: Running Lightmass w/ Sorting mode ENABLED
[2018.10.13-16.22.35:041][625]LogStaticLightingSystem: Running Lightmass w/ Mapping paddings ENABLED
[2018.10.13-16.22.35:041][625]LogStaticLightingSystem: Running Lightmass w/ Mapping debug paddings DISABLED
[2018.10.13-16.22.35:218][625]LogEditorBuildUtils: Build time 0:06
[2018.10.13-16.22.56:701][446]Job is a success!
[2018.10.13-16.22.56:733][447]LogSlate: FSceneViewport::OnFocusLost() reason 2
[2018.10.13-16.22.56:811][447]LogVolumetricLightmapImport: Imported Volumetric Lightmap in 0.013s
[2018.10.13-16.22.56:811][447]LogVolumetricLightmapImport:      Indirection Texture 16x16x16 = 0.0Mb
[2018.10.13-16.22.56:811][447]LogVolumetricLightmapImport:      BrickData 340x5x5 = 0.3Mb
[2018.10.13-16.22.56:811][447]LogVolumetricLightmapImport:      Bricks at Level
[2018.10.13-16.22.56:811][447]LogVolumetricLightmapImport:          0: 1.5% covering 100.0% of volume
[2018.10.13-16.22.56:811][447]LogVolumetricLightmapImport:          1: 5.9% covering 6.3% of volume
[2018.10.13-16.22.56:811][447]LogVolumetricLightmapImport:          2: 92.6% covering 1.5% of volume
[2018.10.13-16.22.58:295][447]LogTexture: Display: Building textures: SkyOcclusion1_1 (AutoDXT, 2048X1024)
[2018.10.13-16.22.58:295][447]LogTexture: Display: Building textures: HQ_Lightmap1_1 (AutoDXT, 2048X2048)
[2018.10.13-16.22.58:295][447]LogTexture: Display: Building textures: LQ_Lightmap_1_1 (DXT1, 2048X2048)
[2018.10.13-16.22.58:295][447]LogTexture: Display: Building textures: SkyOcclusion1_2 (AutoDXT, 2048X1024)
[2018.10.13-16.22.58:295][447]LogTexture: Display: Building textures: HQ_Lightmap1_2 (AutoDXT, 2048X2048)
[2018.10.13-16.22.58:295][447]LogTexture: Display: Building textures: LQ_Lightmap_1_2 (DXT1, 2048X2048)
[2018.10.13-16.22.58:295][447]LogTexture: Display: Building textures: SkyOcclusion1_3 (AutoDXT, 2048X1024)
[2018.10.13-16.22.58:295][447]LogTexture: Display: Building textures: HQ_Lightmap1_3 (AutoDXT, 2048X2048)
[2018.10.13-16.22.58:295][447]LogTexture: Display: Building textures: LQ_Lightmap_1_3 (DXT1, 2048X2048)
[2018.10.13-16.22.58:295][447]LogTexture: Display: Building textures: SkyOcclusion1_4 (AutoDXT, 64X32)
[2018.10.13-16.22.58:295][447]LogTexture: Display: Building textures: HQ_Lightmap1_4 (AutoDXT, 64X64)
[2018.10.13-16.22.58:295][447]LogTexture: Display: Building textures: LQ_Lightmap_1_4 (DXT1, 64X64)
[2018.10.13-16.22.58:496][447]LogTexture: Display: Building textures: ShadowMapTexture2D_13 (G8, 32X32)
[2018.10.13-16.22.58:625][447]LogTexture: Display: Building textures: ShadowMapTexture2D_12 (G8, 1024X1024)
[2018.10.13-16.22.58:625][447]LogTexture: Display: Building textures: ShadowMapTexture2D_10 (G8, 1024X1024)
[2018.10.13-16.22.58:625][447]LogTexture: Display: Building textures: ShadowMapTexture2D_11 (G8, 1024X1024)
[2018.10.13-16.22.58:625][447]LogTexture: Display: Building textures: ShadowMapTexture2D_9 (G8, 1024X1024)
[2018.10.13-16.22.58:625][447]LogTexture: Display: Building textures: ShadowMapTexture2D_8 (G8, 1024X1024)
[2018.10.13-16.22.58:659][447]Lightmass on KOMPUTER: 22.6 sec total, 131 ms importing, 14 ms setup, 3.47 sec photons, 19.0 sec processing, 0 ms extra exporting [6/6 mappings]. Threads: 2:13 min total, 1:02 min processing.
[2018.10.13-16.22.58:700][447]LogStaticLightingSystem: Illumination: 29.5 sec (1.31 sec encoding lightmaps, 316 ms encoding shadowmaps)
[2018.10.13-16.22.58:700][447]LogStaticLightingSystem: Lightmap texture memory:  32.0 MB (32.0 MB streaming, 0.0 MB non-streaming), 8 textures
[2018.10.13-16.22.58:700][447]LogStaticLightingSystem: Shadowmap texture memory: 6.7 MB (6.7 MB streaming, 0.0 MB non-streaming), 6 textures
[2018.10.13-16.23.04:066][447]DumpUnbuiltLightIteractions
[2018.10.13-16.23.04:066][447]Lights with unbuilt interactions: 0
[2018.10.13-16.23.04:067][447]
[2018.10.13-16.23.04:067][447]Primitives with unbuilt interactions: 0
[2018.10.13-16.23.04:092][447]LogSlate: FSceneViewport::OnFocusLost() reason 2
[2018.10.13-16.23.04:241][448]Cmd: MAP CHECK NOTIFYRESULTS
[2018.10.13-16.23.04:241][448]MapCheck: New page: FirstPersonExampleMap - 13 paź 2018, 20:23:04
[2018.10.13-16.23.04:283][448]MapCheck: Map check complete: 0 Error(s), 0 Warning(s), took 41,157ms to complete.
[2018.10.13-16.23.30:966][616]LogEditorViewport: Clicking on Actor (LMB): BP_Sky_Sphere_C (SkySphereBlueprint)
[2018.10.13-16.23.32:868][835]LogSlate: FSceneViewport::OnFocusLost() reason 0
[2018.10.13-16.23.32:935][843]LogTemp: Repeating last play command: Selected Viewport
[2018.10.13-16.23.32:950][843]LogBlueprintUserMessages: Early PlayInEditor Detection: Level '/Game/FirstPersonBP/Maps/FirstPersonExampleMap.FirstPersonExampleMap:PersistentLevel' has LevelScriptBlueprint '/Game/FirstPersonBP/Maps/FirstPersonExampleMap.FirstPersonExampleMap:PersistentLevel.FirstPersonExampleMap' with GeneratedClass '/Game/FirstPersonBP/Maps/FirstPersonExampleMap.FirstPersonExampleMap_C' with ClassGeneratedBy '/Game/FirstPersonBP/Maps/FirstPersonExampleMap.FirstPersonExampleMap:PersistentLevel.FirstPersonExampleMap'
[2018.10.13-16.23.32:950][843]LogPlayLevel: PlayLevel: No blueprints needed recompiling
[2018.10.13-16.23.32:950][843]PIE: New page: PIE session: FirstPersonExampleMap (13 paź 2018, 20:23:32)
[2018.10.13-16.23.32:950][843]LogPlayLevel: Creating play world package: /Game/FirstPersonBP/Maps/UEDPIE_0_FirstPersonExampleMap
[2018.10.13-16.23.32:960][843]LogPlayLevel: PIE: StaticDuplicateObject took: (0.009882s)
[2018.10.13-16.23.32:961][843]LogAIModule: Creating AISystem for world FirstPersonExampleMap
[2018.10.13-16.23.32:961][843]LogPlayLevel: PIE: World Init took: (0.000849s)
[2018.10.13-16.23.32:961][843]LogPlayLevel: PIE: Created PIE world by copying editor world from /Game/FirstPersonBP/Maps/FirstPersonExampleMap.FirstPersonExampleMap to /Game/FirstPersonBP/Maps/UEDPIE_0_FirstPersonExampleMap.FirstPersonExampleMap (0.010879s)
[2018.10.13-16.23.33:021][843]LogInit: XAudio2 using 'Speakers (Realtek High Definition Audio)' : 2 channels at 48 kHz using 16 bits per sample (channel mask 0x3)
[2018.10.13-16.23.33:061][843]LogInit: FAudioDevice initialized.
[2018.10.13-16.23.33:091][843]LogLoad: Game class is 'FirstPersonGameMode_C'
[2018.10.13-16.23.33:092][843]LogWorld: Bringing World /Game/FirstPersonBP/Maps/UEDPIE_0_FirstPersonExampleMap.FirstPersonExampleMap up for play (max tick rate 0) at 2018.10.13-18.23.33
[2018.10.13-16.23.33:092][843]LogWorld: Bringing up level for play took: 0.001123
[2018.10.13-16.23.33:105][843]PIE: Play in editor start time for /Game/FirstPersonBP/Maps/UEDPIE_0_FirstPersonExampleMap 0,835
[2018.10.13-16.23.33:105][843]LogBlueprintUserMessages: Late PlayInEditor Detection: Level '/Game/FirstPersonBP/Maps/FirstPersonExampleMap.FirstPersonExampleMap:PersistentLevel' has LevelScriptBlueprint '/Game/FirstPersonBP/Maps/FirstPersonExampleMap.FirstPersonExampleMap:PersistentLevel.FirstPersonExampleMap' with GeneratedClass '/Game/FirstPersonBP/Maps/FirstPersonExampleMap.FirstPersonExampleMap_C' with ClassGeneratedBy '/Game/FirstPersonBP/Maps/FirstPersonExampleMap.FirstPersonExampleMap:PersistentLevel.FirstPersonExampleMap'
[2018.10.13-16.23.46:233][414]LogBlueprintUserMessages: Early EndPlayMap Detection: Level '/Game/FirstPersonBP/Maps/FirstPersonExampleMap.FirstPersonExampleMap:PersistentLevel' has LevelScriptBlueprint '/Game/FirstPersonBP/Maps/FirstPersonExampleMap.FirstPersonExampleMap:PersistentLevel.FirstPersonExampleMap' with GeneratedClass '/Game/FirstPersonBP/Maps/FirstPersonExampleMap.FirstPersonExampleMap_C' with ClassGeneratedBy '/Game/FirstPersonBP/Maps/FirstPersonExampleMap.FirstPersonExampleMap:PersistentLevel.FirstPersonExampleMap'
[2018.10.13-16.23.46:233][414]LogSlate: Updating window title bar state: overlay mode, drag disabled, window buttons hidden, title bar hidden
[2018.10.13-16.23.46:267][414]LogPlayLevel: Display: Shutting down PIE online subsystems
[2018.10.13-16.23.46:267][414]LogBlueprintUserMessages: Late EndPlayMap Detection: Level '/Game/FirstPersonBP/Maps/FirstPersonExampleMap.FirstPersonExampleMap:PersistentLevel' has LevelScriptBlueprint '/Game/FirstPersonBP/Maps/FirstPersonExampleMap.FirstPersonExampleMap:PersistentLevel.FirstPersonExampleMap' with GeneratedClass '/Game/FirstPersonBP/Maps/FirstPersonExampleMap.FirstPersonExampleMap_C' with ClassGeneratedBy '/Game/FirstPersonBP/Maps/FirstPersonExampleMap.FirstPersonExampleMap:PersistentLevel.FirstPersonExampleMap'
[2018.10.13-16.23.46:286][414]LogSlate: Updating window title bar state: overlay mode, drag disabled, window buttons hidden, title bar hidden
[2018.10.13-16.23.46:333][417]LogPlayLevel: Display: Destroying online subsystem :Context_8
[2018.10.13-16.23.52:750][173]LogSlate: FSceneViewport::OnFocusLost() reason 0
[2018.10.13-16.23.54:260][179]LogSlate: Window 'Save Content' being destroyed
[2018.10.13-16.23.54:279][179]LogSlate: FSceneViewport::OnFocusLost() reason 2
[2018.10.13-16.23.54:857][179]LogSavePackage: Moving '../../../../../../Bartek/fps/fps/Saved/FirstPersonExampleMap_BuiltData534507974E369934ED634287EECF9EAC.tmp' to '../../../../../../Bartek/fps/fps/Content/FirstPersonBP/Maps/FirstPersonExampleMap_BuiltData.uasset'
[2018.10.13-16.23.54:918][179]LogSlate: Window 'fps - Unreal Editor' being destroyed
[2018.10.13-16.23.54:918][179]LogWindowsTextInputMethodSystem: Display: IME system now deactivated.
[2018.10.13-16.23.55:122][180]Cmd: QUIT_EDITOR
[2018.10.13-16.23.55:874][180]LogExit: Preparing to exit.
[2018.10.13-16.23.56:769][180]LogExit: Editor shut down
[2018.10.13-16.23.56:769][180]LogExit: Transaction tracking system shut down
[2018.10.13-16.23.57:317][180]LogExit: Object subsystem successfully closed.
[2018.10.13-16.23.57:331][180]LogShaderCompilers: Display: Shaders left to compile 0
[2018.10.13-16.23.57:333][180]LogD3D11RHI: Shutdown
[2018.10.13-16.23.57:333][180]LogD3D11RHI: CleanupD3DDevice
[2018.10.13-16.23.57:334][180]LogD3D11RHI: ~FD3D11DynamicRHI
[2018.10.13-16.23.57:343][180]LogModuleManager: Shutting down and abandoning module MovieSceneCapture (614)
[2018.10.13-16.23.57:343][180]LogModuleManager: Shutting down and abandoning module Voice (612)
[2018.10.13-16.23.57:343][180]LogModuleManager: Shutting down and abandoning module HierarchicalLODOutliner (610)
[2018.10.13-16.23.57:343][180]LogModuleManager: Shutting down and abandoning module SceneOutliner (608)
[2018.10.13-16.23.57:343][180]LogModuleManager: Shutting down and abandoning module AddContentDialog (606)
[2018.10.13-16.23.57:343][180]LogModuleManager: Shutting down and abandoning module WidgetCarousel (605)
[2018.10.13-16.23.57:343][180]LogModuleManager: Shutting down and abandoning module EditorWidgets (602)
[2018.10.13-16.23.57:343][180]LogModuleManager: Shutting down and abandoning module CollectionManager (600)
[2018.10.13-16.23.57:343][180]LogModuleManager: Shutting down and abandoning module StatsViewer (598)
[2018.10.13-16.23.57:343][180]LogModuleManager: Shutting down and abandoning module FoliageEdit (596)
[2018.10.13-16.23.57:343][180]LogModuleManager: Shutting down and abandoning module LandscapeEditor (594)
[2018.10.13-16.23.57:343][180]LogModuleManager: Shutting down and abandoning module MeshPaintMode (592)
[2018.10.13-16.23.57:343][180]LogModuleManager: Shutting down and abandoning module SceneDepthPickerMode (590)
[2018.10.13-16.23.57:343][180]LogModuleManager: Shutting down and abandoning module ActorPickerMode (588)
[2018.10.13-16.23.57:343][180]LogModuleManager: Shutting down and abandoning module GeometryMode (586)
[2018.10.13-16.23.57:343][180]LogModuleManager: Shutting down and abandoning module TextureAlignMode (584)
[2018.10.13-16.23.57:343][180]LogModuleManager: Shutting down and abandoning module BspMode (582)
[2018.10.13-16.23.57:343][180]LogModuleManager: Shutting down and abandoning module PIEPreviewDeviceProfileSelector (580)
[2018.10.13-16.23.57:343][180]LogModuleManager: Shutting down and abandoning module SequenceRecorderSections (578)
[2018.10.13-16.23.57:343][180]LogModuleManager: Shutting down and abandoning module AutomationWorker (576)
[2018.10.13-16.23.57:343][180]LogModuleManager: Shutting down and abandoning module AudioCaptureEditor (574)
[2018.10.13-16.23.57:343][180]LogModuleManager: Shutting down and abandoning module SequenceRecorder (573)
[2018.10.13-16.23.57:343][180]LogModuleManager: Shutting down and abandoning module MatineeToLevelSequence (570)
[2018.10.13-16.23.57:343][180]LogModuleManager: Shutting down and abandoning module LevelSequenceEditor (568)
[2018.10.13-16.23.57:344][180]LogModuleManager: Shutting down and abandoning module PlacementMode (567)
[2018.10.13-16.23.57:344][180]LogModuleManager: Shutting down and abandoning module MaterialEditor (566)
[2018.10.13-16.23.57:344][180]LogModuleManager: Shutting down and abandoning module WmfMediaFactory (562)
[2018.10.13-16.23.57:344][180]LogModuleManager: Shutting down and abandoning module WmfMediaEditor (560)
[2018.10.13-16.23.57:344][180]LogModuleManager: Shutting down and abandoning module MediaPlayerEditor (558)
[2018.10.13-16.23.57:344][180]LogModuleManager: Shutting down and abandoning module OpenExrWrapper (556)
[2018.10.13-16.23.57:344][180]LogModuleManager: Shutting down and abandoning module ImgMediaFactory (554)
[2018.10.13-16.23.57:344][180]LogModuleManager: Shutting down and abandoning module ImgMediaEditor (552)
[2018.10.13-16.23.57:344][180]LogModuleManager: Shutting down and abandoning module AvfMediaFactory (550)
[2018.10.13-16.23.57:344][180]LogModuleManager: Shutting down and abandoning module AvfMediaEditor (548)
[2018.10.13-16.23.57:344][180]LogModuleManager: Shutting down and abandoning module AndroidMediaFactory (546)
[2018.10.13-16.23.57:344][180]LogModuleManager: Shutting down and abandoning module AndroidMediaEditor (544)
[2018.10.13-16.23.57:344][180]LogModuleManager: Shutting down and abandoning module MagicLeapCameraPreviewFactory (542)
[2018.10.13-16.23.57:344][180]LogModuleManager: Shutting down and abandoning module MagicLeapMediaFactory (540)
[2018.10.13-16.23.57:344][180]LogModuleManager: Shutting down and abandoning module MagicLeapMediaEditor (538)
[2018.10.13-16.23.57:344][180]LogModuleManager: Shutting down and abandoning module CharacterAI (536)
[2018.10.13-16.23.57:344][180]LogModuleManager: Shutting down and abandoning module SmartSnapping (534)
[2018.10.13-16.23.57:344][180]LogModuleManager: Shutting down and abandoning module SessionServices (532)
[2018.10.13-16.23.57:344][180]LogModuleManager: Shutting down and abandoning module ViewportSnapping (530)
[2018.10.13-16.23.57:344][180]LogModuleManager: Shutting down and abandoning module ViewportInteraction (528)
[2018.10.13-16.23.57:344][180]LogModuleManager: Shutting down and abandoning module ClothPainter (526)
[2018.10.13-16.23.57:344][180]LogModuleManager: Shutting down and abandoning module SkeletalMeshEditor (525)
[2018.10.13-16.23.57:344][180]LogModuleManager: Shutting down and abandoning module LogVisualizer (522)
[2018.10.13-16.23.57:344][180]LogModuleManager: Shutting down and abandoning module IntroTutorials (520)
[2018.10.13-16.23.57:344][180]LogModuleManager: Shutting down and abandoning module GameProjectGeneration (519)
[2018.10.13-16.23.57:344][180]LogModuleManager: Shutting down and abandoning module LuminPlatformEditor (516)
[2018.10.13-16.23.57:344][180]LogModuleManager: Shutting down and abandoning module IOSPlatformEditor (514)
[2018.10.13-16.23.57:344][180]LogModuleManager: Shutting down and abandoning module HTML5PlatformEditor (512)
[2018.10.13-16.23.57:344][180]LogModuleManager: Shutting down and abandoning module AndroidPlatformEditor (510)
[2018.10.13-16.23.57:344][180]LogModuleManager: Shutting down and abandoning module AndroidDeviceDetection (509)
[2018.10.13-16.23.57:676][180]LogModuleManager: Shutting down and abandoning module WindowsPlatformEditor (506)
[2018.10.13-16.23.57:677][180]LogModuleManager: Shutting down and abandoning module LuminRuntimeSettings (504)
[2018.10.13-16.23.57:677][180]LogModuleManager: Shutting down and abandoning module IOSRuntimeSettings (502)
[2018.10.13-16.23.57:677][180]LogModuleManager: Shutting down and abandoning module AndroidRuntimeSettings (500)
[2018.10.13-16.23.57:677][180]LogModuleManager: Shutting down and abandoning module InputBindingEditor (498)
[2018.10.13-16.23.57:677][180]LogModuleManager: Shutting down and abandoning module MergeActors (496)
[2018.10.13-16.23.57:677][180]LogModuleManager: Shutting down and abandoning module LocalizationDashboard (494)
[2018.10.13-16.23.57:677][180]LogModuleManager: Shutting down and abandoning module LocalizationService (493)
[2018.10.13-16.23.57:677][180]LogModuleManager: Shutting down and abandoning module HardwareTargeting (490)
[2018.10.13-16.23.57:677][180]LogModuleManager: Shutting down and abandoning module DeviceProfileEditor (488)
[2018.10.13-16.23.57:677][180]LogModuleManager: Shutting down and abandoning module UndoHistory (486)
[2018.10.13-16.23.57:677][180]LogModuleManager: Shutting down and abandoning module XmlParser (484)
[2018.10.13-16.23.57:677][180]LogModuleManager: Shutting down and abandoning module Blutility (482)
[2018.10.13-16.23.57:677][180]LogModuleManager: Shutting down and abandoning module ProjectSettingsViewer (480)
[2018.10.13-16.23.57:677][180]LogModuleManager: Shutting down and abandoning module ProjectTargetPlatformEditor (479)
[2018.10.13-16.23.57:678][180]LogModuleManager: Shutting down and abandoning module EditorSettingsViewer (476)
[2018.10.13-16.23.57:678][180]LogModuleManager: Shutting down and abandoning module SettingsEditor (474)
[2018.10.13-16.23.57:678][180]LogModuleManager: Shutting down and abandoning module ProjectLauncher (472)
[2018.10.13-16.23.57:678][180]LogModuleManager: Shutting down and abandoning module SessionFrontend (470)
[2018.10.13-16.23.57:678][180]LogModuleManager: Shutting down and abandoning module ProfilerClient (468)
[2018.10.13-16.23.57:678][180]LogModuleManager: Shutting down and abandoning module DeviceManager (466)
[2018.10.13-16.23.57:678][180]LogModuleManager: Shutting down and abandoning module TargetDeviceServices (465)
[2018.10.13-16.23.57:744][180]LogModuleManager: Shutting down and abandoning module AutomationController (462)
[2018.10.13-16.23.57:744][180]LogModuleManager: Shutting down and abandoning module AutomationWindow (460)
[2018.10.13-16.23.57:744][180]LogModuleManager: Shutting down and abandoning module Layers (458)
[2018.10.13-16.23.57:744][180]LogModuleManager: Shutting down and abandoning module ComponentVisualizers (456)
[2018.10.13-16.23.57:744][180]LogModuleManager: Shutting down and abandoning module DetailCustomizations (454)
[2018.10.13-16.23.57:744][180]LogModuleManager: Shutting down and abandoning module PackagesDialog (452)
[2018.10.13-16.23.57:744][180]LogModuleManager: Shutting down and abandoning module Persona (450)
[2018.10.13-16.23.57:744][180]LogModuleManager: Shutting down and abandoning module AdvancedPreviewScene (449)
[2018.10.13-16.23.57:744][180]LogModuleManager: Shutting down and abandoning module AnimGraph (447)
[2018.10.13-16.23.57:744][180]LogModuleManager: Shutting down and abandoning module Kismet (444)
[2018.10.13-16.23.57:744][180]LogModuleManager: Shutting down and abandoning module GraphEditor (442)
[2018.10.13-16.23.57:744][180]LogModuleManager: Shutting down and abandoning module ClassViewer (440)
[2018.10.13-16.23.57:744][180]LogModuleManager: Shutting down and abandoning module Toolbox (438)
[2018.10.13-16.23.57:744][180]LogModuleManager: Shutting down and abandoning module ModuleUI (436)
[2018.10.13-16.23.57:744][180]LogModuleManager: Shutting down and abandoning module MovieSceneTools (434)
[2018.10.13-16.23.57:744][180]LogModuleManager: Shutting down and abandoning module OutputLog (432)
[2018.10.13-16.23.57:744][180]LogModuleManager: Shutting down and abandoning module GammaUI (430)
[2018.10.13-16.23.57:744][180]LogModuleManager: Shutting down and abandoning module Documentation (428)
[2018.10.13-16.23.57:745][180]LogModuleManager: Shutting down and abandoning module MovieSceneTracks (426)
[2018.10.13-16.23.57:745][180]LogModuleManager: Shutting down and abandoning module MovieScene (424)
[2018.10.13-16.23.57:745][180]LogModuleManager: Shutting down and abandoning module StreamingPauseRendering (422)
[2018.10.13-16.23.57:745][180]LogModuleManager: Shutting down and abandoning module LauncherPlatform (420)
[2018.10.13-16.23.57:745][180]LogModuleManager: Shutting down and abandoning module AnalyticsET (418)
[2018.10.13-16.23.57:745][180]LogModuleManager: Shutting down and abandoning module PortalServices (416)
[2018.10.13-16.23.57:745][180]LogModuleManager: Shutting down and abandoning module PortalRpc (414)
[2018.10.13-16.23.57:745][180]LogModuleManager: Shutting down and abandoning module MessagingRpc (412)
[2018.10.13-16.23.57:745][180]LogModuleManager: Shutting down and abandoning module AIModule (410)
[2018.10.13-16.23.57:745][180]LogModuleManager: Shutting down and abandoning module GameplayDebugger (409)
[2018.10.13-16.23.57:745][180]LogModuleManager: Shutting down and abandoning module AITestSuite (407)
[2018.10.13-16.23.57:745][180]LogModuleManager: Shutting down and abandoning module NavigationSystem (405)
[2018.10.13-16.23.57:745][180]LogModuleManager: Shutting down and abandoning module DesktopPlatform (402)
[2018.10.13-16.23.57:745][180]LogModuleManager: Shutting down and abandoning module ProfilerService (400)
[2018.10.13-16.23.57:980][180]LogModuleManager: Shutting down and abandoning module TaskGraph (398)
[2018.10.13-16.23.57:980][180]LogModuleManager: Shutting down and abandoning module SteamVRController (396)
[2018.10.13-16.23.57:980][180]LogModuleManager: Shutting down and abandoning module ProceduralMeshComponentEditor (394)
[2018.10.13-16.23.57:980][180]LogModuleManager: Shutting down and abandoning module ProceduralMeshComponent (392)
[2018.10.13-16.23.57:981][180]LogModuleManager: Shutting down and abandoning module OculusInput (390)
[2018.10.13-16.23.57:981][180]LogModuleManager: Shutting down and abandoning module MobilePatchingUtils (388)
[2018.10.13-16.23.57:981][180]LogModuleManager: Shutting down and abandoning module EditableMesh (386)
[2018.10.13-16.23.57:981][180]LogModuleManager: Shutting down and abandoning module CustomMeshComponent (384)
[2018.10.13-16.23.57:981][180]LogModuleManager: Shutting down and abandoning module CableComponent (382)
[2018.10.13-16.23.57:981][180]LogModuleManager: Shutting down and abandoning module AudioCapture (380)
[2018.10.13-16.23.57:981][180]LogModuleManager: Shutting down and abandoning module ArchVisCharacter (378)
[2018.10.13-16.23.57:981][180]LogModuleManager: Shutting down and abandoning module AndroidPermission (376)
[2018.10.13-16.23.57:981][180]LogModuleManager: Shutting down and abandoning module NUTUnrealEngine4 (374)
[2018.10.13-16.23.57:981][180]LogModuleManager: Shutting down and abandoning module NetcodeUnitTest (372)
[2018.10.13-16.23.57:981][180]LogModuleManager: Shutting down and abandoning module MediaCompositingEditor (370)
[2018.10.13-16.23.57:981][180]LogModuleManager: Shutting down and abandoning module MediaCompositing (368)
[2018.10.13-16.23.57:981][180]LogModuleManager: Shutting down and abandoning module LinearTimecode (366)
[2018.10.13-16.23.57:981][180]LogModuleManager: Shutting down and abandoning module ImgMedia (364)
[2018.10.13-16.23.57:983][180]LogModuleManager: Shutting down and abandoning module HTML5Networking (362)
[2018.10.13-16.23.57:983][180]LogModuleManager: Shutting down and abandoning module GeometryCacheTracks (360)
[2018.10.13-16.23.57:983][180]LogModuleManager: Shutting down and abandoning module GeometryCacheSequencer (358)
[2018.10.13-16.23.57:983][180]LogModuleManager: Shutting down and abandoning module BackChannel (356)
[2018.10.13-16.23.57:983][180]LogModuleManager: Shutting down and abandoning module AppleVision (354)
[2018.10.13-16.23.57:983][180]LogModuleManager: Shutting down and abandoning module AppleImageUtils (352)
[2018.10.13-16.23.57:983][180]LogModuleManager: Shutting down and abandoning module AlembicImporter (350)
[2018.10.13-16.23.57:983][180]LogModuleManager: Shutting down and abandoning module AlembicLibrary (349)
[2018.10.13-16.23.57:983][180]LogModuleManager: Shutting down and abandoning module GeometryCache (348)
[2018.10.13-16.23.57:983][180]LogModuleManager: Shutting down and abandoning module GeometryCacheEd (347)
[2018.10.13-16.23.57:983][180]LogModuleManager: Shutting down and abandoning module DatasmithContentEditor (342)
[2018.10.13-16.23.57:983][180]LogModuleManager: Shutting down and abandoning module DatasmithContent (340)
[2018.10.13-16.23.57:984][180]LogModuleManager: Shutting down and abandoning module SpeedTreeImporter (338)
[2018.10.13-16.23.57:984][180]LogModuleManager: Shutting down and abandoning module PluginBrowser (336)
[2018.10.13-16.23.57:984][180]LogModuleManager: Shutting down and abandoning module MobileLauncherProfileWizard (334)
[2018.10.13-16.23.57:984][180]LogModuleManager: Shutting down and abandoning module PolygonModeling (332)
[2018.10.13-16.23.57:984][180]LogModuleManager: Shutting down and abandoning module MeshEditor (330)
[2018.10.13-16.23.57:984][180]LogModuleManager: Shutting down and abandoning module CryptoKeysOpenSSL (328)
[2018.10.13-16.23.57:984][180]LogModuleManager: Shutting down and abandoning module CryptoKeys (326)
[2018.10.13-16.23.57:984][180]LogModuleManager: Shutting down and abandoning module VisualStudioSourceCodeAccess (324)
[2018.10.13-16.23.57:984][180]LogModuleManager: Shutting down and abandoning module VisualStudioCodeSourceCodeAccess (322)
[2018.10.13-16.23.57:984][180]LogModuleManager: Shutting down and abandoning module UObjectPlugin (320)
[2018.10.13-16.23.57:984][180]LogModuleManager: Shutting down and abandoning module SubversionSourceControl (318)
[2018.10.13-16.23.57:984][180]LogModuleManager: Shutting down and abandoning module PerforceSourceControl (316)
[2018.10.13-16.23.57:984][180]LogModuleManager: Shutting down and abandoning module GitSourceControl (314)
[2018.10.13-16.23.57:984][180]LogModuleManager: Shutting down and abandoning module SourceControl (313)
[2018.10.13-16.23.57:984][180]LogModuleManager: Shutting down and abandoning module CLionSourceCodeAccess (310)
[2018.10.13-16.23.57:984][180]LogModuleManager: Shutting down and abandoning module LightPropagationVolumeEditor (308)
[2018.10.13-16.23.57:984][180]LogModuleManager: Shutting down and abandoning module PaperTiledImporter (306)
[2018.10.13-16.23.57:984][180]LogModuleManager: Shutting down and abandoning module PaperSpriteSheetImporter (304)
[2018.10.13-16.23.57:984][180]LogModuleManager: Shutting down and abandoning module Paper2DEditor (302)
[2018.10.13-16.23.57:984][180]LogModuleManager: Shutting down and abandoning module MeshPaint (301)
[2018.10.13-16.23.57:984][180]LogModuleManager: Shutting down and abandoning module RuntimePhysXCooking (298)
[2018.10.13-16.23.57:984][180]LogModuleManager: Shutting down and abandoning module PhysXVehiclesEditor (296)
[2018.10.13-16.23.57:984][180]LogModuleManager: Shutting down and abandoning module PhysXVehicles (294)
[2018.10.13-16.23.57:984][180]LogModuleManager: Shutting down and abandoning module OculusEditor (292)
[2018.10.13-16.23.57:984][180]LogModuleManager: Shutting down and abandoning module LocationServicesBPLibrary (290)
[2018.10.13-16.23.57:984][180]LogModuleManager: Shutting down and abandoning module ImmediatePhysicsEditor (288)
[2018.10.13-16.23.57:984][180]LogModuleManager: Shutting down and abandoning module ImmediatePhysics (286)
[2018.10.13-16.23.57:984][180]LogModuleManager: Shutting down and abandoning module ActorSequence (284)
[2018.10.13-16.23.57:984][180]LogModuleManager: Shutting down and abandoning module UdpMessaging (282)
[2018.10.13-16.23.58:085][180]LogModuleManager: Shutting down and abandoning module TcpMessaging (280)
[2018.10.13-16.23.58:186][180]LogModuleManager: Shutting down and abandoning module MagicLeapAudio (278)
[2018.10.13-16.23.58:186][180]LogModuleManager: Shutting down and abandoning module GameplayTagsEditor (276)
[2018.10.13-16.23.58:186][180]LogModuleManager: Shutting down and abandoning module FacialAnimationEditor (274)
[2018.10.13-16.23.58:186][180]LogModuleManager: Shutting down and abandoning module FacialAnimation (272)
[2018.10.13-16.23.58:186][180]LogModuleManager: Shutting down and abandoning module DataValidation (270)
[2018.10.13-16.23.58:186][180]LogModuleManager: Shutting down and abandoning module AssetManagerEditor (268)
[2018.10.13-16.23.58:186][180]LogModuleManager: Shutting down and abandoning module LevelEditor (267)
[2018.10.13-16.23.58:189][180]LogModuleManager: Shutting down and abandoning module PixelInspectorModule (266)
[2018.10.13-16.23.58:189][180]LogModuleManager: Shutting down and abandoning module CommonMenuExtensions (264)
[2018.10.13-16.23.58:189][180]LogModuleManager: Shutting down and abandoning module MainFrame (262)
[2018.10.13-16.23.58:190][180]LogModuleManager: Shutting down and abandoning module HotReload (261)
[2018.10.13-16.23.58:191][180]LogModuleManager: Shutting down and abandoning module ContentBrowser (257)
[2018.10.13-16.23.58:193][180]LogModuleManager: Shutting down and abandoning module TreeMap (255)
[2018.10.13-16.23.58:193][180]LogModuleManager: Shutting down and abandoning module LightPropagationVolumeRuntime (252)
[2018.10.13-16.23.58:193][180]LogModuleManager: Shutting down and abandoning module AISupportModule (250)
[2018.10.13-16.23.58:193][180]LogModuleManager: Shutting down and abandoning module Paper2D (248)
[2018.10.13-16.23.58:193][180]LogModuleManager: Shutting down and abandoning module WindowsMoviePlayer (246)
[2018.10.13-16.23.58:193][180]LogModuleManager: Shutting down and abandoning module WmfMedia (244)
[2018.10.13-16.23.58:197][180]LogModuleManager: Shutting down and abandoning module Media (243)
[2018.10.13-16.23.58:204][180]LogModuleManager: Shutting down and abandoning module PacketHandler (240)
[2018.10.13-16.23.58:204][180]LogModuleManager: Shutting down and abandoning module ClothingSystemEditor (238)
[2018.10.13-16.23.58:204][180]LogModuleManager: Shutting down and abandoning module ClothingSystemRuntime (236)
[2018.10.13-16.23.58:204][180]LogModuleManager: Shutting down and abandoning module MediaAssets (234)
[2018.10.13-16.23.58:204][180]LogModuleManager: Shutting down and abandoning module Overlay (232)
[2018.10.13-16.23.58:205][180]LogModuleManager: Shutting down and abandoning module OverlayEditor (231)
[2018.10.13-16.23.58:205][180]LogModuleManager: Shutting down and abandoning module VREditor (228)
[2018.10.13-16.23.58:205][180]LogModuleManager: Shutting down and abandoning module StringTableEditor (226)
[2018.10.13-16.23.58:205][180]LogModuleManager: Shutting down and abandoning module GameplayTasksEditor (224)
[2018.10.13-16.23.58:205][180]LogModuleManager: Shutting down and abandoning module BehaviorTreeEditor (222)
[2018.10.13-16.23.58:205][180]LogModuleManager: Shutting down and abandoning module FunctionalTesting (220)
[2018.10.13-16.23.58:205][180]LogModuleManager: Shutting down and abandoning module CollisionAnalyzer (218)
[2018.10.13-16.23.58:205][180]LogModuleManager: Shutting down and abandoning module WorkspaceMenuStructure (217)
[2018.10.13-16.23.58:205][180]LogModuleManager: Shutting down and abandoning module UMG (214)
[2018.10.13-16.23.58:205][180]LogModuleManager: Shutting down and abandoning module UMGEditor (213)
[2018.10.13-16.23.58:206][180]LogModuleManager: Shutting down and abandoning module Sequencer (212)
[2018.10.13-16.23.58:206][180]LogModuleManager: Shutting down and abandoning module MessageLog (209)
[2018.10.13-16.23.58:206][180]LogModuleManager: Shutting down and abandoning module SlateReflector (204)
[2018.10.13-16.23.58:206][180]LogModuleManager: Shutting down and abandoning module Slate (202)
[2018.10.13-16.23.58:206][180]LogModuleManager: Shutting down and abandoning module EditorStyle (200)
[2018.10.13-16.23.58:210][180]LogModuleManager: Shutting down and abandoning module MRMesh (198)
[2018.10.13-16.23.58:210][180]LogModuleManager: Shutting down and abandoning module SourceCodeAccess (196)
[2018.10.13-16.23.58:210][180]LogModuleManager: Shutting down and abandoning module HeadMountedDisplay (194)
[2018.10.13-16.23.58:210][180]LogModuleManager: Shutting down and abandoning module XAudio2 (192)
[2018.10.13-16.23.58:210][180]LogModuleManager: Shutting down and abandoning module Networking (190)
[2018.10.13-16.23.58:210][180]LogModuleManager: Shutting down and abandoning module Core (188)
[2018.10.13-16.23.58:211][180]LogModuleManager: Shutting down and abandoning module LevelSequence (186)
[2018.10.13-16.23.58:211][180]LogModuleManager: Shutting down and abandoning module KismetCompiler (184)
[2018.10.13-16.23.58:211][180]LogModuleManager: Shutting down and abandoning module MeshUtilities (182)
[2018.10.13-16.23.58:211][180]LogModuleManager: Shutting down and abandoning module MeshMergeUtilities (181)
[2018.10.13-16.23.58:211][180]LogModuleManager: Shutting down and abandoning module MeshReductionInterface (180)
[2018.10.13-16.23.58:211][180]LogModuleManager: Shutting down and abandoning module SimplygonSwarm (179)
[2018.10.13-16.23.58:211][180]LogModuleManager: Shutting down and abandoning module ProxyLODMeshReduction (177)
[2018.10.13-16.23.58:211][180]LogModuleManager: Shutting down and abandoning module SimplygonMeshReduction (175)
[2018.10.13-16.23.58:211][180]LogModuleManager: Shutting down and abandoning module QuadricMeshReduction (173)
[2018.10.13-16.23.58:211][180]LogModuleManager: Shutting down and abandoning module MaterialBaking (169)
[2018.10.13-16.23.58:211][180]LogModuleManager: Shutting down and abandoning module DirectoryWatcher (165)
[2018.10.13-16.23.58:230][180]LogModuleManager: Shutting down and abandoning module DerivedDataCache (162)
[2018.10.13-16.23.58:292][180]LogDerivedDataCache: Shutdown
[2018.10.13-16.23.58:292][180]LogModuleManager: Shutting down and abandoning module XGEController (160)
[2018.10.13-16.23.58:292][180]LogModuleManager: Shutting down and abandoning module TargetPlatform (158)
[2018.10.13-16.23.58:292][180]LogModuleManager: Shutting down and abandoning module VulkanShaderFormat (157)
[2018.10.13-16.23.58:292][180]LogModuleManager: Shutting down and abandoning module ShaderFormatVectorVM (155)
[2018.10.13-16.23.58:292][180]LogModuleManager: Shutting down and abandoning module ShaderFormatOpenGL (153)
[2018.10.13-16.23.58:292][180]LogModuleManager: Shutting down and abandoning module ShaderFormatD3D (151)
[2018.10.13-16.23.58:292][180]LogModuleManager: Shutting down and abandoning module MetalShaderFormat (149)
[2018.10.13-16.23.58:292][180]LogModuleManager: Shutting down and abandoning module TextureFormatUncompressed (147)
[2018.10.13-16.23.58:292][180]LogModuleManager: Shutting down and abandoning module TextureFormatPVR (145)
[2018.10.13-16.23.58:292][180]LogModuleManager: Shutting down and abandoning module TextureFormatDXT (143)
[2018.10.13-16.23.58:292][180]LogModuleManager: Shutting down and abandoning module TextureFormatIntelISPCTexComp (141)
[2018.10.13-16.23.58:292][180]LogModuleManager: Shutting down and abandoning module TextureFormatASTC (139)
[2018.10.13-16.23.58:292][180]LogModuleManager: Shutting down and abandoning module ImageWrapper (138)
[2018.10.13-16.23.58:292][180]LogModuleManager: Shutting down and abandoning module TextureFormatAndroid (135)
[2018.10.13-16.23.58:292][180]LogModuleManager: Shutting down and abandoning module AudioFormatOpus (133)
[2018.10.13-16.23.58:292][180]LogModuleManager: Shutting down and abandoning module AudioFormatOgg (131)
[2018.10.13-16.23.58:292][180]LogModuleManager: Shutting down and abandoning module AudioFormatADPCM (129)
[2018.10.13-16.23.58:293][180]LogModuleManager: Shutting down and abandoning module LuminTargetPlatform (127)
[2018.10.13-16.23.58:293][180]LogModuleManager: Shutting down and abandoning module LinuxTargetPlatform (125)
[2018.10.13-16.23.58:293][180]LogModuleManager: Shutting down and abandoning module LinuxServerTargetPlatform (123)
[2018.10.13-16.23.58:293][180]LogModuleManager: Shutting down and abandoning module LinuxNoEditorTargetPlatform (121)
[2018.10.13-16.23.58:293][180]LogModuleManager: Shutting down and abandoning module LinuxClientTargetPlatform (119)
[2018.10.13-16.23.58:293][180]LogModuleManager: Shutting down and abandoning module TVOSTargetPlatform (117)
[2018.10.13-16.23.58:293][180]LogModuleManager: Shutting down and abandoning module Messaging (115)
[2018.10.13-16.23.58:293][180]LogModuleManager: Shutting down and abandoning module IOSTargetPlatform (113)
[2018.10.13-16.23.58:294][180]LogModuleManager: Shutting down and abandoning module HTML5TargetPlatform (111)
[2018.10.13-16.23.58:294][180]LogModuleManager: Shutting down and abandoning module AndroidTargetPlatform (109)
[2018.10.13-16.23.58:298][180]LogModuleManager: Shutting down and abandoning module WindowsTargetPlatform (107)
[2018.10.13-16.23.58:298][180]LogModuleManager: Shutting down and abandoning module WindowsServerTargetPlatform (105)
[2018.10.13-16.23.58:298][180]LogModuleManager: Shutting down and abandoning module WindowsNoEditorTargetPlatform (103)
[2018.10.13-16.23.58:298][180]LogModuleManager: Shutting down and abandoning module WindowsClientTargetPlatform (101)
[2018.10.13-16.23.58:298][180]LogModuleManager: Shutting down and abandoning module MacTargetPlatform (99)
[2018.10.13-16.23.58:298][180]LogModuleManager: Shutting down and abandoning module MacServerTargetPlatform (97)
[2018.10.13-16.23.58:298][180]LogModuleManager: Shutting down and abandoning module MacNoEditorTargetPlatform (95)
[2018.10.13-16.23.58:298][180]LogModuleManager: Shutting down and abandoning module MacClientTargetPlatform (93)
[2018.10.13-16.23.58:298][180]LogModuleManager: Shutting down and abandoning module AllDesktopTargetPlatform (91)
[2018.10.13-16.23.58:298][180]LogModuleManager: Shutting down and abandoning module InputCore (88)
[2018.10.13-16.23.58:298][180]LogModuleManager: Shutting down and abandoning module Settings (86)
[2018.10.13-16.23.58:298][180]LogModuleManager: Shutting down and abandoning module PhysXCooking (84)
[2018.10.13-16.23.58:298][180]LogModuleManager: Shutting down and abandoning module SteamVR (82)
[2018.10.13-16.23.58:298][180]LogModuleManager: Shutting down and abandoning module OculusHMD (80)
[2018.10.13-16.23.58:298][180]LogModuleManager: Shutting down and abandoning module ExampleDeviceProfileSelector (78)
[2018.10.13-16.23.58:298][180]LogModuleManager: Shutting down and abandoning module LauncherChunkInstaller (76)
[2018.10.13-16.23.58:298][180]LogModuleManager: Shutting down and abandoning module OnlineBlueprintSupport (74)
[2018.10.13-16.23.58:298][180]LogModuleManager: Shutting down and abandoning module OnlineSubsystem (70)
[2018.10.13-16.23.58:299][180]LogModuleManager: Shutting down and abandoning module XMPP (65)
[2018.10.13-16.23.58:299][180]LogModuleManager: Shutting down and abandoning module WebSockets (64)
[2018.10.13-16.23.58:322][180]LogModuleManager: Shutting down and abandoning module HTTP (61)
[2018.10.13-16.23.58:323][180]LogHttp: Display: Http module shutting down, but needs to wait on 1 outstanding Http requests:
[2018.10.13-16.23.58:323][180]LogHttp: Display: 	verb=[POST] url=[https://datarouter.ol.epicgames.com/datarouter/api/v1/public/data?SessionID=%7B30FCAF48-4BC8-F0F7-EB8B-899E10B5C1FC%7D&AppID=UEEditor.Rocket.Release&AppVersion=4.20.3-4369336%2B%2B%2BUE4%2BRelease-4.20&UserID=4ff56d02435eece2966f90966c8b9a06%7C5c50fac3022141788585f6ed609d520c%7Cafd19afd-30d3-42fa-8066-3256bc99ed89&AppEnvironment=datacollector-binary&UploadType=eteventstream] status=Processing
[2018.10.13-16.23.58:324][180]LogModuleManager: Shutting down and abandoning module SSL (60)
[2018.10.13-16.23.58:325][180]LogModuleManager: Shutting down and abandoning module MagicLeapEmulator (56)
[2018.10.13-16.23.58:325][180]LogModuleManager: Shutting down and abandoning module MagicLeapPrivileges (54)
[2018.10.13-16.23.58:325][180]LogModuleManager: Shutting down and abandoning module MagicLeapIdentity (52)
[2018.10.13-16.23.58:325][180]LogModuleManager: Shutting down and abandoning module MagicLeapHelperVulkan (50)
[2018.10.13-16.23.58:325][180]LogModuleManager: Shutting down and abandoning module MagicLeapHelperOpenGL (48)
[2018.10.13-16.23.58:325][180]LogModuleManager: Shutting down and abandoning module MagicLeapSecureStorage (46)
[2018.10.13-16.23.58:325][180]LogModuleManager: Shutting down and abandoning module MagicLeapGestures (44)
[2018.10.13-16.23.58:325][180]LogModuleManager: Shutting down and abandoning module MagicLeapEyeTracker (42)
[2018.10.13-16.23.58:325][180]LogModuleManager: Shutting down and abandoning module MagicLeapController (40)
[2018.10.13-16.23.58:325][180]LogSlate: Slate User Destroyed.  User Index 0, Is Virtual User: 0
[2018.10.13-16.23.58:325][180]LogModuleManager: Shutting down and abandoning module MagicLeap (38)
[2018.10.13-16.23.58:325][180]LogModuleManager: Shutting down and abandoning module AnimationModifiers (36)
[2018.10.13-16.23.58:325][180]LogModuleManager: Shutting down and abandoning module PropertyEditor (35)
[2018.10.13-16.23.58:325][180]LogModuleManager: Shutting down and abandoning module AudioEditor (32)
[2018.10.13-16.23.58:325][180]LogModuleManager: Shutting down and abandoning module TextureCompressor (30)
[2018.10.13-16.23.58:326][180]LogModuleManager: Shutting down and abandoning module ShaderCore (28)
[2018.10.13-16.23.58:326][180]LogModuleManager: Shutting down and abandoning module Landscape (26)
[2018.10.13-16.23.58:326][180]LogModuleManager: Shutting down and abandoning module SlateRHIRenderer (24)
[2018.10.13-16.23.58:326][180]LogModuleManager: Shutting down and abandoning module OpenGLDrv (22)
[2018.10.13-16.23.58:326][180]LogModuleManager: Shutting down and abandoning module D3D11RHI (20)
[2018.10.13-16.23.58:326][180]LogModuleManager: Shutting down and abandoning module AnimGraphRuntime (18)
[2018.10.13-16.23.58:326][180]LogModuleManager: Shutting down and abandoning module Renderer (16)
[2018.10.13-16.23.58:326][180]LogModuleManager: Shutting down and abandoning module Engine (14)
[2018.10.13-16.23.58:326][180]LogModuleManager: Shutting down and abandoning module CoreUObject (12)
[2018.10.13-16.23.58:326][180]LogModuleManager: Shutting down and abandoning module NetworkFile (10)
[2018.10.13-16.23.58:326][180]LogModuleManager: Shutting down and abandoning module CookedIterativeFile (8)
[2018.10.13-16.23.58:326][180]LogModuleManager: Shutting down and abandoning module StreamingFile (6)
[2018.10.13-16.23.58:326][180]LogModuleManager: Shutting down and abandoning module SandboxFile (4)
[2018.10.13-16.23.58:326][180]LogModuleManager: Shutting down and abandoning module PakFile (2)
[2018.10.13-16.23.58:331][180]LogExit: Exiting.
[2018.10.13-16.23.58:334][180]Log file closed, 10/13/18 18:23:58
