Log file open, 10/13/18 17:27:40
LogWindows: Failed to load 'aqProf.dll' (GetLastError=126)
LogWindows: File 'aqProf.dll' does not exist
LogWindows: Failed to load 'VtuneApi.dll' (GetLastError=126)
LogWindows: File 'VtuneApi.dll' does not exist
LogWindows: Failed to load 'VtuneApi32e.dll' (GetLastError=126)
LogWindows: File 'VtuneApi32e.dll' does not exist
LogInit: Display: Running engine for game: fps
LogPlatformFile: Not using cached read wrapper
LogTaskGraph: Started task graph with 5 named threads and 23 total threads with 3 sets of task threads.
LogStats: Stats thread started at 0.274150
LogD3D11RHI: Loaded GFSDK_Aftermath_Lib.x64.dll
LogICUInternationalization: Display: ICU TimeZone Detection - Raw Offset: +1:00, Platform Override: ''
LogPluginManager: Mounting plugin Paper2D
LogPluginManager: Mounting plugin AISupport
LogPluginManager: Mounting plugin LightPropagationVolume
LogPluginManager: Mounting plugin CLionSourceCodeAccess
LogPluginManager: Mounting plugin CodeLiteSourceCodeAccess
LogPluginManager: Mounting plugin GitSourceControl
LogPluginManager: Mounting plugin KDevelopSourceCodeAccess
LogPluginManager: Mounting plugin NullSourceCodeAccess
LogPluginManager: Mounting plugin PerforceSourceControl
LogPluginManager: Mounting plugin SubversionSourceControl
LogPluginManager: Mounting plugin UObjectPlugin
LogPluginManager: Mounting plugin VisualStudioCodeSourceCodeAccess
LogPluginManager: Mounting plugin VisualStudioSourceCodeAccess
LogPluginManager: Mounting plugin XCodeSourceCodeAccess
LogPluginManager: Mounting plugin AssetManagerEditor
LogPluginManager: Mounting plugin CryptoKeys
LogPluginManager: Mounting plugin DataValidation
LogPluginManager: Mounting plugin FacialAnimation
LogPluginManager: Mounting plugin GameplayTagsEditor
LogPluginManager: Mounting plugin MacGraphicsSwitching
LogPluginManager: Mounting plugin MeshEditor
LogPluginManager: Mounting plugin MobileLauncherProfileWizard
LogPluginManager: Mounting plugin PluginBrowser
LogPluginManager: Mounting plugin SpeedTreeImporter
LogPluginManager: Mounting plugin DatasmithContent
LogPluginManager: Mounting plugin AlembicImporter
LogPluginManager: Mounting plugin AppleImageUtils
LogPluginManager: Mounting plugin AppleVision
LogPluginManager: Mounting plugin BackChannel
LogPluginManager: Mounting plugin CharacterAI
LogPluginManager: Mounting plugin GeometryCache
LogPluginManager: Mounting plugin HTML5Networking
LogPluginManager: Mounting plugin ProxyLODPlugin
LogPluginManager: Mounting plugin MagicLeap
LogPluginManager: Mounting plugin MagicLeapEmulator
LogPluginManager: Mounting plugin MagicLeapMedia
LogPluginManager: Mounting plugin AndroidMedia
LogPluginManager: Mounting plugin AvfMedia
LogPluginManager: Mounting plugin ImgMedia
LogPluginManager: Mounting plugin LinearTimecode
LogPluginManager: Mounting plugin MediaCompositing
LogPluginManager: Mounting plugin MediaPlayerEditor
LogPluginManager: Mounting plugin WmfMedia
LogPluginManager: Mounting plugin TcpMessaging
LogPluginManager: Mounting plugin UdpMessaging
LogPluginManager: Mounting plugin ActorSequence
LogPluginManager: Mounting plugin LevelSequenceEditor
LogPluginManager: Mounting plugin MatineeToLevelSequence
LogPluginManager: Mounting plugin NetcodeUnitTest
LogPluginManager: Mounting plugin NUTUnrealEngine4
LogPluginManager: Mounting plugin OnlineSubsystemGooglePlay
LogPluginManager: Mounting plugin OnlineSubsystemIOS
LogPluginManager: Mounting plugin OnlineSubsystem
LogPluginManager: Mounting plugin OnlineSubsystemNull
LogPluginManager: Mounting plugin OnlineSubsystemUtils
LogPluginManager: Mounting plugin LauncherChunkInstaller
LogPluginManager: Mounting plugin AndroidDeviceProfileSelector
LogPluginManager: Mounting plugin AndroidMoviePlayer
LogPluginManager: Mounting plugin AndroidPermission
LogPluginManager: Mounting plugin AppleMoviePlayer
LogPluginManager: Mounting plugin ArchVisCharacter
LogPluginManager: Mounting plugin AudioCapture
LogPluginManager: Mounting plugin CableComponent
LogPluginManager: Mounting plugin CustomMeshComponent
LogPluginManager: Mounting plugin EditableMesh
LogPluginManager: Mounting plugin ExampleDeviceProfileSelector
LogPluginManager: Mounting plugin GoogleCloudMessaging
LogPluginManager: Mounting plugin ImmediatePhysics
LogPluginManager: Mounting plugin IOSDeviceProfileSelector
LogPluginManager: Mounting plugin LinuxDeviceProfileSelector
LogPluginManager: Mounting plugin LocationServicesBPLibrary
LogPluginManager: Mounting plugin MobilePatchingUtils
LogPluginManager: Mounting plugin OculusVR
LogPluginManager: Plugin shader directory ../../../Engine/Plugins/Runtime/Oculus/OculusVR/Shaders found
LogPluginManager: Mapping shader source directory ../../../Engine/Plugins/Runtime/Oculus/OculusVR/Shaders to virtual directory /Plugin/OculusVR
LogPluginManager: Mounting plugin PhysXVehicles
LogPluginManager: Mounting plugin ProceduralMeshComponent
LogPluginManager: Mounting plugin RuntimePhysXCooking
LogPluginManager: Mounting plugin SteamVR
LogPluginManager: Mounting plugin WindowsMoviePlayer
LogStreaming: Display: Took  0.062s to configure plugins.
LogInit: Using libcurl 7.55.1-DEV
LogInit:  - built for x86_64-pc-win32
LogInit:  - supports SSL with OpenSSL/1.0.2h
LogInit:  - supports HTTP deflate (compression) using libz 1.2.8
LogInit:  - other features:
LogInit:      CURL_VERSION_SSL
LogInit:      CURL_VERSION_LIBZ
LogInit:      CURL_VERSION_IPV6
LogInit:      CURL_VERSION_ASYNCHDNS
LogInit:      CURL_VERSION_LARGEFILE
LogInit:      CURL_VERSION_IDN
LogInit:  CurlRequestOptions (configurable via config and command line):
LogInit:  - bVerifyPeer = false  - Libcurl will NOT verify peer certificate
LogInit:  - bUseHttpProxy = false  - Libcurl will NOT use HTTP proxy
LogInit:  - bDontReuseConnections = false  - Libcurl will reuse connections
LogInit:  - CertBundlePath = nullptr  - Libcurl will use whatever was configured at build time.
LogInit:  - MaxHostConnections = 16  - Libcurl will limit the number of connections to a host
LogInit:  - LocalHostAddr = Default
LogInit:  - BufferSize = 65536
LogInit: WinSock: version 1.1 (2.2), MaxSocks=32767, MaxUdp=65467
LogInit: Build: ++UE4+Release-4.20-CL-4369336
LogInit: Engine Version: 4.20.3-4369336+++UE4+Release-4.20
LogInit: Compatible Engine Version: 4.20.0-4212847+++UE4+Release-4.20
LogInit: Net CL: 4212847
LogInit: OS: Windows 10 (), CPU: Intel(R) Core(TM) i7-6700K CPU @ 4.00GHz, GPU: NVIDIA GeForce GTX 970
LogInit: Compiled (64-bit): Sep 17 2018 12:26:19
LogInit: Compiled with Visual C++: 19.13.26129.00
LogInit: Build Configuration: Development
LogInit: Branch Name: ++UE4+Release-4.20
LogInit: Command Line: 
LogInit: Base Directory: D:/Program Files/Epic Games/UE_4.20/Engine/Binaries/Win64/
LogInit: Installed Engine Build: 1
LogDevObjectVersion: Number of dev versions registered: 20
LogDevObjectVersion:   Dev-Blueprints (B0D832E4-1F89-4F0D-ACCF-7EB736FD4AA2): 10
LogDevObjectVersion:   Dev-Build (E1C64328-A22C-4D53-A36C-8E866417BD8C): 0
LogDevObjectVersion:   Dev-Core (375EC13C-06E4-48FB-B500-84F0262A717E): 2
LogDevObjectVersion:   Dev-Editor (E4B068ED-F494-42E9-A231-DA0B2E46BB41): 24
LogDevObjectVersion:   Dev-Framework (CFFC743F-43B0-4480-9391-14DF171D2073): 34
LogDevObjectVersion:   Dev-Mobile (B02B49B5-BB20-44E9-A304-32B752E40360): 2
LogDevObjectVersion:   Dev-Networking (A4E4105C-59A1-49B5-A7C5-40C4547EDFEE): 0
LogDevObjectVersion:   Dev-Online (39C831C9-5AE6-47DC-9A44-9C173E1C8E7C): 0
LogDevObjectVersion:   Dev-Physics (78F01B33-EBEA-4F98-B9B4-84EACCB95AA2): 0
LogDevObjectVersion:   Dev-Platform (6631380F-2D4D-43E0-8009-CF276956A95A): 0
LogDevObjectVersion:   Dev-Rendering (12F88B9F-8875-4AFC-A67C-D90C383ABD29): 26
LogDevObjectVersion:   Dev-Sequencer (7B5AE74C-D270-4C10-A958-57980B212A5A): 9
LogDevObjectVersion:   Dev-VR (D7296918-1DD6-4BDD-9DE2-64A83CC13884): 2
LogDevObjectVersion:   Dev-LoadTimes (C2A15278-BFE7-4AFE-6C17-90FF531DF755): 1
LogDevObjectVersion:   Private-Geometry (6EACA3D4-40EC-4CC1-B786-8BED09428FC5): 3
LogDevObjectVersion:   Dev-AnimPhys (29E575DD-E0A3-4627-9D10-D276232CDCEA): 17
LogDevObjectVersion:   Dev-ReflectionCapture (6B266CEC-1EC7-4B8F-A30B-E4D90942FC07): 1
LogDevObjectVersion:   Dev-Automation (0DF73D61-A23F-47EA-B727-89E90C41499A): 1
LogDevObjectVersion:   FortniteMain (601D1886-AC64-4F84-AA16-D3DE0DEAC7D6): 12
LogDevObjectVersion:   Dev-Enterprise (9DFFBCD6-494F-0158-E221-12823C92A888): 1
LogStreaming: Display: Took  0.000s to delete old logs.
LogInit: Presizing for max 8388607 objects, including 0 objects not considered by GC, pre-allocating 0 bytes for permanent pool.
LogInit: Object subsystem initialized
[2018.10.13-15.27.40:341][  0]LogInit: Selected Device Profile: [Windows]
[2018.10.13-15.27.40:341][  0]LogInit: Applying CVar settings loaded from the selected device profile: [Windows]
[2018.10.13-15.27.40:351][  0]LogHAL: Display: Platform has ~ 16 GB [17119395840 / 17179869184 / 16], which maps to Larger [LargestMinGB=32, LargerMinGB=12, DefaultMinGB=8, SmallerMinGB=6, SmallestMinGB=0)
[2018.10.13-15.27.40:351][  0]LogInit: Setting Device Profile CVar: [[r.Vulkan.UseRealUBs:1]]
[2018.10.13-15.27.40:351][  0]LogInit: Going up to parent DeviceProfile []
[2018.10.13-15.27.40:351][  0]LogInit: Computer: KOMPUTER
[2018.10.13-15.27.40:351][  0]LogInit: User: brysz
[2018.10.13-15.27.40:351][  0]LogInit: CPU Page size=4096, Cores=4
[2018.10.13-15.27.40:351][  0]LogInit: High frequency timer resolution =10.000000 MHz
[2018.10.13-15.27.40:351][  0]LogMemory: Memory total: Physical=15.9GB (16GB approx)
[2018.10.13-15.27.40:351][  0]LogMemory: Platform Memory Stats for Windows
[2018.10.13-15.27.40:351][  0]LogMemory: Process Physical Memory: 100.83 MB used, 100.83 MB peak
[2018.10.13-15.27.40:351][  0]LogMemory: Process Virtual Memory: 89.53 MB used, 89.53 MB peak
[2018.10.13-15.27.40:351][  0]LogMemory: Physical Memory: 7263.58 MB used,  9062.75 MB free, 16326.33 MB total
[2018.10.13-15.27.40:351][  0]LogMemory: Virtual Memory: 4638.81 MB used,  9062.75 MB free, 134217728.00 MB total
[2018.10.13-15.27.40:718][  0]LogInit: Using OS detected language (en-US).
[2018.10.13-15.27.40:718][  0]LogInit: Using OS detected locale (pl-PL).
[2018.10.13-15.27.40:719][  0]LogTextLocalizationManager: No specific localization for 'en-US' exists, so the 'en' localization will be used.
[2018.10.13-15.27.41:013][  0]LogStreaming: Display: Took  0.295s to InitEngineTextLocalization.
[2018.10.13-15.27.41:013][  0]LogInit: Setting process to per monitor DPI aware
[2018.10.13-15.27.41:044][  0]LogSlate: New Slate User Created.  User Index 0, Is Virtual User: 0
[2018.10.13-15.27.41:044][  0]LogSlate: Slate User Registered.  User Index 0, Is Virtual User: 0
[2018.10.13-15.27.41:224][  0]LogHMD: Failed to initialize OpenVR with code 110
[2018.10.13-15.27.41:224][  0]LogD3D11RHI: D3D11 adapters:
[2018.10.13-15.27.41:281][  0]LogD3D11RHI:    0. 'NVIDIA GeForce GTX 970' (Feature Level 11_0)
[2018.10.13-15.27.41:281][  0]LogD3D11RHI:       4043/0/8163 MB DedicatedVideo/DedicatedSystem/SharedSystem, Outputs:2, VendorId:0x10de
[2018.10.13-15.27.41:283][  0]LogD3D11RHI:    1. 'Microsoft Basic Render Driver' (Feature Level 11_0)
[2018.10.13-15.27.41:283][  0]LogD3D11RHI:       0/0/8163 MB DedicatedVideo/DedicatedSystem/SharedSystem, Outputs:0, VendorId:0x1414
[2018.10.13-15.27.41:283][  0]LogD3D11RHI: Chosen D3D11 Adapter: 0
[2018.10.13-15.27.41:290][  0]LogD3D11RHI: Creating new Direct3DDevice
[2018.10.13-15.27.41:290][  0]LogD3D11RHI:     GPU DeviceId: 0x13c2 (for the marketing name, search the web for "GPU Device Id")
[2018.10.13-15.27.41:290][  0]LogWindows: EnumDisplayDevices:
[2018.10.13-15.27.41:290][  0]LogWindows:    0. 'NVIDIA GeForce GTX 970' (P:1 D:1)
[2018.10.13-15.27.41:290][  0]LogWindows:    1. 'NVIDIA GeForce GTX 970' (P:0 D:1)
[2018.10.13-15.27.41:291][  0]LogWindows:    2. 'NVIDIA GeForce GTX 970' (P:0 D:0)
[2018.10.13-15.27.41:291][  0]LogWindows:    3. 'NVIDIA GeForce GTX 970' (P:0 D:0)
[2018.10.13-15.27.41:291][  0]LogWindows: DebugString: FoundDriverCount:4 
[2018.10.13-15.27.41:291][  0]LogD3D11RHI:     Adapter Name: NVIDIA GeForce GTX 970
[2018.10.13-15.27.41:291][  0]LogD3D11RHI:   Driver Version: 416.16 (internal:25.21.14.1616, unified:416.16)
[2018.10.13-15.27.41:291][  0]LogD3D11RHI:      Driver Date: 10-2-2018
[2018.10.13-15.27.41:291][  0]LogRHI: Texture pool is 2830 MB (70% of 4043 MB)
[2018.10.13-15.27.41:338][  0]LogD3D11RHI: Async texture creation enabled
[2018.10.13-15.27.41:381][  0]LogD3D11RHI: GPU Timing Frequency: 1000.000000 (Debug: 2 2)
[2018.10.13-15.27.41:432][  0]LogShaderCompilers: Guid format shader working directory is 13 characters bigger than the processId version (../../../../../../Bartek/fps/fps/Intermediate/Shaders/WorkingDirectory/13448/).
[2018.10.13-15.27.41:432][  0]LogShaderCompilers: Cleaned the shader compiler working directory 'C:/Users/brysz/AppData/Local/Temp/UnrealShaderWorkingDir/49BAF00C428E71AE07340AA6F79B3C29/'.
[2018.10.13-15.27.41:678][  0]LogTemp: Display: Loaded TP AllDesktopTargetPlatform
[2018.10.13-15.27.41:688][  0]LogTemp: Display: Loaded TP MacClientTargetPlatform
[2018.10.13-15.27.41:698][  0]LogTemp: Display: Loaded TP MacNoEditorTargetPlatform
[2018.10.13-15.27.41:710][  0]LogTemp: Display: Loaded TP MacServerTargetPlatform
[2018.10.13-15.27.41:719][  0]LogTemp: Display: Loaded TP MacTargetPlatform
[2018.10.13-15.27.41:729][  0]LogTemp: Display: Loaded TP WindowsClientTargetPlatform
[2018.10.13-15.27.41:739][  0]LogTemp: Display: Loaded TP WindowsNoEditorTargetPlatform
[2018.10.13-15.27.41:749][  0]LogTemp: Display: Loaded TP WindowsServerTargetPlatform
[2018.10.13-15.27.41:753][  0]LogTemp: Display: Loaded TP WindowsTargetPlatform
[2018.10.13-15.27.41:816][  0]LogTemp: Display: Loaded TP AndroidTargetPlatform
[2018.10.13-15.27.41:816][  0]LogTemp: Display: Loaded TP AndroidTargetPlatform
[2018.10.13-15.27.41:816][  0]LogTemp: Display: Loaded TP AndroidTargetPlatform
[2018.10.13-15.27.41:816][  0]LogTemp: Display: Loaded TP AndroidTargetPlatform
[2018.10.13-15.27.41:816][  0]LogTemp: Display: Loaded TP AndroidTargetPlatform
[2018.10.13-15.27.41:816][  0]LogTemp: Display: Loaded TP AndroidTargetPlatform
[2018.10.13-15.27.41:816][  0]LogTemp: Display: Loaded TP AndroidTargetPlatform
[2018.10.13-15.27.41:816][  0]LogTemp: Display: Loaded TP AndroidTargetPlatform
[2018.10.13-15.27.41:816][  0]LogTemp: Display: Loaded TP AndroidTargetPlatform
[2018.10.13-15.27.41:816][  0]LogTemp: Display: Loaded TP AndroidTargetPlatform
[2018.10.13-15.27.41:816][  0]LogTemp: Display: Loaded TP AndroidTargetPlatform
[2018.10.13-15.27.41:816][  0]LogTemp: Display: Loaded TP AndroidTargetPlatform
[2018.10.13-15.27.41:816][  0]LogTemp: Display: Loaded TP AndroidTargetPlatform
[2018.10.13-15.27.41:816][  0]LogTemp: Display: Loaded TP AndroidTargetPlatform
[2018.10.13-15.27.41:816][  0]LogTemp: Display: Loaded TP AndroidTargetPlatform
[2018.10.13-15.27.41:816][  0]LogTemp: Display: Loaded TP AndroidTargetPlatform
[2018.10.13-15.27.41:816][  0]LogTemp: Display: Loaded TP AndroidTargetPlatform
[2018.10.13-15.27.41:816][  0]LogTemp: Display: Loaded TP AndroidTargetPlatform
[2018.10.13-15.27.41:817][  0]LogTemp: Display: Loaded TP HTML5TargetPlatform
[2018.10.13-15.27.41:871][  0]LogTemp: Display: Loaded TP IOSTargetPlatform
[2018.10.13-15.27.41:871][  0]LogTemp: Display: Loaded TP IOSTargetPlatform
[2018.10.13-15.27.41:890][  0]LogTemp: Display: Loaded TP TVOSTargetPlatform
[2018.10.13-15.27.41:890][  0]LogTemp: Display: Loaded TP TVOSTargetPlatform
[2018.10.13-15.27.41:900][  0]LogTemp: Display: Loaded TP LinuxClientTargetPlatform
[2018.10.13-15.27.41:910][  0]LogTemp: Display: Loaded TP LinuxNoEditorTargetPlatform
[2018.10.13-15.27.41:920][  0]LogTemp: Display: Loaded TP LinuxServerTargetPlatform
[2018.10.13-15.27.41:930][  0]LogTemp: Display: Loaded TP LinuxTargetPlatform
[2018.10.13-15.27.41:937][  0]LogTemp: Display: Loaded TP LuminTargetPlatform
[2018.10.13-15.27.41:938][  0]LogTargetPlatformManager: Display: Building Assets For Windows
[2018.10.13-15.27.41:976][  0]LogXGEController: Cannot use XGE Controller as Incredibuild is not installed on this machine.
[2018.10.13-15.27.41:976][  0]LogShaderCompilers: Cannot use XGE Shader Compiler as Incredibuild is not installed on this machine.
[2018.10.13-15.27.41:976][  0]LogShaderCompilers: Display: Using Local Shader Compiler.
[2018.10.13-15.27.42:512][  0]LogDerivedDataCache: Display: Max Cache Size: 512 MB
[2018.10.13-15.27.42:560][  0]LogDerivedDataCache: Loaded boot cache 0.05s 71MB C:/Users/brysz/AppData/Local/UnrealEngine/4.20/DerivedDataCache/Boot.ddc.
[2018.10.13-15.27.42:560][  0]LogDerivedDataCache: Display: Loaded Boot cache: C:/Users/brysz/AppData/Local/UnrealEngine/4.20/DerivedDataCache/Boot.ddc
[2018.10.13-15.27.42:560][  0]LogDerivedDataCache: FDerivedDataBackendGraph:  Pak pak cache file ../../../../../../Bartek/fps/fps/DerivedDataCache/DDC.ddp not found, will not use a pak cache.
[2018.10.13-15.27.42:560][  0]LogDerivedDataCache: Unable to find inner node Pak for hierarchical cache Hierarchy.
[2018.10.13-15.27.42:561][  0]LogDerivedDataCache: FDerivedDataBackendGraph:  CompressedPak pak cache file ../../../../../../Bartek/fps/fps/DerivedDataCache/Compressed.ddp not found, will not use a pak cache.
[2018.10.13-15.27.42:561][  0]LogDerivedDataCache: Unable to find inner node CompressedPak for hierarchical cache Hierarchy.
[2018.10.13-15.27.42:571][  0]LogDerivedDataCache: Display: Pak cache opened for reading ../../../Engine/DerivedDataCache/Compressed.ddp.
[2018.10.13-15.27.42:583][  0]LogDerivedDataCache: Using Local data cache path C:/Users/brysz/AppData/Local/UnrealEngine/Common/DerivedDataCache: Writable
[2018.10.13-15.27.42:583][  0]LogDerivedDataCache: Shared data cache path not found in *engine.ini, will not use an Shared cache.
[2018.10.13-15.27.42:583][  0]LogDerivedDataCache: Unable to find inner node Shared for hierarchical cache Hierarchy.
[2018.10.13-15.27.42:598][  0]LogMaterial: Verifying Global Shaders for PCD3D_SM5
[2018.10.13-15.27.42:599][  0]LogSlate: Using FreeType 2.6.0
[2018.10.13-15.27.42:599][  0]LogSlate: SlateFontServices - WITH_FREETYPE: 1, WITH_HARFBUZZ: 1
[2018.10.13-15.27.42:666][  0]LogAssetRegistry: FAssetRegistry took 0.0256 seconds to start up
[2018.10.13-15.27.42:942][  0]LogInit: Selected Device Profile: [Windows]
[2018.10.13-15.27.43:042][  0]LogSimplygon: Simplygon DLL not present - disabling.
[2018.10.13-15.27.43:044][  0]LogMeshReduction: Using SimplygonSwarm for distributed automatic mesh merging
[2018.10.13-15.27.43:044][  0]LogMeshReduction: Using ProxyLODMeshReduction for automatic mesh merging
[2018.10.13-15.27.43:044][  0]LogMeshReduction: Using QuadricMeshReduction for automatic static mesh reduction
[2018.10.13-15.27.43:044][  0]LogMeshReduction: No automatic skeletal mesh reduction module available
[2018.10.13-15.27.43:061][  0]LogNetVersion: fps 1.0.0, NetCL: 4212847, EngineNetVer: 5, GameNetVer: 0 (Checksum: 462728196)
[2018.10.13-15.27.43:477][  0]LogPackageLocalizationCache: Processed 11 localized package path(s) for 2 prioritized culture(s) in 0.075188 seconds
[2018.10.13-15.27.43:483][  0]LogUObjectArray: 38425 objects as part of root set at end of initial load.
[2018.10.13-15.27.43:483][  0]LogUObjectAllocator: 6690872 out of 0 bytes used by permanent object pool.
[2018.10.13-15.27.43:483][  0]LogUObjectArray: CloseDisregardForGC: 0/0 objects in disregard for GC pool
[2018.10.13-15.27.44:233][  0]LogTcpMessaging: Initializing TcpMessaging bridge
[2018.10.13-15.27.44:247][  0]LogUdpMessaging: Initializing bridge on interface 0.0.0.0:0 to multicast group 230.0.0.1:6666.
[2018.10.13-15.27.44:385][  0]SourceControl: Source control is disabled
[2018.10.13-15.27.44:386][  0]SourceControl: Source control is disabled
[2018.10.13-15.27.44:387][  0]SourceControl: Source control is disabled
[2018.10.13-15.27.44:387][  0]SourceControl: Source control is disabled
[2018.10.13-15.27.44:548][  0]LogAndroidPermission: UAndroidPermissionCallbackProxy::GetInstance
[2018.10.13-15.27.44:765][  0]LogOcInput: OculusInput pre-init called
[2018.10.13-15.27.44:824][  0]LogEngine: Initializing Engine...
[2018.10.13-15.27.44:825][  0]LogHMD: Failed to initialize OpenVR with code 110
[2018.10.13-15.27.44:826][  0]LogStats: UGameplayTagsManager::ConstructGameplayTagTree: ImportINI prefixes -  0.000 s
[2018.10.13-15.27.44:826][  0]LogStats: UGameplayTagsManager::ConstructGameplayTagTree: Construct from data asset -  0.000 s
[2018.10.13-15.27.44:826][  0]LogStats: UGameplayTagsManager::ConstructGameplayTagTree: ImportINI -  0.000 s
[2018.10.13-15.27.44:826][  0]LogStats: UGameplayTagsManager::ConstructGameplayTagTree: GameplayTagTreeChangedEvent.Broadcast -  0.000 s
[2018.10.13-15.27.45:009][  0]LogInit: Initializing FReadOnlyCVARCache
[2018.10.13-15.27.45:021][  0]LogAIModule: Creating AISystem for world Untitled
[2018.10.13-15.27.45:102][  0]LogInit: XAudio2 using 'Speakers (Realtek High Definition Audio)' : 2 channels at 48 kHz using 16 bits per sample (channel mask 0x3)
[2018.10.13-15.27.45:161][  0]LogInit: FAudioDevice initialized.
[2018.10.13-15.27.45:161][  0]LogNetVersion: Set ProjectVersion to 1.0.0.0. Version Checksum will be recalculated on next use.
[2018.10.13-15.27.45:227][  0]LogDerivedDataCache: Saved boot cache 0.07s 71MB C:/Users/brysz/AppData/Local/UnrealEngine/4.20/DerivedDataCache/Boot.ddc.
[2018.10.13-15.27.45:237][  0]LogInit: Texture streaming: Enabled
[2018.10.13-15.27.45:247][  0]LogEngineSessionManager: EngineSessionManager initialized
[2018.10.13-15.27.45:261][  0]LogInit: Transaction tracking system initialized
[2018.10.13-15.27.45:275][  0]BlueprintLog: New page: Editor Load
[2018.10.13-15.27.45:341][  0]LocalizationService: Localization service is disabled
[2018.10.13-15.27.45:677][  0]LogCook: Display: Max memory allowance for cook 16384mb min free memory 0mb
[2018.10.13-15.27.45:677][  0]LogCook: Display: Mobile HDR setting 1
[2018.10.13-15.27.45:677][  0]LogGameplayTags: Display: UGameplayTagsManager::DoneAddingNativeTags. DelegateIsBound: 0
[2018.10.13-15.27.45:677][  0]LogStats: UGameplayTagsManager::ConstructGameplayTagTree: ImportINI prefixes -  0.000 s
[2018.10.13-15.27.45:677][  0]LogStats: UGameplayTagsManager::ConstructGameplayTagTree: Construct from data asset -  0.000 s
[2018.10.13-15.27.45:677][  0]LogStats: UGameplayTagsManager::ConstructGameplayTagTree: ImportINI -  0.000 s
[2018.10.13-15.27.45:677][  0]LogStats: UGameplayTagsManager::ConstructGameplayTagTree: GameplayTagTreeChangedEvent.Broadcast -  0.000 s
[2018.10.13-15.27.45:772][  0]LogFileCache: Scanning file cache for directory 'D:/Bartek/fps/fps/Content/' took 0.01s
[2018.10.13-15.27.45:773][  0]SourceControl: Source control is disabled
[2018.10.13-15.27.45:773][  0]Cmd: MAP LOAD FILE="../../../../../../Bartek/fps/fps/Content/FirstPersonBP/Maps/FirstPersonExampleMap.umap" TEMPLATE=0 SHOWPROGRESS=1 FEATURELEVEL=3
[2018.10.13-15.27.45:773][  0]LightingResults: New page: Lighting Build
[2018.10.13-15.27.45:774][  0]MapCheck: New page: Map Check
[2018.10.13-15.27.45:774][  0]LightingResults: New page: Lighting Build
[2018.10.13-15.27.46:131][  0]LogAIModule: Creating AISystem for world FirstPersonExampleMap
[2018.10.13-15.27.46:147][  0]LogEditorServer: Finished looking for orphan Actors (0.000 secs)
[2018.10.13-15.27.46:168][  0]Cmd: MAP CHECKDEP NOCLEARLOG
[2018.10.13-15.27.46:210][  0]MapCheck: Map check complete: 0 Error(s), 0 Warning(s), took 42,088ms to complete.
[2018.10.13-15.27.46:210][  0]LogFileHelpers: Loading map 'FirstPersonExampleMap' took 0.438
[2018.10.13-15.27.46:329][  0]LogSlate: Updating window title bar state: overlay mode, drag disabled, window buttons hidden, title bar hidden
[2018.10.13-15.27.46:336][  0]LogSlate: Updating window title bar state: overlay mode, drag disabled, window buttons hidden, title bar hidden
[2018.10.13-15.27.46:344][  0]LogSlate: Updating window title bar state: overlay mode, drag disabled, window buttons hidden, title bar hidden
[2018.10.13-15.27.46:351][  0]LogSlate: Updating window title bar state: overlay mode, drag disabled, window buttons hidden, title bar hidden
[2018.10.13-15.27.46:355][  0]LogCollectionManager: Loaded 0 collections in 0.000931 seconds
[2018.10.13-15.27.46:400][  0]LogFileCache: Scanning file cache for directory 'D:/Bartek/fps/fps/Saved/Collections/' took 0.01s
[2018.10.13-15.27.46:400][  0]LogFileCache: Scanning file cache for directory 'D:/Bartek/fps/fps/Content/Developers/brysz/Collections/' took 0.01s
[2018.10.13-15.27.46:400][  0]LogFileCache: Scanning file cache for directory 'D:/Bartek/fps/fps/Content/Collections/' took 0.01s
[2018.10.13-15.27.46:400][  0]LogCollectionManager: Rebuilt the GUID cache for 0 collections in 0.000001 seconds
[2018.10.13-15.27.46:412][  0]LogContentBrowser: Native class hierarchy populated in 0.0116 seconds. Added 2572 classes and 603 folders.
[2018.10.13-15.27.46:417][  0]LogContentBrowser: Native class hierarchy updated for 'WidgetCarousel' in 0.0002 seconds. Added 0 classes and 0 folders.
[2018.10.13-15.27.46:450][  0]LogContentBrowser: Native class hierarchy updated for 'AddContentDialog' in 0.0002 seconds. Added 0 classes and 0 folders.
[2018.10.13-15.27.46:453][  0]LogContentBrowser: Native class hierarchy updated for 'SceneOutliner' in 0.0002 seconds. Added 1 classes and 2 folders.
[2018.10.13-15.27.46:515][  0]LogSlate: Took 0.000146 seconds to synchronously load lazily loaded font '../../../Engine/Content/Slate/Fonts/Roboto-Regular.ttf' (155K)
[2018.10.13-15.27.46:516][  0]LogSlate: Took 0.000137 seconds to synchronously load lazily loaded font '../../../Engine/Content/Slate/Fonts/Roboto-Bold.ttf' (160K)
[2018.10.13-15.27.46:520][  0]LogSlate: Took 0.000177 seconds to synchronously load lazily loaded font '../../../Engine/Content/Editor/Slate/Fonts/FontAwesome.ttf' (139K)
[2018.10.13-15.27.46:580][  0]LogRenderer: Reallocating scene render targets to support 1616x896 Format 10 NumSamples 1 (Frame:1).
[2018.10.13-15.27.46:724][  0]LogContentBrowser: Native class hierarchy updated for 'HierarchicalLODOutliner' in 0.0002 seconds. Added 0 classes and 0 folders.
[2018.10.13-15.27.46:724][  0]LogLoad: (Engine Initialization) Total time: 7.70 seconds
[2018.10.13-15.27.46:724][  0]LogLoad: (Engine Initialization) Total Blueprint compile time: 0.00 seconds
[2018.10.13-15.27.46:761][  0]LogContentStreaming: Texture pool size now 1000 MB
[2018.10.13-15.27.46:845][  1]LogAssetRegistry: Asset discovery search completed in 4.2010 seconds
[2018.10.13-15.27.46:846][  1]LogCollectionManager: Rebuilt the object cache for 0 collections in 0.000000 seconds (found 0 objects)
[2018.10.13-15.27.46:846][  1]LogCollectionManager: Fixed up redirectors for 0 collections in 0.000042 seconds (updated 0 objects)
[2018.10.13-15.27.48:191][  5]LogSlate: Took 0.000229 seconds to synchronously load lazily loaded font '../../../Engine/Content/Slate/Fonts/Roboto-Light.ttf' (167K)
[2018.10.13-15.27.49:881][ 11]LogSlate: FSceneViewport::OnFocusLost() reason 0
[2018.10.13-15.27.50:183][ 11]LogTemp: Repeating last play command: Selected Viewport
[2018.10.13-15.27.50:196][ 11]LogBlueprintUserMessages: Early PlayInEditor Detection: Level '/Game/FirstPersonBP/Maps/FirstPersonExampleMap.FirstPersonExampleMap:PersistentLevel' has LevelScriptBlueprint '/Game/FirstPersonBP/Maps/FirstPersonExampleMap.FirstPersonExampleMap:PersistentLevel.FirstPersonExampleMap' with GeneratedClass '/Game/FirstPersonBP/Maps/FirstPersonExampleMap.FirstPersonExampleMap_C' with ClassGeneratedBy '/Game/FirstPersonBP/Maps/FirstPersonExampleMap.FirstPersonExampleMap:PersistentLevel.FirstPersonExampleMap'
[2018.10.13-15.27.50:196][ 11]LogPlayLevel: PlayLevel: No blueprints needed recompiling
[2018.10.13-15.27.50:208][ 11]PIE: New page: PIE session: FirstPersonExampleMap (13 paź 2018, 19:27:50)
[2018.10.13-15.27.50:208][ 11]LogPlayLevel: Creating play world package: /Game/FirstPersonBP/Maps/UEDPIE_0_FirstPersonExampleMap
[2018.10.13-15.27.50:225][ 11]LogPlayLevel: PIE: StaticDuplicateObject took: (0.017183s)
[2018.10.13-15.27.50:226][ 11]LogAIModule: Creating AISystem for world FirstPersonExampleMap
[2018.10.13-15.27.50:226][ 11]LogPlayLevel: PIE: World Init took: (0.000778s)
[2018.10.13-15.27.50:226][ 11]LogPlayLevel: PIE: Created PIE world by copying editor world from /Game/FirstPersonBP/Maps/FirstPersonExampleMap.FirstPersonExampleMap to /Game/FirstPersonBP/Maps/UEDPIE_0_FirstPersonExampleMap.FirstPersonExampleMap (0.018115s)
[2018.10.13-15.27.50:279][ 11]LogInit: XAudio2 using 'Speakers (Realtek High Definition Audio)' : 2 channels at 48 kHz using 16 bits per sample (channel mask 0x3)
[2018.10.13-15.27.50:319][ 11]LogInit: FAudioDevice initialized.
[2018.10.13-15.27.50:371][ 11]LogLoad: Game class is 'FirstPersonGameMode_C'
[2018.10.13-15.27.50:373][ 11]LogWorld: Bringing World /Game/FirstPersonBP/Maps/UEDPIE_0_FirstPersonExampleMap.FirstPersonExampleMap up for play (max tick rate 0) at 2018.10.13-17.27.50
[2018.10.13-15.27.50:373][ 11]LogWorld: Bringing up level for play took: 0.001192
[2018.10.13-15.27.50:388][ 11]LogContentBrowser: Native class hierarchy updated for 'MovieSceneCapture' in 0.0002 seconds. Added 10 classes and 0 folders.
[2018.10.13-15.27.50:389][ 11]PIE: Play in editor start time for /Game/FirstPersonBP/Maps/UEDPIE_0_FirstPersonExampleMap 0,119
[2018.10.13-15.27.50:389][ 11]LogBlueprintUserMessages: Late PlayInEditor Detection: Level '/Game/FirstPersonBP/Maps/FirstPersonExampleMap.FirstPersonExampleMap:PersistentLevel' has LevelScriptBlueprint '/Game/FirstPersonBP/Maps/FirstPersonExampleMap.FirstPersonExampleMap:PersistentLevel.FirstPersonExampleMap' with GeneratedClass '/Game/FirstPersonBP/Maps/FirstPersonExampleMap.FirstPersonExampleMap_C' with ClassGeneratedBy '/Game/FirstPersonBP/Maps/FirstPersonExampleMap.FirstPersonExampleMap:PersistentLevel.FirstPersonExampleMap'
[2018.10.13-15.27.57:362][841]LogBlueprintUserMessages: Early EndPlayMap Detection: Level '/Game/FirstPersonBP/Maps/FirstPersonExampleMap.FirstPersonExampleMap:PersistentLevel' has LevelScriptBlueprint '/Game/FirstPersonBP/Maps/FirstPersonExampleMap.FirstPersonExampleMap:PersistentLevel.FirstPersonExampleMap' with GeneratedClass '/Game/FirstPersonBP/Maps/FirstPersonExampleMap.FirstPersonExampleMap_C' with ClassGeneratedBy '/Game/FirstPersonBP/Maps/FirstPersonExampleMap.FirstPersonExampleMap:PersistentLevel.FirstPersonExampleMap'
[2018.10.13-15.27.57:363][841]LogSlate: Updating window title bar state: overlay mode, drag disabled, window buttons hidden, title bar hidden
[2018.10.13-15.27.57:398][841]LogPlayLevel: Display: Shutting down PIE online subsystems
[2018.10.13-15.27.57:398][841]LogBlueprintUserMessages: Late EndPlayMap Detection: Level '/Game/FirstPersonBP/Maps/FirstPersonExampleMap.FirstPersonExampleMap:PersistentLevel' has LevelScriptBlueprint '/Game/FirstPersonBP/Maps/FirstPersonExampleMap.FirstPersonExampleMap:PersistentLevel.FirstPersonExampleMap' with GeneratedClass '/Game/FirstPersonBP/Maps/FirstPersonExampleMap.FirstPersonExampleMap_C' with ClassGeneratedBy '/Game/FirstPersonBP/Maps/FirstPersonExampleMap.FirstPersonExampleMap:PersistentLevel.FirstPersonExampleMap'
[2018.10.13-15.27.57:417][841]LogSlate: Updating window title bar state: overlay mode, drag disabled, window buttons hidden, title bar hidden
[2018.10.13-15.27.57:470][845]LogPlayLevel: Display: Destroying online subsystem :Context_5
[2018.10.13-15.31.11:699][583]LogSlate: FSceneViewport::OnFocusLost() reason 0
[2018.10.13-15.31.11:766][591]LogTemp: Repeating last play command: Selected Viewport
[2018.10.13-15.31.11:778][591]LogBlueprintUserMessages: Early PlayInEditor Detection: Level '/Game/FirstPersonBP/Maps/FirstPersonExampleMap.FirstPersonExampleMap:PersistentLevel' has LevelScriptBlueprint '/Game/FirstPersonBP/Maps/FirstPersonExampleMap.FirstPersonExampleMap:PersistentLevel.FirstPersonExampleMap' with GeneratedClass '/Game/FirstPersonBP/Maps/FirstPersonExampleMap.FirstPersonExampleMap_C' with ClassGeneratedBy '/Game/FirstPersonBP/Maps/FirstPersonExampleMap.FirstPersonExampleMap:PersistentLevel.FirstPersonExampleMap'
[2018.10.13-15.31.11:778][591]LogPlayLevel: PlayLevel: No blueprints needed recompiling
[2018.10.13-15.31.11:778][591]PIE: New page: PIE session: FirstPersonExampleMap (13 paź 2018, 19:31:11)
[2018.10.13-15.31.11:778][591]LogPlayLevel: Creating play world package: /Game/FirstPersonBP/Maps/UEDPIE_0_FirstPersonExampleMap
[2018.10.13-15.31.11:788][591]LogPlayLevel: PIE: StaticDuplicateObject took: (0.009575s)
[2018.10.13-15.31.11:789][591]LogAIModule: Creating AISystem for world FirstPersonExampleMap
[2018.10.13-15.31.11:789][591]LogPlayLevel: PIE: World Init took: (0.000796s)
[2018.10.13-15.31.11:789][591]LogPlayLevel: PIE: Created PIE world by copying editor world from /Game/FirstPersonBP/Maps/FirstPersonExampleMap.FirstPersonExampleMap to /Game/FirstPersonBP/Maps/UEDPIE_0_FirstPersonExampleMap.FirstPersonExampleMap (0.010520s)
[2018.10.13-15.31.11:848][591]LogInit: XAudio2 using 'Speakers (Realtek High Definition Audio)' : 2 channels at 48 kHz using 16 bits per sample (channel mask 0x3)
[2018.10.13-15.31.11:887][591]LogInit: FAudioDevice initialized.
[2018.10.13-15.31.11:920][591]LogLoad: Game class is 'FirstPersonGameMode_C'
[2018.10.13-15.31.11:922][591]LogWorld: Bringing World /Game/FirstPersonBP/Maps/UEDPIE_0_FirstPersonExampleMap.FirstPersonExampleMap up for play (max tick rate 0) at 2018.10.13-17.31.11
[2018.10.13-15.31.11:922][591]LogWorld: Bringing up level for play took: 0.001063
[2018.10.13-15.31.11:935][591]PIE: Play in editor start time for /Game/FirstPersonBP/Maps/UEDPIE_0_FirstPersonExampleMap -0,335
[2018.10.13-15.31.11:935][591]LogBlueprintUserMessages: Late PlayInEditor Detection: Level '/Game/FirstPersonBP/Maps/FirstPersonExampleMap.FirstPersonExampleMap:PersistentLevel' has LevelScriptBlueprint '/Game/FirstPersonBP/Maps/FirstPersonExampleMap.FirstPersonExampleMap:PersistentLevel.FirstPersonExampleMap' with GeneratedClass '/Game/FirstPersonBP/Maps/FirstPersonExampleMap.FirstPersonExampleMap_C' with ClassGeneratedBy '/Game/FirstPersonBP/Maps/FirstPersonExampleMap.FirstPersonExampleMap:PersistentLevel.FirstPersonExampleMap'
[2018.10.13-15.31.18:608][388]LogBlueprintUserMessages: Early EndPlayMap Detection: Level '/Game/FirstPersonBP/Maps/FirstPersonExampleMap.FirstPersonExampleMap:PersistentLevel' has LevelScriptBlueprint '/Game/FirstPersonBP/Maps/FirstPersonExampleMap.FirstPersonExampleMap:PersistentLevel.FirstPersonExampleMap' with GeneratedClass '/Game/FirstPersonBP/Maps/FirstPersonExampleMap.FirstPersonExampleMap_C' with ClassGeneratedBy '/Game/FirstPersonBP/Maps/FirstPersonExampleMap.FirstPersonExampleMap:PersistentLevel.FirstPersonExampleMap'
[2018.10.13-15.31.18:608][388]LogSlate: Updating window title bar state: overlay mode, drag disabled, window buttons hidden, title bar hidden
[2018.10.13-15.31.18:641][388]LogPlayLevel: Display: Shutting down PIE online subsystems
[2018.10.13-15.31.18:641][388]LogBlueprintUserMessages: Late EndPlayMap Detection: Level '/Game/FirstPersonBP/Maps/FirstPersonExampleMap.FirstPersonExampleMap:PersistentLevel' has LevelScriptBlueprint '/Game/FirstPersonBP/Maps/FirstPersonExampleMap.FirstPersonExampleMap:PersistentLevel.FirstPersonExampleMap' with GeneratedClass '/Game/FirstPersonBP/Maps/FirstPersonExampleMap.FirstPersonExampleMap_C' with ClassGeneratedBy '/Game/FirstPersonBP/Maps/FirstPersonExampleMap.FirstPersonExampleMap:PersistentLevel.FirstPersonExampleMap'
[2018.10.13-15.31.18:660][388]LogSlate: Updating window title bar state: overlay mode, drag disabled, window buttons hidden, title bar hidden
[2018.10.13-15.31.18:713][392]LogPlayLevel: Display: Destroying online subsystem :Context_6
[2018.10.13-15.31.26:852][296]LogSlate: FSceneViewport::OnFocusLost() reason 0
[2018.10.13-15.31.48:313][859]LogSlate: FSceneViewport::OnFocusLost() reason 0
[2018.10.13-15.31.51:425][198]LogAssetEditorManager: Opening Asset editor for WidgetBlueprint /Game/FirstPersonBP/Blueprints/NewWidgetBlueprint.NewWidgetBlueprint
[2018.10.13-15.31.51:763][198]LogContentBrowser: Native class hierarchy updated for 'BlueprintGraph' in 0.0005 seconds. Added 116 classes and 0 folders.
[2018.10.13-15.31.52:330][198]LogSlate: Took 0.000181 seconds to synchronously load lazily loaded font '../../../Engine/Content/Slate/Fonts/Roboto-BoldCondensed.ttf' (158K)
[2018.10.13-15.32.37:820][560]LogSlate: Window 'Widget Reflector' being destroyed
[2018.10.13-15.32.37:826][560]LogSlate: Window 'Widget Reflector' being destroyed
[2018.10.13-15.38.01:500][484]LogFileHelpers: Editor autosave (incl. sublevels) for '/Game/FirstPersonBP/Maps/FirstPersonExampleMap' took 0.026
[2018.10.13-15.38.01:501][484]OBJ SavePackage: Generating thumbnails for [0] asset(s) in package [/Game/FirstPersonBP/Blueprints/NewWidgetBlueprint] ([1] browsable assets)...
[2018.10.13-15.38.01:501][484]OBJ SavePackage: Finished generating thumbnails for package [/Game/FirstPersonBP/Blueprints/NewWidgetBlueprint]
[2018.10.13-15.38.01:524][484]LogSavePackage: Moving '../../../../../../Bartek/fps/fps/Saved/NewWidgetBlueprint_Auto17158901244D813EE730264B3F89F573F.tmp' to '../../../../../../Bartek/fps/fps/Saved/Autosaves/Game/FirstPersonBP/Blueprints/NewWidgetBlueprint_Auto1.uasset'
[2018.10.13-15.38.01:525][484]LogFileHelpers: Auto-saving content packages took 0.024
[2018.10.13-16.08.21:549][545]LogTemp: Repeating last play command: Selected Viewport
[2018.10.13-16.08.21:562][545]LogBlueprintUserMessages: Early PlayInEditor Detection: Level '/Game/FirstPersonBP/Maps/FirstPersonExampleMap.FirstPersonExampleMap:PersistentLevel' has LevelScriptBlueprint '/Game/FirstPersonBP/Maps/FirstPersonExampleMap.FirstPersonExampleMap:PersistentLevel.FirstPersonExampleMap' with GeneratedClass '/Game/FirstPersonBP/Maps/FirstPersonExampleMap.FirstPersonExampleMap_C' with ClassGeneratedBy '/Game/FirstPersonBP/Maps/FirstPersonExampleMap.FirstPersonExampleMap:PersistentLevel.FirstPersonExampleMap'
[2018.10.13-16.08.21:562][545]BlueprintLog: New page: Pre-Play auto-recompile
[2018.10.13-16.08.21:569][545]LogPlayLevel: [PlayLevel] Compiling NewWidgetBlueprint before play...
[2018.10.13-16.08.21:672][545]LogPlayLevel: PlayLevel: Blueprint regeneration took 109 ms (1 blueprints)
[2018.10.13-16.08.21:672][545]PIE: New page: PIE session: FirstPersonExampleMap (13 paź 2018, 20:08:21)
[2018.10.13-16.08.21:672][545]LogPlayLevel: Creating play world package: /Game/FirstPersonBP/Maps/UEDPIE_0_FirstPersonExampleMap
[2018.10.13-16.08.21:683][545]LogPlayLevel: PIE: StaticDuplicateObject took: (0.010673s)
[2018.10.13-16.08.21:684][545]LogAIModule: Creating AISystem for world FirstPersonExampleMap
[2018.10.13-16.08.21:684][545]LogPlayLevel: PIE: World Init took: (0.000844s)
[2018.10.13-16.08.21:684][545]LogPlayLevel: PIE: Created PIE world by copying editor world from /Game/FirstPersonBP/Maps/FirstPersonExampleMap.FirstPersonExampleMap to /Game/FirstPersonBP/Maps/UEDPIE_0_FirstPersonExampleMap.FirstPersonExampleMap (0.011693s)
[2018.10.13-16.08.21:749][545]LogInit: XAudio2 using 'Speakers (Realtek High Definition Audio)' : 2 channels at 48 kHz using 16 bits per sample (channel mask 0x3)
[2018.10.13-16.08.21:790][545]LogInit: FAudioDevice initialized.
[2018.10.13-16.08.21:823][545]LogLoad: Game class is 'FirstPersonGameMode_C'
[2018.10.13-16.08.21:824][545]LogWorld: Bringing World /Game/FirstPersonBP/Maps/UEDPIE_0_FirstPersonExampleMap.FirstPersonExampleMap up for play (max tick rate 0) at 2018.10.13-18.08.21
[2018.10.13-16.08.21:825][545]LogWorld: Bringing up level for play took: 0.001268
[2018.10.13-16.08.21:837][545]PIE: Play in editor start time for /Game/FirstPersonBP/Maps/UEDPIE_0_FirstPersonExampleMap -0,433
[2018.10.13-16.08.21:837][545]LogBlueprintUserMessages: Late PlayInEditor Detection: Level '/Game/FirstPersonBP/Maps/FirstPersonExampleMap.FirstPersonExampleMap:PersistentLevel' has LevelScriptBlueprint '/Game/FirstPersonBP/Maps/FirstPersonExampleMap.FirstPersonExampleMap:PersistentLevel.FirstPersonExampleMap' with GeneratedClass '/Game/FirstPersonBP/Maps/FirstPersonExampleMap.FirstPersonExampleMap_C' with ClassGeneratedBy '/Game/FirstPersonBP/Maps/FirstPersonExampleMap.FirstPersonExampleMap:PersistentLevel.FirstPersonExampleMap'
[2018.10.13-16.08.45:225][349]LogBlueprintUserMessages: [FirstPersonCharacter_C_1] you are dead
[2018.10.13-16.08.46:975][559]LogBlueprintUserMessages: Early EndPlayMap Detection: Level '/Game/FirstPersonBP/Maps/FirstPersonExampleMap.FirstPersonExampleMap:PersistentLevel' has LevelScriptBlueprint '/Game/FirstPersonBP/Maps/FirstPersonExampleMap.FirstPersonExampleMap:PersistentLevel.FirstPersonExampleMap' with GeneratedClass '/Game/FirstPersonBP/Maps/FirstPersonExampleMap.FirstPersonExampleMap_C' with ClassGeneratedBy '/Game/FirstPersonBP/Maps/FirstPersonExampleMap.FirstPersonExampleMap:PersistentLevel.FirstPersonExampleMap'
[2018.10.13-16.08.46:975][559]LogSlate: Updating window title bar state: overlay mode, drag disabled, window buttons hidden, title bar hidden
[2018.10.13-16.08.47:005][559]LogPlayLevel: Display: Shutting down PIE online subsystems
[2018.10.13-16.08.47:005][559]LogBlueprintUserMessages: Late EndPlayMap Detection: Level '/Game/FirstPersonBP/Maps/FirstPersonExampleMap.FirstPersonExampleMap:PersistentLevel' has LevelScriptBlueprint '/Game/FirstPersonBP/Maps/FirstPersonExampleMap.FirstPersonExampleMap:PersistentLevel.FirstPersonExampleMap' with GeneratedClass '/Game/FirstPersonBP/Maps/FirstPersonExampleMap.FirstPersonExampleMap_C' with ClassGeneratedBy '/Game/FirstPersonBP/Maps/FirstPersonExampleMap.FirstPersonExampleMap:PersistentLevel.FirstPersonExampleMap'
[2018.10.13-16.08.47:028][559]LogSlate: Updating window title bar state: overlay mode, drag disabled, window buttons hidden, title bar hidden
[2018.10.13-16.08.47:082][562]LogPlayLevel: Display: Destroying online subsystem :Context_9
[2018.10.13-16.09.27:451][361]LogSlate: FSceneViewport::OnFocusLost() reason 0
[2018.10.13-16.09.27:509][368]LogTemp: Repeating last play command: Selected Viewport
[2018.10.13-16.09.27:521][368]LogBlueprintUserMessages: Early PlayInEditor Detection: Level '/Game/FirstPersonBP/Maps/FirstPersonExampleMap.FirstPersonExampleMap:PersistentLevel' has LevelScriptBlueprint '/Game/FirstPersonBP/Maps/FirstPersonExampleMap.FirstPersonExampleMap:PersistentLevel.FirstPersonExampleMap' with GeneratedClass '/Game/FirstPersonBP/Maps/FirstPersonExampleMap.FirstPersonExampleMap_C' with ClassGeneratedBy '/Game/FirstPersonBP/Maps/FirstPersonExampleMap.FirstPersonExampleMap:PersistentLevel.FirstPersonExampleMap'
[2018.10.13-16.09.27:522][368]LogPlayLevel: PlayLevel: No blueprints needed recompiling
[2018.10.13-16.09.27:522][368]PIE: New page: PIE session: FirstPersonExampleMap (13 paź 2018, 20:09:27)
[2018.10.13-16.09.27:522][368]LogPlayLevel: Creating play world package: /Game/FirstPersonBP/Maps/UEDPIE_0_FirstPersonExampleMap
[2018.10.13-16.09.27:532][368]LogPlayLevel: PIE: StaticDuplicateObject took: (0.010259s)
[2018.10.13-16.09.27:533][368]LogAIModule: Creating AISystem for world FirstPersonExampleMap
[2018.10.13-16.09.27:533][368]LogPlayLevel: PIE: World Init took: (0.000679s)
[2018.10.13-16.09.27:533][368]LogPlayLevel: PIE: Created PIE world by copying editor world from /Game/FirstPersonBP/Maps/FirstPersonExampleMap.FirstPersonExampleMap to /Game/FirstPersonBP/Maps/UEDPIE_0_FirstPersonExampleMap.FirstPersonExampleMap (0.011103s)
[2018.10.13-16.09.27:592][368]LogInit: XAudio2 using 'Speakers (Realtek High Definition Audio)' : 2 channels at 48 kHz using 16 bits per sample (channel mask 0x3)
[2018.10.13-16.09.27:632][368]LogInit: FAudioDevice initialized.
[2018.10.13-16.09.27:664][368]LogLoad: Game class is 'FirstPersonGameMode_C'
[2018.10.13-16.09.27:666][368]LogWorld: Bringing World /Game/FirstPersonBP/Maps/UEDPIE_0_FirstPersonExampleMap.FirstPersonExampleMap up for play (max tick rate 0) at 2018.10.13-18.09.27
[2018.10.13-16.09.27:666][368]LogWorld: Bringing up level for play took: 0.001112
[2018.10.13-16.09.27:679][368]PIE: Play in editor start time for /Game/FirstPersonBP/Maps/UEDPIE_0_FirstPersonExampleMap -0,591
[2018.10.13-16.09.27:679][368]LogBlueprintUserMessages: Late PlayInEditor Detection: Level '/Game/FirstPersonBP/Maps/FirstPersonExampleMap.FirstPersonExampleMap:PersistentLevel' has LevelScriptBlueprint '/Game/FirstPersonBP/Maps/FirstPersonExampleMap.FirstPersonExampleMap:PersistentLevel.FirstPersonExampleMap' with GeneratedClass '/Game/FirstPersonBP/Maps/FirstPersonExampleMap.FirstPersonExampleMap_C' with ClassGeneratedBy '/Game/FirstPersonBP/Maps/FirstPersonExampleMap.FirstPersonExampleMap:PersistentLevel.FirstPersonExampleMap'
[2018.10.13-16.09.32:106][895]LogBlueprintUserMessages: Early EndPlayMap Detection: Level '/Game/FirstPersonBP/Maps/FirstPersonExampleMap.FirstPersonExampleMap:PersistentLevel' has LevelScriptBlueprint '/Game/FirstPersonBP/Maps/FirstPersonExampleMap.FirstPersonExampleMap:PersistentLevel.FirstPersonExampleMap' with GeneratedClass '/Game/FirstPersonBP/Maps/FirstPersonExampleMap.FirstPersonExampleMap_C' with ClassGeneratedBy '/Game/FirstPersonBP/Maps/FirstPersonExampleMap.FirstPersonExampleMap:PersistentLevel.FirstPersonExampleMap'
[2018.10.13-16.09.32:107][895]LogSlate: Updating window title bar state: overlay mode, drag disabled, window buttons hidden, title bar hidden
[2018.10.13-16.09.32:141][895]LogPlayLevel: Display: Shutting down PIE online subsystems
[2018.10.13-16.09.32:141][895]LogBlueprintUserMessages: Late EndPlayMap Detection: Level '/Game/FirstPersonBP/Maps/FirstPersonExampleMap.FirstPersonExampleMap:PersistentLevel' has LevelScriptBlueprint '/Game/FirstPersonBP/Maps/FirstPersonExampleMap.FirstPersonExampleMap:PersistentLevel.FirstPersonExampleMap' with GeneratedClass '/Game/FirstPersonBP/Maps/FirstPersonExampleMap.FirstPersonExampleMap_C' with ClassGeneratedBy '/Game/FirstPersonBP/Maps/FirstPersonExampleMap.FirstPersonExampleMap:PersistentLevel.FirstPersonExampleMap'
[2018.10.13-16.09.32:164][895]LogSlate: Updating window title bar state: overlay mode, drag disabled, window buttons hidden, title bar hidden
[2018.10.13-16.09.32:209][898]LogPlayLevel: Display: Destroying online subsystem :Context_10
[2018.10.13-16.09.33:253][ 20]LogSlate: FSceneViewport::OnFocusLost() reason 0
[2018.10.13-16.09.34:545][159]LogAssetEditorManager: Opening Asset editor for Blueprint /Game/FirstPersonBP/Blueprints/FirstPersonProjectile.FirstPersonProjectile
[2018.10.13-16.09.34:976][160]LogSlate: Took 0.000171 seconds to synchronously load lazily loaded font '../../../Engine/Content/Slate/Fonts/Roboto-Italic.ttf' (157K)
[2018.10.13-16.10.18:146][ 44]LogSlate: Window 'Save Content' being destroyed
[2018.10.13-16.10.18:253][ 44]LogSlate: Window 'fps - Unreal Editor' being destroyed
[2018.10.13-16.10.18:434][ 45]Cmd: QUIT_EDITOR
[2018.10.13-16.10.19:194][ 45]LogWindowsTextInputMethodSystem: Display: IME system now deactivated.
[2018.10.13-16.10.19:204][ 45]LogExit: Preparing to exit.
[2018.10.13-16.10.19:417][ 45]LogExit: Editor shut down
[2018.10.13-16.10.19:417][ 45]LogExit: Transaction tracking system shut down
[2018.10.13-16.10.20:166][ 45]LogExit: Object subsystem successfully closed.
[2018.10.13-16.10.20:179][ 45]LogShaderCompilers: Display: Shaders left to compile 0
[2018.10.13-16.10.20:181][ 45]LogD3D11RHI: Shutdown
[2018.10.13-16.10.20:181][ 45]LogD3D11RHI: CleanupD3DDevice
[2018.10.13-16.10.20:182][ 45]LogD3D11RHI: ~FD3D11DynamicRHI
[2018.10.13-16.10.20:191][ 45]LogModuleManager: Shutting down and abandoning module SequencerWidgets (618)
[2018.10.13-16.10.20:191][ 45]LogModuleManager: Shutting down and abandoning module BlueprintGraph (616)
[2018.10.13-16.10.20:191][ 45]LogModuleManager: Shutting down and abandoning module MovieSceneCapture (614)
[2018.10.13-16.10.20:191][ 45]LogModuleManager: Shutting down and abandoning module Voice (612)
[2018.10.13-16.10.20:191][ 45]LogModuleManager: Shutting down and abandoning module HierarchicalLODOutliner (610)
[2018.10.13-16.10.20:191][ 45]LogModuleManager: Shutting down and abandoning module SceneOutliner (608)
[2018.10.13-16.10.20:191][ 45]LogModuleManager: Shutting down and abandoning module AddContentDialog (606)
[2018.10.13-16.10.20:191][ 45]LogModuleManager: Shutting down and abandoning module WidgetCarousel (605)
[2018.10.13-16.10.20:191][ 45]LogModuleManager: Shutting down and abandoning module EditorWidgets (602)
[2018.10.13-16.10.20:191][ 45]LogModuleManager: Shutting down and abandoning module CollectionManager (600)
[2018.10.13-16.10.20:192][ 45]LogModuleManager: Shutting down and abandoning module StatsViewer (598)
[2018.10.13-16.10.20:192][ 45]LogModuleManager: Shutting down and abandoning module FoliageEdit (596)
[2018.10.13-16.10.20:192][ 45]LogModuleManager: Shutting down and abandoning module LandscapeEditor (594)
[2018.10.13-16.10.20:192][ 45]LogModuleManager: Shutting down and abandoning module MeshPaintMode (592)
[2018.10.13-16.10.20:192][ 45]LogModuleManager: Shutting down and abandoning module SceneDepthPickerMode (590)
[2018.10.13-16.10.20:192][ 45]LogModuleManager: Shutting down and abandoning module ActorPickerMode (588)
[2018.10.13-16.10.20:192][ 45]LogModuleManager: Shutting down and abandoning module GeometryMode (586)
[2018.10.13-16.10.20:192][ 45]LogModuleManager: Shutting down and abandoning module TextureAlignMode (584)
[2018.10.13-16.10.20:192][ 45]LogModuleManager: Shutting down and abandoning module BspMode (582)
[2018.10.13-16.10.20:192][ 45]LogModuleManager: Shutting down and abandoning module PIEPreviewDeviceProfileSelector (580)
[2018.10.13-16.10.20:192][ 45]LogModuleManager: Shutting down and abandoning module SequenceRecorderSections (578)
[2018.10.13-16.10.20:192][ 45]LogModuleManager: Shutting down and abandoning module AutomationWorker (576)
[2018.10.13-16.10.20:192][ 45]LogModuleManager: Shutting down and abandoning module AudioCaptureEditor (574)
[2018.10.13-16.10.20:192][ 45]LogModuleManager: Shutting down and abandoning module SequenceRecorder (573)
[2018.10.13-16.10.20:192][ 45]LogModuleManager: Shutting down and abandoning module MatineeToLevelSequence (570)
[2018.10.13-16.10.20:192][ 45]LogModuleManager: Shutting down and abandoning module LevelSequenceEditor (568)
[2018.10.13-16.10.20:192][ 45]LogModuleManager: Shutting down and abandoning module PlacementMode (567)
[2018.10.13-16.10.20:192][ 45]LogModuleManager: Shutting down and abandoning module MaterialEditor (566)
[2018.10.13-16.10.20:192][ 45]LogModuleManager: Shutting down and abandoning module WmfMediaFactory (562)
[2018.10.13-16.10.20:192][ 45]LogModuleManager: Shutting down and abandoning module WmfMediaEditor (560)
[2018.10.13-16.10.20:192][ 45]LogModuleManager: Shutting down and abandoning module MediaPlayerEditor (558)
[2018.10.13-16.10.20:192][ 45]LogModuleManager: Shutting down and abandoning module OpenExrWrapper (556)
[2018.10.13-16.10.20:192][ 45]LogModuleManager: Shutting down and abandoning module ImgMediaFactory (554)
[2018.10.13-16.10.20:192][ 45]LogModuleManager: Shutting down and abandoning module ImgMediaEditor (552)
[2018.10.13-16.10.20:192][ 45]LogModuleManager: Shutting down and abandoning module AvfMediaFactory (550)
[2018.10.13-16.10.20:192][ 45]LogModuleManager: Shutting down and abandoning module AvfMediaEditor (548)
[2018.10.13-16.10.20:192][ 45]LogModuleManager: Shutting down and abandoning module AndroidMediaFactory (546)
[2018.10.13-16.10.20:192][ 45]LogModuleManager: Shutting down and abandoning module AndroidMediaEditor (544)
[2018.10.13-16.10.20:192][ 45]LogModuleManager: Shutting down and abandoning module MagicLeapCameraPreviewFactory (542)
[2018.10.13-16.10.20:192][ 45]LogModuleManager: Shutting down and abandoning module MagicLeapMediaFactory (540)
[2018.10.13-16.10.20:192][ 45]LogModuleManager: Shutting down and abandoning module MagicLeapMediaEditor (538)
[2018.10.13-16.10.20:192][ 45]LogModuleManager: Shutting down and abandoning module CharacterAI (536)
[2018.10.13-16.10.20:192][ 45]LogModuleManager: Shutting down and abandoning module SmartSnapping (534)
[2018.10.13-16.10.20:192][ 45]LogModuleManager: Shutting down and abandoning module SessionServices (532)
[2018.10.13-16.10.20:192][ 45]LogModuleManager: Shutting down and abandoning module ViewportSnapping (530)
[2018.10.13-16.10.20:192][ 45]LogModuleManager: Shutting down and abandoning module ViewportInteraction (528)
[2018.10.13-16.10.20:192][ 45]LogModuleManager: Shutting down and abandoning module ClothPainter (526)
[2018.10.13-16.10.20:192][ 45]LogModuleManager: Shutting down and abandoning module SkeletalMeshEditor (525)
[2018.10.13-16.10.20:192][ 45]LogModuleManager: Shutting down and abandoning module LogVisualizer (522)
[2018.10.13-16.10.20:192][ 45]LogModuleManager: Shutting down and abandoning module IntroTutorials (520)
[2018.10.13-16.10.20:193][ 45]LogModuleManager: Shutting down and abandoning module GameProjectGeneration (519)
[2018.10.13-16.10.20:193][ 45]LogModuleManager: Shutting down and abandoning module LuminPlatformEditor (516)
[2018.10.13-16.10.20:193][ 45]LogModuleManager: Shutting down and abandoning module IOSPlatformEditor (514)
[2018.10.13-16.10.20:193][ 45]LogModuleManager: Shutting down and abandoning module HTML5PlatformEditor (512)
[2018.10.13-16.10.20:193][ 45]LogModuleManager: Shutting down and abandoning module AndroidPlatformEditor (510)
[2018.10.13-16.10.20:193][ 45]LogModuleManager: Shutting down and abandoning module AndroidDeviceDetection (509)
[2018.10.13-16.10.20:335][ 45]LogModuleManager: Shutting down and abandoning module WindowsPlatformEditor (506)
[2018.10.13-16.10.20:335][ 45]LogModuleManager: Shutting down and abandoning module LuminRuntimeSettings (504)
[2018.10.13-16.10.20:335][ 45]LogModuleManager: Shutting down and abandoning module IOSRuntimeSettings (502)
[2018.10.13-16.10.20:335][ 45]LogModuleManager: Shutting down and abandoning module AndroidRuntimeSettings (500)
[2018.10.13-16.10.20:335][ 45]LogModuleManager: Shutting down and abandoning module InputBindingEditor (498)
[2018.10.13-16.10.20:335][ 45]LogModuleManager: Shutting down and abandoning module MergeActors (496)
[2018.10.13-16.10.20:335][ 45]LogModuleManager: Shutting down and abandoning module LocalizationDashboard (494)
[2018.10.13-16.10.20:335][ 45]LogModuleManager: Shutting down and abandoning module LocalizationService (493)
[2018.10.13-16.10.20:335][ 45]LogModuleManager: Shutting down and abandoning module HardwareTargeting (490)
[2018.10.13-16.10.20:335][ 45]LogModuleManager: Shutting down and abandoning module DeviceProfileEditor (488)
[2018.10.13-16.10.20:335][ 45]LogModuleManager: Shutting down and abandoning module UndoHistory (486)
[2018.10.13-16.10.20:335][ 45]LogModuleManager: Shutting down and abandoning module XmlParser (484)
[2018.10.13-16.10.20:335][ 45]LogModuleManager: Shutting down and abandoning module Blutility (482)
[2018.10.13-16.10.20:335][ 45]LogModuleManager: Shutting down and abandoning module ProjectSettingsViewer (480)
[2018.10.13-16.10.20:335][ 45]LogModuleManager: Shutting down and abandoning module ProjectTargetPlatformEditor (479)
[2018.10.13-16.10.20:335][ 45]LogModuleManager: Shutting down and abandoning module EditorSettingsViewer (476)
[2018.10.13-16.10.20:336][ 45]LogModuleManager: Shutting down and abandoning module SettingsEditor (474)
[2018.10.13-16.10.20:336][ 45]LogModuleManager: Shutting down and abandoning module ProjectLauncher (472)
[2018.10.13-16.10.20:336][ 45]LogModuleManager: Shutting down and abandoning module SessionFrontend (470)
[2018.10.13-16.10.20:336][ 45]LogModuleManager: Shutting down and abandoning module ProfilerClient (468)
[2018.10.13-16.10.20:336][ 45]LogModuleManager: Shutting down and abandoning module DeviceManager (466)
[2018.10.13-16.10.20:336][ 45]LogModuleManager: Shutting down and abandoning module TargetDeviceServices (465)
[2018.10.13-16.10.20:402][ 45]LogModuleManager: Shutting down and abandoning module AutomationController (462)
[2018.10.13-16.10.20:402][ 45]LogModuleManager: Shutting down and abandoning module AutomationWindow (460)
[2018.10.13-16.10.20:402][ 45]LogModuleManager: Shutting down and abandoning module Layers (458)
[2018.10.13-16.10.20:402][ 45]LogModuleManager: Shutting down and abandoning module ComponentVisualizers (456)
[2018.10.13-16.10.20:402][ 45]LogModuleManager: Shutting down and abandoning module DetailCustomizations (454)
[2018.10.13-16.10.20:402][ 45]LogModuleManager: Shutting down and abandoning module PackagesDialog (452)
[2018.10.13-16.10.20:402][ 45]LogModuleManager: Shutting down and abandoning module Persona (450)
[2018.10.13-16.10.20:402][ 45]LogModuleManager: Shutting down and abandoning module AdvancedPreviewScene (449)
[2018.10.13-16.10.20:402][ 45]LogModuleManager: Shutting down and abandoning module AnimGraph (447)
[2018.10.13-16.10.20:402][ 45]LogModuleManager: Shutting down and abandoning module Kismet (444)
[2018.10.13-16.10.20:406][ 45]LogModuleManager: Shutting down and abandoning module GraphEditor (442)
[2018.10.13-16.10.20:406][ 45]LogModuleManager: Shutting down and abandoning module ClassViewer (440)
[2018.10.13-16.10.20:406][ 45]LogModuleManager: Shutting down and abandoning module Toolbox (438)
[2018.10.13-16.10.20:406][ 45]LogModuleManager: Shutting down and abandoning module ModuleUI (436)
[2018.10.13-16.10.20:406][ 45]LogModuleManager: Shutting down and abandoning module MovieSceneTools (434)
[2018.10.13-16.10.20:406][ 45]LogModuleManager: Shutting down and abandoning module OutputLog (432)
[2018.10.13-16.10.20:406][ 45]LogModuleManager: Shutting down and abandoning module GammaUI (430)
[2018.10.13-16.10.20:406][ 45]LogModuleManager: Shutting down and abandoning module Documentation (428)
[2018.10.13-16.10.20:406][ 45]LogModuleManager: Shutting down and abandoning module MovieSceneTracks (426)
[2018.10.13-16.10.20:406][ 45]LogModuleManager: Shutting down and abandoning module MovieScene (424)
[2018.10.13-16.10.20:406][ 45]LogModuleManager: Shutting down and abandoning module StreamingPauseRendering (422)
[2018.10.13-16.10.20:406][ 45]LogModuleManager: Shutting down and abandoning module LauncherPlatform (420)
[2018.10.13-16.10.20:406][ 45]LogModuleManager: Shutting down and abandoning module AnalyticsET (418)
[2018.10.13-16.10.20:406][ 45]LogModuleManager: Shutting down and abandoning module PortalServices (416)
[2018.10.13-16.10.20:406][ 45]LogModuleManager: Shutting down and abandoning module PortalRpc (414)
[2018.10.13-16.10.20:406][ 45]LogModuleManager: Shutting down and abandoning module MessagingRpc (412)
[2018.10.13-16.10.20:406][ 45]LogModuleManager: Shutting down and abandoning module AIModule (410)
[2018.10.13-16.10.20:406][ 45]LogModuleManager: Shutting down and abandoning module GameplayDebugger (409)
[2018.10.13-16.10.20:406][ 45]LogModuleManager: Shutting down and abandoning module AITestSuite (407)
[2018.10.13-16.10.20:406][ 45]LogModuleManager: Shutting down and abandoning module NavigationSystem (405)
[2018.10.13-16.10.20:406][ 45]LogModuleManager: Shutting down and abandoning module DesktopPlatform (402)
[2018.10.13-16.10.20:406][ 45]LogModuleManager: Shutting down and abandoning module ProfilerService (400)
[2018.10.13-16.10.20:630][ 45]LogModuleManager: Shutting down and abandoning module TaskGraph (398)
[2018.10.13-16.10.20:630][ 45]LogModuleManager: Shutting down and abandoning module SteamVRController (396)
[2018.10.13-16.10.20:630][ 45]LogModuleManager: Shutting down and abandoning module ProceduralMeshComponentEditor (394)
[2018.10.13-16.10.20:630][ 45]LogModuleManager: Shutting down and abandoning module ProceduralMeshComponent (392)
[2018.10.13-16.10.20:630][ 45]LogModuleManager: Shutting down and abandoning module OculusInput (390)
[2018.10.13-16.10.20:630][ 45]LogModuleManager: Shutting down and abandoning module MobilePatchingUtils (388)
[2018.10.13-16.10.20:630][ 45]LogModuleManager: Shutting down and abandoning module EditableMesh (386)
[2018.10.13-16.10.20:630][ 45]LogModuleManager: Shutting down and abandoning module CustomMeshComponent (384)
[2018.10.13-16.10.20:630][ 45]LogModuleManager: Shutting down and abandoning module CableComponent (382)
[2018.10.13-16.10.20:630][ 45]LogModuleManager: Shutting down and abandoning module AudioCapture (380)
[2018.10.13-16.10.20:630][ 45]LogModuleManager: Shutting down and abandoning module ArchVisCharacter (378)
[2018.10.13-16.10.20:630][ 45]LogModuleManager: Shutting down and abandoning module AndroidPermission (376)
[2018.10.13-16.10.20:630][ 45]LogModuleManager: Shutting down and abandoning module NUTUnrealEngine4 (374)
[2018.10.13-16.10.20:630][ 45]LogModuleManager: Shutting down and abandoning module NetcodeUnitTest (372)
[2018.10.13-16.10.20:630][ 45]LogModuleManager: Shutting down and abandoning module MediaCompositingEditor (370)
[2018.10.13-16.10.20:630][ 45]LogModuleManager: Shutting down and abandoning module MediaCompositing (368)
[2018.10.13-16.10.20:630][ 45]LogModuleManager: Shutting down and abandoning module LinearTimecode (366)
[2018.10.13-16.10.20:630][ 45]LogModuleManager: Shutting down and abandoning module ImgMedia (364)
[2018.10.13-16.10.20:633][ 45]LogModuleManager: Shutting down and abandoning module HTML5Networking (362)
[2018.10.13-16.10.20:633][ 45]LogModuleManager: Shutting down and abandoning module GeometryCacheTracks (360)
[2018.10.13-16.10.20:633][ 45]LogModuleManager: Shutting down and abandoning module GeometryCacheSequencer (358)
[2018.10.13-16.10.20:633][ 45]LogModuleManager: Shutting down and abandoning module BackChannel (356)
[2018.10.13-16.10.20:633][ 45]LogModuleManager: Shutting down and abandoning module AppleVision (354)
[2018.10.13-16.10.20:633][ 45]LogModuleManager: Shutting down and abandoning module AppleImageUtils (352)
[2018.10.13-16.10.20:633][ 45]LogModuleManager: Shutting down and abandoning module AlembicImporter (350)
[2018.10.13-16.10.20:633][ 45]LogModuleManager: Shutting down and abandoning module AlembicLibrary (349)
[2018.10.13-16.10.20:633][ 45]LogModuleManager: Shutting down and abandoning module GeometryCache (348)
[2018.10.13-16.10.20:633][ 45]LogModuleManager: Shutting down and abandoning module GeometryCacheEd (347)
[2018.10.13-16.10.20:633][ 45]LogModuleManager: Shutting down and abandoning module DatasmithContentEditor (342)
[2018.10.13-16.10.20:633][ 45]LogModuleManager: Shutting down and abandoning module DatasmithContent (340)
[2018.10.13-16.10.20:633][ 45]LogModuleManager: Shutting down and abandoning module SpeedTreeImporter (338)
[2018.10.13-16.10.20:634][ 45]LogModuleManager: Shutting down and abandoning module PluginBrowser (336)
[2018.10.13-16.10.20:634][ 45]LogModuleManager: Shutting down and abandoning module MobileLauncherProfileWizard (334)
[2018.10.13-16.10.20:634][ 45]LogModuleManager: Shutting down and abandoning module PolygonModeling (332)
[2018.10.13-16.10.20:634][ 45]LogModuleManager: Shutting down and abandoning module MeshEditor (330)
[2018.10.13-16.10.20:634][ 45]LogModuleManager: Shutting down and abandoning module CryptoKeysOpenSSL (328)
[2018.10.13-16.10.20:634][ 45]LogModuleManager: Shutting down and abandoning module CryptoKeys (326)
[2018.10.13-16.10.20:634][ 45]LogModuleManager: Shutting down and abandoning module VisualStudioSourceCodeAccess (324)
[2018.10.13-16.10.20:634][ 45]LogModuleManager: Shutting down and abandoning module VisualStudioCodeSourceCodeAccess (322)
[2018.10.13-16.10.20:634][ 45]LogModuleManager: Shutting down and abandoning module UObjectPlugin (320)
[2018.10.13-16.10.20:634][ 45]LogModuleManager: Shutting down and abandoning module SubversionSourceControl (318)
[2018.10.13-16.10.20:634][ 45]LogModuleManager: Shutting down and abandoning module PerforceSourceControl (316)
[2018.10.13-16.10.20:634][ 45]LogModuleManager: Shutting down and abandoning module GitSourceControl (314)
[2018.10.13-16.10.20:634][ 45]LogModuleManager: Shutting down and abandoning module SourceControl (313)
[2018.10.13-16.10.20:634][ 45]LogModuleManager: Shutting down and abandoning module CLionSourceCodeAccess (310)
[2018.10.13-16.10.20:634][ 45]LogModuleManager: Shutting down and abandoning module LightPropagationVolumeEditor (308)
[2018.10.13-16.10.20:634][ 45]LogModuleManager: Shutting down and abandoning module PaperTiledImporter (306)
[2018.10.13-16.10.20:634][ 45]LogModuleManager: Shutting down and abandoning module PaperSpriteSheetImporter (304)
[2018.10.13-16.10.20:634][ 45]LogModuleManager: Shutting down and abandoning module Paper2DEditor (302)
[2018.10.13-16.10.20:634][ 45]LogModuleManager: Shutting down and abandoning module MeshPaint (301)
[2018.10.13-16.10.20:634][ 45]LogModuleManager: Shutting down and abandoning module RuntimePhysXCooking (298)
[2018.10.13-16.10.20:634][ 45]LogModuleManager: Shutting down and abandoning module PhysXVehiclesEditor (296)
[2018.10.13-16.10.20:634][ 45]LogModuleManager: Shutting down and abandoning module PhysXVehicles (294)
[2018.10.13-16.10.20:634][ 45]LogModuleManager: Shutting down and abandoning module OculusEditor (292)
[2018.10.13-16.10.20:634][ 45]LogModuleManager: Shutting down and abandoning module LocationServicesBPLibrary (290)
[2018.10.13-16.10.20:634][ 45]LogModuleManager: Shutting down and abandoning module ImmediatePhysicsEditor (288)
[2018.10.13-16.10.20:634][ 45]LogModuleManager: Shutting down and abandoning module ImmediatePhysics (286)
[2018.10.13-16.10.20:634][ 45]LogModuleManager: Shutting down and abandoning module ActorSequence (284)
[2018.10.13-16.10.20:634][ 45]LogModuleManager: Shutting down and abandoning module UdpMessaging (282)
[2018.10.13-16.10.20:735][ 45]LogModuleManager: Shutting down and abandoning module TcpMessaging (280)
[2018.10.13-16.10.20:836][ 45]LogModuleManager: Shutting down and abandoning module MagicLeapAudio (278)
[2018.10.13-16.10.20:836][ 45]LogModuleManager: Shutting down and abandoning module GameplayTagsEditor (276)
[2018.10.13-16.10.20:836][ 45]LogModuleManager: Shutting down and abandoning module FacialAnimationEditor (274)
[2018.10.13-16.10.20:836][ 45]LogModuleManager: Shutting down and abandoning module FacialAnimation (272)
[2018.10.13-16.10.20:836][ 45]LogModuleManager: Shutting down and abandoning module DataValidation (270)
[2018.10.13-16.10.20:836][ 45]LogModuleManager: Shutting down and abandoning module AssetManagerEditor (268)
[2018.10.13-16.10.20:836][ 45]LogModuleManager: Shutting down and abandoning module LevelEditor (267)
[2018.10.13-16.10.20:836][ 45]LogModuleManager: Shutting down and abandoning module PixelInspectorModule (266)
[2018.10.13-16.10.20:836][ 45]LogModuleManager: Shutting down and abandoning module CommonMenuExtensions (264)
[2018.10.13-16.10.20:836][ 45]LogModuleManager: Shutting down and abandoning module MainFrame (262)
[2018.10.13-16.10.20:836][ 45]LogModuleManager: Shutting down and abandoning module HotReload (261)
[2018.10.13-16.10.20:837][ 45]LogModuleManager: Shutting down and abandoning module ContentBrowser (257)
[2018.10.13-16.10.20:837][ 45]LogModuleManager: Shutting down and abandoning module TreeMap (255)
[2018.10.13-16.10.20:838][ 45]LogModuleManager: Shutting down and abandoning module LightPropagationVolumeRuntime (252)
[2018.10.13-16.10.20:838][ 45]LogModuleManager: Shutting down and abandoning module AISupportModule (250)
[2018.10.13-16.10.20:838][ 45]LogModuleManager: Shutting down and abandoning module Paper2D (248)
[2018.10.13-16.10.20:838][ 45]LogModuleManager: Shutting down and abandoning module WindowsMoviePlayer (246)
[2018.10.13-16.10.20:838][ 45]LogModuleManager: Shutting down and abandoning module WmfMedia (244)
[2018.10.13-16.10.20:839][ 45]LogModuleManager: Shutting down and abandoning module Media (243)
[2018.10.13-16.10.20:845][ 45]LogModuleManager: Shutting down and abandoning module PacketHandler (240)
[2018.10.13-16.10.20:845][ 45]LogModuleManager: Shutting down and abandoning module ClothingSystemEditor (238)
[2018.10.13-16.10.20:845][ 45]LogModuleManager: Shutting down and abandoning module ClothingSystemRuntime (236)
[2018.10.13-16.10.20:845][ 45]LogModuleManager: Shutting down and abandoning module MediaAssets (234)
[2018.10.13-16.10.20:845][ 45]LogModuleManager: Shutting down and abandoning module Overlay (232)
[2018.10.13-16.10.20:845][ 45]LogModuleManager: Shutting down and abandoning module OverlayEditor (231)
[2018.10.13-16.10.20:845][ 45]LogModuleManager: Shutting down and abandoning module VREditor (228)
[2018.10.13-16.10.20:845][ 45]LogModuleManager: Shutting down and abandoning module StringTableEditor (226)
[2018.10.13-16.10.20:845][ 45]LogModuleManager: Shutting down and abandoning module GameplayTasksEditor (224)
[2018.10.13-16.10.20:845][ 45]LogModuleManager: Shutting down and abandoning module BehaviorTreeEditor (222)
[2018.10.13-16.10.20:845][ 45]LogModuleManager: Shutting down and abandoning module FunctionalTesting (220)
[2018.10.13-16.10.20:845][ 45]LogModuleManager: Shutting down and abandoning module CollisionAnalyzer (218)
[2018.10.13-16.10.20:845][ 45]LogModuleManager: Shutting down and abandoning module WorkspaceMenuStructure (217)
[2018.10.13-16.10.20:845][ 45]LogModuleManager: Shutting down and abandoning module UMG (214)
[2018.10.13-16.10.20:845][ 45]LogModuleManager: Shutting down and abandoning module UMGEditor (213)
[2018.10.13-16.10.20:845][ 45]LogModuleManager: Shutting down and abandoning module Sequencer (212)
[2018.10.13-16.10.20:846][ 45]LogModuleManager: Shutting down and abandoning module MessageLog (209)
[2018.10.13-16.10.20:846][ 45]LogModuleManager: Shutting down and abandoning module SlateReflector (204)
[2018.10.13-16.10.20:846][ 45]LogModuleManager: Shutting down and abandoning module Slate (202)
[2018.10.13-16.10.20:846][ 45]LogModuleManager: Shutting down and abandoning module EditorStyle (200)
[2018.10.13-16.10.20:847][ 45]LogModuleManager: Shutting down and abandoning module MRMesh (198)
[2018.10.13-16.10.20:847][ 45]LogModuleManager: Shutting down and abandoning module SourceCodeAccess (196)
[2018.10.13-16.10.20:847][ 45]LogModuleManager: Shutting down and abandoning module HeadMountedDisplay (194)
[2018.10.13-16.10.20:847][ 45]LogModuleManager: Shutting down and abandoning module XAudio2 (192)
[2018.10.13-16.10.20:847][ 45]LogModuleManager: Shutting down and abandoning module Networking (190)
[2018.10.13-16.10.20:847][ 45]LogModuleManager: Shutting down and abandoning module Core (188)
[2018.10.13-16.10.20:847][ 45]LogModuleManager: Shutting down and abandoning module LevelSequence (186)
[2018.10.13-16.10.20:847][ 45]LogModuleManager: Shutting down and abandoning module KismetCompiler (184)
[2018.10.13-16.10.20:847][ 45]LogModuleManager: Shutting down and abandoning module MeshUtilities (182)
[2018.10.13-16.10.20:847][ 45]LogModuleManager: Shutting down and abandoning module MeshMergeUtilities (181)
[2018.10.13-16.10.20:847][ 45]LogModuleManager: Shutting down and abandoning module MeshReductionInterface (180)
[2018.10.13-16.10.20:847][ 45]LogModuleManager: Shutting down and abandoning module SimplygonSwarm (179)
[2018.10.13-16.10.20:847][ 45]LogModuleManager: Shutting down and abandoning module ProxyLODMeshReduction (177)
[2018.10.13-16.10.20:847][ 45]LogModuleManager: Shutting down and abandoning module SimplygonMeshReduction (175)
[2018.10.13-16.10.20:847][ 45]LogModuleManager: Shutting down and abandoning module QuadricMeshReduction (173)
[2018.10.13-16.10.20:847][ 45]LogModuleManager: Shutting down and abandoning module MaterialBaking (169)
[2018.10.13-16.10.20:847][ 45]LogModuleManager: Shutting down and abandoning module DirectoryWatcher (165)
[2018.10.13-16.10.20:847][ 45]LogModuleManager: Shutting down and abandoning module DerivedDataCache (162)
[2018.10.13-16.10.20:924][ 45]LogDerivedDataCache: Shutdown
[2018.10.13-16.10.20:924][ 45]LogModuleManager: Shutting down and abandoning module XGEController (160)
[2018.10.13-16.10.20:924][ 45]LogModuleManager: Shutting down and abandoning module TargetPlatform (158)
[2018.10.13-16.10.20:924][ 45]LogModuleManager: Shutting down and abandoning module VulkanShaderFormat (157)
[2018.10.13-16.10.20:924][ 45]LogModuleManager: Shutting down and abandoning module ShaderFormatVectorVM (155)
[2018.10.13-16.10.20:924][ 45]LogModuleManager: Shutting down and abandoning module ShaderFormatOpenGL (153)
[2018.10.13-16.10.20:924][ 45]LogModuleManager: Shutting down and abandoning module ShaderFormatD3D (151)
[2018.10.13-16.10.20:924][ 45]LogModuleManager: Shutting down and abandoning module MetalShaderFormat (149)
[2018.10.13-16.10.20:924][ 45]LogModuleManager: Shutting down and abandoning module TextureFormatUncompressed (147)
[2018.10.13-16.10.20:924][ 45]LogModuleManager: Shutting down and abandoning module TextureFormatPVR (145)
[2018.10.13-16.10.20:924][ 45]LogModuleManager: Shutting down and abandoning module TextureFormatDXT (143)
[2018.10.13-16.10.20:924][ 45]LogModuleManager: Shutting down and abandoning module TextureFormatIntelISPCTexComp (141)
[2018.10.13-16.10.20:924][ 45]LogModuleManager: Shutting down and abandoning module TextureFormatASTC (139)
[2018.10.13-16.10.20:924][ 45]LogModuleManager: Shutting down and abandoning module ImageWrapper (138)
[2018.10.13-16.10.20:924][ 45]LogModuleManager: Shutting down and abandoning module TextureFormatAndroid (135)
[2018.10.13-16.10.20:924][ 45]LogModuleManager: Shutting down and abandoning module AudioFormatOpus (133)
[2018.10.13-16.10.20:924][ 45]LogModuleManager: Shutting down and abandoning module AudioFormatOgg (131)
[2018.10.13-16.10.20:924][ 45]LogModuleManager: Shutting down and abandoning module AudioFormatADPCM (129)
[2018.10.13-16.10.20:924][ 45]LogModuleManager: Shutting down and abandoning module LuminTargetPlatform (127)
[2018.10.13-16.10.20:924][ 45]LogModuleManager: Shutting down and abandoning module LinuxTargetPlatform (125)
[2018.10.13-16.10.20:925][ 45]LogModuleManager: Shutting down and abandoning module LinuxServerTargetPlatform (123)
[2018.10.13-16.10.20:925][ 45]LogModuleManager: Shutting down and abandoning module LinuxNoEditorTargetPlatform (121)
[2018.10.13-16.10.20:925][ 45]LogModuleManager: Shutting down and abandoning module LinuxClientTargetPlatform (119)
[2018.10.13-16.10.20:925][ 45]LogModuleManager: Shutting down and abandoning module TVOSTargetPlatform (117)
[2018.10.13-16.10.20:925][ 45]LogModuleManager: Shutting down and abandoning module Messaging (115)
[2018.10.13-16.10.20:925][ 45]LogModuleManager: Shutting down and abandoning module IOSTargetPlatform (113)
[2018.10.13-16.10.20:926][ 45]LogModuleManager: Shutting down and abandoning module HTML5TargetPlatform (111)
[2018.10.13-16.10.20:926][ 45]LogModuleManager: Shutting down and abandoning module AndroidTargetPlatform (109)
[2018.10.13-16.10.20:930][ 45]LogModuleManager: Shutting down and abandoning module WindowsTargetPlatform (107)
[2018.10.13-16.10.20:930][ 45]LogModuleManager: Shutting down and abandoning module WindowsServerTargetPlatform (105)
[2018.10.13-16.10.20:930][ 45]LogModuleManager: Shutting down and abandoning module WindowsNoEditorTargetPlatform (103)
[2018.10.13-16.10.20:930][ 45]LogModuleManager: Shutting down and abandoning module WindowsClientTargetPlatform (101)
[2018.10.13-16.10.20:930][ 45]LogModuleManager: Shutting down and abandoning module MacTargetPlatform (99)
[2018.10.13-16.10.20:930][ 45]LogModuleManager: Shutting down and abandoning module MacServerTargetPlatform (97)
[2018.10.13-16.10.20:930][ 45]LogModuleManager: Shutting down and abandoning module MacNoEditorTargetPlatform (95)
[2018.10.13-16.10.20:930][ 45]LogModuleManager: Shutting down and abandoning module MacClientTargetPlatform (93)
[2018.10.13-16.10.20:930][ 45]LogModuleManager: Shutting down and abandoning module AllDesktopTargetPlatform (91)
[2018.10.13-16.10.20:930][ 45]LogModuleManager: Shutting down and abandoning module InputCore (88)
[2018.10.13-16.10.20:930][ 45]LogModuleManager: Shutting down and abandoning module Settings (86)
[2018.10.13-16.10.20:930][ 45]LogModuleManager: Shutting down and abandoning module PhysXCooking (84)
[2018.10.13-16.10.20:930][ 45]LogModuleManager: Shutting down and abandoning module SteamVR (82)
[2018.10.13-16.10.20:930][ 45]LogModuleManager: Shutting down and abandoning module OculusHMD (80)
[2018.10.13-16.10.20:930][ 45]LogModuleManager: Shutting down and abandoning module ExampleDeviceProfileSelector (78)
[2018.10.13-16.10.20:930][ 45]LogModuleManager: Shutting down and abandoning module LauncherChunkInstaller (76)
[2018.10.13-16.10.20:930][ 45]LogModuleManager: Shutting down and abandoning module OnlineBlueprintSupport (74)
[2018.10.13-16.10.20:930][ 45]LogModuleManager: Shutting down and abandoning module OnlineSubsystem (70)
[2018.10.13-16.10.20:931][ 45]LogModuleManager: Shutting down and abandoning module XMPP (65)
[2018.10.13-16.10.20:931][ 45]LogModuleManager: Shutting down and abandoning module WebSockets (64)
[2018.10.13-16.10.20:954][ 45]LogModuleManager: Shutting down and abandoning module HTTP (61)
[2018.10.13-16.10.20:954][ 45]LogHttp: Display: Http module shutting down, but needs to wait on 1 outstanding Http requests:
[2018.10.13-16.10.20:954][ 45]LogHttp: Display: 	verb=[POST] url=[https://datarouter.ol.epicgames.com/datarouter/api/v1/public/data?SessionID=%7B9B9747CA-41EE-92BE-2AB8-75AFFAD03549%7D&AppID=UEEditor.Rocket.Release&AppVersion=4.20.3-4369336%2B%2B%2BUE4%2BRelease-4.20&UserID=4ff56d02435eece2966f90966c8b9a06%7C5c50fac3022141788585f6ed609d520c%7Cafd19afd-30d3-42fa-8066-3256bc99ed89&AppEnvironment=datacollector-binary&UploadType=eteventstream] status=Processing
[2018.10.13-16.10.20:955][ 45]LogModuleManager: Shutting down and abandoning module SSL (60)
[2018.10.13-16.10.20:956][ 45]LogModuleManager: Shutting down and abandoning module MagicLeapEmulator (56)
[2018.10.13-16.10.20:956][ 45]LogModuleManager: Shutting down and abandoning module MagicLeapPrivileges (54)
[2018.10.13-16.10.20:956][ 45]LogModuleManager: Shutting down and abandoning module MagicLeapIdentity (52)
[2018.10.13-16.10.20:956][ 45]LogModuleManager: Shutting down and abandoning module MagicLeapHelperVulkan (50)
[2018.10.13-16.10.20:956][ 45]LogModuleManager: Shutting down and abandoning module MagicLeapHelperOpenGL (48)
[2018.10.13-16.10.20:956][ 45]LogModuleManager: Shutting down and abandoning module MagicLeapSecureStorage (46)
[2018.10.13-16.10.20:956][ 45]LogModuleManager: Shutting down and abandoning module MagicLeapGestures (44)
[2018.10.13-16.10.20:956][ 45]LogModuleManager: Shutting down and abandoning module MagicLeapEyeTracker (42)
[2018.10.13-16.10.20:956][ 45]LogModuleManager: Shutting down and abandoning module MagicLeapController (40)
[2018.10.13-16.10.20:956][ 45]LogSlate: Slate User Destroyed.  User Index 0, Is Virtual User: 0
[2018.10.13-16.10.20:956][ 45]LogModuleManager: Shutting down and abandoning module MagicLeap (38)
[2018.10.13-16.10.20:956][ 45]LogModuleManager: Shutting down and abandoning module AnimationModifiers (36)
[2018.10.13-16.10.20:956][ 45]LogModuleManager: Shutting down and abandoning module PropertyEditor (35)
[2018.10.13-16.10.20:957][ 45]LogModuleManager: Shutting down and abandoning module AudioEditor (32)
[2018.10.13-16.10.20:957][ 45]LogModuleManager: Shutting down and abandoning module TextureCompressor (30)
[2018.10.13-16.10.20:957][ 45]LogModuleManager: Shutting down and abandoning module ShaderCore (28)
[2018.10.13-16.10.20:957][ 45]LogModuleManager: Shutting down and abandoning module Landscape (26)
[2018.10.13-16.10.20:957][ 45]LogModuleManager: Shutting down and abandoning module SlateRHIRenderer (24)
[2018.10.13-16.10.20:957][ 45]LogModuleManager: Shutting down and abandoning module OpenGLDrv (22)
[2018.10.13-16.10.20:957][ 45]LogModuleManager: Shutting down and abandoning module D3D11RHI (20)
[2018.10.13-16.10.20:957][ 45]LogModuleManager: Shutting down and abandoning module AnimGraphRuntime (18)
[2018.10.13-16.10.20:957][ 45]LogModuleManager: Shutting down and abandoning module Renderer (16)
[2018.10.13-16.10.20:957][ 45]LogModuleManager: Shutting down and abandoning module Engine (14)
[2018.10.13-16.10.20:957][ 45]LogModuleManager: Shutting down and abandoning module CoreUObject (12)
[2018.10.13-16.10.20:957][ 45]LogModuleManager: Shutting down and abandoning module NetworkFile (10)
[2018.10.13-16.10.20:957][ 45]LogModuleManager: Shutting down and abandoning module CookedIterativeFile (8)
[2018.10.13-16.10.20:957][ 45]LogModuleManager: Shutting down and abandoning module StreamingFile (6)
[2018.10.13-16.10.20:957][ 45]LogModuleManager: Shutting down and abandoning module SandboxFile (4)
[2018.10.13-16.10.20:957][ 45]LogModuleManager: Shutting down and abandoning module PakFile (2)
[2018.10.13-16.10.20:962][ 45]LogExit: Exiting.
[2018.10.13-16.10.20:970][ 45]Log file closed, 10/13/18 18:10:20
