Log file open, 10/10/18 17:13:29
LogWindows: Failed to load 'aqProf.dll' (GetLastError=126)
LogWindows: File 'aqProf.dll' does not exist
LogWindows: Failed to load 'VSPerf140.dll' (GetLastError=126)
LogWindows: File 'VSPerf140.dll' does not exist
LogWindows: Failed to load 'VtuneApi.dll' (GetLastError=126)
LogWindows: File 'VtuneApi.dll' does not exist
LogWindows: Failed to load 'VtuneApi32e.dll' (GetLastError=126)
LogWindows: File 'VtuneApi32e.dll' does not exist
LogInit: Display: Running engine for game: fps
LogPlatformFile: Not using cached read wrapper
LogTaskGraph: Started task graph with 5 named threads and 14 total threads with 3 sets of task threads.
LogStats: Stats thread started at 0.202364
LogD3D11RHI: Loaded GFSDK_Aftermath_Lib.x64.dll
LogICUInternationalization: Display: ICU TimeZone Detection - Raw Offset: +1:00, Platform Override: ''
LogPluginManager: Mounting plugin Paper2D
LogPluginManager: Mounting plugin AISupport
LogPluginManager: Mounting plugin LightPropagationVolume
LogPluginManager: Mounting plugin CLionSourceCodeAccess
LogPluginManager: Mounting plugin CodeLiteSourceCodeAccess
LogPluginManager: Mounting plugin GitSourceControl
LogPluginManager: Mounting plugin KDevelopSourceCodeAccess
LogPluginManager: Mounting plugin NullSourceCodeAccess
LogPluginManager: Mounting plugin PerforceSourceControl
LogPluginManager: Mounting plugin SubversionSourceControl
LogPluginManager: Mounting plugin UObjectPlugin
LogPluginManager: Mounting plugin VisualStudioCodeSourceCodeAccess
LogPluginManager: Mounting plugin VisualStudioSourceCodeAccess
LogPluginManager: Mounting plugin XCodeSourceCodeAccess
LogPluginManager: Mounting plugin AssetManagerEditor
LogPluginManager: Mounting plugin CryptoKeys
LogPluginManager: Mounting plugin DataValidation
LogPluginManager: Mounting plugin FacialAnimation
LogPluginManager: Mounting plugin GameplayTagsEditor
LogPluginManager: Mounting plugin MacGraphicsSwitching
LogPluginManager: Mounting plugin MeshEditor
LogPluginManager: Mounting plugin MobileLauncherProfileWizard
LogPluginManager: Mounting plugin PluginBrowser
LogPluginManager: Mounting plugin SpeedTreeImporter
LogPluginManager: Mounting plugin DatasmithContent
LogPluginManager: Mounting plugin AlembicImporter
LogPluginManager: Mounting plugin AppleImageUtils
LogPluginManager: Mounting plugin AppleVision
LogPluginManager: Mounting plugin BackChannel
LogPluginManager: Mounting plugin CharacterAI
LogPluginManager: Mounting plugin GeometryCache
LogPluginManager: Mounting plugin HTML5Networking
LogPluginManager: Mounting plugin ProxyLODPlugin
LogPluginManager: Mounting plugin MagicLeap
LogPluginManager: Mounting plugin MagicLeapEmulator
LogPluginManager: Mounting plugin MagicLeapMedia
LogPluginManager: Mounting plugin AndroidMedia
LogPluginManager: Mounting plugin AvfMedia
LogPluginManager: Mounting plugin ImgMedia
LogPluginManager: Mounting plugin LinearTimecode
LogPluginManager: Mounting plugin MediaCompositing
LogPluginManager: Mounting plugin MediaPlayerEditor
LogPluginManager: Mounting plugin WmfMedia
LogPluginManager: Mounting plugin TcpMessaging
LogPluginManager: Mounting plugin UdpMessaging
LogPluginManager: Mounting plugin ActorSequence
LogPluginManager: Mounting plugin LevelSequenceEditor
LogPluginManager: Mounting plugin MatineeToLevelSequence
LogPluginManager: Mounting plugin NetcodeUnitTest
LogPluginManager: Mounting plugin NUTUnrealEngine4
LogPluginManager: Mounting plugin OnlineSubsystemGooglePlay
LogPluginManager: Mounting plugin OnlineSubsystemIOS
LogPluginManager: Mounting plugin OnlineSubsystem
LogPluginManager: Mounting plugin OnlineSubsystemNull
LogPluginManager: Mounting plugin OnlineSubsystemUtils
LogPluginManager: Mounting plugin LauncherChunkInstaller
LogPluginManager: Mounting plugin AndroidDeviceProfileSelector
LogPluginManager: Mounting plugin AndroidMoviePlayer
LogPluginManager: Mounting plugin AndroidPermission
LogPluginManager: Mounting plugin AppleMoviePlayer
LogPluginManager: Mounting plugin ArchVisCharacter
LogPluginManager: Mounting plugin AudioCapture
LogPluginManager: Mounting plugin CableComponent
LogPluginManager: Mounting plugin CustomMeshComponent
LogPluginManager: Mounting plugin EditableMesh
LogPluginManager: Mounting plugin ExampleDeviceProfileSelector
LogPluginManager: Mounting plugin GoogleCloudMessaging
LogPluginManager: Mounting plugin ImmediatePhysics
LogPluginManager: Mounting plugin IOSDeviceProfileSelector
LogPluginManager: Mounting plugin LinuxDeviceProfileSelector
LogPluginManager: Mounting plugin LocationServicesBPLibrary
LogPluginManager: Mounting plugin MobilePatchingUtils
LogPluginManager: Mounting plugin OculusVR
LogPluginManager: Plugin shader directory ../../../Engine/Plugins/Runtime/Oculus/OculusVR/Shaders found
LogPluginManager: Mapping shader source directory ../../../Engine/Plugins/Runtime/Oculus/OculusVR/Shaders to virtual directory /Plugin/OculusVR
LogPluginManager: Mounting plugin PhysXVehicles
LogPluginManager: Mounting plugin ProceduralMeshComponent
LogPluginManager: Mounting plugin RuntimePhysXCooking
LogPluginManager: Mounting plugin SteamVR
LogPluginManager: Mounting plugin WindowsMoviePlayer
LogStreaming: Display: Took  0.265s to configure plugins.
LogInit: Using libcurl 7.55.1-DEV
LogInit:  - built for x86_64-pc-win32
LogInit:  - supports SSL with OpenSSL/1.0.2h
LogInit:  - supports HTTP deflate (compression) using libz 1.2.8
LogInit:  - other features:
LogInit:      CURL_VERSION_SSL
LogInit:      CURL_VERSION_LIBZ
LogInit:      CURL_VERSION_IPV6
LogInit:      CURL_VERSION_ASYNCHDNS
LogInit:      CURL_VERSION_LARGEFILE
LogInit:      CURL_VERSION_IDN
LogInit:  CurlRequestOptions (configurable via config and command line):
LogInit:  - bVerifyPeer = false  - Libcurl will NOT verify peer certificate
LogInit:  - bUseHttpProxy = false  - Libcurl will NOT use HTTP proxy
LogInit:  - bDontReuseConnections = false  - Libcurl will reuse connections
LogInit:  - CertBundlePath = nullptr  - Libcurl will use whatever was configured at build time.
LogInit:  - MaxHostConnections = 16  - Libcurl will limit the number of connections to a host
LogInit:  - LocalHostAddr = Default
LogInit:  - BufferSize = 65536
LogInit: WinSock: version 1.1 (2.2), MaxSocks=32767, MaxUdp=65467
LogInit: Build: ++UE4+Release-4.20-CL-4369336
LogInit: Engine Version: 4.20.3-4369336+++UE4+Release-4.20
LogInit: Compatible Engine Version: 4.20.0-4212847+++UE4+Release-4.20
LogInit: Net CL: 4212847
LogInit: OS: Windows 10 (), CPU: Intel(R) Core(TM) i5-4570 CPU @ 3.20GHz, GPU: NVIDIA GeForce GTX 970
LogInit: Compiled (64-bit): Sep 17 2018 12:26:19
LogInit: Compiled with Visual C++: 19.13.26129.00
LogInit: Build Configuration: Development
LogInit: Branch Name: ++UE4+Release-4.20
LogInit: Command Line: -EpicPortal 
LogInit: Base Directory: G:/Epic Games/UE_4.20/Engine/Binaries/Win64/
LogInit: Installed Engine Build: 1
LogDevObjectVersion: Number of dev versions registered: 20
LogDevObjectVersion:   Dev-Blueprints (B0D832E4-1F89-4F0D-ACCF-7EB736FD4AA2): 10
LogDevObjectVersion:   Dev-Build (E1C64328-A22C-4D53-A36C-8E866417BD8C): 0
LogDevObjectVersion:   Dev-Core (375EC13C-06E4-48FB-B500-84F0262A717E): 2
LogDevObjectVersion:   Dev-Editor (E4B068ED-F494-42E9-A231-DA0B2E46BB41): 24
LogDevObjectVersion:   Dev-Framework (CFFC743F-43B0-4480-9391-14DF171D2073): 34
LogDevObjectVersion:   Dev-Mobile (B02B49B5-BB20-44E9-A304-32B752E40360): 2
LogDevObjectVersion:   Dev-Networking (A4E4105C-59A1-49B5-A7C5-40C4547EDFEE): 0
LogDevObjectVersion:   Dev-Online (39C831C9-5AE6-47DC-9A44-9C173E1C8E7C): 0
LogDevObjectVersion:   Dev-Physics (78F01B33-EBEA-4F98-B9B4-84EACCB95AA2): 0
LogDevObjectVersion:   Dev-Platform (6631380F-2D4D-43E0-8009-CF276956A95A): 0
LogDevObjectVersion:   Dev-Rendering (12F88B9F-8875-4AFC-A67C-D90C383ABD29): 26
LogDevObjectVersion:   Dev-Sequencer (7B5AE74C-D270-4C10-A958-57980B212A5A): 9
LogDevObjectVersion:   Dev-VR (D7296918-1DD6-4BDD-9DE2-64A83CC13884): 2
LogDevObjectVersion:   Dev-LoadTimes (C2A15278-BFE7-4AFE-6C17-90FF531DF755): 1
LogDevObjectVersion:   Private-Geometry (6EACA3D4-40EC-4CC1-B786-8BED09428FC5): 3
LogDevObjectVersion:   Dev-AnimPhys (29E575DD-E0A3-4627-9D10-D276232CDCEA): 17
LogDevObjectVersion:   Dev-ReflectionCapture (6B266CEC-1EC7-4B8F-A30B-E4D90942FC07): 1
LogDevObjectVersion:   Dev-Automation (0DF73D61-A23F-47EA-B727-89E90C41499A): 1
LogDevObjectVersion:   FortniteMain (601D1886-AC64-4F84-AA16-D3DE0DEAC7D6): 12
LogDevObjectVersion:   Dev-Enterprise (9DFFBCD6-494F-0158-E221-12823C92A888): 1
LogStreaming: Display: Took  0.000s to delete old logs.
LogInit: Presizing for max 8388607 objects, including 0 objects not considered by GC, pre-allocating 0 bytes for permanent pool.
LogInit: Object subsystem initialized
[2018.10.10-15.13.30:261][  0]LogInit: Selected Device Profile: [Windows]
[2018.10.10-15.13.30:261][  0]LogInit: Applying CVar settings loaded from the selected device profile: [Windows]
[2018.10.10-15.13.30:290][  0]LogHAL: Display: Platform has ~ 16 GB [17121157120 / 17179869184 / 16], which maps to Larger [LargestMinGB=32, LargerMinGB=12, DefaultMinGB=8, SmallerMinGB=6, SmallestMinGB=0)
[2018.10.10-15.13.30:290][  0]LogInit: Setting Device Profile CVar: [[r.Vulkan.UseRealUBs:1]]
[2018.10.10-15.13.30:290][  0]LogInit: Going up to parent DeviceProfile []
[2018.10.10-15.13.30:307][  0]LogInit: Computer: BARTVADER89
[2018.10.10-15.13.30:307][  0]LogInit: User: bartvader
[2018.10.10-15.13.30:307][  0]LogInit: CPU Page size=4096, Cores=4
[2018.10.10-15.13.30:307][  0]LogInit: High frequency timer resolution =3.125009 MHz
[2018.10.10-15.13.30:308][  0]LogMemory: Memory total: Physical=15.9GB (16GB approx)
[2018.10.10-15.13.30:308][  0]LogMemory: Platform Memory Stats for Windows
[2018.10.10-15.13.30:308][  0]LogMemory: Process Physical Memory: 100.24 MB used, 100.24 MB peak
[2018.10.10-15.13.30:308][  0]LogMemory: Process Virtual Memory: 89.71 MB used, 89.71 MB peak
[2018.10.10-15.13.30:308][  0]LogMemory: Physical Memory: 4200.00 MB used,  12128.00 MB free, 16328.01 MB total
[2018.10.10-15.13.30:308][  0]LogMemory: Virtual Memory: 4650.92 MB used,  12128.00 MB free, 134217728.00 MB total
[2018.10.10-15.13.30:327][  0]LogInit: Using OS detected language (en-US).
[2018.10.10-15.13.30:327][  0]LogInit: Using OS detected locale (pl-PL).
[2018.10.10-15.13.30:327][  0]LogTextLocalizationManager: No specific localization for 'en-US' exists, so the 'en' localization will be used.
[2018.10.10-15.13.30:769][  0]LogStreaming: Display: Took  0.443s to InitEngineTextLocalization.
[2018.10.10-15.13.30:769][  0]LogInit: Setting process to per monitor DPI aware
[2018.10.10-15.13.30:927][  0]LogSlate: New Slate User Created.  User Index 0, Is Virtual User: 0
[2018.10.10-15.13.30:927][  0]LogSlate: Slate User Registered.  User Index 0, Is Virtual User: 0
[2018.10.10-15.13.35:163][  0]LogHMD: Failed to initialize OpenVR with code 110
[2018.10.10-15.13.35:163][  0]LogD3D11RHI: D3D11 adapters:
[2018.10.10-15.13.35:226][  0]LogD3D11RHI:    0. 'NVIDIA GeForce GTX 970' (Feature Level 11_0)
[2018.10.10-15.13.35:226][  0]LogD3D11RHI:       4058/0/8164 MB DedicatedVideo/DedicatedSystem/SharedSystem, Outputs:2, VendorId:0x10de
[2018.10.10-15.13.35:229][  0]LogD3D11RHI:    1. 'Microsoft Basic Render Driver' (Feature Level 11_0)
[2018.10.10-15.13.35:229][  0]LogD3D11RHI:       0/0/8164 MB DedicatedVideo/DedicatedSystem/SharedSystem, Outputs:0, VendorId:0x1414
[2018.10.10-15.13.35:229][  0]LogD3D11RHI: Chosen D3D11 Adapter: 0
[2018.10.10-15.13.35:234][  0]LogD3D11RHI: Creating new Direct3DDevice
[2018.10.10-15.13.35:234][  0]LogD3D11RHI:     GPU DeviceId: 0x13c2 (for the marketing name, search the web for "GPU Device Id")
[2018.10.10-15.13.35:234][  0]LogWindows: EnumDisplayDevices:
[2018.10.10-15.13.35:234][  0]LogWindows:    0. 'NVIDIA GeForce GTX 970' (P:1 D:1)
[2018.10.10-15.13.35:234][  0]LogWindows:    1. 'NVIDIA GeForce GTX 970' (P:0 D:1)
[2018.10.10-15.13.35:235][  0]LogWindows:    2. 'NVIDIA GeForce GTX 970' (P:0 D:0)
[2018.10.10-15.13.35:235][  0]LogWindows:    3. 'NVIDIA GeForce GTX 970' (P:0 D:0)
[2018.10.10-15.13.35:235][  0]LogWindows: DebugString: FoundDriverCount:4 
[2018.10.10-15.13.35:235][  0]LogD3D11RHI:     Adapter Name: NVIDIA GeForce GTX 970
[2018.10.10-15.13.35:235][  0]LogD3D11RHI:   Driver Version: 388.13 (internal:23.21.13.8813, unified:388.13)
[2018.10.10-15.13.35:235][  0]LogD3D11RHI:      Driver Date: 10-27-2017
[2018.10.10-15.13.35:235][  0]LogRHI: Texture pool is 2840 MB (70% of 4058 MB)
[2018.10.10-15.13.35:261][  0]LogD3D11RHI: Async texture creation enabled
[2018.10.10-15.13.35:299][  0]LogD3D11RHI: GPU Timing Frequency: 1000.000000 (Debug: 2 1)
[2018.10.10-15.13.35:348][  0]LogShaderCompilers: Guid format shader working directory is -10 characters bigger than the processId version (C:/Users/bartvader/Documents/Unreal Projects/KUPA123/fps/fps/Intermediate/Shaders/WorkingDirectory/5288/).
[2018.10.10-15.13.35:348][  0]LogShaderCompilers: Cleaned the shader compiler working directory 'C:/Users/bartvader/AppData/Local/Temp/UnrealShaderWorkingDir/DD4E1E9E4BED490102247DBBDF9DD269/'.
[2018.10.10-15.13.35:761][  0]LogTemp: Display: Loaded TP AllDesktopTargetPlatform
[2018.10.10-15.13.35:777][  0]LogTemp: Display: Loaded TP MacClientTargetPlatform
[2018.10.10-15.13.35:790][  0]LogTemp: Display: Loaded TP MacNoEditorTargetPlatform
[2018.10.10-15.13.35:803][  0]LogTemp: Display: Loaded TP MacServerTargetPlatform
[2018.10.10-15.13.35:838][  0]LogTemp: Display: Loaded TP MacTargetPlatform
[2018.10.10-15.13.35:851][  0]LogTemp: Display: Loaded TP WindowsClientTargetPlatform
[2018.10.10-15.13.35:864][  0]LogTemp: Display: Loaded TP WindowsNoEditorTargetPlatform
[2018.10.10-15.13.35:877][  0]LogTemp: Display: Loaded TP WindowsServerTargetPlatform
[2018.10.10-15.13.35:884][  0]LogTemp: Display: Loaded TP WindowsTargetPlatform
[2018.10.10-15.13.35:973][  0]LogTemp: Display: Loaded TP AndroidTargetPlatform
[2018.10.10-15.13.35:973][  0]LogTemp: Display: Loaded TP AndroidTargetPlatform
[2018.10.10-15.13.35:973][  0]LogTemp: Display: Loaded TP AndroidTargetPlatform
[2018.10.10-15.13.35:973][  0]LogTemp: Display: Loaded TP AndroidTargetPlatform
[2018.10.10-15.13.35:973][  0]LogTemp: Display: Loaded TP AndroidTargetPlatform
[2018.10.10-15.13.35:973][  0]LogTemp: Display: Loaded TP AndroidTargetPlatform
[2018.10.10-15.13.35:973][  0]LogTemp: Display: Loaded TP AndroidTargetPlatform
[2018.10.10-15.13.35:973][  0]LogTemp: Display: Loaded TP AndroidTargetPlatform
[2018.10.10-15.13.35:973][  0]LogTemp: Display: Loaded TP AndroidTargetPlatform
[2018.10.10-15.13.35:973][  0]LogTemp: Display: Loaded TP AndroidTargetPlatform
[2018.10.10-15.13.35:973][  0]LogTemp: Display: Loaded TP AndroidTargetPlatform
[2018.10.10-15.13.35:973][  0]LogTemp: Display: Loaded TP AndroidTargetPlatform
[2018.10.10-15.13.35:973][  0]LogTemp: Display: Loaded TP AndroidTargetPlatform
[2018.10.10-15.13.35:973][  0]LogTemp: Display: Loaded TP AndroidTargetPlatform
[2018.10.10-15.13.35:973][  0]LogTemp: Display: Loaded TP AndroidTargetPlatform
[2018.10.10-15.13.35:973][  0]LogTemp: Display: Loaded TP AndroidTargetPlatform
[2018.10.10-15.13.35:973][  0]LogTemp: Display: Loaded TP AndroidTargetPlatform
[2018.10.10-15.13.35:973][  0]LogTemp: Display: Loaded TP AndroidTargetPlatform
[2018.10.10-15.13.35:974][  0]LogTemp: Display: Loaded TP HTML5TargetPlatform
[2018.10.10-15.13.36:070][  0]LogTemp: Display: Loaded TP IOSTargetPlatform
[2018.10.10-15.13.36:070][  0]LogTemp: Display: Loaded TP IOSTargetPlatform
[2018.10.10-15.13.36:094][  0]LogTemp: Display: Loaded TP TVOSTargetPlatform
[2018.10.10-15.13.36:094][  0]LogTemp: Display: Loaded TP TVOSTargetPlatform
[2018.10.10-15.13.36:106][  0]LogTemp: Display: Loaded TP LinuxClientTargetPlatform
[2018.10.10-15.13.36:118][  0]LogTemp: Display: Loaded TP LinuxNoEditorTargetPlatform
[2018.10.10-15.13.36:131][  0]LogTemp: Display: Loaded TP LinuxServerTargetPlatform
[2018.10.10-15.13.36:158][  0]LogTemp: Display: Loaded TP LinuxTargetPlatform
[2018.10.10-15.13.36:168][  0]LogTemp: Display: Loaded TP LuminTargetPlatform
[2018.10.10-15.13.36:168][  0]LogTargetPlatformManager: Display: Building Assets For Windows
[2018.10.10-15.13.36:249][  0]LogXGEController: Cannot use XGE Controller as Incredibuild is not installed on this machine.
[2018.10.10-15.13.36:249][  0]LogShaderCompilers: Cannot use XGE Shader Compiler as Incredibuild is not installed on this machine.
[2018.10.10-15.13.36:249][  0]LogShaderCompilers: Display: Using Local Shader Compiler.
[2018.10.10-15.13.37:903][  0]LogDerivedDataCache: Display: Max Cache Size: 512 MB
[2018.10.10-15.13.38:477][  0]LogDerivedDataCache: Loaded boot cache 0.57s 87MB C:/Users/bartvader/AppData/Local/UnrealEngine/4.20/DerivedDataCache/Boot.ddc.
[2018.10.10-15.13.38:478][  0]LogDerivedDataCache: Display: Loaded Boot cache: C:/Users/bartvader/AppData/Local/UnrealEngine/4.20/DerivedDataCache/Boot.ddc
[2018.10.10-15.13.38:478][  0]LogDerivedDataCache: FDerivedDataBackendGraph:  Pak pak cache file C:/Users/bartvader/Documents/Unreal Projects/KUPA123/fps/fps/DerivedDataCache/DDC.ddp not found, will not use a pak cache.
[2018.10.10-15.13.38:478][  0]LogDerivedDataCache: Unable to find inner node Pak for hierarchical cache Hierarchy.
[2018.10.10-15.13.38:478][  0]LogDerivedDataCache: FDerivedDataBackendGraph:  CompressedPak pak cache file C:/Users/bartvader/Documents/Unreal Projects/KUPA123/fps/fps/DerivedDataCache/Compressed.ddp not found, will not use a pak cache.
[2018.10.10-15.13.38:478][  0]LogDerivedDataCache: Unable to find inner node CompressedPak for hierarchical cache Hierarchy.
[2018.10.10-15.13.38:495][  0]LogDerivedDataCache: Display: Pak cache opened for reading ../../../Engine/DerivedDataCache/Compressed.ddp.
[2018.10.10-15.13.38:508][  0]LogDerivedDataCache: Using Local data cache path C:/Users/bartvader/AppData/Local/UnrealEngine/Common/DerivedDataCache: Writable
[2018.10.10-15.13.38:508][  0]LogDerivedDataCache: Shared data cache path not found in *engine.ini, will not use an Shared cache.
[2018.10.10-15.13.38:508][  0]LogDerivedDataCache: Unable to find inner node Shared for hierarchical cache Hierarchy.
[2018.10.10-15.13.38:526][  0]LogMaterial: Verifying Global Shaders for PCD3D_SM5
[2018.10.10-15.13.38:527][  0]LogSlate: Using FreeType 2.6.0
[2018.10.10-15.13.38:553][  0]LogSlate: SlateFontServices - WITH_FREETYPE: 1, WITH_HARFBUZZ: 1
[2018.10.10-15.13.40:261][  0]LogAssetRegistry: FAssetRegistry took 0.0310 seconds to start up
[2018.10.10-15.13.40:565][  0]LogInit: Selected Device Profile: [Windows]
[2018.10.10-15.13.40:778][  0]LogSimplygon: Simplygon DLL not present - disabling.
[2018.10.10-15.13.40:782][  0]LogMeshReduction: Using SimplygonSwarm for distributed automatic mesh merging
[2018.10.10-15.13.40:782][  0]LogMeshReduction: Using ProxyLODMeshReduction for automatic mesh merging
[2018.10.10-15.13.40:782][  0]LogMeshReduction: Using QuadricMeshReduction for automatic static mesh reduction
[2018.10.10-15.13.40:782][  0]LogMeshReduction: No automatic skeletal mesh reduction module available
[2018.10.10-15.13.40:802][  0]LogNetVersion: fps 1.0.0, NetCL: 4212847, EngineNetVer: 5, GameNetVer: 0 (Checksum: 462728196)
[2018.10.10-15.13.41:543][  0]LogPackageLocalizationCache: Processed 11 localized package path(s) for 2 prioritized culture(s) in 0.092722 seconds
[2018.10.10-15.13.41:550][  0]LogUObjectArray: 38425 objects as part of root set at end of initial load.
[2018.10.10-15.13.41:550][  0]LogUObjectAllocator: 6690872 out of 0 bytes used by permanent object pool.
[2018.10.10-15.13.41:550][  0]LogUObjectArray: CloseDisregardForGC: 0/0 objects in disregard for GC pool
[2018.10.10-15.14.14:544][  0]LogTcpMessaging: Initializing TcpMessaging bridge
[2018.10.10-15.14.14:566][  0]LogUdpMessaging: Initializing bridge on interface 0.0.0.0:0 to multicast group 230.0.0.1:6666.
[2018.10.10-15.14.14:892][  0]SourceControl: Source control is disabled
[2018.10.10-15.14.14:892][  0]SourceControl: Source control is disabled
[2018.10.10-15.14.14:893][  0]SourceControl: Source control is disabled
[2018.10.10-15.14.14:894][  0]SourceControl: Source control is disabled
[2018.10.10-15.14.15:142][  0]LogAndroidPermission: UAndroidPermissionCallbackProxy::GetInstance
[2018.10.10-15.14.15:207][  0]LogOcInput: OculusInput pre-init called
[2018.10.10-15.14.15:326][  0]LogEngine: Initializing Engine...
[2018.10.10-15.14.15:327][  0]LogHMD: Failed to initialize OpenVR with code 110
[2018.10.10-15.14.15:328][  0]LogStats: UGameplayTagsManager::ConstructGameplayTagTree: ImportINI prefixes -  0.000 s
[2018.10.10-15.14.15:328][  0]LogStats: UGameplayTagsManager::ConstructGameplayTagTree: Construct from data asset -  0.000 s
[2018.10.10-15.14.15:328][  0]LogStats: UGameplayTagsManager::ConstructGameplayTagTree: ImportINI -  0.000 s
[2018.10.10-15.14.15:328][  0]LogStats: UGameplayTagsManager::ConstructGameplayTagTree: GameplayTagTreeChangedEvent.Broadcast -  0.000 s
[2018.10.10-15.14.15:540][  0]LogInit: Initializing FReadOnlyCVARCache
[2018.10.10-15.14.15:552][  0]LogAIModule: Creating AISystem for world Untitled
[2018.10.10-15.14.15:571][  0]LogInit: XAudio2 using 'Speakers (3- Logitech G35 Headset)' : 2 channels at 44.1 kHz using 16 bits per sample (channel mask 0x3)
[2018.10.10-15.14.15:594][  0]LogInit: FAudioDevice initialized.
[2018.10.10-15.14.15:595][  0]LogNetVersion: Set ProjectVersion to 1.0.0.0. Version Checksum will be recalculated on next use.
[2018.10.10-15.14.17:560][  0]LogDerivedDataCache: Saved boot cache 1.97s 71MB C:/Users/bartvader/AppData/Local/UnrealEngine/4.20/DerivedDataCache/Boot.ddc.
[2018.10.10-15.14.17:583][  0]LogInit: Texture streaming: Enabled
[2018.10.10-15.14.17:649][  0]LogEngineSessionManager: EngineSessionManager initialized
[2018.10.10-15.14.17:661][  0]LogInit: Transaction tracking system initialized
[2018.10.10-15.14.17:684][  0]BlueprintLog: New page: Editor Load
[2018.10.10-15.14.17:892][  0]LocalizationService: Localization service is disabled
[2018.10.10-15.14.18:221][  0]LogCook: Display: Max memory allowance for cook 16384mb min free memory 0mb
[2018.10.10-15.14.18:221][  0]LogCook: Display: Mobile HDR setting 1
[2018.10.10-15.14.18:221][  0]LogGameplayTags: Display: UGameplayTagsManager::DoneAddingNativeTags. DelegateIsBound: 0
[2018.10.10-15.14.18:221][  0]LogStats: UGameplayTagsManager::ConstructGameplayTagTree: ImportINI prefixes -  0.000 s
[2018.10.10-15.14.18:221][  0]LogStats: UGameplayTagsManager::ConstructGameplayTagTree: Construct from data asset -  0.000 s
[2018.10.10-15.14.18:221][  0]LogStats: UGameplayTagsManager::ConstructGameplayTagTree: ImportINI -  0.000 s
[2018.10.10-15.14.18:221][  0]LogStats: UGameplayTagsManager::ConstructGameplayTagTree: GameplayTagTreeChangedEvent.Broadcast -  0.000 s
[2018.10.10-15.14.18:593][  0]LogFileCache: Scanning file cache for directory 'C:/Users/bartvader/Documents/Unreal Projects/KUPA123/fps/fps/Content/' took 0.01s
[2018.10.10-15.14.18:593][  0]SourceControl: Source control is disabled
[2018.10.10-15.14.18:751][  0]LogFactory: FactoryCreateFile: PackFactory with PackFactory (0 0 G:/Epic Games/UE_4.20/FeaturePacks/StarterContent.upack)
[2018.10.10-15.14.18:949][  0]LogPackFactory: Finished extracting 8 files (including 0 errors).
[2018.10.10-15.14.19:000][  0]LogPackFactory: Copied "../../../Samples/StarterContent/Content/StarterContent/Architecture/Floor_400x400.uasset" to "C:/Users/bartvader/Documents/Unreal Projects/KUPA123/fps/fps/Content/StarterContent/Architecture/Floor_400x400.uasset"
[2018.10.10-15.14.19:020][  0]LogPackFactory: Copied "../../../Samples/StarterContent/Content/StarterContent/Architecture/Pillar_50x500.uasset" to "C:/Users/bartvader/Documents/Unreal Projects/KUPA123/fps/fps/Content/StarterContent/Architecture/Pillar_50x500.uasset"
[2018.10.10-15.14.19:048][  0]LogPackFactory: Copied "../../../Samples/StarterContent/Content/StarterContent/Architecture/SM_AssetPlatform.uasset" to "C:/Users/bartvader/Documents/Unreal Projects/KUPA123/fps/fps/Content/StarterContent/Architecture/SM_AssetPlatform.uasset"
[2018.10.10-15.14.19:071][  0]LogPackFactory: Copied "../../../Samples/StarterContent/Content/StarterContent/Architecture/Wall_400x200.uasset" to "C:/Users/bartvader/Documents/Unreal Projects/KUPA123/fps/fps/Content/StarterContent/Architecture/Wall_400x200.uasset"
[2018.10.10-15.14.19:089][  0]LogPackFactory: Copied "../../../Samples/StarterContent/Content/StarterContent/Architecture/Wall_400x300.uasset" to "C:/Users/bartvader/Documents/Unreal Projects/KUPA123/fps/fps/Content/StarterContent/Architecture/Wall_400x300.uasset"
[2018.10.10-15.14.19:096][  0]LogPackFactory: Copied "../../../Samples/StarterContent/Content/StarterContent/Architecture/Wall_400x400.uasset" to "C:/Users/bartvader/Documents/Unreal Projects/KUPA123/fps/fps/Content/StarterContent/Architecture/Wall_400x400.uasset"
[2018.10.10-15.14.19:100][  0]LogPackFactory: Copied "../../../Samples/StarterContent/Content/StarterContent/Architecture/Wall_500x500.uasset" to "C:/Users/bartvader/Documents/Unreal Projects/KUPA123/fps/fps/Content/StarterContent/Architecture/Wall_500x500.uasset"
[2018.10.10-15.14.19:111][  0]LogPackFactory: Copied "../../../Samples/StarterContent/Content/StarterContent/Architecture/Wall_Door_400x300.uasset" to "C:/Users/bartvader/Documents/Unreal Projects/KUPA123/fps/fps/Content/StarterContent/Architecture/Wall_Door_400x300.uasset"
[2018.10.10-15.14.19:113][  0]LogPackFactory: Copied "../../../Samples/StarterContent/Content/StarterContent/Architecture/Wall_Door_400x400.uasset" to "C:/Users/bartvader/Documents/Unreal Projects/KUPA123/fps/fps/Content/StarterContent/Architecture/Wall_Door_400x400.uasset"
[2018.10.10-15.14.19:116][  0]LogPackFactory: Copied "../../../Samples/StarterContent/Content/StarterContent/Architecture/Wall_Window_400x300.uasset" to "C:/Users/bartvader/Documents/Unreal Projects/KUPA123/fps/fps/Content/StarterContent/Architecture/Wall_Window_400x300.uasset"
[2018.10.10-15.14.19:118][  0]LogPackFactory: Copied "../../../Samples/StarterContent/Content/StarterContent/Architecture/Wall_Window_400x400.uasset" to "C:/Users/bartvader/Documents/Unreal Projects/KUPA123/fps/fps/Content/StarterContent/Architecture/Wall_Window_400x400.uasset"
[2018.10.10-15.14.19:171][  0]LogPackFactory: Copied "../../../Samples/StarterContent/Content/StarterContent/Audio/Collapse01.uasset" to "C:/Users/bartvader/Documents/Unreal Projects/KUPA123/fps/fps/Content/StarterContent/Audio/Collapse01.uasset"
[2018.10.10-15.14.19:181][  0]LogPackFactory: Copied "../../../Samples/StarterContent/Content/StarterContent/Audio/Collapse02.uasset" to "C:/Users/bartvader/Documents/Unreal Projects/KUPA123/fps/fps/Content/StarterContent/Audio/Collapse02.uasset"
[2018.10.10-15.14.19:205][  0]LogPackFactory: Copied "../../../Samples/StarterContent/Content/StarterContent/Audio/Collapse_Cue.uasset" to "C:/Users/bartvader/Documents/Unreal Projects/KUPA123/fps/fps/Content/StarterContent/Audio/Collapse_Cue.uasset"
[2018.10.10-15.14.19:223][  0]LogPackFactory: Copied "../../../Samples/StarterContent/Content/StarterContent/Audio/Explosion01.uasset" to "C:/Users/bartvader/Documents/Unreal Projects/KUPA123/fps/fps/Content/StarterContent/Audio/Explosion01.uasset"
[2018.10.10-15.14.19:231][  0]LogPackFactory: Copied "../../../Samples/StarterContent/Content/StarterContent/Audio/Explosion02.uasset" to "C:/Users/bartvader/Documents/Unreal Projects/KUPA123/fps/fps/Content/StarterContent/Audio/Explosion02.uasset"
[2018.10.10-15.14.19:242][  0]LogPackFactory: Copied "../../../Samples/StarterContent/Content/StarterContent/Audio/Explosion_Cue.uasset" to "C:/Users/bartvader/Documents/Unreal Projects/KUPA123/fps/fps/Content/StarterContent/Audio/Explosion_Cue.uasset"
[2018.10.10-15.14.19:264][  0]LogPackFactory: Copied "../../../Samples/StarterContent/Content/StarterContent/Audio/Fire01.uasset" to "C:/Users/bartvader/Documents/Unreal Projects/KUPA123/fps/fps/Content/StarterContent/Audio/Fire01.uasset"
[2018.10.10-15.14.19:283][  0]LogPackFactory: Copied "../../../Samples/StarterContent/Content/StarterContent/Audio/Fire01_Cue.uasset" to "C:/Users/bartvader/Documents/Unreal Projects/KUPA123/fps/fps/Content/StarterContent/Audio/Fire01_Cue.uasset"
[2018.10.10-15.14.19:308][  0]LogPackFactory: Copied "../../../Samples/StarterContent/Content/StarterContent/Audio/Fire_Sparks01.uasset" to "C:/Users/bartvader/Documents/Unreal Projects/KUPA123/fps/fps/Content/StarterContent/Audio/Fire_Sparks01.uasset"
[2018.10.10-15.14.19:310][  0]LogPackFactory: Copied "../../../Samples/StarterContent/Content/StarterContent/Audio/Fire_Sparks01_Cue.uasset" to "C:/Users/bartvader/Documents/Unreal Projects/KUPA123/fps/fps/Content/StarterContent/Audio/Fire_Sparks01_Cue.uasset"
[2018.10.10-15.14.19:343][  0]LogPackFactory: Copied "../../../Samples/StarterContent/Content/StarterContent/Audio/Light01.uasset" to "C:/Users/bartvader/Documents/Unreal Projects/KUPA123/fps/fps/Content/StarterContent/Audio/Light01.uasset"
[2018.10.10-15.14.19:354][  0]LogPackFactory: Copied "../../../Samples/StarterContent/Content/StarterContent/Audio/Light01_Cue.uasset" to "C:/Users/bartvader/Documents/Unreal Projects/KUPA123/fps/fps/Content/StarterContent/Audio/Light01_Cue.uasset"
[2018.10.10-15.14.19:363][  0]LogPackFactory: Copied "../../../Samples/StarterContent/Content/StarterContent/Audio/Light02.uasset" to "C:/Users/bartvader/Documents/Unreal Projects/KUPA123/fps/fps/Content/StarterContent/Audio/Light02.uasset"
[2018.10.10-15.14.19:365][  0]LogPackFactory: Copied "../../../Samples/StarterContent/Content/StarterContent/Audio/Light02_Cue.uasset" to "C:/Users/bartvader/Documents/Unreal Projects/KUPA123/fps/fps/Content/StarterContent/Audio/Light02_Cue.uasset"
[2018.10.10-15.14.19:390][  0]LogPackFactory: Copied "../../../Samples/StarterContent/Content/StarterContent/Audio/Smoke01.uasset" to "C:/Users/bartvader/Documents/Unreal Projects/KUPA123/fps/fps/Content/StarterContent/Audio/Smoke01.uasset"
[2018.10.10-15.14.19:392][  0]LogPackFactory: Copied "../../../Samples/StarterContent/Content/StarterContent/Audio/Smoke01_Cue.uasset" to "C:/Users/bartvader/Documents/Unreal Projects/KUPA123/fps/fps/Content/StarterContent/Audio/Smoke01_Cue.uasset"
[2018.10.10-15.14.19:393][  0]LogPackFactory: Copied "../../../Samples/StarterContent/Content/StarterContent/Audio/Starter_Background_Cue.uasset" to "C:/Users/bartvader/Documents/Unreal Projects/KUPA123/fps/fps/Content/StarterContent/Audio/Starter_Background_Cue.uasset"
[2018.10.10-15.14.19:497][  0]LogPackFactory: Copied "../../../Samples/StarterContent/Content/StarterContent/Audio/Starter_Birds01.uasset" to "C:/Users/bartvader/Documents/Unreal Projects/KUPA123/fps/fps/Content/StarterContent/Audio/Starter_Birds01.uasset"
[2018.10.10-15.14.19:749][  0]LogPackFactory: Copied "../../../Samples/StarterContent/Content/StarterContent/Audio/Starter_Music01.uasset" to "C:/Users/bartvader/Documents/Unreal Projects/KUPA123/fps/fps/Content/StarterContent/Audio/Starter_Music01.uasset"
[2018.10.10-15.14.19:781][  0]LogPackFactory: Copied "../../../Samples/StarterContent/Content/StarterContent/Audio/Starter_Music_Cue.uasset" to "C:/Users/bartvader/Documents/Unreal Projects/KUPA123/fps/fps/Content/StarterContent/Audio/Starter_Music_Cue.uasset"
[2018.10.10-15.14.19:889][  0]LogPackFactory: Copied "../../../Samples/StarterContent/Content/StarterContent/Audio/Starter_Wind05.uasset" to "C:/Users/bartvader/Documents/Unreal Projects/KUPA123/fps/fps/Content/StarterContent/Audio/Starter_Wind05.uasset"
[2018.10.10-15.14.19:977][  0]LogPackFactory: Copied "../../../Samples/StarterContent/Content/StarterContent/Audio/Starter_Wind06.uasset" to "C:/Users/bartvader/Documents/Unreal Projects/KUPA123/fps/fps/Content/StarterContent/Audio/Starter_Wind06.uasset"
[2018.10.10-15.14.20:037][  0]LogPackFactory: Copied "../../../Samples/StarterContent/Content/StarterContent/Audio/Steam01.uasset" to "C:/Users/bartvader/Documents/Unreal Projects/KUPA123/fps/fps/Content/StarterContent/Audio/Steam01.uasset"
[2018.10.10-15.14.20:047][  0]LogPackFactory: Copied "../../../Samples/StarterContent/Content/StarterContent/Audio/Steam01_Cue.uasset" to "C:/Users/bartvader/Documents/Unreal Projects/KUPA123/fps/fps/Content/StarterContent/Audio/Steam01_Cue.uasset"
[2018.10.10-15.14.20:055][  0]LogPackFactory: Copied "../../../Samples/StarterContent/Content/StarterContent/Blueprints/Blueprint_CeilingLight.uasset" to "C:/Users/bartvader/Documents/Unreal Projects/KUPA123/fps/fps/Content/StarterContent/Blueprints/Blueprint_CeilingLight.uasset"
[2018.10.10-15.14.20:071][  0]LogPackFactory: Copied "../../../Samples/StarterContent/Content/StarterContent/Blueprints/Blueprint_Effect_Explosion.uasset" to "C:/Users/bartvader/Documents/Unreal Projects/KUPA123/fps/fps/Content/StarterContent/Blueprints/Blueprint_Effect_Explosion.uasset"
[2018.10.10-15.14.20:159][  0]LogPackFactory: Copied "../../../Samples/StarterContent/Content/StarterContent/Blueprints/Blueprint_Effect_Fire.uasset" to "C:/Users/bartvader/Documents/Unreal Projects/KUPA123/fps/fps/Content/StarterContent/Blueprints/Blueprint_Effect_Fire.uasset"
[2018.10.10-15.14.20:163][  0]LogPackFactory: Copied "../../../Samples/StarterContent/Content/StarterContent/Blueprints/Blueprint_Effect_Smoke.uasset" to "C:/Users/bartvader/Documents/Unreal Projects/KUPA123/fps/fps/Content/StarterContent/Blueprints/Blueprint_Effect_Smoke.uasset"
[2018.10.10-15.14.20:166][  0]LogPackFactory: Copied "../../../Samples/StarterContent/Content/StarterContent/Blueprints/Blueprint_Effect_Sparks.uasset" to "C:/Users/bartvader/Documents/Unreal Projects/KUPA123/fps/fps/Content/StarterContent/Blueprints/Blueprint_Effect_Sparks.uasset"
[2018.10.10-15.14.20:189][  0]LogPackFactory: Copied "../../../Samples/StarterContent/Content/StarterContent/Blueprints/Blueprint_Effect_Steam.uasset" to "C:/Users/bartvader/Documents/Unreal Projects/KUPA123/fps/fps/Content/StarterContent/Blueprints/Blueprint_Effect_Steam.uasset"
[2018.10.10-15.14.20:196][  0]LogPackFactory: Copied "../../../Samples/StarterContent/Content/StarterContent/Blueprints/Blueprint_WallSconce.uasset" to "C:/Users/bartvader/Documents/Unreal Projects/KUPA123/fps/fps/Content/StarterContent/Blueprints/Blueprint_WallSconce.uasset"
[2018.10.10-15.14.20:235][  0]LogPackFactory: Copied "../../../Samples/StarterContent/Content/StarterContent/Blueprints/BP_LightStudio.uasset" to "C:/Users/bartvader/Documents/Unreal Projects/KUPA123/fps/fps/Content/StarterContent/Blueprints/BP_LightStudio.uasset"
[2018.10.10-15.14.20:260][  0]LogPackFactory: Copied "../../../Samples/StarterContent/Content/StarterContent/Blueprints/Assets/FogBrightnessLUT.uasset" to "C:/Users/bartvader/Documents/Unreal Projects/KUPA123/fps/fps/Content/StarterContent/Blueprints/Assets/FogBrightnessLUT.uasset"
[2018.10.10-15.14.20:274][  0]LogPackFactory: Copied "../../../Samples/StarterContent/Content/StarterContent/Blueprints/Assets/M_LightStage_Arrows.uasset" to "C:/Users/bartvader/Documents/Unreal Projects/KUPA123/fps/fps/Content/StarterContent/Blueprints/Assets/M_LightStage_Arrows.uasset"
[2018.10.10-15.14.20:293][  0]LogPackFactory: Copied "../../../Samples/StarterContent/Content/StarterContent/Blueprints/Assets/M_LightStage_Skybox_Black.uasset" to "C:/Users/bartvader/Documents/Unreal Projects/KUPA123/fps/fps/Content/StarterContent/Blueprints/Assets/M_LightStage_Skybox_Black.uasset"
[2018.10.10-15.14.20:298][  0]LogPackFactory: Copied "../../../Samples/StarterContent/Content/StarterContent/Blueprints/Assets/M_LightStage_Skybox_HDRI.uasset" to "C:/Users/bartvader/Documents/Unreal Projects/KUPA123/fps/fps/Content/StarterContent/Blueprints/Assets/M_LightStage_Skybox_HDRI.uasset"
[2018.10.10-15.14.20:301][  0]LogPackFactory: Copied "../../../Samples/StarterContent/Content/StarterContent/Blueprints/Assets/M_LightStage_Skybox_Master.uasset" to "C:/Users/bartvader/Documents/Unreal Projects/KUPA123/fps/fps/Content/StarterContent/Blueprints/Assets/M_LightStage_Skybox_Master.uasset"
[2018.10.10-15.14.20:365][  0]LogPackFactory: Copied "../../../Samples/StarterContent/Content/StarterContent/Blueprints/Assets/Skybox.uasset" to "C:/Users/bartvader/Documents/Unreal Projects/KUPA123/fps/fps/Content/StarterContent/Blueprints/Assets/Skybox.uasset"
[2018.10.10-15.14.20:382][  0]LogPackFactory: Copied "../../../Samples/StarterContent/Content/StarterContent/Blueprints/Assets/SM_Arrows.uasset" to "C:/Users/bartvader/Documents/Unreal Projects/KUPA123/fps/fps/Content/StarterContent/Blueprints/Assets/SM_Arrows.uasset"
[2018.10.10-15.14.20:401][  0]LogPackFactory: Copied "../../../Samples/StarterContent/Content/StarterContent/Blueprints/Assets/SunlightColorLUT.uasset" to "C:/Users/bartvader/Documents/Unreal Projects/KUPA123/fps/fps/Content/StarterContent/Blueprints/Assets/SunlightColorLUT.uasset"
[2018.10.10-15.14.22:360][  0]LogPackFactory: Copied "../../../Samples/StarterContent/Content/StarterContent/HDRI/HDRI_Epic_Courtyard_Daylight.uasset" to "C:/Users/bartvader/Documents/Unreal Projects/KUPA123/fps/fps/Content/StarterContent/HDRI/HDRI_Epic_Courtyard_Daylight.uasset"
[2018.10.10-15.14.22:382][  0]LogPackFactory: Copied "../../../Samples/StarterContent/Content/StarterContent/Maps/Advanced_Lighting.umap" to "C:/Users/bartvader/Documents/Unreal Projects/KUPA123/fps/fps/Content/StarterContent/Maps/Advanced_Lighting.umap"
[2018.10.10-15.14.22:451][  0]LogPackFactory: Copied "../../../Samples/StarterContent/Content/StarterContent/Maps/Advanced_Lighting_BuiltData.uasset" to "C:/Users/bartvader/Documents/Unreal Projects/KUPA123/fps/fps/Content/StarterContent/Maps/Advanced_Lighting_BuiltData.uasset"
[2018.10.10-15.14.22:489][  0]LogPackFactory: Copied "../../../Samples/StarterContent/Content/StarterContent/Maps/Minimal_Default.umap" to "C:/Users/bartvader/Documents/Unreal Projects/KUPA123/fps/fps/Content/StarterContent/Maps/Minimal_Default.umap"
[2018.10.10-15.14.22:650][  0]LogPackFactory: Copied "../../../Samples/StarterContent/Content/StarterContent/Maps/Minimal_Default_BuiltData.uasset" to "C:/Users/bartvader/Documents/Unreal Projects/KUPA123/fps/fps/Content/StarterContent/Maps/Minimal_Default_BuiltData.uasset"
[2018.10.10-15.14.22:714][  0]LogPackFactory: Copied "../../../Samples/StarterContent/Content/StarterContent/Maps/StarterMap.umap" to "C:/Users/bartvader/Documents/Unreal Projects/KUPA123/fps/fps/Content/StarterContent/Maps/StarterMap.umap"
[2018.10.10-15.14.23:330][  0]LogPackFactory: Copied "../../../Samples/StarterContent/Content/StarterContent/Maps/StarterMap_BuiltData.uasset" to "C:/Users/bartvader/Documents/Unreal Projects/KUPA123/fps/fps/Content/StarterContent/Maps/StarterMap_BuiltData.uasset"
[2018.10.10-15.14.23:362][  0]LogPackFactory: Copied "../../../Samples/StarterContent/Content/StarterContent/Materials/M_AssetPlatform.uasset" to "C:/Users/bartvader/Documents/Unreal Projects/KUPA123/fps/fps/Content/StarterContent/Materials/M_AssetPlatform.uasset"
[2018.10.10-15.14.23:376][  0]LogPackFactory: Copied "../../../Samples/StarterContent/Content/StarterContent/Materials/M_Basic_Floor.uasset" to "C:/Users/bartvader/Documents/Unreal Projects/KUPA123/fps/fps/Content/StarterContent/Materials/M_Basic_Floor.uasset"
[2018.10.10-15.14.23:410][  0]LogPackFactory: Copied "../../../Samples/StarterContent/Content/StarterContent/Materials/M_Basic_Wall.uasset" to "C:/Users/bartvader/Documents/Unreal Projects/KUPA123/fps/fps/Content/StarterContent/Materials/M_Basic_Wall.uasset"
[2018.10.10-15.14.23:415][  0]LogPackFactory: Copied "../../../Samples/StarterContent/Content/StarterContent/Materials/M_Brick_Clay_Beveled.uasset" to "C:/Users/bartvader/Documents/Unreal Projects/KUPA123/fps/fps/Content/StarterContent/Materials/M_Brick_Clay_Beveled.uasset"
[2018.10.10-15.14.23:450][  0]LogPackFactory: Copied "../../../Samples/StarterContent/Content/StarterContent/Materials/M_Brick_Clay_New.uasset" to "C:/Users/bartvader/Documents/Unreal Projects/KUPA123/fps/fps/Content/StarterContent/Materials/M_Brick_Clay_New.uasset"
[2018.10.10-15.14.23:480][  0]LogPackFactory: Copied "../../../Samples/StarterContent/Content/StarterContent/Materials/M_Brick_Clay_Old.uasset" to "C:/Users/bartvader/Documents/Unreal Projects/KUPA123/fps/fps/Content/StarterContent/Materials/M_Brick_Clay_Old.uasset"
[2018.10.10-15.14.23:505][  0]LogPackFactory: Copied "../../../Samples/StarterContent/Content/StarterContent/Materials/M_Brick_Cut_Stone.uasset" to "C:/Users/bartvader/Documents/Unreal Projects/KUPA123/fps/fps/Content/StarterContent/Materials/M_Brick_Cut_Stone.uasset"
[2018.10.10-15.14.23:523][  0]LogPackFactory: Copied "../../../Samples/StarterContent/Content/StarterContent/Materials/M_Brick_Hewn_Stone.uasset" to "C:/Users/bartvader/Documents/Unreal Projects/KUPA123/fps/fps/Content/StarterContent/Materials/M_Brick_Hewn_Stone.uasset"
[2018.10.10-15.14.23:534][  0]LogPackFactory: Copied "../../../Samples/StarterContent/Content/StarterContent/Materials/M_Ceramic_Tile_Checker.uasset" to "C:/Users/bartvader/Documents/Unreal Projects/KUPA123/fps/fps/Content/StarterContent/Materials/M_Ceramic_Tile_Checker.uasset"
[2018.10.10-15.14.23:539][  0]LogPackFactory: Copied "../../../Samples/StarterContent/Content/StarterContent/Materials/M_CobbleStone_Pebble.uasset" to "C:/Users/bartvader/Documents/Unreal Projects/KUPA123/fps/fps/Content/StarterContent/Materials/M_CobbleStone_Pebble.uasset"
[2018.10.10-15.14.23:579][  0]LogPackFactory: Copied "../../../Samples/StarterContent/Content/StarterContent/Materials/M_CobbleStone_Rough.uasset" to "C:/Users/bartvader/Documents/Unreal Projects/KUPA123/fps/fps/Content/StarterContent/Materials/M_CobbleStone_Rough.uasset"
[2018.10.10-15.14.23:608][  0]LogPackFactory: Copied "../../../Samples/StarterContent/Content/StarterContent/Materials/M_CobbleStone_Smooth.uasset" to "C:/Users/bartvader/Documents/Unreal Projects/KUPA123/fps/fps/Content/StarterContent/Materials/M_CobbleStone_Smooth.uasset"
[2018.10.10-15.14.23:611][  0]LogPackFactory: Copied "../../../Samples/StarterContent/Content/StarterContent/Materials/M_ColorGrid_LowSpec.uasset" to "C:/Users/bartvader/Documents/Unreal Projects/KUPA123/fps/fps/Content/StarterContent/Materials/M_ColorGrid_LowSpec.uasset"
[2018.10.10-15.14.23:629][  0]LogPackFactory: Copied "../../../Samples/StarterContent/Content/StarterContent/Materials/M_Concrete_Grime.uasset" to "C:/Users/bartvader/Documents/Unreal Projects/KUPA123/fps/fps/Content/StarterContent/Materials/M_Concrete_Grime.uasset"
[2018.10.10-15.14.23:634][  0]LogPackFactory: Copied "../../../Samples/StarterContent/Content/StarterContent/Materials/M_Concrete_Panels.uasset" to "C:/Users/bartvader/Documents/Unreal Projects/KUPA123/fps/fps/Content/StarterContent/Materials/M_Concrete_Panels.uasset"
[2018.10.10-15.14.23:639][  0]LogPackFactory: Copied "../../../Samples/StarterContent/Content/StarterContent/Materials/M_Concrete_Poured.uasset" to "C:/Users/bartvader/Documents/Unreal Projects/KUPA123/fps/fps/Content/StarterContent/Materials/M_Concrete_Poured.uasset"
[2018.10.10-15.14.23:664][  0]LogPackFactory: Copied "../../../Samples/StarterContent/Content/StarterContent/Materials/M_Concrete_Tiles.uasset" to "C:/Users/bartvader/Documents/Unreal Projects/KUPA123/fps/fps/Content/StarterContent/Materials/M_Concrete_Tiles.uasset"
[2018.10.10-15.14.23:666][  0]LogPackFactory: Copied "../../../Samples/StarterContent/Content/StarterContent/Materials/M_Glass.uasset" to "C:/Users/bartvader/Documents/Unreal Projects/KUPA123/fps/fps/Content/StarterContent/Materials/M_Glass.uasset"
[2018.10.10-15.14.23:674][  0]LogPackFactory: Copied "../../../Samples/StarterContent/Content/StarterContent/Materials/M_Ground_Grass.uasset" to "C:/Users/bartvader/Documents/Unreal Projects/KUPA123/fps/fps/Content/StarterContent/Materials/M_Ground_Grass.uasset"
[2018.10.10-15.14.23:678][  0]LogPackFactory: Copied "../../../Samples/StarterContent/Content/StarterContent/Materials/M_Ground_Gravel.uasset" to "C:/Users/bartvader/Documents/Unreal Projects/KUPA123/fps/fps/Content/StarterContent/Materials/M_Ground_Gravel.uasset"
[2018.10.10-15.14.23:702][  0]LogPackFactory: Copied "../../../Samples/StarterContent/Content/StarterContent/Materials/M_Ground_Moss.uasset" to "C:/Users/bartvader/Documents/Unreal Projects/KUPA123/fps/fps/Content/StarterContent/Materials/M_Ground_Moss.uasset"
[2018.10.10-15.14.23:706][  0]LogPackFactory: Copied "../../../Samples/StarterContent/Content/StarterContent/Materials/M_Metal_Brushed_Nickel.uasset" to "C:/Users/bartvader/Documents/Unreal Projects/KUPA123/fps/fps/Content/StarterContent/Materials/M_Metal_Brushed_Nickel.uasset"
[2018.10.10-15.14.23:711][  0]LogPackFactory: Copied "../../../Samples/StarterContent/Content/StarterContent/Materials/M_Metal_Burnished_Steel.uasset" to "C:/Users/bartvader/Documents/Unreal Projects/KUPA123/fps/fps/Content/StarterContent/Materials/M_Metal_Burnished_Steel.uasset"
[2018.10.10-15.14.23:715][  0]LogPackFactory: Copied "../../../Samples/StarterContent/Content/StarterContent/Materials/M_Metal_Chrome.uasset" to "C:/Users/bartvader/Documents/Unreal Projects/KUPA123/fps/fps/Content/StarterContent/Materials/M_Metal_Chrome.uasset"
[2018.10.10-15.14.23:750][  0]LogPackFactory: Copied "../../../Samples/StarterContent/Content/StarterContent/Materials/M_Metal_Copper.uasset" to "C:/Users/bartvader/Documents/Unreal Projects/KUPA123/fps/fps/Content/StarterContent/Materials/M_Metal_Copper.uasset"
[2018.10.10-15.14.23:872][  0]LogPackFactory: Copied "../../../Samples/StarterContent/Content/StarterContent/Materials/M_Metal_Gold.uasset" to "C:/Users/bartvader/Documents/Unreal Projects/KUPA123/fps/fps/Content/StarterContent/Materials/M_Metal_Gold.uasset"
[2018.10.10-15.14.23:878][  0]LogPackFactory: Copied "../../../Samples/StarterContent/Content/StarterContent/Materials/M_Metal_Rust.uasset" to "C:/Users/bartvader/Documents/Unreal Projects/KUPA123/fps/fps/Content/StarterContent/Materials/M_Metal_Rust.uasset"
[2018.10.10-15.14.23:883][  0]LogPackFactory: Copied "../../../Samples/StarterContent/Content/StarterContent/Materials/M_Metal_Steel.uasset" to "C:/Users/bartvader/Documents/Unreal Projects/KUPA123/fps/fps/Content/StarterContent/Materials/M_Metal_Steel.uasset"
[2018.10.10-15.14.23:891][  0]LogPackFactory: Copied "../../../Samples/StarterContent/Content/StarterContent/Materials/M_Rock_Basalt.uasset" to "C:/Users/bartvader/Documents/Unreal Projects/KUPA123/fps/fps/Content/StarterContent/Materials/M_Rock_Basalt.uasset"
[2018.10.10-15.14.23:896][  0]LogPackFactory: Copied "../../../Samples/StarterContent/Content/StarterContent/Materials/M_Rock_Marble_Polished.uasset" to "C:/Users/bartvader/Documents/Unreal Projects/KUPA123/fps/fps/Content/StarterContent/Materials/M_Rock_Marble_Polished.uasset"
[2018.10.10-15.14.23:905][  0]LogPackFactory: Copied "../../../Samples/StarterContent/Content/StarterContent/Materials/M_Rock_Sandstone.uasset" to "C:/Users/bartvader/Documents/Unreal Projects/KUPA123/fps/fps/Content/StarterContent/Materials/M_Rock_Sandstone.uasset"
[2018.10.10-15.14.23:911][  0]LogPackFactory: Copied "../../../Samples/StarterContent/Content/StarterContent/Materials/M_Rock_Slate.uasset" to "C:/Users/bartvader/Documents/Unreal Projects/KUPA123/fps/fps/Content/StarterContent/Materials/M_Rock_Slate.uasset"
[2018.10.10-15.14.23:916][  0]LogPackFactory: Copied "../../../Samples/StarterContent/Content/StarterContent/Materials/M_Tech_Checker_Dot.uasset" to "C:/Users/bartvader/Documents/Unreal Projects/KUPA123/fps/fps/Content/StarterContent/Materials/M_Tech_Checker_Dot.uasset"
[2018.10.10-15.14.23:922][  0]LogPackFactory: Copied "../../../Samples/StarterContent/Content/StarterContent/Materials/M_Tech_Hex_Tile.uasset" to "C:/Users/bartvader/Documents/Unreal Projects/KUPA123/fps/fps/Content/StarterContent/Materials/M_Tech_Hex_Tile.uasset"
[2018.10.10-15.14.23:945][  0]LogPackFactory: Copied "../../../Samples/StarterContent/Content/StarterContent/Materials/M_Tech_Hex_Tile_Pulse.uasset" to "C:/Users/bartvader/Documents/Unreal Projects/KUPA123/fps/fps/Content/StarterContent/Materials/M_Tech_Hex_Tile_Pulse.uasset"
[2018.10.10-15.14.23:950][  0]LogPackFactory: Copied "../../../Samples/StarterContent/Content/StarterContent/Materials/M_Tech_Panel.uasset" to "C:/Users/bartvader/Documents/Unreal Projects/KUPA123/fps/fps/Content/StarterContent/Materials/M_Tech_Panel.uasset"
[2018.10.10-15.14.23:954][  0]LogPackFactory: Copied "../../../Samples/StarterContent/Content/StarterContent/Materials/M_Water_Lake.uasset" to "C:/Users/bartvader/Documents/Unreal Projects/KUPA123/fps/fps/Content/StarterContent/Materials/M_Water_Lake.uasset"
[2018.10.10-15.14.23:961][  0]LogPackFactory: Copied "../../../Samples/StarterContent/Content/StarterContent/Materials/M_Water_Ocean.uasset" to "C:/Users/bartvader/Documents/Unreal Projects/KUPA123/fps/fps/Content/StarterContent/Materials/M_Water_Ocean.uasset"
[2018.10.10-15.14.23:965][  0]LogPackFactory: Copied "../../../Samples/StarterContent/Content/StarterContent/Materials/M_Wood_Floor_Walnut_Polished.uasset" to "C:/Users/bartvader/Documents/Unreal Projects/KUPA123/fps/fps/Content/StarterContent/Materials/M_Wood_Floor_Walnut_Polished.uasset"
[2018.10.10-15.14.23:970][  0]LogPackFactory: Copied "../../../Samples/StarterContent/Content/StarterContent/Materials/M_Wood_Floor_Walnut_Worn.uasset" to "C:/Users/bartvader/Documents/Unreal Projects/KUPA123/fps/fps/Content/StarterContent/Materials/M_Wood_Floor_Walnut_Worn.uasset"
[2018.10.10-15.14.23:976][  0]LogPackFactory: Copied "../../../Samples/StarterContent/Content/StarterContent/Materials/M_Wood_Oak.uasset" to "C:/Users/bartvader/Documents/Unreal Projects/KUPA123/fps/fps/Content/StarterContent/Materials/M_Wood_Oak.uasset"
[2018.10.10-15.14.23:980][  0]LogPackFactory: Copied "../../../Samples/StarterContent/Content/StarterContent/Materials/M_Wood_Pine.uasset" to "C:/Users/bartvader/Documents/Unreal Projects/KUPA123/fps/fps/Content/StarterContent/Materials/M_Wood_Pine.uasset"
[2018.10.10-15.14.23:997][  0]LogPackFactory: Copied "../../../Samples/StarterContent/Content/StarterContent/Materials/M_Wood_Walnut.uasset" to "C:/Users/bartvader/Documents/Unreal Projects/KUPA123/fps/fps/Content/StarterContent/Materials/M_Wood_Walnut.uasset"
[2018.10.10-15.14.24:004][  0]LogPackFactory: Copied "../../../Samples/StarterContent/Content/StarterContent/Particles/P_Ambient_Dust.uasset" to "C:/Users/bartvader/Documents/Unreal Projects/KUPA123/fps/fps/Content/StarterContent/Particles/P_Ambient_Dust.uasset"
[2018.10.10-15.14.24:013][  0]LogPackFactory: Copied "../../../Samples/StarterContent/Content/StarterContent/Particles/P_Explosion.uasset" to "C:/Users/bartvader/Documents/Unreal Projects/KUPA123/fps/fps/Content/StarterContent/Particles/P_Explosion.uasset"
[2018.10.10-15.14.24:036][  0]LogPackFactory: Copied "../../../Samples/StarterContent/Content/StarterContent/Particles/P_Fire.uasset" to "C:/Users/bartvader/Documents/Unreal Projects/KUPA123/fps/fps/Content/StarterContent/Particles/P_Fire.uasset"
[2018.10.10-15.14.24:056][  0]LogPackFactory: Copied "../../../Samples/StarterContent/Content/StarterContent/Particles/P_Smoke.uasset" to "C:/Users/bartvader/Documents/Unreal Projects/KUPA123/fps/fps/Content/StarterContent/Particles/P_Smoke.uasset"
[2018.10.10-15.14.24:061][  0]LogPackFactory: Copied "../../../Samples/StarterContent/Content/StarterContent/Particles/P_Sparks.uasset" to "C:/Users/bartvader/Documents/Unreal Projects/KUPA123/fps/fps/Content/StarterContent/Particles/P_Sparks.uasset"
[2018.10.10-15.14.24:066][  0]LogPackFactory: Copied "../../../Samples/StarterContent/Content/StarterContent/Particles/P_Steam_Lit.uasset" to "C:/Users/bartvader/Documents/Unreal Projects/KUPA123/fps/fps/Content/StarterContent/Particles/P_Steam_Lit.uasset"
[2018.10.10-15.14.24:068][  0]LogPackFactory: Copied "../../../Samples/StarterContent/Content/StarterContent/Particles/Materials/M_Burst.uasset" to "C:/Users/bartvader/Documents/Unreal Projects/KUPA123/fps/fps/Content/StarterContent/Particles/Materials/M_Burst.uasset"
[2018.10.10-15.14.24:072][  0]LogPackFactory: Copied "../../../Samples/StarterContent/Content/StarterContent/Particles/Materials/M_Dust_Particle.uasset" to "C:/Users/bartvader/Documents/Unreal Projects/KUPA123/fps/fps/Content/StarterContent/Particles/Materials/M_Dust_Particle.uasset"
[2018.10.10-15.14.24:107][  0]LogPackFactory: Copied "../../../Samples/StarterContent/Content/StarterContent/Particles/Materials/M_explosion_subUV.uasset" to "C:/Users/bartvader/Documents/Unreal Projects/KUPA123/fps/fps/Content/StarterContent/Particles/Materials/M_explosion_subUV.uasset"
[2018.10.10-15.14.24:111][  0]LogPackFactory: Copied "../../../Samples/StarterContent/Content/StarterContent/Particles/Materials/M_Fire_SubUV.uasset" to "C:/Users/bartvader/Documents/Unreal Projects/KUPA123/fps/fps/Content/StarterContent/Particles/Materials/M_Fire_SubUV.uasset"
[2018.10.10-15.14.24:113][  0]LogPackFactory: Copied "../../../Samples/StarterContent/Content/StarterContent/Particles/Materials/m_flare_01.uasset" to "C:/Users/bartvader/Documents/Unreal Projects/KUPA123/fps/fps/Content/StarterContent/Particles/Materials/m_flare_01.uasset"
[2018.10.10-15.14.24:116][  0]LogPackFactory: Copied "../../../Samples/StarterContent/Content/StarterContent/Particles/Materials/M_Heat_Distortion.uasset" to "C:/Users/bartvader/Documents/Unreal Projects/KUPA123/fps/fps/Content/StarterContent/Particles/Materials/M_Heat_Distortion.uasset"
[2018.10.10-15.14.24:118][  0]LogPackFactory: Copied "../../../Samples/StarterContent/Content/StarterContent/Particles/Materials/M_Radial_Gradient.uasset" to "C:/Users/bartvader/Documents/Unreal Projects/KUPA123/fps/fps/Content/StarterContent/Particles/Materials/M_Radial_Gradient.uasset"
[2018.10.10-15.14.24:136][  0]LogPackFactory: Copied "../../../Samples/StarterContent/Content/StarterContent/Particles/Materials/M_radial_ramp.uasset" to "C:/Users/bartvader/Documents/Unreal Projects/KUPA123/fps/fps/Content/StarterContent/Particles/Materials/M_radial_ramp.uasset"
[2018.10.10-15.14.24:140][  0]LogPackFactory: Copied "../../../Samples/StarterContent/Content/StarterContent/Particles/Materials/M_smoke_subUV.uasset" to "C:/Users/bartvader/Documents/Unreal Projects/KUPA123/fps/fps/Content/StarterContent/Particles/Materials/M_smoke_subUV.uasset"
[2018.10.10-15.14.24:144][  0]LogPackFactory: Copied "../../../Samples/StarterContent/Content/StarterContent/Particles/Materials/M_Spark.uasset" to "C:/Users/bartvader/Documents/Unreal Projects/KUPA123/fps/fps/Content/StarterContent/Particles/Materials/M_Spark.uasset"
[2018.10.10-15.14.24:186][  0]LogPackFactory: Copied "../../../Samples/StarterContent/Content/StarterContent/Props/MaterialSphere.uasset" to "C:/Users/bartvader/Documents/Unreal Projects/KUPA123/fps/fps/Content/StarterContent/Props/MaterialSphere.uasset"
[2018.10.10-15.14.24:191][  0]LogPackFactory: Copied "../../../Samples/StarterContent/Content/StarterContent/Props/SM_Bush.uasset" to "C:/Users/bartvader/Documents/Unreal Projects/KUPA123/fps/fps/Content/StarterContent/Props/SM_Bush.uasset"
[2018.10.10-15.14.24:271][  0]LogPackFactory: Copied "../../../Samples/StarterContent/Content/StarterContent/Props/SM_Chair.uasset" to "C:/Users/bartvader/Documents/Unreal Projects/KUPA123/fps/fps/Content/StarterContent/Props/SM_Chair.uasset"
[2018.10.10-15.14.24:275][  0]LogPackFactory: Copied "../../../Samples/StarterContent/Content/StarterContent/Props/SM_CornerFrame.uasset" to "C:/Users/bartvader/Documents/Unreal Projects/KUPA123/fps/fps/Content/StarterContent/Props/SM_CornerFrame.uasset"
[2018.10.10-15.14.24:283][  0]LogPackFactory: Copied "../../../Samples/StarterContent/Content/StarterContent/Props/SM_Couch.uasset" to "C:/Users/bartvader/Documents/Unreal Projects/KUPA123/fps/fps/Content/StarterContent/Props/SM_Couch.uasset"
[2018.10.10-15.14.24:289][  0]LogPackFactory: Copied "../../../Samples/StarterContent/Content/StarterContent/Props/SM_Door.uasset" to "C:/Users/bartvader/Documents/Unreal Projects/KUPA123/fps/fps/Content/StarterContent/Props/SM_Door.uasset"
[2018.10.10-15.14.24:292][  0]LogPackFactory: Copied "../../../Samples/StarterContent/Content/StarterContent/Props/SM_DoorFrame.uasset" to "C:/Users/bartvader/Documents/Unreal Projects/KUPA123/fps/fps/Content/StarterContent/Props/SM_DoorFrame.uasset"
[2018.10.10-15.14.24:297][  0]LogPackFactory: Copied "../../../Samples/StarterContent/Content/StarterContent/Props/SM_GlassWindow.uasset" to "C:/Users/bartvader/Documents/Unreal Projects/KUPA123/fps/fps/Content/StarterContent/Props/SM_GlassWindow.uasset"
[2018.10.10-15.14.24:306][  0]LogPackFactory: Copied "../../../Samples/StarterContent/Content/StarterContent/Props/SM_Lamp_Ceiling.uasset" to "C:/Users/bartvader/Documents/Unreal Projects/KUPA123/fps/fps/Content/StarterContent/Props/SM_Lamp_Ceiling.uasset"
[2018.10.10-15.14.24:311][  0]LogPackFactory: Copied "../../../Samples/StarterContent/Content/StarterContent/Props/SM_Lamp_Wall.uasset" to "C:/Users/bartvader/Documents/Unreal Projects/KUPA123/fps/fps/Content/StarterContent/Props/SM_Lamp_Wall.uasset"
[2018.10.10-15.14.24:409][  0]LogPackFactory: Copied "../../../Samples/StarterContent/Content/StarterContent/Props/SM_MatPreviewMesh_02.uasset" to "C:/Users/bartvader/Documents/Unreal Projects/KUPA123/fps/fps/Content/StarterContent/Props/SM_MatPreviewMesh_02.uasset"
[2018.10.10-15.14.24:413][  0]LogPackFactory: Copied "../../../Samples/StarterContent/Content/StarterContent/Props/SM_PillarFrame.uasset" to "C:/Users/bartvader/Documents/Unreal Projects/KUPA123/fps/fps/Content/StarterContent/Props/SM_PillarFrame.uasset"
[2018.10.10-15.14.24:418][  0]LogPackFactory: Copied "../../../Samples/StarterContent/Content/StarterContent/Props/SM_PillarFrame300.uasset" to "C:/Users/bartvader/Documents/Unreal Projects/KUPA123/fps/fps/Content/StarterContent/Props/SM_PillarFrame300.uasset"
[2018.10.10-15.14.24:449][  0]LogPackFactory: Copied "../../../Samples/StarterContent/Content/StarterContent/Props/SM_Rock.uasset" to "C:/Users/bartvader/Documents/Unreal Projects/KUPA123/fps/fps/Content/StarterContent/Props/SM_Rock.uasset"
[2018.10.10-15.14.24:468][  0]LogPackFactory: Copied "../../../Samples/StarterContent/Content/StarterContent/Props/SM_Shelf.uasset" to "C:/Users/bartvader/Documents/Unreal Projects/KUPA123/fps/fps/Content/StarterContent/Props/SM_Shelf.uasset"
[2018.10.10-15.14.24:471][  0]LogPackFactory: Copied "../../../Samples/StarterContent/Content/StarterContent/Props/SM_Stairs.uasset" to "C:/Users/bartvader/Documents/Unreal Projects/KUPA123/fps/fps/Content/StarterContent/Props/SM_Stairs.uasset"
[2018.10.10-15.14.24:501][  0]LogPackFactory: Copied "../../../Samples/StarterContent/Content/StarterContent/Props/SM_Statue.uasset" to "C:/Users/bartvader/Documents/Unreal Projects/KUPA123/fps/fps/Content/StarterContent/Props/SM_Statue.uasset"
[2018.10.10-15.14.25:155][  0]LogPackFactory: Copied "../../../Samples/StarterContent/Content/StarterContent/Props/SM_TableRound.uasset" to "C:/Users/bartvader/Documents/Unreal Projects/KUPA123/fps/fps/Content/StarterContent/Props/SM_TableRound.uasset"
[2018.10.10-15.14.25:160][  0]LogPackFactory: Copied "../../../Samples/StarterContent/Content/StarterContent/Props/SM_WindowFrame.uasset" to "C:/Users/bartvader/Documents/Unreal Projects/KUPA123/fps/fps/Content/StarterContent/Props/SM_WindowFrame.uasset"
[2018.10.10-15.14.25:166][  0]LogPackFactory: Copied "../../../Samples/StarterContent/Content/StarterContent/Props/Materials/M_Bush.uasset" to "C:/Users/bartvader/Documents/Unreal Projects/KUPA123/fps/fps/Content/StarterContent/Props/Materials/M_Bush.uasset"
[2018.10.10-15.14.25:171][  0]LogPackFactory: Copied "../../../Samples/StarterContent/Content/StarterContent/Props/Materials/M_Chair.uasset" to "C:/Users/bartvader/Documents/Unreal Projects/KUPA123/fps/fps/Content/StarterContent/Props/Materials/M_Chair.uasset"
[2018.10.10-15.14.25:333][  0]LogPackFactory: Copied "../../../Samples/StarterContent/Content/StarterContent/Props/Materials/M_Door.uasset" to "C:/Users/bartvader/Documents/Unreal Projects/KUPA123/fps/fps/Content/StarterContent/Props/Materials/M_Door.uasset"
[2018.10.10-15.14.25:338][  0]LogPackFactory: Copied "../../../Samples/StarterContent/Content/StarterContent/Props/Materials/M_Frame.uasset" to "C:/Users/bartvader/Documents/Unreal Projects/KUPA123/fps/fps/Content/StarterContent/Props/Materials/M_Frame.uasset"
[2018.10.10-15.14.25:343][  0]LogPackFactory: Copied "../../../Samples/StarterContent/Content/StarterContent/Props/Materials/M_Lamp.uasset" to "C:/Users/bartvader/Documents/Unreal Projects/KUPA123/fps/fps/Content/StarterContent/Props/Materials/M_Lamp.uasset"
[2018.10.10-15.14.25:346][  0]LogPackFactory: Copied "../../../Samples/StarterContent/Content/StarterContent/Props/Materials/M_MaterialSphere.uasset" to "C:/Users/bartvader/Documents/Unreal Projects/KUPA123/fps/fps/Content/StarterContent/Props/Materials/M_MaterialSphere.uasset"
[2018.10.10-15.14.25:349][  0]LogPackFactory: Copied "../../../Samples/StarterContent/Content/StarterContent/Props/Materials/M_MaterialSphere_Plain.uasset" to "C:/Users/bartvader/Documents/Unreal Projects/KUPA123/fps/fps/Content/StarterContent/Props/Materials/M_MaterialSphere_Plain.uasset"
[2018.10.10-15.14.25:353][  0]LogPackFactory: Copied "../../../Samples/StarterContent/Content/StarterContent/Props/Materials/M_Rock.uasset" to "C:/Users/bartvader/Documents/Unreal Projects/KUPA123/fps/fps/Content/StarterContent/Props/Materials/M_Rock.uasset"
[2018.10.10-15.14.25:357][  0]LogPackFactory: Copied "../../../Samples/StarterContent/Content/StarterContent/Props/Materials/M_Shelf.uasset" to "C:/Users/bartvader/Documents/Unreal Projects/KUPA123/fps/fps/Content/StarterContent/Props/Materials/M_Shelf.uasset"
[2018.10.10-15.14.25:362][  0]LogPackFactory: Copied "../../../Samples/StarterContent/Content/StarterContent/Props/Materials/M_Statue.uasset" to "C:/Users/bartvader/Documents/Unreal Projects/KUPA123/fps/fps/Content/StarterContent/Props/Materials/M_Statue.uasset"
[2018.10.10-15.14.25:384][  0]LogPackFactory: Copied "../../../Samples/StarterContent/Content/StarterContent/Props/Materials/M_StatueGlass.uasset" to "C:/Users/bartvader/Documents/Unreal Projects/KUPA123/fps/fps/Content/StarterContent/Props/Materials/M_StatueGlass.uasset"
[2018.10.10-15.14.25:389][  0]LogPackFactory: Copied "../../../Samples/StarterContent/Content/StarterContent/Props/Materials/M_TableRound.uasset" to "C:/Users/bartvader/Documents/Unreal Projects/KUPA123/fps/fps/Content/StarterContent/Props/Materials/M_TableRound.uasset"
[2018.10.10-15.14.25:393][  0]LogPackFactory: Copied "../../../Samples/StarterContent/Content/StarterContent/Shapes/Shape_Cone.uasset" to "C:/Users/bartvader/Documents/Unreal Projects/KUPA123/fps/fps/Content/StarterContent/Shapes/Shape_Cone.uasset"
[2018.10.10-15.14.25:395][  0]LogPackFactory: Copied "../../../Samples/StarterContent/Content/StarterContent/Shapes/Shape_Cube.uasset" to "C:/Users/bartvader/Documents/Unreal Projects/KUPA123/fps/fps/Content/StarterContent/Shapes/Shape_Cube.uasset"
[2018.10.10-15.14.25:652][  0]LogPackFactory: Copied "../../../Samples/StarterContent/Content/StarterContent/Shapes/Shape_Cylinder.uasset" to "C:/Users/bartvader/Documents/Unreal Projects/KUPA123/fps/fps/Content/StarterContent/Shapes/Shape_Cylinder.uasset"
[2018.10.10-15.14.25:661][  0]LogPackFactory: Copied "../../../Samples/StarterContent/Content/StarterContent/Shapes/Shape_NarrowCapsule.uasset" to "C:/Users/bartvader/Documents/Unreal Projects/KUPA123/fps/fps/Content/StarterContent/Shapes/Shape_NarrowCapsule.uasset"
[2018.10.10-15.14.25:666][  0]LogPackFactory: Copied "../../../Samples/StarterContent/Content/StarterContent/Shapes/Shape_Pipe.uasset" to "C:/Users/bartvader/Documents/Unreal Projects/KUPA123/fps/fps/Content/StarterContent/Shapes/Shape_Pipe.uasset"
[2018.10.10-15.14.25:698][  0]LogPackFactory: Copied "../../../Samples/StarterContent/Content/StarterContent/Shapes/Shape_Pipe_180.uasset" to "C:/Users/bartvader/Documents/Unreal Projects/KUPA123/fps/fps/Content/StarterContent/Shapes/Shape_Pipe_180.uasset"
[2018.10.10-15.14.25:703][  0]LogPackFactory: Copied "../../../Samples/StarterContent/Content/StarterContent/Shapes/Shape_Pipe_90.uasset" to "C:/Users/bartvader/Documents/Unreal Projects/KUPA123/fps/fps/Content/StarterContent/Shapes/Shape_Pipe_90.uasset"
[2018.10.10-15.14.25:706][  0]LogPackFactory: Copied "../../../Samples/StarterContent/Content/StarterContent/Shapes/Shape_Plane.uasset" to "C:/Users/bartvader/Documents/Unreal Projects/KUPA123/fps/fps/Content/StarterContent/Shapes/Shape_Plane.uasset"
[2018.10.10-15.14.25:709][  0]LogPackFactory: Copied "../../../Samples/StarterContent/Content/StarterContent/Shapes/Shape_QuadPyramid.uasset" to "C:/Users/bartvader/Documents/Unreal Projects/KUPA123/fps/fps/Content/StarterContent/Shapes/Shape_QuadPyramid.uasset"
[2018.10.10-15.14.25:718][  0]LogPackFactory: Copied "../../../Samples/StarterContent/Content/StarterContent/Shapes/Shape_Sphere.uasset" to "C:/Users/bartvader/Documents/Unreal Projects/KUPA123/fps/fps/Content/StarterContent/Shapes/Shape_Sphere.uasset"
[2018.10.10-15.14.25:735][  0]LogPackFactory: Copied "../../../Samples/StarterContent/Content/StarterContent/Shapes/Shape_Torus.uasset" to "C:/Users/bartvader/Documents/Unreal Projects/KUPA123/fps/fps/Content/StarterContent/Shapes/Shape_Torus.uasset"
[2018.10.10-15.14.25:737][  0]LogPackFactory: Copied "../../../Samples/StarterContent/Content/StarterContent/Shapes/Shape_Trim.uasset" to "C:/Users/bartvader/Documents/Unreal Projects/KUPA123/fps/fps/Content/StarterContent/Shapes/Shape_Trim.uasset"
[2018.10.10-15.14.25:741][  0]LogPackFactory: Copied "../../../Samples/StarterContent/Content/StarterContent/Shapes/Shape_Trim_90_In.uasset" to "C:/Users/bartvader/Documents/Unreal Projects/KUPA123/fps/fps/Content/StarterContent/Shapes/Shape_Trim_90_In.uasset"
[2018.10.10-15.14.25:745][  0]LogPackFactory: Copied "../../../Samples/StarterContent/Content/StarterContent/Shapes/Shape_Trim_90_Out.uasset" to "C:/Users/bartvader/Documents/Unreal Projects/KUPA123/fps/fps/Content/StarterContent/Shapes/Shape_Trim_90_Out.uasset"
[2018.10.10-15.14.25:748][  0]LogPackFactory: Copied "../../../Samples/StarterContent/Content/StarterContent/Shapes/Shape_TriPyramid.uasset" to "C:/Users/bartvader/Documents/Unreal Projects/KUPA123/fps/fps/Content/StarterContent/Shapes/Shape_TriPyramid.uasset"
[2018.10.10-15.14.25:755][  0]LogPackFactory: Copied "../../../Samples/StarterContent/Content/StarterContent/Shapes/Shape_Tube.uasset" to "C:/Users/bartvader/Documents/Unreal Projects/KUPA123/fps/fps/Content/StarterContent/Shapes/Shape_Tube.uasset"
[2018.10.10-15.14.27:193][  0]LogPackFactory: Copied "../../../Samples/StarterContent/Content/StarterContent/Shapes/Shape_Wedge_A.uasset" to "C:/Users/bartvader/Documents/Unreal Projects/KUPA123/fps/fps/Content/StarterContent/Shapes/Shape_Wedge_A.uasset"
[2018.10.10-15.14.27:198][  0]LogPackFactory: Copied "../../../Samples/StarterContent/Content/StarterContent/Shapes/Shape_Wedge_B.uasset" to "C:/Users/bartvader/Documents/Unreal Projects/KUPA123/fps/fps/Content/StarterContent/Shapes/Shape_Wedge_B.uasset"
[2018.10.10-15.14.27:208][  0]LogPackFactory: Copied "../../../Samples/StarterContent/Content/StarterContent/Shapes/Shape_WideCapsule.uasset" to "C:/Users/bartvader/Documents/Unreal Projects/KUPA123/fps/fps/Content/StarterContent/Shapes/Shape_WideCapsule.uasset"
[2018.10.10-15.14.27:458][  0]LogPackFactory: Copied "../../../Samples/StarterContent/Content/StarterContent/Textures/T_Brick_Clay_Beveled_D.uasset" to "C:/Users/bartvader/Documents/Unreal Projects/KUPA123/fps/fps/Content/StarterContent/Textures/T_Brick_Clay_Beveled_D.uasset"
[2018.10.10-15.14.27:755][  0]LogPackFactory: Copied "../../../Samples/StarterContent/Content/StarterContent/Textures/T_Brick_Clay_Beveled_M.uasset" to "C:/Users/bartvader/Documents/Unreal Projects/KUPA123/fps/fps/Content/StarterContent/Textures/T_Brick_Clay_Beveled_M.uasset"
[2018.10.10-15.14.28:170][  0]LogPackFactory: Copied "../../../Samples/StarterContent/Content/StarterContent/Textures/T_Brick_Clay_Beveled_N.uasset" to "C:/Users/bartvader/Documents/Unreal Projects/KUPA123/fps/fps/Content/StarterContent/Textures/T_Brick_Clay_Beveled_N.uasset"
[2018.10.10-15.14.28:411][  0]LogPackFactory: Copied "../../../Samples/StarterContent/Content/StarterContent/Textures/T_Brick_Clay_New_D.uasset" to "C:/Users/bartvader/Documents/Unreal Projects/KUPA123/fps/fps/Content/StarterContent/Textures/T_Brick_Clay_New_D.uasset"
[2018.10.10-15.14.28:762][  0]LogPackFactory: Copied "../../../Samples/StarterContent/Content/StarterContent/Textures/T_Brick_Clay_New_M.uasset" to "C:/Users/bartvader/Documents/Unreal Projects/KUPA123/fps/fps/Content/StarterContent/Textures/T_Brick_Clay_New_M.uasset"
[2018.10.10-15.14.29:006][  0]LogPackFactory: Copied "../../../Samples/StarterContent/Content/StarterContent/Textures/T_Brick_Clay_New_N.uasset" to "C:/Users/bartvader/Documents/Unreal Projects/KUPA123/fps/fps/Content/StarterContent/Textures/T_Brick_Clay_New_N.uasset"
[2018.10.10-15.14.29:362][  0]LogPackFactory: Copied "../../../Samples/StarterContent/Content/StarterContent/Textures/T_Brick_Clay_Old_D.uasset" to "C:/Users/bartvader/Documents/Unreal Projects/KUPA123/fps/fps/Content/StarterContent/Textures/T_Brick_Clay_Old_D.uasset"
[2018.10.10-15.14.29:580][  0]LogPackFactory: Copied "../../../Samples/StarterContent/Content/StarterContent/Textures/T_Brick_Clay_Old_N.uasset" to "C:/Users/bartvader/Documents/Unreal Projects/KUPA123/fps/fps/Content/StarterContent/Textures/T_Brick_Clay_Old_N.uasset"
[2018.10.10-15.14.29:967][  0]LogPackFactory: Copied "../../../Samples/StarterContent/Content/StarterContent/Textures/T_Brick_Cut_Stone_D.uasset" to "C:/Users/bartvader/Documents/Unreal Projects/KUPA123/fps/fps/Content/StarterContent/Textures/T_Brick_Cut_Stone_D.uasset"
[2018.10.10-15.14.30:165][  0]LogPackFactory: Copied "../../../Samples/StarterContent/Content/StarterContent/Textures/T_Brick_Cut_Stone_N.uasset" to "C:/Users/bartvader/Documents/Unreal Projects/KUPA123/fps/fps/Content/StarterContent/Textures/T_Brick_Cut_Stone_N.uasset"
[2018.10.10-15.14.30:439][  0]LogPackFactory: Copied "../../../Samples/StarterContent/Content/StarterContent/Textures/T_Brick_Hewn_Stone_D.uasset" to "C:/Users/bartvader/Documents/Unreal Projects/KUPA123/fps/fps/Content/StarterContent/Textures/T_Brick_Hewn_Stone_D.uasset"
[2018.10.10-15.14.30:632][  0]LogPackFactory: Copied "../../../Samples/StarterContent/Content/StarterContent/Textures/T_Brick_Hewn_Stone_M.uasset" to "C:/Users/bartvader/Documents/Unreal Projects/KUPA123/fps/fps/Content/StarterContent/Textures/T_Brick_Hewn_Stone_M.uasset"
[2018.10.10-15.14.30:876][  0]LogPackFactory: Copied "../../../Samples/StarterContent/Content/StarterContent/Textures/T_Brick_Hewn_Stone_N.uasset" to "C:/Users/bartvader/Documents/Unreal Projects/KUPA123/fps/fps/Content/StarterContent/Textures/T_Brick_Hewn_Stone_N.uasset"
[2018.10.10-15.14.30:897][  0]LogPackFactory: Copied "../../../Samples/StarterContent/Content/StarterContent/Textures/T_Burst_M.uasset" to "C:/Users/bartvader/Documents/Unreal Projects/KUPA123/fps/fps/Content/StarterContent/Textures/T_Burst_M.uasset"
[2018.10.10-15.14.30:947][  0]LogPackFactory: Copied "../../../Samples/StarterContent/Content/StarterContent/Textures/T_Bush_D.uasset" to "C:/Users/bartvader/Documents/Unreal Projects/KUPA123/fps/fps/Content/StarterContent/Textures/T_Bush_D.uasset"
[2018.10.10-15.14.30:959][  0]LogPackFactory: Copied "../../../Samples/StarterContent/Content/StarterContent/Textures/T_Bush_N.uasset" to "C:/Users/bartvader/Documents/Unreal Projects/KUPA123/fps/fps/Content/StarterContent/Textures/T_Bush_N.uasset"
[2018.10.10-15.14.31:156][  0]LogPackFactory: Copied "../../../Samples/StarterContent/Content/StarterContent/Textures/T_Ceramic_Tile_M.uasset" to "C:/Users/bartvader/Documents/Unreal Projects/KUPA123/fps/fps/Content/StarterContent/Textures/T_Ceramic_Tile_M.uasset"
[2018.10.10-15.14.31:165][  0]LogPackFactory: Copied "../../../Samples/StarterContent/Content/StarterContent/Textures/T_Ceramic_Tile_N.uasset" to "C:/Users/bartvader/Documents/Unreal Projects/KUPA123/fps/fps/Content/StarterContent/Textures/T_Ceramic_Tile_N.uasset"
[2018.10.10-15.14.31:184][  0]LogPackFactory: Copied "../../../Samples/StarterContent/Content/StarterContent/Textures/T_Chair_M.uasset" to "C:/Users/bartvader/Documents/Unreal Projects/KUPA123/fps/fps/Content/StarterContent/Textures/T_Chair_M.uasset"
[2018.10.10-15.14.31:240][  0]LogPackFactory: Copied "../../../Samples/StarterContent/Content/StarterContent/Textures/T_Chair_N.uasset" to "C:/Users/bartvader/Documents/Unreal Projects/KUPA123/fps/fps/Content/StarterContent/Textures/T_Chair_N.uasset"
[2018.10.10-15.14.31:343][  0]LogPackFactory: Copied "../../../Samples/StarterContent/Content/StarterContent/Textures/T_Checker_Noise_M.uasset" to "C:/Users/bartvader/Documents/Unreal Projects/KUPA123/fps/fps/Content/StarterContent/Textures/T_Checker_Noise_M.uasset"
[2018.10.10-15.14.31:646][  0]LogPackFactory: Copied "../../../Samples/StarterContent/Content/StarterContent/Textures/T_CobbleStone_Pebble_D.uasset" to "C:/Users/bartvader/Documents/Unreal Projects/KUPA123/fps/fps/Content/StarterContent/Textures/T_CobbleStone_Pebble_D.uasset"
[2018.10.10-15.14.31:723][  0]LogPackFactory: Copied "../../../Samples/StarterContent/Content/StarterContent/Textures/T_CobbleStone_Pebble_M.uasset" to "C:/Users/bartvader/Documents/Unreal Projects/KUPA123/fps/fps/Content/StarterContent/Textures/T_CobbleStone_Pebble_M.uasset"
[2018.10.10-15.14.32:097][  0]LogPackFactory: Copied "../../../Samples/StarterContent/Content/StarterContent/Textures/T_CobbleStone_Pebble_N.uasset" to "C:/Users/bartvader/Documents/Unreal Projects/KUPA123/fps/fps/Content/StarterContent/Textures/T_CobbleStone_Pebble_N.uasset"
[2018.10.10-15.14.32:437][  0]LogPackFactory: Copied "../../../Samples/StarterContent/Content/StarterContent/Textures/T_CobbleStone_Rough_D.uasset" to "C:/Users/bartvader/Documents/Unreal Projects/KUPA123/fps/fps/Content/StarterContent/Textures/T_CobbleStone_Rough_D.uasset"
[2018.10.10-15.14.32:574][  0]LogPackFactory: Copied "../../../Samples/StarterContent/Content/StarterContent/Textures/T_CobbleStone_Rough_N.uasset" to "C:/Users/bartvader/Documents/Unreal Projects/KUPA123/fps/fps/Content/StarterContent/Textures/T_CobbleStone_Rough_N.uasset"
[2018.10.10-15.14.32:825][  0]LogPackFactory: Copied "../../../Samples/StarterContent/Content/StarterContent/Textures/T_CobbleStone_Smooth_D.uasset" to "C:/Users/bartvader/Documents/Unreal Projects/KUPA123/fps/fps/Content/StarterContent/Textures/T_CobbleStone_Smooth_D.uasset"
[2018.10.10-15.14.32:996][  0]LogPackFactory: Copied "../../../Samples/StarterContent/Content/StarterContent/Textures/T_CobbleStone_Smooth_M.uasset" to "C:/Users/bartvader/Documents/Unreal Projects/KUPA123/fps/fps/Content/StarterContent/Textures/T_CobbleStone_Smooth_M.uasset"
[2018.10.10-15.14.33:232][  0]LogPackFactory: Copied "../../../Samples/StarterContent/Content/StarterContent/Textures/T_CobbleStone_Smooth_N.uasset" to "C:/Users/bartvader/Documents/Unreal Projects/KUPA123/fps/fps/Content/StarterContent/Textures/T_CobbleStone_Smooth_N.uasset"
[2018.10.10-15.14.33:535][  0]LogPackFactory: Copied "../../../Samples/StarterContent/Content/StarterContent/Textures/T_Concrete_Grime_D.uasset" to "C:/Users/bartvader/Documents/Unreal Projects/KUPA123/fps/fps/Content/StarterContent/Textures/T_Concrete_Grime_D.uasset"
[2018.10.10-15.14.34:102][  0]LogPackFactory: Copied "../../../Samples/StarterContent/Content/StarterContent/Textures/T_Concrete_Panels_D.uasset" to "C:/Users/bartvader/Documents/Unreal Projects/KUPA123/fps/fps/Content/StarterContent/Textures/T_Concrete_Panels_D.uasset"
[2018.10.10-15.14.34:777][  0]LogPackFactory: Copied "../../../Samples/StarterContent/Content/StarterContent/Textures/T_Concrete_Panels_N.uasset" to "C:/Users/bartvader/Documents/Unreal Projects/KUPA123/fps/fps/Content/StarterContent/Textures/T_Concrete_Panels_N.uasset"
[2018.10.10-15.14.35:116][  0]LogPackFactory: Copied "../../../Samples/StarterContent/Content/StarterContent/Textures/T_Concrete_Poured_D.uasset" to "C:/Users/bartvader/Documents/Unreal Projects/KUPA123/fps/fps/Content/StarterContent/Textures/T_Concrete_Poured_D.uasset"
[2018.10.10-15.14.35:351][  0]LogPackFactory: Copied "../../../Samples/StarterContent/Content/StarterContent/Textures/T_Concrete_Poured_N.uasset" to "C:/Users/bartvader/Documents/Unreal Projects/KUPA123/fps/fps/Content/StarterContent/Textures/T_Concrete_Poured_N.uasset"
[2018.10.10-15.14.36:985][  0]LogPackFactory: Copied "../../../Samples/StarterContent/Content/StarterContent/Textures/T_Concrete_Tiles_D.uasset" to "C:/Users/bartvader/Documents/Unreal Projects/KUPA123/fps/fps/Content/StarterContent/Textures/T_Concrete_Tiles_D.uasset"
[2018.10.10-15.14.37:391][  0]LogPackFactory: Copied "../../../Samples/StarterContent/Content/StarterContent/Textures/T_Concrete_Tiles_M.uasset" to "C:/Users/bartvader/Documents/Unreal Projects/KUPA123/fps/fps/Content/StarterContent/Textures/T_Concrete_Tiles_M.uasset"
[2018.10.10-15.14.37:635][  0]LogPackFactory: Copied "../../../Samples/StarterContent/Content/StarterContent/Textures/T_Concrete_Tiles_N.uasset" to "C:/Users/bartvader/Documents/Unreal Projects/KUPA123/fps/fps/Content/StarterContent/Textures/T_Concrete_Tiles_N.uasset"
[2018.10.10-15.14.37:672][  0]LogPackFactory: Copied "../../../Samples/StarterContent/Content/StarterContent/Textures/T_Concrete_Tiles_Variation_M.uasset" to "C:/Users/bartvader/Documents/Unreal Projects/KUPA123/fps/fps/Content/StarterContent/Textures/T_Concrete_Tiles_Variation_M.uasset"
[2018.10.10-15.14.38:232][  0]LogPackFactory: Copied "../../../Samples/StarterContent/Content/StarterContent/Textures/T_Detail_Rocky_N.uasset" to "C:/Users/bartvader/Documents/Unreal Projects/KUPA123/fps/fps/Content/StarterContent/Textures/T_Detail_Rocky_N.uasset"
[2018.10.10-15.14.38:269][  0]LogPackFactory: Copied "../../../Samples/StarterContent/Content/StarterContent/Textures/T_Door_M.uasset" to "C:/Users/bartvader/Documents/Unreal Projects/KUPA123/fps/fps/Content/StarterContent/Textures/T_Door_M.uasset"
[2018.10.10-15.14.38:300][  0]LogPackFactory: Copied "../../../Samples/StarterContent/Content/StarterContent/Textures/T_Door_N.uasset" to "C:/Users/bartvader/Documents/Unreal Projects/KUPA123/fps/fps/Content/StarterContent/Textures/T_Door_N.uasset"
[2018.10.10-15.14.38:318][  0]LogPackFactory: Copied "../../../Samples/StarterContent/Content/StarterContent/Textures/T_Dust_Particle_D.uasset" to "C:/Users/bartvader/Documents/Unreal Projects/KUPA123/fps/fps/Content/StarterContent/Textures/T_Dust_Particle_D.uasset"
[2018.10.10-15.14.38:525][  0]LogPackFactory: Copied "../../../Samples/StarterContent/Content/StarterContent/Textures/T_Explosion_SubUV.uasset" to "C:/Users/bartvader/Documents/Unreal Projects/KUPA123/fps/fps/Content/StarterContent/Textures/T_Explosion_SubUV.uasset"
[2018.10.10-15.14.38:540][  0]LogPackFactory: Copied "../../../Samples/StarterContent/Content/StarterContent/Textures/T_Fire_SubUV.uasset" to "C:/Users/bartvader/Documents/Unreal Projects/KUPA123/fps/fps/Content/StarterContent/Textures/T_Fire_SubUV.uasset"
