Log file open, 10/10/18 18:22:15
LogWindows: Failed to load 'aqProf.dll' (GetLastError=126)
LogWindows: File 'aqProf.dll' does not exist
LogWindows: Failed to load 'VSPerf140.dll' (GetLastError=126)
LogWindows: File 'VSPerf140.dll' does not exist
LogWindows: Failed to load 'VtuneApi.dll' (GetLastError=126)
LogWindows: File 'VtuneApi.dll' does not exist
LogWindows: Failed to load 'VtuneApi32e.dll' (GetLastError=126)
LogWindows: File 'VtuneApi32e.dll' does not exist
LogInit: Display: Running engine for game: MyProject
LogPlatformFile: Not using cached read wrapper
LogTaskGraph: Started task graph with 5 named threads and 35 total threads with 3 sets of task threads.
LogStats: Stats thread started at 0.408976
LogD3D11RHI: Loaded GFSDK_Aftermath_Lib.x64.dll
LogICUInternationalization: Display: ICU TimeZone Detection - Raw Offset: +1:00, Platform Override: ''
LogPluginManager: Mounting plugin Paper2D
LogPluginManager: Mounting plugin AISupport
LogPluginManager: Mounting plugin LightPropagationVolume
LogPluginManager: Mounting plugin CLionSourceCodeAccess
LogPluginManager: Mounting plugin CodeLiteSourceCodeAccess
LogPluginManager: Mounting plugin GitSourceControl
LogPluginManager: Mounting plugin KDevelopSourceCodeAccess
LogPluginManager: Mounting plugin NullSourceCodeAccess
LogPluginManager: Mounting plugin PerforceSourceControl
LogPluginManager: Mounting plugin SubversionSourceControl
LogPluginManager: Mounting plugin UObjectPlugin
LogPluginManager: Mounting plugin VisualStudioCodeSourceCodeAccess
LogPluginManager: Mounting plugin VisualStudioSourceCodeAccess
LogPluginManager: Mounting plugin XCodeSourceCodeAccess
LogPluginManager: Mounting plugin AssetManagerEditor
LogPluginManager: Mounting plugin CryptoKeys
LogPluginManager: Mounting plugin DataValidation
LogPluginManager: Mounting plugin FacialAnimation
LogPluginManager: Mounting plugin GameplayTagsEditor
LogPluginManager: Mounting plugin MacGraphicsSwitching
LogPluginManager: Mounting plugin MeshEditor
LogPluginManager: Mounting plugin MobileLauncherProfileWizard
LogPluginManager: Mounting plugin PluginBrowser
LogPluginManager: Mounting plugin SpeedTreeImporter
LogPluginManager: Mounting plugin DatasmithContent
LogPluginManager: Mounting plugin AlembicImporter
LogPluginManager: Mounting plugin AppleImageUtils
LogPluginManager: Mounting plugin AppleVision
LogPluginManager: Mounting plugin BackChannel
LogPluginManager: Mounting plugin CharacterAI
LogPluginManager: Mounting plugin GeometryCache
LogPluginManager: Mounting plugin HTML5Networking
LogPluginManager: Mounting plugin ProxyLODPlugin
LogPluginManager: Mounting plugin MagicLeap
LogPluginManager: Mounting plugin MagicLeapEmulator
LogPluginManager: Mounting plugin MagicLeapMedia
LogPluginManager: Mounting plugin AndroidMedia
LogPluginManager: Mounting plugin AvfMedia
LogPluginManager: Mounting plugin ImgMedia
LogPluginManager: Mounting plugin LinearTimecode
LogPluginManager: Mounting plugin MediaCompositing
LogPluginManager: Mounting plugin MediaPlayerEditor
LogPluginManager: Mounting plugin WmfMedia
LogPluginManager: Mounting plugin TcpMessaging
LogPluginManager: Mounting plugin UdpMessaging
LogPluginManager: Mounting plugin ActorSequence
LogPluginManager: Mounting plugin LevelSequenceEditor
LogPluginManager: Mounting plugin MatineeToLevelSequence
LogPluginManager: Mounting plugin NetcodeUnitTest
LogPluginManager: Mounting plugin NUTUnrealEngine4
LogPluginManager: Mounting plugin OnlineSubsystemGooglePlay
LogPluginManager: Mounting plugin OnlineSubsystemIOS
LogPluginManager: Mounting plugin OnlineSubsystem
LogPluginManager: Mounting plugin OnlineSubsystemNull
LogPluginManager: Mounting plugin OnlineSubsystemUtils
LogPluginManager: Mounting plugin LauncherChunkInstaller
LogPluginManager: Mounting plugin AndroidDeviceProfileSelector
LogPluginManager: Mounting plugin AndroidMoviePlayer
LogPluginManager: Mounting plugin AndroidPermission
LogPluginManager: Mounting plugin AppleMoviePlayer
LogPluginManager: Mounting plugin ArchVisCharacter
LogPluginManager: Mounting plugin AudioCapture
LogPluginManager: Mounting plugin CableComponent
LogPluginManager: Mounting plugin CustomMeshComponent
LogPluginManager: Mounting plugin EditableMesh
LogPluginManager: Mounting plugin ExampleDeviceProfileSelector
LogPluginManager: Mounting plugin GoogleCloudMessaging
LogPluginManager: Mounting plugin ImmediatePhysics
LogPluginManager: Mounting plugin IOSDeviceProfileSelector
LogPluginManager: Mounting plugin LinuxDeviceProfileSelector
LogPluginManager: Mounting plugin LocationServicesBPLibrary
LogPluginManager: Mounting plugin MobilePatchingUtils
LogPluginManager: Mounting plugin OculusVR
LogPluginManager: Plugin shader directory ../../../Engine/Plugins/Runtime/Oculus/OculusVR/Shaders found
LogPluginManager: Mapping shader source directory ../../../Engine/Plugins/Runtime/Oculus/OculusVR/Shaders to virtual directory /Plugin/OculusVR
LogPluginManager: Mounting plugin PhysXVehicles
LogPluginManager: Mounting plugin ProceduralMeshComponent
LogPluginManager: Mounting plugin RuntimePhysXCooking
LogPluginManager: Mounting plugin SteamVR
LogPluginManager: Mounting plugin WindowsMoviePlayer
LogStreaming: Display: Took  0.137s to configure plugins.
LogInit: Using libcurl 7.55.1-DEV
LogInit:  - built for x86_64-pc-win32
LogInit:  - supports SSL with OpenSSL/1.0.2h
LogInit:  - supports HTTP deflate (compression) using libz 1.2.8
LogInit:  - other features:
LogInit:      CURL_VERSION_SSL
LogInit:      CURL_VERSION_LIBZ
LogInit:      CURL_VERSION_IPV6
LogInit:      CURL_VERSION_ASYNCHDNS
LogInit:      CURL_VERSION_LARGEFILE
LogInit:      CURL_VERSION_IDN
LogInit:  CurlRequestOptions (configurable via config and command line):
LogInit:  - bVerifyPeer = false  - Libcurl will NOT verify peer certificate
LogInit:  - bUseHttpProxy = false  - Libcurl will NOT use HTTP proxy
LogInit:  - bDontReuseConnections = false  - Libcurl will reuse connections
LogInit:  - CertBundlePath = nullptr  - Libcurl will use whatever was configured at build time.
LogInit:  - MaxHostConnections = 16  - Libcurl will limit the number of connections to a host
LogInit:  - LocalHostAddr = Default
LogInit:  - BufferSize = 65536
LogInit: WinSock: version 1.1 (2.2), MaxSocks=32767, MaxUdp=65467
LogInit: Build: ++UE4+Release-4.20-CL-4369336
LogInit: Engine Version: 4.20.3-4369336+++UE4+Release-4.20
LogInit: Compatible Engine Version: 4.20.0-4212847+++UE4+Release-4.20
LogInit: Net CL: 4212847
LogInit: OS: Windows 10 (), CPU: Intel(R) Core(TM) i7-8750H CPU @ 2.20GHz, GPU: Intel(R) UHD Graphics 630
LogInit: Compiled (64-bit): Sep 17 2018 12:26:19
LogInit: Compiled with Visual C++: 19.13.26129.00
LogInit: Build Configuration: Development
LogInit: Branch Name: ++UE4+Release-4.20
LogInit: Command Line: 
LogInit: Base Directory: C:/Program Files/Epic Games/UE_4.20/Engine/Binaries/Win64/
LogInit: Installed Engine Build: 1
LogDevObjectVersion: Number of dev versions registered: 20
LogDevObjectVersion:   Dev-Blueprints (B0D832E4-1F89-4F0D-ACCF-7EB736FD4AA2): 10
LogDevObjectVersion:   Dev-Build (E1C64328-A22C-4D53-A36C-8E866417BD8C): 0
LogDevObjectVersion:   Dev-Core (375EC13C-06E4-48FB-B500-84F0262A717E): 2
LogDevObjectVersion:   Dev-Editor (E4B068ED-F494-42E9-A231-DA0B2E46BB41): 24
LogDevObjectVersion:   Dev-Framework (CFFC743F-43B0-4480-9391-14DF171D2073): 34
LogDevObjectVersion:   Dev-Mobile (B02B49B5-BB20-44E9-A304-32B752E40360): 2
LogDevObjectVersion:   Dev-Networking (A4E4105C-59A1-49B5-A7C5-40C4547EDFEE): 0
LogDevObjectVersion:   Dev-Online (39C831C9-5AE6-47DC-9A44-9C173E1C8E7C): 0
LogDevObjectVersion:   Dev-Physics (78F01B33-EBEA-4F98-B9B4-84EACCB95AA2): 0
LogDevObjectVersion:   Dev-Platform (6631380F-2D4D-43E0-8009-CF276956A95A): 0
LogDevObjectVersion:   Dev-Rendering (12F88B9F-8875-4AFC-A67C-D90C383ABD29): 26
LogDevObjectVersion:   Dev-Sequencer (7B5AE74C-D270-4C10-A958-57980B212A5A): 9
LogDevObjectVersion:   Dev-VR (D7296918-1DD6-4BDD-9DE2-64A83CC13884): 2
LogDevObjectVersion:   Dev-LoadTimes (C2A15278-BFE7-4AFE-6C17-90FF531DF755): 1
LogDevObjectVersion:   Private-Geometry (6EACA3D4-40EC-4CC1-B786-8BED09428FC5): 3
LogDevObjectVersion:   Dev-AnimPhys (29E575DD-E0A3-4627-9D10-D276232CDCEA): 17
LogDevObjectVersion:   Dev-ReflectionCapture (6B266CEC-1EC7-4B8F-A30B-E4D90942FC07): 1
LogDevObjectVersion:   Dev-Automation (0DF73D61-A23F-47EA-B727-89E90C41499A): 1
LogDevObjectVersion:   FortniteMain (601D1886-AC64-4F84-AA16-D3DE0DEAC7D6): 12
LogDevObjectVersion:   Dev-Enterprise (9DFFBCD6-494F-0158-E221-12823C92A888): 1
LogStreaming: Display: Took  0.000s to delete old logs.
LogInit: Presizing for max 8388607 objects, including 0 objects not considered by GC, pre-allocating 0 bytes for permanent pool.
LogInit: Object subsystem initialized
[2018.10.10-16.22.15:763][  0]LogInit: Selected Device Profile: [Windows]
[2018.10.10-16.22.15:764][  0]LogInit: Applying CVar settings loaded from the selected device profile: [Windows]
[2018.10.10-16.22.15:774][  0]LogHAL: Display: Platform has ~ 16 GB [17032613888 / 17179869184 / 16], which maps to Larger [LargestMinGB=32, LargerMinGB=12, DefaultMinGB=8, SmallerMinGB=6, SmallestMinGB=0)
[2018.10.10-16.22.15:774][  0]LogInit: Setting Device Profile CVar: [[r.Vulkan.UseRealUBs:1]]
[2018.10.10-16.22.15:774][  0]LogInit: Going up to parent DeviceProfile []
[2018.10.10-16.22.15:774][  0]LogInit: Computer: DESKTOP-V8PSKBR
[2018.10.10-16.22.15:774][  0]LogInit: User: Bartek
[2018.10.10-16.22.15:774][  0]LogInit: CPU Page size=4096, Cores=6
[2018.10.10-16.22.15:774][  0]LogInit: High frequency timer resolution =2.156248 MHz
[2018.10.10-16.22.15:774][  0]LogMemory: Memory total: Physical=15.9GB (16GB approx)
[2018.10.10-16.22.15:774][  0]LogMemory: Platform Memory Stats for Windows
[2018.10.10-16.22.15:774][  0]LogMemory: Process Physical Memory: 100.90 MB used, 100.90 MB peak
[2018.10.10-16.22.15:775][  0]LogMemory: Process Virtual Memory: 85.80 MB used, 85.80 MB peak
[2018.10.10-16.22.15:775][  0]LogMemory: Physical Memory: 5447.51 MB used,  10796.06 MB free, 16243.57 MB total
[2018.10.10-16.22.15:775][  0]LogMemory: Virtual Memory: 4652.45 MB used,  10796.06 MB free, 134217728.00 MB total
[2018.10.10-16.22.15:793][  0]LogInit: Using OS detected language (pl-PL).
[2018.10.10-16.22.15:793][  0]LogInit: Using OS detected locale (pl-PL).
[2018.10.10-16.22.15:794][  0]LogTextLocalizationManager: No specific localization for 'pl-PL' exists, so the 'pl' localization will be used.
[2018.10.10-16.22.15:796][  0]LogStreaming: Display: Took  0.003s to InitEngineTextLocalization.
[2018.10.10-16.22.15:796][  0]LogInit: Setting process to per monitor DPI aware
[2018.10.10-16.22.15:823][  0]LogSlate: New Slate User Created.  User Index 0, Is Virtual User: 0
[2018.10.10-16.22.15:823][  0]LogSlate: Slate User Registered.  User Index 0, Is Virtual User: 0
[2018.10.10-16.22.16:038][  0]LogHMD: Failed to initialize OpenVR with code 110
[2018.10.10-16.22.16:038][  0]LogD3D11RHI: D3D11 adapters:
[2018.10.10-16.22.16:094][  0]LogD3D11RHI:    0. 'NVIDIA GeForce GTX 1050 Ti' (Feature Level 11_0)
[2018.10.10-16.22.16:094][  0]LogD3D11RHI:       4018/0/8121 MB DedicatedVideo/DedicatedSystem/SharedSystem, Outputs:1, VendorId:0x10de
[2018.10.10-16.22.16:106][  0]LogD3D11RHI:    1. 'Intel(R) UHD Graphics 630' (Feature Level 11_0)
[2018.10.10-16.22.16:106][  0]LogD3D11RHI:       128/0/8121 MB DedicatedVideo/DedicatedSystem/SharedSystem, Outputs:0, VendorId:0x8086
[2018.10.10-16.22.16:109][  0]LogD3D11RHI:    2. 'Microsoft Basic Render Driver' (Feature Level 11_0)
[2018.10.10-16.22.16:109][  0]LogD3D11RHI:       0/0/8121 MB DedicatedVideo/DedicatedSystem/SharedSystem, Outputs:0, VendorId:0x1414
[2018.10.10-16.22.16:109][  0]LogD3D11RHI: Chosen D3D11 Adapter: 0
[2018.10.10-16.22.16:132][  0]LogD3D11RHI: Creating new Direct3DDevice
[2018.10.10-16.22.16:132][  0]LogD3D11RHI:     GPU DeviceId: 0x1c8c (for the marketing name, search the web for "GPU Device Id")
[2018.10.10-16.22.16:132][  0]LogWindows: EnumDisplayDevices:
[2018.10.10-16.22.16:132][  0]LogWindows:    0. 'Intel(R) UHD Graphics 630' (P:1 D:1)
[2018.10.10-16.22.16:132][  0]LogWindows:    1. 'Intel(R) UHD Graphics 630' (P:0 D:0)
[2018.10.10-16.22.16:132][  0]LogWindows:    2. 'Intel(R) UHD Graphics 630' (P:0 D:0)
[2018.10.10-16.22.16:133][  0]LogWindows:    3. 'NVIDIA GeForce GTX 1050 Ti' (P:0 D:0)
[2018.10.10-16.22.16:133][  0]LogWindows: DebugString: PrimaryIsNotTheChoosenAdapter PrimaryIsNotTheChoosenAdapter PrimaryIsNotTheChoosenAdapter 
[2018.10.10-16.22.16:133][  0]LogD3D11RHI:     Adapter Name: NVIDIA GeForce GTX 1050 Ti
[2018.10.10-16.22.16:133][  0]LogD3D11RHI:   Driver Version: 411.63 (internal:24.21.14.1163, unified:411.63)
[2018.10.10-16.22.16:133][  0]LogD3D11RHI:      Driver Date: 9-18-2018
[2018.10.10-16.22.16:133][  0]LogRHI: Texture pool is 2812 MB (70% of 4018 MB)
[2018.10.10-16.22.16:168][  0]LogD3D11RHI: Async texture creation enabled
[2018.10.10-16.22.16:190][  0]LogD3D11RHI: GPU Timing Frequency: 1000.000000 (Debug: 2 2)
[2018.10.10-16.22.16:191][  0]LogShaderCompilers: Guid format shader working directory is 11 characters bigger than the processId version (../../../../../../FPS/FPS/MyProject/Intermediate/Shaders/WorkingDirectory/15048/).
[2018.10.10-16.22.16:191][  0]LogShaderCompilers: Cleaned the shader compiler working directory 'C:/Users/Bartek/AppData/Local/Temp/UnrealShaderWorkingDir/B7894D714BD53717E2AA3486190EDFEC/'.
[2018.10.10-16.22.16:426][  0]LogTemp: Display: Loaded TP AllDesktopTargetPlatform
[2018.10.10-16.22.16:438][  0]LogTemp: Display: Loaded TP MacClientTargetPlatform
[2018.10.10-16.22.16:449][  0]LogTemp: Display: Loaded TP MacNoEditorTargetPlatform
[2018.10.10-16.22.16:461][  0]LogTemp: Display: Loaded TP MacServerTargetPlatform
[2018.10.10-16.22.16:473][  0]LogTemp: Display: Loaded TP MacTargetPlatform
[2018.10.10-16.22.16:485][  0]LogTemp: Display: Loaded TP WindowsClientTargetPlatform
[2018.10.10-16.22.16:496][  0]LogTemp: Display: Loaded TP WindowsNoEditorTargetPlatform
[2018.10.10-16.22.16:509][  0]LogTemp: Display: Loaded TP WindowsServerTargetPlatform
[2018.10.10-16.22.16:515][  0]LogTemp: Display: Loaded TP WindowsTargetPlatform
[2018.10.10-16.22.16:582][  0]LogTemp: Display: Loaded TP AndroidTargetPlatform
[2018.10.10-16.22.16:582][  0]LogTemp: Display: Loaded TP AndroidTargetPlatform
[2018.10.10-16.22.16:582][  0]LogTemp: Display: Loaded TP AndroidTargetPlatform
[2018.10.10-16.22.16:582][  0]LogTemp: Display: Loaded TP AndroidTargetPlatform
[2018.10.10-16.22.16:582][  0]LogTemp: Display: Loaded TP AndroidTargetPlatform
[2018.10.10-16.22.16:582][  0]LogTemp: Display: Loaded TP AndroidTargetPlatform
[2018.10.10-16.22.16:582][  0]LogTemp: Display: Loaded TP AndroidTargetPlatform
[2018.10.10-16.22.16:582][  0]LogTemp: Display: Loaded TP AndroidTargetPlatform
[2018.10.10-16.22.16:582][  0]LogTemp: Display: Loaded TP AndroidTargetPlatform
[2018.10.10-16.22.16:582][  0]LogTemp: Display: Loaded TP AndroidTargetPlatform
[2018.10.10-16.22.16:582][  0]LogTemp: Display: Loaded TP AndroidTargetPlatform
[2018.10.10-16.22.16:582][  0]LogTemp: Display: Loaded TP AndroidTargetPlatform
[2018.10.10-16.22.16:582][  0]LogTemp: Display: Loaded TP AndroidTargetPlatform
[2018.10.10-16.22.16:582][  0]LogTemp: Display: Loaded TP AndroidTargetPlatform
[2018.10.10-16.22.16:582][  0]LogTemp: Display: Loaded TP AndroidTargetPlatform
[2018.10.10-16.22.16:582][  0]LogTemp: Display: Loaded TP AndroidTargetPlatform
[2018.10.10-16.22.16:582][  0]LogTemp: Display: Loaded TP AndroidTargetPlatform
[2018.10.10-16.22.16:582][  0]LogTemp: Display: Loaded TP AndroidTargetPlatform
[2018.10.10-16.22.16:583][  0]LogTemp: Display: Loaded TP HTML5TargetPlatform
[2018.10.10-16.22.16:641][  0]LogTemp: Display: Loaded TP IOSTargetPlatform
[2018.10.10-16.22.16:641][  0]LogTemp: Display: Loaded TP IOSTargetPlatform
[2018.10.10-16.22.16:661][  0]LogTemp: Display: Loaded TP TVOSTargetPlatform
[2018.10.10-16.22.16:661][  0]LogTemp: Display: Loaded TP TVOSTargetPlatform
[2018.10.10-16.22.16:671][  0]LogTemp: Display: Loaded TP LinuxClientTargetPlatform
[2018.10.10-16.22.16:681][  0]LogTemp: Display: Loaded TP LinuxNoEditorTargetPlatform
[2018.10.10-16.22.16:691][  0]LogTemp: Display: Loaded TP LinuxServerTargetPlatform
[2018.10.10-16.22.16:702][  0]LogTemp: Display: Loaded TP LinuxTargetPlatform
[2018.10.10-16.22.16:710][  0]LogTemp: Display: Loaded TP LuminTargetPlatform
[2018.10.10-16.22.16:710][  0]LogTargetPlatformManager: Display: Building Assets For Windows
[2018.10.10-16.22.16:770][  0]LogXGEController: Cannot use XGE Controller as Incredibuild is not installed on this machine.
[2018.10.10-16.22.16:770][  0]LogShaderCompilers: Cannot use XGE Shader Compiler as Incredibuild is not installed on this machine.
[2018.10.10-16.22.16:770][  0]LogShaderCompilers: Display: Using Local Shader Compiler.
[2018.10.10-16.22.17:469][  0]LogDerivedDataCache: Display: Max Cache Size: 512 MB
[2018.10.10-16.22.17:537][  0]LogDerivedDataCache: Loaded boot cache 0.07s 71MB C:/Users/Bartek/AppData/Local/UnrealEngine/4.20/DerivedDataCache/Boot.ddc.
[2018.10.10-16.22.17:537][  0]LogDerivedDataCache: Display: Loaded Boot cache: C:/Users/Bartek/AppData/Local/UnrealEngine/4.20/DerivedDataCache/Boot.ddc
[2018.10.10-16.22.17:537][  0]LogDerivedDataCache: FDerivedDataBackendGraph:  Pak pak cache file ../../../../../../FPS/FPS/MyProject/DerivedDataCache/DDC.ddp not found, will not use a pak cache.
[2018.10.10-16.22.17:537][  0]LogDerivedDataCache: Unable to find inner node Pak for hierarchical cache Hierarchy.
[2018.10.10-16.22.17:538][  0]LogDerivedDataCache: FDerivedDataBackendGraph:  CompressedPak pak cache file ../../../../../../FPS/FPS/MyProject/DerivedDataCache/Compressed.ddp not found, will not use a pak cache.
[2018.10.10-16.22.17:538][  0]LogDerivedDataCache: Unable to find inner node CompressedPak for hierarchical cache Hierarchy.
[2018.10.10-16.22.17:549][  0]LogDerivedDataCache: Display: Pak cache opened for reading ../../../Engine/DerivedDataCache/Compressed.ddp.
[2018.10.10-16.22.17:562][  0]LogDerivedDataCache: Using Local data cache path C:/Users/Bartek/AppData/Local/UnrealEngine/Common/DerivedDataCache: Writable
[2018.10.10-16.22.17:562][  0]LogDerivedDataCache: Shared data cache path not found in *engine.ini, will not use an Shared cache.
[2018.10.10-16.22.17:562][  0]LogDerivedDataCache: Unable to find inner node Shared for hierarchical cache Hierarchy.
[2018.10.10-16.22.17:579][  0]LogMaterial: Verifying Global Shaders for PCD3D_SM5
[2018.10.10-16.22.17:580][  0]LogSlate: Using FreeType 2.6.0
[2018.10.10-16.22.17:581][  0]LogSlate: SlateFontServices - WITH_FREETYPE: 1, WITH_HARFBUZZ: 1
[2018.10.10-16.22.17:646][  0]LogAssetRegistry: FAssetRegistry took 0.0253 seconds to start up
[2018.10.10-16.22.17:916][  0]LogInit: Selected Device Profile: [Windows]
[2018.10.10-16.22.18:028][  0]LogSimplygon: Simplygon DLL not present - disabling.
[2018.10.10-16.22.18:032][  0]LogMeshReduction: Using SimplygonSwarm for distributed automatic mesh merging
[2018.10.10-16.22.18:032][  0]LogMeshReduction: Using ProxyLODMeshReduction for automatic mesh merging
[2018.10.10-16.22.18:032][  0]LogMeshReduction: Using QuadricMeshReduction for automatic static mesh reduction
[2018.10.10-16.22.18:032][  0]LogMeshReduction: No automatic skeletal mesh reduction module available
[2018.10.10-16.22.18:046][  0]LogNetVersion: MyProject 1.0.0, NetCL: 4212847, EngineNetVer: 5, GameNetVer: 0 (Checksum: 1110078900)
[2018.10.10-16.22.18:461][  0]LogPackageLocalizationCache: Processed 11 localized package path(s) for 2 prioritized culture(s) in 0.079649 seconds
[2018.10.10-16.22.18:466][  0]LogUObjectArray: 38425 objects as part of root set at end of initial load.
[2018.10.10-16.22.18:466][  0]LogUObjectAllocator: 6690864 out of 0 bytes used by permanent object pool.
[2018.10.10-16.22.18:466][  0]LogUObjectArray: CloseDisregardForGC: 0/0 objects in disregard for GC pool
[2018.10.10-16.22.19:240][  0]LogTcpMessaging: Initializing TcpMessaging bridge
[2018.10.10-16.22.19:261][  0]LogUdpMessaging: Initializing bridge on interface 0.0.0.0:0 to multicast group 230.0.0.1:6666.
[2018.10.10-16.22.19:413][  0]SourceControl: Source control is disabled
[2018.10.10-16.22.19:414][  0]SourceControl: Source control is disabled
[2018.10.10-16.22.19:415][  0]SourceControl: Source control is disabled
[2018.10.10-16.22.19:416][  0]SourceControl: Source control is disabled
[2018.10.10-16.22.19:604][  0]LogAndroidPermission: UAndroidPermissionCallbackProxy::GetInstance
[2018.10.10-16.22.19:648][  0]LogOcInput: OculusInput pre-init called
[2018.10.10-16.22.19:703][  0]LogEngine: Initializing Engine...
[2018.10.10-16.22.19:704][  0]LogHMD: Failed to initialize OpenVR with code 110
[2018.10.10-16.22.19:705][  0]LogStats: UGameplayTagsManager::ConstructGameplayTagTree: ImportINI prefixes -  0.000 s
[2018.10.10-16.22.19:705][  0]LogStats: UGameplayTagsManager::ConstructGameplayTagTree: Construct from data asset -  0.000 s
[2018.10.10-16.22.19:705][  0]LogStats: UGameplayTagsManager::ConstructGameplayTagTree: ImportINI -  0.000 s
[2018.10.10-16.22.19:705][  0]LogStats: UGameplayTagsManager::ConstructGameplayTagTree: GameplayTagTreeChangedEvent.Broadcast -  0.000 s
[2018.10.10-16.22.19:888][  0]LogInit: Initializing FReadOnlyCVARCache
[2018.10.10-16.22.19:903][  0]LogAIModule: Creating AISystem for world Untitled
[2018.10.10-16.22.19:909][  0]LogInit: XAudio2 using 'Speakers/Headphones (Realtek(R) Audio)' : 2 channels at 48 kHz using 32 bits per sample (channel mask 0x3)
[2018.10.10-16.22.20:604][  0]LogInit: FAudioDevice initialized.
[2018.10.10-16.22.20:604][  0]LogNetVersion: Set ProjectVersion to 1.0.0.0. Version Checksum will be recalculated on next use.
[2018.10.10-16.22.20:655][  0]LogDerivedDataCache: Saved boot cache 0.05s 71MB C:/Users/Bartek/AppData/Local/UnrealEngine/4.20/DerivedDataCache/Boot.ddc.
[2018.10.10-16.22.20:661][  0]LogInit: Texture streaming: Enabled
[2018.10.10-16.22.20:677][  0]LogEngineSessionManager: EngineSessionManager initialized
[2018.10.10-16.22.20:688][  0]LogInit: Transaction tracking system initialized
[2018.10.10-16.22.20:709][  0]BlueprintLog: New page: Editor Load
[2018.10.10-16.22.20:813][  0]LocalizationService: Localization service is disabled
[2018.10.10-16.22.21:056][  0]LogCook: Display: Max memory allowance for cook 16384mb min free memory 0mb
[2018.10.10-16.22.21:056][  0]LogCook: Display: Mobile HDR setting 1
[2018.10.10-16.22.21:056][  0]LogGameplayTags: Display: UGameplayTagsManager::DoneAddingNativeTags. DelegateIsBound: 0
[2018.10.10-16.22.21:056][  0]LogStats: UGameplayTagsManager::ConstructGameplayTagTree: ImportINI prefixes -  0.000 s
[2018.10.10-16.22.21:056][  0]LogStats: UGameplayTagsManager::ConstructGameplayTagTree: Construct from data asset -  0.000 s
[2018.10.10-16.22.21:056][  0]LogStats: UGameplayTagsManager::ConstructGameplayTagTree: ImportINI -  0.000 s
[2018.10.10-16.22.21:056][  0]LogStats: UGameplayTagsManager::ConstructGameplayTagTree: GameplayTagTreeChangedEvent.Broadcast -  0.000 s
[2018.10.10-16.22.21:171][  0]LogFileCache: Scanning file cache for directory 'C:/FPS/FPS/MyProject/Content/' took 0.01s
[2018.10.10-16.22.21:171][  0]SourceControl: Source control is disabled
[2018.10.10-16.22.21:172][  0]LogFactory: FactoryCreateFile: PackFactory with PackFactory (0 0 C:/Program Files/Epic Games/UE_4.20/FeaturePacks/StarterContent.upack)
[2018.10.10-16.22.21:182][  0]LogPackFactory: Finished extracting 8 files (including 0 errors).
[2018.10.10-16.22.21:185][  0]LogPackFactory: Copied "../../../Samples/StarterContent/Content/StarterContent/Architecture/Floor_400x400.uasset" to "../../../../../../FPS/FPS/MyProject/Content/StarterContent/Architecture/Floor_400x400.uasset"
[2018.10.10-16.22.21:186][  0]LogPackFactory: Copied "../../../Samples/StarterContent/Content/StarterContent/Architecture/Pillar_50x500.uasset" to "../../../../../../FPS/FPS/MyProject/Content/StarterContent/Architecture/Pillar_50x500.uasset"
[2018.10.10-16.22.21:188][  0]LogPackFactory: Copied "../../../Samples/StarterContent/Content/StarterContent/Architecture/SM_AssetPlatform.uasset" to "../../../../../../FPS/FPS/MyProject/Content/StarterContent/Architecture/SM_AssetPlatform.uasset"
[2018.10.10-16.22.21:190][  0]LogPackFactory: Copied "../../../Samples/StarterContent/Content/StarterContent/Architecture/Wall_400x200.uasset" to "../../../../../../FPS/FPS/MyProject/Content/StarterContent/Architecture/Wall_400x200.uasset"
[2018.10.10-16.22.21:191][  0]LogPackFactory: Copied "../../../Samples/StarterContent/Content/StarterContent/Architecture/Wall_400x300.uasset" to "../../../../../../FPS/FPS/MyProject/Content/StarterContent/Architecture/Wall_400x300.uasset"
[2018.10.10-16.22.21:192][  0]LogPackFactory: Copied "../../../Samples/StarterContent/Content/StarterContent/Architecture/Wall_400x400.uasset" to "../../../../../../FPS/FPS/MyProject/Content/StarterContent/Architecture/Wall_400x400.uasset"
[2018.10.10-16.22.21:193][  0]LogPackFactory: Copied "../../../Samples/StarterContent/Content/StarterContent/Architecture/Wall_500x500.uasset" to "../../../../../../FPS/FPS/MyProject/Content/StarterContent/Architecture/Wall_500x500.uasset"
[2018.10.10-16.22.21:194][  0]LogPackFactory: Copied "../../../Samples/StarterContent/Content/StarterContent/Architecture/Wall_Door_400x300.uasset" to "../../../../../../FPS/FPS/MyProject/Content/StarterContent/Architecture/Wall_Door_400x300.uasset"
[2018.10.10-16.22.21:195][  0]LogPackFactory: Copied "../../../Samples/StarterContent/Content/StarterContent/Architecture/Wall_Door_400x400.uasset" to "../../../../../../FPS/FPS/MyProject/Content/StarterContent/Architecture/Wall_Door_400x400.uasset"
[2018.10.10-16.22.21:197][  0]LogPackFactory: Copied "../../../Samples/StarterContent/Content/StarterContent/Architecture/Wall_Window_400x300.uasset" to "../../../../../../FPS/FPS/MyProject/Content/StarterContent/Architecture/Wall_Window_400x300.uasset"
[2018.10.10-16.22.21:198][  0]LogPackFactory: Copied "../../../Samples/StarterContent/Content/StarterContent/Architecture/Wall_Window_400x400.uasset" to "../../../../../../FPS/FPS/MyProject/Content/StarterContent/Architecture/Wall_Window_400x400.uasset"
[2018.10.10-16.22.21:200][  0]LogPackFactory: Copied "../../../Samples/StarterContent/Content/StarterContent/Audio/Collapse01.uasset" to "../../../../../../FPS/FPS/MyProject/Content/StarterContent/Audio/Collapse01.uasset"
[2018.10.10-16.22.21:202][  0]LogPackFactory: Copied "../../../Samples/StarterContent/Content/StarterContent/Audio/Collapse02.uasset" to "../../../../../../FPS/FPS/MyProject/Content/StarterContent/Audio/Collapse02.uasset"
[2018.10.10-16.22.21:203][  0]LogPackFactory: Copied "../../../Samples/StarterContent/Content/StarterContent/Audio/Collapse_Cue.uasset" to "../../../../../../FPS/FPS/MyProject/Content/StarterContent/Audio/Collapse_Cue.uasset"
[2018.10.10-16.22.21:205][  0]LogPackFactory: Copied "../../../Samples/StarterContent/Content/StarterContent/Audio/Explosion01.uasset" to "../../../../../../FPS/FPS/MyProject/Content/StarterContent/Audio/Explosion01.uasset"
[2018.10.10-16.22.21:207][  0]LogPackFactory: Copied "../../../Samples/StarterContent/Content/StarterContent/Audio/Explosion02.uasset" to "../../../../../../FPS/FPS/MyProject/Content/StarterContent/Audio/Explosion02.uasset"
[2018.10.10-16.22.21:208][  0]LogPackFactory: Copied "../../../Samples/StarterContent/Content/StarterContent/Audio/Explosion_Cue.uasset" to "../../../../../../FPS/FPS/MyProject/Content/StarterContent/Audio/Explosion_Cue.uasset"
[2018.10.10-16.22.21:211][  0]LogPackFactory: Copied "../../../Samples/StarterContent/Content/StarterContent/Audio/Fire01.uasset" to "../../../../../../FPS/FPS/MyProject/Content/StarterContent/Audio/Fire01.uasset"
[2018.10.10-16.22.21:212][  0]LogPackFactory: Copied "../../../Samples/StarterContent/Content/StarterContent/Audio/Fire01_Cue.uasset" to "../../../../../../FPS/FPS/MyProject/Content/StarterContent/Audio/Fire01_Cue.uasset"
[2018.10.10-16.22.21:216][  0]LogPackFactory: Copied "../../../Samples/StarterContent/Content/StarterContent/Audio/Fire_Sparks01.uasset" to "../../../../../../FPS/FPS/MyProject/Content/StarterContent/Audio/Fire_Sparks01.uasset"
[2018.10.10-16.22.21:217][  0]LogPackFactory: Copied "../../../Samples/StarterContent/Content/StarterContent/Audio/Fire_Sparks01_Cue.uasset" to "../../../../../../FPS/FPS/MyProject/Content/StarterContent/Audio/Fire_Sparks01_Cue.uasset"
[2018.10.10-16.22.21:219][  0]LogPackFactory: Copied "../../../Samples/StarterContent/Content/StarterContent/Audio/Light01.uasset" to "../../../../../../FPS/FPS/MyProject/Content/StarterContent/Audio/Light01.uasset"
[2018.10.10-16.22.21:220][  0]LogPackFactory: Copied "../../../Samples/StarterContent/Content/StarterContent/Audio/Light01_Cue.uasset" to "../../../../../../FPS/FPS/MyProject/Content/StarterContent/Audio/Light01_Cue.uasset"
[2018.10.10-16.22.21:222][  0]LogPackFactory: Copied "../../../Samples/StarterContent/Content/StarterContent/Audio/Light02.uasset" to "../../../../../../FPS/FPS/MyProject/Content/StarterContent/Audio/Light02.uasset"
[2018.10.10-16.22.21:223][  0]LogPackFactory: Copied "../../../Samples/StarterContent/Content/StarterContent/Audio/Light02_Cue.uasset" to "../../../../../../FPS/FPS/MyProject/Content/StarterContent/Audio/Light02_Cue.uasset"
[2018.10.10-16.22.21:226][  0]LogPackFactory: Copied "../../../Samples/StarterContent/Content/StarterContent/Audio/Smoke01.uasset" to "../../../../../../FPS/FPS/MyProject/Content/StarterContent/Audio/Smoke01.uasset"
[2018.10.10-16.22.21:227][  0]LogPackFactory: Copied "../../../Samples/StarterContent/Content/StarterContent/Audio/Smoke01_Cue.uasset" to "../../../../../../FPS/FPS/MyProject/Content/StarterContent/Audio/Smoke01_Cue.uasset"
[2018.10.10-16.22.21:228][  0]LogPackFactory: Copied "../../../Samples/StarterContent/Content/StarterContent/Audio/Starter_Background_Cue.uasset" to "../../../../../../FPS/FPS/MyProject/Content/StarterContent/Audio/Starter_Background_Cue.uasset"
[2018.10.10-16.22.21:237][  0]LogPackFactory: Copied "../../../Samples/StarterContent/Content/StarterContent/Audio/Starter_Birds01.uasset" to "../../../../../../FPS/FPS/MyProject/Content/StarterContent/Audio/Starter_Birds01.uasset"
[2018.10.10-16.22.21:263][  0]LogPackFactory: Copied "../../../Samples/StarterContent/Content/StarterContent/Audio/Starter_Music01.uasset" to "../../../../../../FPS/FPS/MyProject/Content/StarterContent/Audio/Starter_Music01.uasset"
[2018.10.10-16.22.21:265][  0]LogPackFactory: Copied "../../../Samples/StarterContent/Content/StarterContent/Audio/Starter_Music_Cue.uasset" to "../../../../../../FPS/FPS/MyProject/Content/StarterContent/Audio/Starter_Music_Cue.uasset"
[2018.10.10-16.22.21:272][  0]LogPackFactory: Copied "../../../Samples/StarterContent/Content/StarterContent/Audio/Starter_Wind05.uasset" to "../../../../../../FPS/FPS/MyProject/Content/StarterContent/Audio/Starter_Wind05.uasset"
[2018.10.10-16.22.21:280][  0]LogPackFactory: Copied "../../../Samples/StarterContent/Content/StarterContent/Audio/Starter_Wind06.uasset" to "../../../../../../FPS/FPS/MyProject/Content/StarterContent/Audio/Starter_Wind06.uasset"
[2018.10.10-16.22.21:283][  0]LogPackFactory: Copied "../../../Samples/StarterContent/Content/StarterContent/Audio/Steam01.uasset" to "../../../../../../FPS/FPS/MyProject/Content/StarterContent/Audio/Steam01.uasset"
[2018.10.10-16.22.21:284][  0]LogPackFactory: Copied "../../../Samples/StarterContent/Content/StarterContent/Audio/Steam01_Cue.uasset" to "../../../../../../FPS/FPS/MyProject/Content/StarterContent/Audio/Steam01_Cue.uasset"
[2018.10.10-16.22.21:286][  0]LogPackFactory: Copied "../../../Samples/StarterContent/Content/StarterContent/Blueprints/Blueprint_CeilingLight.uasset" to "../../../../../../FPS/FPS/MyProject/Content/StarterContent/Blueprints/Blueprint_CeilingLight.uasset"
[2018.10.10-16.22.21:287][  0]LogPackFactory: Copied "../../../Samples/StarterContent/Content/StarterContent/Blueprints/Blueprint_Effect_Explosion.uasset" to "../../../../../../FPS/FPS/MyProject/Content/StarterContent/Blueprints/Blueprint_Effect_Explosion.uasset"
[2018.10.10-16.22.21:288][  0]LogPackFactory: Copied "../../../Samples/StarterContent/Content/StarterContent/Blueprints/Blueprint_Effect_Fire.uasset" to "../../../../../../FPS/FPS/MyProject/Content/StarterContent/Blueprints/Blueprint_Effect_Fire.uasset"
[2018.10.10-16.22.21:289][  0]LogPackFactory: Copied "../../../Samples/StarterContent/Content/StarterContent/Blueprints/Blueprint_Effect_Smoke.uasset" to "../../../../../../FPS/FPS/MyProject/Content/StarterContent/Blueprints/Blueprint_Effect_Smoke.uasset"
[2018.10.10-16.22.21:291][  0]LogPackFactory: Copied "../../../Samples/StarterContent/Content/StarterContent/Blueprints/Blueprint_Effect_Sparks.uasset" to "../../../../../../FPS/FPS/MyProject/Content/StarterContent/Blueprints/Blueprint_Effect_Sparks.uasset"
[2018.10.10-16.22.21:292][  0]LogPackFactory: Copied "../../../Samples/StarterContent/Content/StarterContent/Blueprints/Blueprint_Effect_Steam.uasset" to "../../../../../../FPS/FPS/MyProject/Content/StarterContent/Blueprints/Blueprint_Effect_Steam.uasset"
[2018.10.10-16.22.21:293][  0]LogPackFactory: Copied "../../../Samples/StarterContent/Content/StarterContent/Blueprints/Blueprint_WallSconce.uasset" to "../../../../../../FPS/FPS/MyProject/Content/StarterContent/Blueprints/Blueprint_WallSconce.uasset"
[2018.10.10-16.22.21:296][  0]LogPackFactory: Copied "../../../Samples/StarterContent/Content/StarterContent/Blueprints/BP_LightStudio.uasset" to "../../../../../../FPS/FPS/MyProject/Content/StarterContent/Blueprints/BP_LightStudio.uasset"
[2018.10.10-16.22.21:297][  0]LogPackFactory: Copied "../../../Samples/StarterContent/Content/StarterContent/Blueprints/Assets/FogBrightnessLUT.uasset" to "../../../../../../FPS/FPS/MyProject/Content/StarterContent/Blueprints/Assets/FogBrightnessLUT.uasset"
[2018.10.10-16.22.21:299][  0]LogPackFactory: Copied "../../../Samples/StarterContent/Content/StarterContent/Blueprints/Assets/M_LightStage_Arrows.uasset" to "../../../../../../FPS/FPS/MyProject/Content/StarterContent/Blueprints/Assets/M_LightStage_Arrows.uasset"
[2018.10.10-16.22.21:300][  0]LogPackFactory: Copied "../../../Samples/StarterContent/Content/StarterContent/Blueprints/Assets/M_LightStage_Skybox_Black.uasset" to "../../../../../../FPS/FPS/MyProject/Content/StarterContent/Blueprints/Assets/M_LightStage_Skybox_Black.uasset"
[2018.10.10-16.22.21:301][  0]LogPackFactory: Copied "../../../Samples/StarterContent/Content/StarterContent/Blueprints/Assets/M_LightStage_Skybox_HDRI.uasset" to "../../../../../../FPS/FPS/MyProject/Content/StarterContent/Blueprints/Assets/M_LightStage_Skybox_HDRI.uasset"
[2018.10.10-16.22.21:303][  0]LogPackFactory: Copied "../../../Samples/StarterContent/Content/StarterContent/Blueprints/Assets/M_LightStage_Skybox_Master.uasset" to "../../../../../../FPS/FPS/MyProject/Content/StarterContent/Blueprints/Assets/M_LightStage_Skybox_Master.uasset"
[2018.10.10-16.22.21:307][  0]LogPackFactory: Copied "../../../Samples/StarterContent/Content/StarterContent/Blueprints/Assets/Skybox.uasset" to "../../../../../../FPS/FPS/MyProject/Content/StarterContent/Blueprints/Assets/Skybox.uasset"
[2018.10.10-16.22.21:309][  0]LogPackFactory: Copied "../../../Samples/StarterContent/Content/StarterContent/Blueprints/Assets/SM_Arrows.uasset" to "../../../../../../FPS/FPS/MyProject/Content/StarterContent/Blueprints/Assets/SM_Arrows.uasset"
[2018.10.10-16.22.21:311][  0]LogPackFactory: Copied "../../../Samples/StarterContent/Content/StarterContent/Blueprints/Assets/SunlightColorLUT.uasset" to "../../../../../../FPS/FPS/MyProject/Content/StarterContent/Blueprints/Assets/SunlightColorLUT.uasset"
[2018.10.10-16.22.21:523][  0]LogPackFactory: Copied "../../../Samples/StarterContent/Content/StarterContent/HDRI/HDRI_Epic_Courtyard_Daylight.uasset" to "../../../../../../FPS/FPS/MyProject/Content/StarterContent/HDRI/HDRI_Epic_Courtyard_Daylight.uasset"
[2018.10.10-16.22.21:524][  0]LogPackFactory: Copied "../../../Samples/StarterContent/Content/StarterContent/Maps/Advanced_Lighting.umap" to "../../../../../../FPS/FPS/MyProject/Content/StarterContent/Maps/Advanced_Lighting.umap"
[2018.10.10-16.22.21:529][  0]LogPackFactory: Copied "../../../Samples/StarterContent/Content/StarterContent/Maps/Advanced_Lighting_BuiltData.uasset" to "../../../../../../FPS/FPS/MyProject/Content/StarterContent/Maps/Advanced_Lighting_BuiltData.uasset"
[2018.10.10-16.22.21:532][  0]LogPackFactory: Copied "../../../Samples/StarterContent/Content/StarterContent/Maps/Minimal_Default.umap" to "../../../../../../FPS/FPS/MyProject/Content/StarterContent/Maps/Minimal_Default.umap"
[2018.10.10-16.22.21:542][  0]LogPackFactory: Copied "../../../Samples/StarterContent/Content/StarterContent/Maps/Minimal_Default_BuiltData.uasset" to "../../../../../../FPS/FPS/MyProject/Content/StarterContent/Maps/Minimal_Default_BuiltData.uasset"
[2018.10.10-16.22.21:547][  0]LogPackFactory: Copied "../../../Samples/StarterContent/Content/StarterContent/Maps/StarterMap.umap" to "../../../../../../FPS/FPS/MyProject/Content/StarterContent/Maps/StarterMap.umap"
[2018.10.10-16.22.21:613][  0]LogPackFactory: Copied "../../../Samples/StarterContent/Content/StarterContent/Maps/StarterMap_BuiltData.uasset" to "../../../../../../FPS/FPS/MyProject/Content/StarterContent/Maps/StarterMap_BuiltData.uasset"
[2018.10.10-16.22.21:614][  0]LogPackFactory: Copied "../../../Samples/StarterContent/Content/StarterContent/Materials/M_AssetPlatform.uasset" to "../../../../../../FPS/FPS/MyProject/Content/StarterContent/Materials/M_AssetPlatform.uasset"
[2018.10.10-16.22.21:616][  0]LogPackFactory: Copied "../../../Samples/StarterContent/Content/StarterContent/Materials/M_Basic_Floor.uasset" to "../../../../../../FPS/FPS/MyProject/Content/StarterContent/Materials/M_Basic_Floor.uasset"
[2018.10.10-16.22.21:617][  0]LogPackFactory: Copied "../../../Samples/StarterContent/Content/StarterContent/Materials/M_Basic_Wall.uasset" to "../../../../../../FPS/FPS/MyProject/Content/StarterContent/Materials/M_Basic_Wall.uasset"
[2018.10.10-16.22.21:619][  0]LogPackFactory: Copied "../../../Samples/StarterContent/Content/StarterContent/Materials/M_Brick_Clay_Beveled.uasset" to "../../../../../../FPS/FPS/MyProject/Content/StarterContent/Materials/M_Brick_Clay_Beveled.uasset"
[2018.10.10-16.22.21:621][  0]LogPackFactory: Copied "../../../Samples/StarterContent/Content/StarterContent/Materials/M_Brick_Clay_New.uasset" to "../../../../../../FPS/FPS/MyProject/Content/StarterContent/Materials/M_Brick_Clay_New.uasset"
[2018.10.10-16.22.21:622][  0]LogPackFactory: Copied "../../../Samples/StarterContent/Content/StarterContent/Materials/M_Brick_Clay_Old.uasset" to "../../../../../../FPS/FPS/MyProject/Content/StarterContent/Materials/M_Brick_Clay_Old.uasset"
[2018.10.10-16.22.21:624][  0]LogPackFactory: Copied "../../../Samples/StarterContent/Content/StarterContent/Materials/M_Brick_Cut_Stone.uasset" to "../../../../../../FPS/FPS/MyProject/Content/StarterContent/Materials/M_Brick_Cut_Stone.uasset"
[2018.10.10-16.22.21:626][  0]LogPackFactory: Copied "../../../Samples/StarterContent/Content/StarterContent/Materials/M_Brick_Hewn_Stone.uasset" to "../../../../../../FPS/FPS/MyProject/Content/StarterContent/Materials/M_Brick_Hewn_Stone.uasset"
[2018.10.10-16.22.21:628][  0]LogPackFactory: Copied "../../../Samples/StarterContent/Content/StarterContent/Materials/M_Ceramic_Tile_Checker.uasset" to "../../../../../../FPS/FPS/MyProject/Content/StarterContent/Materials/M_Ceramic_Tile_Checker.uasset"
[2018.10.10-16.22.21:630][  0]LogPackFactory: Copied "../../../Samples/StarterContent/Content/StarterContent/Materials/M_CobbleStone_Pebble.uasset" to "../../../../../../FPS/FPS/MyProject/Content/StarterContent/Materials/M_CobbleStone_Pebble.uasset"
[2018.10.10-16.22.21:632][  0]LogPackFactory: Copied "../../../Samples/StarterContent/Content/StarterContent/Materials/M_CobbleStone_Rough.uasset" to "../../../../../../FPS/FPS/MyProject/Content/StarterContent/Materials/M_CobbleStone_Rough.uasset"
[2018.10.10-16.22.21:634][  0]LogPackFactory: Copied "../../../Samples/StarterContent/Content/StarterContent/Materials/M_CobbleStone_Smooth.uasset" to "../../../../../../FPS/FPS/MyProject/Content/StarterContent/Materials/M_CobbleStone_Smooth.uasset"
[2018.10.10-16.22.21:636][  0]LogPackFactory: Copied "../../../Samples/StarterContent/Content/StarterContent/Materials/M_ColorGrid_LowSpec.uasset" to "../../../../../../FPS/FPS/MyProject/Content/StarterContent/Materials/M_ColorGrid_LowSpec.uasset"
[2018.10.10-16.22.21:637][  0]LogPackFactory: Copied "../../../Samples/StarterContent/Content/StarterContent/Materials/M_Concrete_Grime.uasset" to "../../../../../../FPS/FPS/MyProject/Content/StarterContent/Materials/M_Concrete_Grime.uasset"
[2018.10.10-16.22.21:639][  0]LogPackFactory: Copied "../../../Samples/StarterContent/Content/StarterContent/Materials/M_Concrete_Panels.uasset" to "../../../../../../FPS/FPS/MyProject/Content/StarterContent/Materials/M_Concrete_Panels.uasset"
[2018.10.10-16.22.21:641][  0]LogPackFactory: Copied "../../../Samples/StarterContent/Content/StarterContent/Materials/M_Concrete_Poured.uasset" to "../../../../../../FPS/FPS/MyProject/Content/StarterContent/Materials/M_Concrete_Poured.uasset"
[2018.10.10-16.22.21:643][  0]LogPackFactory: Copied "../../../Samples/StarterContent/Content/StarterContent/Materials/M_Concrete_Tiles.uasset" to "../../../../../../FPS/FPS/MyProject/Content/StarterContent/Materials/M_Concrete_Tiles.uasset"
[2018.10.10-16.22.21:645][  0]LogPackFactory: Copied "../../../Samples/StarterContent/Content/StarterContent/Materials/M_Glass.uasset" to "../../../../../../FPS/FPS/MyProject/Content/StarterContent/Materials/M_Glass.uasset"
[2018.10.10-16.22.21:647][  0]LogPackFactory: Copied "../../../Samples/StarterContent/Content/StarterContent/Materials/M_Ground_Grass.uasset" to "../../../../../../FPS/FPS/MyProject/Content/StarterContent/Materials/M_Ground_Grass.uasset"
[2018.10.10-16.22.21:649][  0]LogPackFactory: Copied "../../../Samples/StarterContent/Content/StarterContent/Materials/M_Ground_Gravel.uasset" to "../../../../../../FPS/FPS/MyProject/Content/StarterContent/Materials/M_Ground_Gravel.uasset"
[2018.10.10-16.22.21:651][  0]LogPackFactory: Copied "../../../Samples/StarterContent/Content/StarterContent/Materials/M_Ground_Moss.uasset" to "../../../../../../FPS/FPS/MyProject/Content/StarterContent/Materials/M_Ground_Moss.uasset"
[2018.10.10-16.22.21:652][  0]LogPackFactory: Copied "../../../Samples/StarterContent/Content/StarterContent/Materials/M_Metal_Brushed_Nickel.uasset" to "../../../../../../FPS/FPS/MyProject/Content/StarterContent/Materials/M_Metal_Brushed_Nickel.uasset"
[2018.10.10-16.22.21:654][  0]LogPackFactory: Copied "../../../Samples/StarterContent/Content/StarterContent/Materials/M_Metal_Burnished_Steel.uasset" to "../../../../../../FPS/FPS/MyProject/Content/StarterContent/Materials/M_Metal_Burnished_Steel.uasset"
[2018.10.10-16.22.21:655][  0]LogPackFactory: Copied "../../../Samples/StarterContent/Content/StarterContent/Materials/M_Metal_Chrome.uasset" to "../../../../../../FPS/FPS/MyProject/Content/StarterContent/Materials/M_Metal_Chrome.uasset"
[2018.10.10-16.22.21:657][  0]LogPackFactory: Copied "../../../Samples/StarterContent/Content/StarterContent/Materials/M_Metal_Copper.uasset" to "../../../../../../FPS/FPS/MyProject/Content/StarterContent/Materials/M_Metal_Copper.uasset"
[2018.10.10-16.22.21:659][  0]LogPackFactory: Copied "../../../Samples/StarterContent/Content/StarterContent/Materials/M_Metal_Gold.uasset" to "../../../../../../FPS/FPS/MyProject/Content/StarterContent/Materials/M_Metal_Gold.uasset"
[2018.10.10-16.22.21:661][  0]LogPackFactory: Copied "../../../Samples/StarterContent/Content/StarterContent/Materials/M_Metal_Rust.uasset" to "../../../../../../FPS/FPS/MyProject/Content/StarterContent/Materials/M_Metal_Rust.uasset"
[2018.10.10-16.22.21:663][  0]LogPackFactory: Copied "../../../Samples/StarterContent/Content/StarterContent/Materials/M_Metal_Steel.uasset" to "../../../../../../FPS/FPS/MyProject/Content/StarterContent/Materials/M_Metal_Steel.uasset"
[2018.10.10-16.22.21:665][  0]LogPackFactory: Copied "../../../Samples/StarterContent/Content/StarterContent/Materials/M_Rock_Basalt.uasset" to "../../../../../../FPS/FPS/MyProject/Content/StarterContent/Materials/M_Rock_Basalt.uasset"
[2018.10.10-16.22.21:667][  0]LogPackFactory: Copied "../../../Samples/StarterContent/Content/StarterContent/Materials/M_Rock_Marble_Polished.uasset" to "../../../../../../FPS/FPS/MyProject/Content/StarterContent/Materials/M_Rock_Marble_Polished.uasset"
[2018.10.10-16.22.21:669][  0]LogPackFactory: Copied "../../../Samples/StarterContent/Content/StarterContent/Materials/M_Rock_Sandstone.uasset" to "../../../../../../FPS/FPS/MyProject/Content/StarterContent/Materials/M_Rock_Sandstone.uasset"
[2018.10.10-16.22.21:671][  0]LogPackFactory: Copied "../../../Samples/StarterContent/Content/StarterContent/Materials/M_Rock_Slate.uasset" to "../../../../../../FPS/FPS/MyProject/Content/StarterContent/Materials/M_Rock_Slate.uasset"
[2018.10.10-16.22.21:673][  0]LogPackFactory: Copied "../../../Samples/StarterContent/Content/StarterContent/Materials/M_Tech_Checker_Dot.uasset" to "../../../../../../FPS/FPS/MyProject/Content/StarterContent/Materials/M_Tech_Checker_Dot.uasset"
[2018.10.10-16.22.21:675][  0]LogPackFactory: Copied "../../../Samples/StarterContent/Content/StarterContent/Materials/M_Tech_Hex_Tile.uasset" to "../../../../../../FPS/FPS/MyProject/Content/StarterContent/Materials/M_Tech_Hex_Tile.uasset"
[2018.10.10-16.22.21:677][  0]LogPackFactory: Copied "../../../Samples/StarterContent/Content/StarterContent/Materials/M_Tech_Hex_Tile_Pulse.uasset" to "../../../../../../FPS/FPS/MyProject/Content/StarterContent/Materials/M_Tech_Hex_Tile_Pulse.uasset"
[2018.10.10-16.22.21:679][  0]LogPackFactory: Copied "../../../Samples/StarterContent/Content/StarterContent/Materials/M_Tech_Panel.uasset" to "../../../../../../FPS/FPS/MyProject/Content/StarterContent/Materials/M_Tech_Panel.uasset"
[2018.10.10-16.22.21:681][  0]LogPackFactory: Copied "../../../Samples/StarterContent/Content/StarterContent/Materials/M_Water_Lake.uasset" to "../../../../../../FPS/FPS/MyProject/Content/StarterContent/Materials/M_Water_Lake.uasset"
[2018.10.10-16.22.21:683][  0]LogPackFactory: Copied "../../../Samples/StarterContent/Content/StarterContent/Materials/M_Water_Ocean.uasset" to "../../../../../../FPS/FPS/MyProject/Content/StarterContent/Materials/M_Water_Ocean.uasset"
[2018.10.10-16.22.21:685][  0]LogPackFactory: Copied "../../../Samples/StarterContent/Content/StarterContent/Materials/M_Wood_Floor_Walnut_Polished.uasset" to "../../../../../../FPS/FPS/MyProject/Content/StarterContent/Materials/M_Wood_Floor_Walnut_Polished.uasset"
[2018.10.10-16.22.21:687][  0]LogPackFactory: Copied "../../../Samples/StarterContent/Content/StarterContent/Materials/M_Wood_Floor_Walnut_Worn.uasset" to "../../../../../../FPS/FPS/MyProject/Content/StarterContent/Materials/M_Wood_Floor_Walnut_Worn.uasset"
[2018.10.10-16.22.21:689][  0]LogPackFactory: Copied "../../../Samples/StarterContent/Content/StarterContent/Materials/M_Wood_Oak.uasset" to "../../../../../../FPS/FPS/MyProject/Content/StarterContent/Materials/M_Wood_Oak.uasset"
[2018.10.10-16.22.21:691][  0]LogPackFactory: Copied "../../../Samples/StarterContent/Content/StarterContent/Materials/M_Wood_Pine.uasset" to "../../../../../../FPS/FPS/MyProject/Content/StarterContent/Materials/M_Wood_Pine.uasset"
[2018.10.10-16.22.21:692][  0]LogPackFactory: Copied "../../../Samples/StarterContent/Content/StarterContent/Materials/M_Wood_Walnut.uasset" to "../../../../../../FPS/FPS/MyProject/Content/StarterContent/Materials/M_Wood_Walnut.uasset"
[2018.10.10-16.22.21:694][  0]LogPackFactory: Copied "../../../Samples/StarterContent/Content/StarterContent/Particles/P_Ambient_Dust.uasset" to "../../../../../../FPS/FPS/MyProject/Content/StarterContent/Particles/P_Ambient_Dust.uasset"
[2018.10.10-16.22.21:697][  0]LogPackFactory: Copied "../../../Samples/StarterContent/Content/StarterContent/Particles/P_Explosion.uasset" to "../../../../../../FPS/FPS/MyProject/Content/StarterContent/Particles/P_Explosion.uasset"
[2018.10.10-16.22.21:699][  0]LogPackFactory: Copied "../../../Samples/StarterContent/Content/StarterContent/Particles/P_Fire.uasset" to "../../../../../../FPS/FPS/MyProject/Content/StarterContent/Particles/P_Fire.uasset"
[2018.10.10-16.22.21:700][  0]LogPackFactory: Copied "../../../Samples/StarterContent/Content/StarterContent/Particles/P_Smoke.uasset" to "../../../../../../FPS/FPS/MyProject/Content/StarterContent/Particles/P_Smoke.uasset"
[2018.10.10-16.22.21:702][  0]LogPackFactory: Copied "../../../Samples/StarterContent/Content/StarterContent/Particles/P_Sparks.uasset" to "../../../../../../FPS/FPS/MyProject/Content/StarterContent/Particles/P_Sparks.uasset"
[2018.10.10-16.22.21:704][  0]LogPackFactory: Copied "../../../Samples/StarterContent/Content/StarterContent/Particles/P_Steam_Lit.uasset" to "../../../../../../FPS/FPS/MyProject/Content/StarterContent/Particles/P_Steam_Lit.uasset"
[2018.10.10-16.22.21:705][  0]LogPackFactory: Copied "../../../Samples/StarterContent/Content/StarterContent/Particles/Materials/M_Burst.uasset" to "../../../../../../FPS/FPS/MyProject/Content/StarterContent/Particles/Materials/M_Burst.uasset"
[2018.10.10-16.22.21:707][  0]LogPackFactory: Copied "../../../Samples/StarterContent/Content/StarterContent/Particles/Materials/M_Dust_Particle.uasset" to "../../../../../../FPS/FPS/MyProject/Content/StarterContent/Particles/Materials/M_Dust_Particle.uasset"
[2018.10.10-16.22.21:709][  0]LogPackFactory: Copied "../../../Samples/StarterContent/Content/StarterContent/Particles/Materials/M_explosion_subUV.uasset" to "../../../../../../FPS/FPS/MyProject/Content/StarterContent/Particles/Materials/M_explosion_subUV.uasset"
[2018.10.10-16.22.21:710][  0]LogPackFactory: Copied "../../../Samples/StarterContent/Content/StarterContent/Particles/Materials/M_Fire_SubUV.uasset" to "../../../../../../FPS/FPS/MyProject/Content/StarterContent/Particles/Materials/M_Fire_SubUV.uasset"
[2018.10.10-16.22.21:712][  0]LogPackFactory: Copied "../../../Samples/StarterContent/Content/StarterContent/Particles/Materials/m_flare_01.uasset" to "../../../../../../FPS/FPS/MyProject/Content/StarterContent/Particles/Materials/m_flare_01.uasset"
[2018.10.10-16.22.21:714][  0]LogPackFactory: Copied "../../../Samples/StarterContent/Content/StarterContent/Particles/Materials/M_Heat_Distortion.uasset" to "../../../../../../FPS/FPS/MyProject/Content/StarterContent/Particles/Materials/M_Heat_Distortion.uasset"
[2018.10.10-16.22.21:715][  0]LogPackFactory: Copied "../../../Samples/StarterContent/Content/StarterContent/Particles/Materials/M_Radial_Gradient.uasset" to "../../../../../../FPS/FPS/MyProject/Content/StarterContent/Particles/Materials/M_Radial_Gradient.uasset"
[2018.10.10-16.22.21:717][  0]LogPackFactory: Copied "../../../Samples/StarterContent/Content/StarterContent/Particles/Materials/M_radial_ramp.uasset" to "../../../../../../FPS/FPS/MyProject/Content/StarterContent/Particles/Materials/M_radial_ramp.uasset"
[2018.10.10-16.22.21:718][  0]LogPackFactory: Copied "../../../Samples/StarterContent/Content/StarterContent/Particles/Materials/M_smoke_subUV.uasset" to "../../../../../../FPS/FPS/MyProject/Content/StarterContent/Particles/Materials/M_smoke_subUV.uasset"
[2018.10.10-16.22.21:720][  0]LogPackFactory: Copied "../../../Samples/StarterContent/Content/StarterContent/Particles/Materials/M_Spark.uasset" to "../../../../../../FPS/FPS/MyProject/Content/StarterContent/Particles/Materials/M_Spark.uasset"
[2018.10.10-16.22.21:722][  0]LogPackFactory: Copied "../../../Samples/StarterContent/Content/StarterContent/Props/MaterialSphere.uasset" to "../../../../../../FPS/FPS/MyProject/Content/StarterContent/Props/MaterialSphere.uasset"
[2018.10.10-16.22.21:724][  0]LogPackFactory: Copied "../../../Samples/StarterContent/Content/StarterContent/Props/SM_Bush.uasset" to "../../../../../../FPS/FPS/MyProject/Content/StarterContent/Props/SM_Bush.uasset"
[2018.10.10-16.22.21:726][  0]LogPackFactory: Copied "../../../Samples/StarterContent/Content/StarterContent/Props/SM_Chair.uasset" to "../../../../../../FPS/FPS/MyProject/Content/StarterContent/Props/SM_Chair.uasset"
[2018.10.10-16.22.21:728][  0]LogPackFactory: Copied "../../../Samples/StarterContent/Content/StarterContent/Props/SM_CornerFrame.uasset" to "../../../../../../FPS/FPS/MyProject/Content/StarterContent/Props/SM_CornerFrame.uasset"
[2018.10.10-16.22.21:730][  0]LogPackFactory: Copied "../../../Samples/StarterContent/Content/StarterContent/Props/SM_Couch.uasset" to "../../../../../../FPS/FPS/MyProject/Content/StarterContent/Props/SM_Couch.uasset"
[2018.10.10-16.22.21:732][  0]LogPackFactory: Copied "../../../Samples/StarterContent/Content/StarterContent/Props/SM_Door.uasset" to "../../../../../../FPS/FPS/MyProject/Content/StarterContent/Props/SM_Door.uasset"
[2018.10.10-16.22.21:734][  0]LogPackFactory: Copied "../../../Samples/StarterContent/Content/StarterContent/Props/SM_DoorFrame.uasset" to "../../../../../../FPS/FPS/MyProject/Content/StarterContent/Props/SM_DoorFrame.uasset"
[2018.10.10-16.22.21:735][  0]LogPackFactory: Copied "../../../Samples/StarterContent/Content/StarterContent/Props/SM_GlassWindow.uasset" to "../../../../../../FPS/FPS/MyProject/Content/StarterContent/Props/SM_GlassWindow.uasset"
[2018.10.10-16.22.21:738][  0]LogPackFactory: Copied "../../../Samples/StarterContent/Content/StarterContent/Props/SM_Lamp_Ceiling.uasset" to "../../../../../../FPS/FPS/MyProject/Content/StarterContent/Props/SM_Lamp_Ceiling.uasset"
[2018.10.10-16.22.21:740][  0]LogPackFactory: Copied "../../../Samples/StarterContent/Content/StarterContent/Props/SM_Lamp_Wall.uasset" to "../../../../../../FPS/FPS/MyProject/Content/StarterContent/Props/SM_Lamp_Wall.uasset"
[2018.10.10-16.22.21:750][  0]LogPackFactory: Copied "../../../Samples/StarterContent/Content/StarterContent/Props/SM_MatPreviewMesh_02.uasset" to "../../../../../../FPS/FPS/MyProject/Content/StarterContent/Props/SM_MatPreviewMesh_02.uasset"
[2018.10.10-16.22.21:752][  0]LogPackFactory: Copied "../../../Samples/StarterContent/Content/StarterContent/Props/SM_PillarFrame.uasset" to "../../../../../../FPS/FPS/MyProject/Content/StarterContent/Props/SM_PillarFrame.uasset"
[2018.10.10-16.22.21:753][  0]LogPackFactory: Copied "../../../Samples/StarterContent/Content/StarterContent/Props/SM_PillarFrame300.uasset" to "../../../../../../FPS/FPS/MyProject/Content/StarterContent/Props/SM_PillarFrame300.uasset"
[2018.10.10-16.22.21:755][  0]LogPackFactory: Copied "../../../Samples/StarterContent/Content/StarterContent/Props/SM_Rock.uasset" to "../../../../../../FPS/FPS/MyProject/Content/StarterContent/Props/SM_Rock.uasset"
[2018.10.10-16.22.21:757][  0]LogPackFactory: Copied "../../../Samples/StarterContent/Content/StarterContent/Props/SM_Shelf.uasset" to "../../../../../../FPS/FPS/MyProject/Content/StarterContent/Props/SM_Shelf.uasset"
[2018.10.10-16.22.21:758][  0]LogPackFactory: Copied "../../../Samples/StarterContent/Content/StarterContent/Props/SM_Stairs.uasset" to "../../../../../../FPS/FPS/MyProject/Content/StarterContent/Props/SM_Stairs.uasset"
[2018.10.10-16.22.21:761][  0]LogPackFactory: Copied "../../../Samples/StarterContent/Content/StarterContent/Props/SM_Statue.uasset" to "../../../../../../FPS/FPS/MyProject/Content/StarterContent/Props/SM_Statue.uasset"
[2018.10.10-16.22.21:764][  0]LogPackFactory: Copied "../../../Samples/StarterContent/Content/StarterContent/Props/SM_TableRound.uasset" to "../../../../../../FPS/FPS/MyProject/Content/StarterContent/Props/SM_TableRound.uasset"
[2018.10.10-16.22.21:765][  0]LogPackFactory: Copied "../../../Samples/StarterContent/Content/StarterContent/Props/SM_WindowFrame.uasset" to "../../../../../../FPS/FPS/MyProject/Content/StarterContent/Props/SM_WindowFrame.uasset"
[2018.10.10-16.22.21:767][  0]LogPackFactory: Copied "../../../Samples/StarterContent/Content/StarterContent/Props/Materials/M_Bush.uasset" to "../../../../../../FPS/FPS/MyProject/Content/StarterContent/Props/Materials/M_Bush.uasset"
[2018.10.10-16.22.21:769][  0]LogPackFactory: Copied "../../../Samples/StarterContent/Content/StarterContent/Props/Materials/M_Chair.uasset" to "../../../../../../FPS/FPS/MyProject/Content/StarterContent/Props/Materials/M_Chair.uasset"
[2018.10.10-16.22.21:770][  0]LogPackFactory: Copied "../../../Samples/StarterContent/Content/StarterContent/Props/Materials/M_Door.uasset" to "../../../../../../FPS/FPS/MyProject/Content/StarterContent/Props/Materials/M_Door.uasset"
[2018.10.10-16.22.21:772][  0]LogPackFactory: Copied "../../../Samples/StarterContent/Content/StarterContent/Props/Materials/M_Frame.uasset" to "../../../../../../FPS/FPS/MyProject/Content/StarterContent/Props/Materials/M_Frame.uasset"
[2018.10.10-16.22.21:773][  0]LogPackFactory: Copied "../../../Samples/StarterContent/Content/StarterContent/Props/Materials/M_Lamp.uasset" to "../../../../../../FPS/FPS/MyProject/Content/StarterContent/Props/Materials/M_Lamp.uasset"
[2018.10.10-16.22.21:775][  0]LogPackFactory: Copied "../../../Samples/StarterContent/Content/StarterContent/Props/Materials/M_MaterialSphere.uasset" to "../../../../../../FPS/FPS/MyProject/Content/StarterContent/Props/Materials/M_MaterialSphere.uasset"
[2018.10.10-16.22.21:776][  0]LogPackFactory: Copied "../../../Samples/StarterContent/Content/StarterContent/Props/Materials/M_MaterialSphere_Plain.uasset" to "../../../../../../FPS/FPS/MyProject/Content/StarterContent/Props/Materials/M_MaterialSphere_Plain.uasset"
[2018.10.10-16.22.21:778][  0]LogPackFactory: Copied "../../../Samples/StarterContent/Content/StarterContent/Props/Materials/M_Rock.uasset" to "../../../../../../FPS/FPS/MyProject/Content/StarterContent/Props/Materials/M_Rock.uasset"
[2018.10.10-16.22.21:779][  0]LogPackFactory: Copied "../../../Samples/StarterContent/Content/StarterContent/Props/Materials/M_Shelf.uasset" to "../../../../../../FPS/FPS/MyProject/Content/StarterContent/Props/Materials/M_Shelf.uasset"
[2018.10.10-16.22.21:781][  0]LogPackFactory: Copied "../../../Samples/StarterContent/Content/StarterContent/Props/Materials/M_Statue.uasset" to "../../../../../../FPS/FPS/MyProject/Content/StarterContent/Props/Materials/M_Statue.uasset"
[2018.10.10-16.22.21:782][  0]LogPackFactory: Copied "../../../Samples/StarterContent/Content/StarterContent/Props/Materials/M_StatueGlass.uasset" to "../../../../../../FPS/FPS/MyProject/Content/StarterContent/Props/Materials/M_StatueGlass.uasset"
[2018.10.10-16.22.21:784][  0]LogPackFactory: Copied "../../../Samples/StarterContent/Content/StarterContent/Props/Materials/M_TableRound.uasset" to "../../../../../../FPS/FPS/MyProject/Content/StarterContent/Props/Materials/M_TableRound.uasset"
[2018.10.10-16.22.21:786][  0]LogPackFactory: Copied "../../../Samples/StarterContent/Content/StarterContent/Shapes/Shape_Cone.uasset" to "../../../../../../FPS/FPS/MyProject/Content/StarterContent/Shapes/Shape_Cone.uasset"
[2018.10.10-16.22.21:787][  0]LogPackFactory: Copied "../../../Samples/StarterContent/Content/StarterContent/Shapes/Shape_Cube.uasset" to "../../../../../../FPS/FPS/MyProject/Content/StarterContent/Shapes/Shape_Cube.uasset"
[2018.10.10-16.22.21:789][  0]LogPackFactory: Copied "../../../Samples/StarterContent/Content/StarterContent/Shapes/Shape_Cylinder.uasset" to "../../../../../../FPS/FPS/MyProject/Content/StarterContent/Shapes/Shape_Cylinder.uasset"
[2018.10.10-16.22.21:791][  0]LogPackFactory: Copied "../../../Samples/StarterContent/Content/StarterContent/Shapes/Shape_NarrowCapsule.uasset" to "../../../../../../FPS/FPS/MyProject/Content/StarterContent/Shapes/Shape_NarrowCapsule.uasset"
[2018.10.10-16.22.21:793][  0]LogPackFactory: Copied "../../../Samples/StarterContent/Content/StarterContent/Shapes/Shape_Pipe.uasset" to "../../../../../../FPS/FPS/MyProject/Content/StarterContent/Shapes/Shape_Pipe.uasset"
[2018.10.10-16.22.21:795][  0]LogPackFactory: Copied "../../../Samples/StarterContent/Content/StarterContent/Shapes/Shape_Pipe_180.uasset" to "../../../../../../FPS/FPS/MyProject/Content/StarterContent/Shapes/Shape_Pipe_180.uasset"
[2018.10.10-16.22.21:801][  0]LogPackFactory: Copied "../../../Samples/StarterContent/Content/StarterContent/Shapes/Shape_Pipe_90.uasset" to "../../../../../../FPS/FPS/MyProject/Content/StarterContent/Shapes/Shape_Pipe_90.uasset"
[2018.10.10-16.22.21:803][  0]LogPackFactory: Copied "../../../Samples/StarterContent/Content/StarterContent/Shapes/Shape_Plane.uasset" to "../../../../../../FPS/FPS/MyProject/Content/StarterContent/Shapes/Shape_Plane.uasset"
[2018.10.10-16.22.21:805][  0]LogPackFactory: Copied "../../../Samples/StarterContent/Content/StarterContent/Shapes/Shape_QuadPyramid.uasset" to "../../../../../../FPS/FPS/MyProject/Content/StarterContent/Shapes/Shape_QuadPyramid.uasset"
[2018.10.10-16.22.21:808][  0]LogPackFactory: Copied "../../../Samples/StarterContent/Content/StarterContent/Shapes/Shape_Sphere.uasset" to "../../../../../../FPS/FPS/MyProject/Content/StarterContent/Shapes/Shape_Sphere.uasset"
[2018.10.10-16.22.21:812][  0]LogPackFactory: Copied "../../../Samples/StarterContent/Content/StarterContent/Shapes/Shape_Torus.uasset" to "../../../../../../FPS/FPS/MyProject/Content/StarterContent/Shapes/Shape_Torus.uasset"
[2018.10.10-16.22.21:814][  0]LogPackFactory: Copied "../../../Samples/StarterContent/Content/StarterContent/Shapes/Shape_Trim.uasset" to "../../../../../../FPS/FPS/MyProject/Content/StarterContent/Shapes/Shape_Trim.uasset"
[2018.10.10-16.22.21:815][  0]LogPackFactory: Copied "../../../Samples/StarterContent/Content/StarterContent/Shapes/Shape_Trim_90_In.uasset" to "../../../../../../FPS/FPS/MyProject/Content/StarterContent/Shapes/Shape_Trim_90_In.uasset"
[2018.10.10-16.22.21:817][  0]LogPackFactory: Copied "../../../Samples/StarterContent/Content/StarterContent/Shapes/Shape_Trim_90_Out.uasset" to "../../../../../../FPS/FPS/MyProject/Content/StarterContent/Shapes/Shape_Trim_90_Out.uasset"
[2018.10.10-16.22.21:818][  0]LogPackFactory: Copied "../../../Samples/StarterContent/Content/StarterContent/Shapes/Shape_TriPyramid.uasset" to "../../../../../../FPS/FPS/MyProject/Content/StarterContent/Shapes/Shape_TriPyramid.uasset"
[2018.10.10-16.22.21:820][  0]LogPackFactory: Copied "../../../Samples/StarterContent/Content/StarterContent/Shapes/Shape_Tube.uasset" to "../../../../../../FPS/FPS/MyProject/Content/StarterContent/Shapes/Shape_Tube.uasset"
[2018.10.10-16.22.21:821][  0]LogPackFactory: Copied "../../../Samples/StarterContent/Content/StarterContent/Shapes/Shape_Wedge_A.uasset" to "../../../../../../FPS/FPS/MyProject/Content/StarterContent/Shapes/Shape_Wedge_A.uasset"
[2018.10.10-16.22.21:822][  0]LogPackFactory: Copied "../../../Samples/StarterContent/Content/StarterContent/Shapes/Shape_Wedge_B.uasset" to "../../../../../../FPS/FPS/MyProject/Content/StarterContent/Shapes/Shape_Wedge_B.uasset"
[2018.10.10-16.22.21:824][  0]LogPackFactory: Copied "../../../Samples/StarterContent/Content/StarterContent/Shapes/Shape_WideCapsule.uasset" to "../../../../../../FPS/FPS/MyProject/Content/StarterContent/Shapes/Shape_WideCapsule.uasset"
[2018.10.10-16.22.21:856][  0]LogPackFactory: Copied "../../../Samples/StarterContent/Content/StarterContent/Textures/T_Brick_Clay_Beveled_D.uasset" to "../../../../../../FPS/FPS/MyProject/Content/StarterContent/Textures/T_Brick_Clay_Beveled_D.uasset"
[2018.10.10-16.22.21:884][  0]LogPackFactory: Copied "../../../Samples/StarterContent/Content/StarterContent/Textures/T_Brick_Clay_Beveled_M.uasset" to "../../../../../../FPS/FPS/MyProject/Content/StarterContent/Textures/T_Brick_Clay_Beveled_M.uasset"
[2018.10.10-16.22.21:909][  0]LogPackFactory: Copied "../../../Samples/StarterContent/Content/StarterContent/Textures/T_Brick_Clay_Beveled_N.uasset" to "../../../../../../FPS/FPS/MyProject/Content/StarterContent/Textures/T_Brick_Clay_Beveled_N.uasset"
[2018.10.10-16.22.21:930][  0]LogPackFactory: Copied "../../../Samples/StarterContent/Content/StarterContent/Textures/T_Brick_Clay_New_D.uasset" to "../../../../../../FPS/FPS/MyProject/Content/StarterContent/Textures/T_Brick_Clay_New_D.uasset"
[2018.10.10-16.22.21:961][  0]LogPackFactory: Copied "../../../Samples/StarterContent/Content/StarterContent/Textures/T_Brick_Clay_New_M.uasset" to "../../../../../../FPS/FPS/MyProject/Content/StarterContent/Textures/T_Brick_Clay_New_M.uasset"
[2018.10.10-16.22.21:990][  0]LogPackFactory: Copied "../../../Samples/StarterContent/Content/StarterContent/Textures/T_Brick_Clay_New_N.uasset" to "../../../../../../FPS/FPS/MyProject/Content/StarterContent/Textures/T_Brick_Clay_New_N.uasset"
[2018.10.10-16.22.22:027][  0]LogPackFactory: Copied "../../../Samples/StarterContent/Content/StarterContent/Textures/T_Brick_Clay_Old_D.uasset" to "../../../../../../FPS/FPS/MyProject/Content/StarterContent/Textures/T_Brick_Clay_Old_D.uasset"
[2018.10.10-16.22.22:051][  0]LogPackFactory: Copied "../../../Samples/StarterContent/Content/StarterContent/Textures/T_Brick_Clay_Old_N.uasset" to "../../../../../../FPS/FPS/MyProject/Content/StarterContent/Textures/T_Brick_Clay_Old_N.uasset"
[2018.10.10-16.22.22:090][  0]LogPackFactory: Copied "../../../Samples/StarterContent/Content/StarterContent/Textures/T_Brick_Cut_Stone_D.uasset" to "../../../../../../FPS/FPS/MyProject/Content/StarterContent/Textures/T_Brick_Cut_Stone_D.uasset"
[2018.10.10-16.22.22:109][  0]LogPackFactory: Copied "../../../Samples/StarterContent/Content/StarterContent/Textures/T_Brick_Cut_Stone_N.uasset" to "../../../../../../FPS/FPS/MyProject/Content/StarterContent/Textures/T_Brick_Cut_Stone_N.uasset"
[2018.10.10-16.22.22:130][  0]LogPackFactory: Copied "../../../Samples/StarterContent/Content/StarterContent/Textures/T_Brick_Hewn_Stone_D.uasset" to "../../../../../../FPS/FPS/MyProject/Content/StarterContent/Textures/T_Brick_Hewn_Stone_D.uasset"
[2018.10.10-16.22.22:150][  0]LogPackFactory: Copied "../../../Samples/StarterContent/Content/StarterContent/Textures/T_Brick_Hewn_Stone_M.uasset" to "../../../../../../FPS/FPS/MyProject/Content/StarterContent/Textures/T_Brick_Hewn_Stone_M.uasset"
[2018.10.10-16.22.22:247][  0]LogPackFactory: Copied "../../../Samples/StarterContent/Content/StarterContent/Textures/T_Brick_Hewn_Stone_N.uasset" to "../../../../../../FPS/FPS/MyProject/Content/StarterContent/Textures/T_Brick_Hewn_Stone_N.uasset"
[2018.10.10-16.22.22:257][  0]LogPackFactory: Copied "../../../Samples/StarterContent/Content/StarterContent/Textures/T_Burst_M.uasset" to "../../../../../../FPS/FPS/MyProject/Content/StarterContent/Textures/T_Burst_M.uasset"
[2018.10.10-16.22.22:266][  0]LogPackFactory: Copied "../../../Samples/StarterContent/Content/StarterContent/Textures/T_Bush_D.uasset" to "../../../../../../FPS/FPS/MyProject/Content/StarterContent/Textures/T_Bush_D.uasset"
[2018.10.10-16.22.22:274][  0]LogPackFactory: Copied "../../../Samples/StarterContent/Content/StarterContent/Textures/T_Bush_N.uasset" to "../../../../../../FPS/FPS/MyProject/Content/StarterContent/Textures/T_Bush_N.uasset"
[2018.10.10-16.22.22:288][  0]LogPackFactory: Copied "../../../Samples/StarterContent/Content/StarterContent/Textures/T_Ceramic_Tile_M.uasset" to "../../../../../../FPS/FPS/MyProject/Content/StarterContent/Textures/T_Ceramic_Tile_M.uasset"
[2018.10.10-16.22.22:292][  0]LogPackFactory: Copied "../../../Samples/StarterContent/Content/StarterContent/Textures/T_Ceramic_Tile_N.uasset" to "../../../../../../FPS/FPS/MyProject/Content/StarterContent/Textures/T_Ceramic_Tile_N.uasset"
[2018.10.10-16.22.22:304][  0]LogPackFactory: Copied "../../../Samples/StarterContent/Content/StarterContent/Textures/T_Chair_M.uasset" to "../../../../../../FPS/FPS/MyProject/Content/StarterContent/Textures/T_Chair_M.uasset"
[2018.10.10-16.22.22:321][  0]LogPackFactory: Copied "../../../Samples/StarterContent/Content/StarterContent/Textures/T_Chair_N.uasset" to "../../../../../../FPS/FPS/MyProject/Content/StarterContent/Textures/T_Chair_N.uasset"
[2018.10.10-16.22.22:323][  0]LogPackFactory: Copied "../../../Samples/StarterContent/Content/StarterContent/Textures/T_Checker_Noise_M.uasset" to "../../../../../../FPS/FPS/MyProject/Content/StarterContent/Textures/T_Checker_Noise_M.uasset"
[2018.10.10-16.22.22:359][  0]LogPackFactory: Copied "../../../Samples/StarterContent/Content/StarterContent/Textures/T_CobbleStone_Pebble_D.uasset" to "../../../../../../FPS/FPS/MyProject/Content/StarterContent/Textures/T_CobbleStone_Pebble_D.uasset"
[2018.10.10-16.22.22:364][  0]LogPackFactory: Copied "../../../Samples/StarterContent/Content/StarterContent/Textures/T_CobbleStone_Pebble_M.uasset" to "../../../../../../FPS/FPS/MyProject/Content/StarterContent/Textures/T_CobbleStone_Pebble_M.uasset"
[2018.10.10-16.22.22:397][  0]LogPackFactory: Copied "../../../Samples/StarterContent/Content/StarterContent/Textures/T_CobbleStone_Pebble_N.uasset" to "../../../../../../FPS/FPS/MyProject/Content/StarterContent/Textures/T_CobbleStone_Pebble_N.uasset"
[2018.10.10-16.22.22:407][  0]LogPackFactory: Copied "../../../Samples/StarterContent/Content/StarterContent/Textures/T_CobbleStone_Rough_D.uasset" to "../../../../../../FPS/FPS/MyProject/Content/StarterContent/Textures/T_CobbleStone_Rough_D.uasset"
[2018.10.10-16.22.22:416][  0]LogPackFactory: Copied "../../../Samples/StarterContent/Content/StarterContent/Textures/T_CobbleStone_Rough_N.uasset" to "../../../../../../FPS/FPS/MyProject/Content/StarterContent/Textures/T_CobbleStone_Rough_N.uasset"
[2018.10.10-16.22.22:435][  0]LogPackFactory: Copied "../../../Samples/StarterContent/Content/StarterContent/Textures/T_CobbleStone_Smooth_D.uasset" to "../../../../../../FPS/FPS/MyProject/Content/StarterContent/Textures/T_CobbleStone_Smooth_D.uasset"
[2018.10.10-16.22.22:452][  0]LogPackFactory: Copied "../../../Samples/StarterContent/Content/StarterContent/Textures/T_CobbleStone_Smooth_M.uasset" to "../../../../../../FPS/FPS/MyProject/Content/StarterContent/Textures/T_CobbleStone_Smooth_M.uasset"
[2018.10.10-16.22.22:476][  0]LogPackFactory: Copied "../../../Samples/StarterContent/Content/StarterContent/Textures/T_CobbleStone_Smooth_N.uasset" to "../../../../../../FPS/FPS/MyProject/Content/StarterContent/Textures/T_CobbleStone_Smooth_N.uasset"
[2018.10.10-16.22.22:507][  0]LogPackFactory: Copied "../../../Samples/StarterContent/Content/StarterContent/Textures/T_Concrete_Grime_D.uasset" to "../../../../../../FPS/FPS/MyProject/Content/StarterContent/Textures/T_Concrete_Grime_D.uasset"
[2018.10.10-16.22.22:531][  0]LogPackFactory: Copied "../../../Samples/StarterContent/Content/StarterContent/Textures/T_Concrete_Panels_D.uasset" to "../../../../../../FPS/FPS/MyProject/Content/StarterContent/Textures/T_Concrete_Panels_D.uasset"
[2018.10.10-16.22.22:551][  0]LogPackFactory: Copied "../../../Samples/StarterContent/Content/StarterContent/Textures/T_Concrete_Panels_N.uasset" to "../../../../../../FPS/FPS/MyProject/Content/StarterContent/Textures/T_Concrete_Panels_N.uasset"
[2018.10.10-16.22.22:584][  0]LogPackFactory: Copied "../../../Samples/StarterContent/Content/StarterContent/Textures/T_Concrete_Poured_D.uasset" to "../../../../../../FPS/FPS/MyProject/Content/StarterContent/Textures/T_Concrete_Poured_D.uasset"
[2018.10.10-16.22.22:606][  0]LogPackFactory: Copied "../../../Samples/StarterContent/Content/StarterContent/Textures/T_Concrete_Poured_N.uasset" to "../../../../../../FPS/FPS/MyProject/Content/StarterContent/Textures/T_Concrete_Poured_N.uasset"
[2018.10.10-16.22.22:621][  0]LogPackFactory: Copied "../../../Samples/StarterContent/Content/StarterContent/Textures/T_Concrete_Tiles_D.uasset" to "../../../../../../FPS/FPS/MyProject/Content/StarterContent/Textures/T_Concrete_Tiles_D.uasset"
[2018.10.10-16.22.22:639][  0]LogPackFactory: Copied "../../../Samples/StarterContent/Content/StarterContent/Textures/T_Concrete_Tiles_M.uasset" to "../../../../../../FPS/FPS/MyProject/Content/StarterContent/Textures/T_Concrete_Tiles_M.uasset"
[2018.10.10-16.22.22:658][  0]LogPackFactory: Copied "../../../Samples/StarterContent/Content/StarterContent/Textures/T_Concrete_Tiles_N.uasset" to "../../../../../../FPS/FPS/MyProject/Content/StarterContent/Textures/T_Concrete_Tiles_N.uasset"
[2018.10.10-16.22.22:660][  0]LogPackFactory: Copied "../../../Samples/StarterContent/Content/StarterContent/Textures/T_Concrete_Tiles_Variation_M.uasset" to "../../../../../../FPS/FPS/MyProject/Content/StarterContent/Textures/T_Concrete_Tiles_Variation_M.uasset"
[2018.10.10-16.22.22:670][  0]LogPackFactory: Copied "../../../Samples/StarterContent/Content/StarterContent/Textures/T_Detail_Rocky_N.uasset" to "../../../../../../FPS/FPS/MyProject/Content/StarterContent/Textures/T_Detail_Rocky_N.uasset"
[2018.10.10-16.22.22:672][  0]LogPackFactory: Copied "../../../Samples/StarterContent/Content/StarterContent/Textures/T_Door_M.uasset" to "../../../../../../FPS/FPS/MyProject/Content/StarterContent/Textures/T_Door_M.uasset"
[2018.10.10-16.22.22:677][  0]LogPackFactory: Copied "../../../Samples/StarterContent/Content/StarterContent/Textures/T_Door_N.uasset" to "../../../../../../FPS/FPS/MyProject/Content/StarterContent/Textures/T_Door_N.uasset"
[2018.10.10-16.22.22:679][  0]LogPackFactory: Copied "../../../Samples/StarterContent/Content/StarterContent/Textures/T_Dust_Particle_D.uasset" to "../../../../../../FPS/FPS/MyProject/Content/StarterContent/Textures/T_Dust_Particle_D.uasset"
[2018.10.10-16.22.22:690][  0]LogPackFactory: Copied "../../../Samples/StarterContent/Content/StarterContent/Textures/T_Explosion_SubUV.uasset" to "../../../../../../FPS/FPS/MyProject/Content/StarterContent/Textures/T_Explosion_SubUV.uasset"
[2018.10.10-16.22.22:693][  0]LogPackFactory: Copied "../../../Samples/StarterContent/Content/StarterContent/Textures/T_Fire_SubUV.uasset" to "../../../../../../FPS/FPS/MyProject/Content/StarterContent/Textures/T_Fire_SubUV.uasset"
[2018.10.10-16.22.22:696][  0]LogPackFactory: Copied "../../../Samples/StarterContent/Content/StarterContent/Textures/T_Fire_Tiled_D.uasset" to "../../../../../../FPS/FPS/MyProject/Content/StarterContent/Textures/T_Fire_Tiled_D.uasset"
[2018.10.10-16.22.22:699][  0]LogPackFactory: Copied "../../../Samples/StarterContent/Content/StarterContent/Textures/T_Frame_M.uasset" to "../../../../../../FPS/FPS/MyProject/Content/StarterContent/Textures/T_Frame_M.uasset"
[2018.10.10-16.22.22:704][  0]LogPackFactory: Copied "../../../Samples/StarterContent/Content/StarterContent/Textures/T_Frame_N.uasset" to "../../../../../../FPS/FPS/MyProject/Content/StarterContent/Textures/T_Frame_N.uasset"
[2018.10.10-16.22.22:705][  0]LogPackFactory: Copied "../../../Samples/StarterContent/Content/StarterContent/Textures/T_Gradinet_01.uasset" to "../../../../../../FPS/FPS/MyProject/Content/StarterContent/Textures/T_Gradinet_01.uasset"
[2018.10.10-16.22.22:740][  0]LogPackFactory: Copied "../../../Samples/StarterContent/Content/StarterContent/Textures/T_Ground_Grass_D.uasset" to "../../../../../../FPS/FPS/MyProject/Content/StarterContent/Textures/T_Ground_Grass_D.uasset"
[2018.10.10-16.22.22:773][  0]LogPackFactory: Copied "../../../Samples/StarterContent/Content/StarterContent/Textures/T_Ground_Grass_N.uasset" to "../../../../../../FPS/FPS/MyProject/Content/StarterContent/Textures/T_Ground_Grass_N.uasset"
[2018.10.10-16.22.22:804][  0]LogPackFactory: Copied "../../../Samples/StarterContent/Content/StarterContent/Textures/T_Ground_Gravel_D.uasset" to "../../../../../../FPS/FPS/MyProject/Content/StarterContent/Textures/T_Ground_Gravel_D.uasset"
[2018.10.10-16.22.22:827][  0]LogPackFactory: Copied "../../../Samples/StarterContent/Content/StarterContent/Textures/T_Ground_Gravel_N.uasset" to "../../../../../../FPS/FPS/MyProject/Content/StarterContent/Textures/T_Ground_Gravel_N.uasset"
[2018.10.10-16.22.22:866][  0]LogPackFactory: Copied "../../../Samples/StarterContent/Content/StarterContent/Textures/T_ground_Moss_D.uasset" to "../../../../../../FPS/FPS/MyProject/Content/StarterContent/Textures/T_ground_Moss_D.uasset"
[2018.10.10-16.22.22:890][  0]LogPackFactory: Copied "../../../Samples/StarterContent/Content/StarterContent/Textures/T_Ground_Moss_N.uasset" to "../../../../../../FPS/FPS/MyProject/Content/StarterContent/Textures/T_Ground_Moss_N.uasset"
[2018.10.10-16.22.22:893][  0]LogPackFactory: Copied "../../../Samples/StarterContent/Content/StarterContent/Textures/T_Lamp_M.uasset" to "../../../../../../FPS/FPS/MyProject/Content/StarterContent/Textures/T_Lamp_M.uasset"
[2018.10.10-16.22.22:901][  0]LogPackFactory: Copied "../../../Samples/StarterContent/Content/StarterContent/Textures/T_Lamp_N.uasset" to "../../../../../../FPS/FPS/MyProject/Content/StarterContent/Textures/T_Lamp_N.uasset"
[2018.10.10-16.22.22:931][  0]LogPackFactory: Copied "../../../Samples/StarterContent/Content/StarterContent/Textures/T_MacroVariation.uasset" to "../../../../../../FPS/FPS/MyProject/Content/StarterContent/Textures/T_MacroVariation.uasset"
[2018.10.10-16.22.22:960][  0]LogPackFactory: Copied "../../../Samples/StarterContent/Content/StarterContent/Textures/T_Metal_Aluminum_D.uasset" to "../../../../../../FPS/FPS/MyProject/Content/StarterContent/Textures/T_Metal_Aluminum_D.uasset"
[2018.10.10-16.22.22:986][  0]LogPackFactory: Copied "../../../Samples/StarterContent/Content/StarterContent/Textures/T_Metal_Copper_D.uasset" to "../../../../../../FPS/FPS/MyProject/Content/StarterContent/Textures/T_Metal_Copper_D.uasset"
[2018.10.10-16.22.23:012][  0]LogPackFactory: Copied "../../../Samples/StarterContent/Content/StarterContent/Textures/T_Metal_Gold_D.uasset" to "../../../../../../FPS/FPS/MyProject/Content/StarterContent/Textures/T_Metal_Gold_D.uasset"
[2018.10.10-16.22.23:021][  0]LogPackFactory: Copied "../../../Samples/StarterContent/Content/StarterContent/Textures/T_Metal_Gold_N.uasset" to "../../../../../../FPS/FPS/MyProject/Content/StarterContent/Textures/T_Metal_Gold_N.uasset"
[2018.10.10-16.22.23:049][  0]LogPackFactory: Copied "../../../Samples/StarterContent/Content/StarterContent/Textures/T_Metal_Rust_D.uasset" to "../../../../../../FPS/FPS/MyProject/Content/StarterContent/Textures/T_Metal_Rust_D.uasset"
[2018.10.10-16.22.23:071][  0]LogPackFactory: Copied "../../../Samples/StarterContent/Content/StarterContent/Textures/T_Metal_Rust_N.uasset" to "../../../../../../FPS/FPS/MyProject/Content/StarterContent/Textures/T_Metal_Rust_N.uasset"
[2018.10.10-16.22.23:082][  0]LogPackFactory: Copied "../../../Samples/StarterContent/Content/StarterContent/Textures/T_Metal_Steel_D.uasset" to "../../../../../../FPS/FPS/MyProject/Content/StarterContent/Textures/T_Metal_Steel_D.uasset"
[2018.10.10-16.22.23:098][  0]LogPackFactory: Copied "../../../Samples/StarterContent/Content/StarterContent/Textures/T_Metal_Steel_N.uasset" to "../../../../../../FPS/FPS/MyProject/Content/StarterContent/Textures/T_Metal_Steel_N.uasset"
[2018.10.10-16.22.23:120][  0]LogPackFactory: Copied "../../../Samples/StarterContent/Content/StarterContent/Textures/T_Perlin_Noise_M.uasset" to "../../../../../../FPS/FPS/MyProject/Content/StarterContent/Textures/T_Perlin_Noise_M.uasset"
[2018.10.10-16.22.23:128][  0]LogPackFactory: Copied "../../../Samples/StarterContent/Content/StarterContent/Textures/T_RockMesh_M.uasset" to "../../../../../../FPS/FPS/MyProject/Content/StarterContent/Textures/T_RockMesh_M.uasset"
[2018.10.10-16.22.23:142][  0]LogPackFactory: Copied "../../../Samples/StarterContent/Content/StarterContent/Textures/T_RockMesh_N.uasset" to "../../../../../../FPS/FPS/MyProject/Content/StarterContent/Textures/T_RockMesh_N.uasset"
[2018.10.10-16.22.23:170][  0]LogPackFactory: Copied "../../../Samples/StarterContent/Content/StarterContent/Textures/T_Rock_Basalt_D.uasset" to "../../../../../../FPS/FPS/MyProject/Content/StarterContent/Textures/T_Rock_Basalt_D.uasset"
[2018.10.10-16.22.23:193][  0]LogPackFactory: Copied "../../../Samples/StarterContent/Content/StarterContent/Textures/T_Rock_Basalt_N.uasset" to "../../../../../../FPS/FPS/MyProject/Content/StarterContent/Textures/T_Rock_Basalt_N.uasset"
[2018.10.10-16.22.23:209][  0]LogPackFactory: Copied "../../../Samples/StarterContent/Content/StarterContent/Textures/T_Rock_Marble_Polished_D.uasset" to "../../../../../../FPS/FPS/MyProject/Content/StarterContent/Textures/T_Rock_Marble_Polished_D.uasset"
[2018.10.10-16.22.23:235][  0]LogPackFactory: Copied "../../../Samples/StarterContent/Content/StarterContent/Textures/T_Rock_Sandstone_D.uasset" to "../../../../../../FPS/FPS/MyProject/Content/StarterContent/Textures/T_Rock_Sandstone_D.uasset"
[2018.10.10-16.22.23:261][  0]LogPackFactory: Copied "../../../Samples/StarterContent/Content/StarterContent/Textures/T_Rock_Sandstone_N.uasset" to "../../../../../../FPS/FPS/MyProject/Content/StarterContent/Textures/T_Rock_Sandstone_N.uasset"
[2018.10.10-16.22.23:297][  0]LogPackFactory: Copied "../../../Samples/StarterContent/Content/StarterContent/Textures/T_Rock_Slate_D.uasset" to "../../../../../../FPS/FPS/MyProject/Content/StarterContent/Textures/T_Rock_Slate_D.uasset"
[2018.10.10-16.22.23:324][  0]LogPackFactory: Copied "../../../Samples/StarterContent/Content/StarterContent/Textures/T_Rock_Slate_N.uasset" to "../../../../../../FPS/FPS/MyProject/Content/StarterContent/Textures/T_Rock_Slate_N.uasset"
[2018.10.10-16.22.23:349][  0]LogPackFactory: Copied "../../../Samples/StarterContent/Content/StarterContent/Textures/T_Rock_Smooth_Granite_D.uasset" to "../../../../../../FPS/FPS/MyProject/Content/StarterContent/Textures/T_Rock_Smooth_Granite_D.uasset"
[2018.10.10-16.22.23:352][  0]LogPackFactory: Copied "../../../Samples/StarterContent/Content/StarterContent/Textures/T_Shelf_M.uasset" to "../../../../../../FPS/FPS/MyProject/Content/StarterContent/Textures/T_Shelf_M.uasset"
[2018.10.10-16.22.23:358][  0]LogPackFactory: Copied "../../../Samples/StarterContent/Content/StarterContent/Textures/T_Shelf_N.uasset" to "../../../../../../FPS/FPS/MyProject/Content/StarterContent/Textures/T_Shelf_N.uasset"
[2018.10.10-16.22.23:359][  0]LogPackFactory: Copied "../../../Samples/StarterContent/Content/StarterContent/Textures/T_Single_Tile_N.uasset" to "../../../../../../FPS/FPS/MyProject/Content/StarterContent/Textures/T_Single_Tile_N.uasset"
[2018.10.10-16.22.23:370][  0]LogPackFactory: Copied "../../../Samples/StarterContent/Content/StarterContent/Textures/T_Smoke_SubUV.uasset" to "../../../../../../FPS/FPS/MyProject/Content/StarterContent/Textures/T_Smoke_SubUV.uasset"
[2018.10.10-16.22.23:371][  0]LogPackFactory: Copied "../../../Samples/StarterContent/Content/StarterContent/Textures/T_Smoke_Tiled_D.uasset" to "../../../../../../FPS/FPS/MyProject/Content/StarterContent/Textures/T_Smoke_Tiled_D.uasset"
[2018.10.10-16.22.23:373][  0]LogPackFactory: Copied "../../../Samples/StarterContent/Content/StarterContent/Textures/T_Spark_Core.uasset" to "../../../../../../FPS/FPS/MyProject/Content/StarterContent/Textures/T_Spark_Core.uasset"
[2018.10.10-16.22.23:376][  0]LogPackFactory: Copied "../../../Samples/StarterContent/Content/StarterContent/Textures/T_Statue_M.uasset" to "../../../../../../FPS/FPS/MyProject/Content/StarterContent/Textures/T_Statue_M.uasset"
[2018.10.10-16.22.23:379][  0]LogPackFactory: Copied "../../../Samples/StarterContent/Content/StarterContent/Textures/T_Statue_N.uasset" to "../../../../../../FPS/FPS/MyProject/Content/StarterContent/Textures/T_Statue_N.uasset"
[2018.10.10-16.22.23:383][  0]LogPackFactory: Copied "../../../Samples/StarterContent/Content/StarterContent/Textures/T_TableRound_M.uasset" to "../../../../../../FPS/FPS/MyProject/Content/StarterContent/Textures/T_TableRound_M.uasset"
[2018.10.10-16.22.23:389][  0]LogPackFactory: Copied "../../../Samples/StarterContent/Content/StarterContent/Textures/T_TableRound_N.uasset" to "../../../../../../FPS/FPS/MyProject/Content/StarterContent/Textures/T_TableRound_N.uasset"
[2018.10.10-16.22.23:391][  0]LogPackFactory: Copied "../../../Samples/StarterContent/Content/StarterContent/Textures/T_Tech_Dot_M.uasset" to "../../../../../../FPS/FPS/MyProject/Content/StarterContent/Textures/T_Tech_Dot_M.uasset"
[2018.10.10-16.22.23:392][  0]LogPackFactory: Copied "../../../Samples/StarterContent/Content/StarterContent/Textures/T_Tech_Dot_N.uasset" to "../../../../../../FPS/FPS/MyProject/Content/StarterContent/Textures/T_Tech_Dot_N.uasset"
[2018.10.10-16.22.23:396][  0]LogPackFactory: Copied "../../../Samples/StarterContent/Content/StarterContent/Textures/T_Tech_Hex_Tile_M.uasset" to "../../../../../../FPS/FPS/MyProject/Content/StarterContent/Textures/T_Tech_Hex_Tile_M.uasset"
[2018.10.10-16.22.23:399][  0]LogPackFactory: Copied "../../../Samples/StarterContent/Content/StarterContent/Textures/T_Tech_Hex_Tile_N.uasset" to "../../../../../../FPS/FPS/MyProject/Content/StarterContent/Textures/T_Tech_Hex_Tile_N.uasset"
[2018.10.10-16.22.23:403][  0]LogPackFactory: Copied "../../../Samples/StarterContent/Content/StarterContent/Textures/T_Tech_Panel_M.uasset" to "../../../../../../FPS/FPS/MyProject/Content/StarterContent/Textures/T_Tech_Panel_M.uasset"
[2018.10.10-16.22.23:411][  0]LogPackFactory: Copied "../../../Samples/StarterContent/Content/StarterContent/Textures/T_Tech_Panel_N.uasset" to "../../../../../../FPS/FPS/MyProject/Content/StarterContent/Textures/T_Tech_Panel_N.uasset"
[2018.10.10-16.22.23:417][  0]LogPackFactory: Copied "../../../Samples/StarterContent/Content/StarterContent/Textures/T_Water_M.uasset" to "../../../../../../FPS/FPS/MyProject/Content/StarterContent/Textures/T_Water_M.uasset"
[2018.10.10-16.22.23:425][  0]LogPackFactory: Copied "../../../Samples/StarterContent/Content/StarterContent/Textures/T_Water_N.uasset" to "../../../../../../FPS/FPS/MyProject/Content/StarterContent/Textures/T_Water_N.uasset"
[2018.10.10-16.22.23:438][  0]LogPackFactory: Copied "../../../Samples/StarterContent/Content/StarterContent/Textures/T_Wood_Floor_Walnut_D.uasset" to "../../../../../../FPS/FPS/MyProject/Content/StarterContent/Textures/T_Wood_Floor_Walnut_D.uasset"
[2018.10.10-16.22.23:449][  0]LogPackFactory: Copied "../../../Samples/StarterContent/Content/StarterContent/Textures/T_Wood_Floor_Walnut_M.uasset" to "../../../../../../FPS/FPS/MyProject/Content/StarterContent/Textures/T_Wood_Floor_Walnut_M.uasset"
[2018.10.10-16.22.23:458][  0]LogPackFactory: Copied "../../../Samples/StarterContent/Content/StarterContent/Textures/T_Wood_Floor_Walnut_N.uasset" to "../../../../../../FPS/FPS/MyProject/Content/StarterContent/Textures/T_Wood_Floor_Walnut_N.uasset"
[2018.10.10-16.22.23:478][  0]LogPackFactory: Copied "../../../Samples/StarterContent/Content/StarterContent/Textures/T_Wood_Oak_D.uasset" to "../../../../../../FPS/FPS/MyProject/Content/StarterContent/Textures/T_Wood_Oak_D.uasset"
[2018.10.10-16.22.23:496][  0]LogPackFactory: Copied "../../../Samples/StarterContent/Content/StarterContent/Textures/T_Wood_Oak_N.uasset" to "../../../../../../FPS/FPS/MyProject/Content/StarterContent/Textures/T_Wood_Oak_N.uasset"
[2018.10.10-16.22.23:534][  0]LogPackFactory: Copied "../../../Samples/StarterContent/Content/StarterContent/Textures/T_Wood_Pine_D.uasset" to "../../../../../../FPS/FPS/MyProject/Content/StarterContent/Textures/T_Wood_Pine_D.uasset"
[2018.10.10-16.22.23:568][  0]LogPackFactory: Copied "../../../Samples/StarterContent/Content/StarterContent/Textures/T_Wood_Pine_N.uasset" to "../../../../../../FPS/FPS/MyProject/Content/StarterContent/Textures/T_Wood_Pine_N.uasset"
[2018.10.10-16.22.23:666][  0]LogPackFactory: Copied "../../../Samples/StarterContent/Content/StarterContent/Textures/T_Wood_Walnut_D.uasset" to "../../../../../../FPS/FPS/MyProject/Content/StarterContent/Textures/T_Wood_Walnut_D.uasset"
[2018.10.10-16.22.23:716][  0]LogPackFactory: Copied "../../../Samples/StarterContent/Content/StarterContent/Textures/T_Wood_Walnut_N.uasset" to "../../../../../../FPS/FPS/MyProject/Content/StarterContent/Textures/T_Wood_Walnut_N.uasset"
[2018.10.10-16.22.23:764][  0]LogRenderer: Reallocating scene render targets to support 256x256 Format 10 NumSamples 1 (Frame:1).
[2018.10.10-16.22.23:844][  0]Cmd: OBJ SAVEPACKAGE PACKAGE="/Game/StarterContent/Architecture/Floor_400x400" FILE="../../../../../../FPS/FPS/MyProject/Content/StarterContent/Architecture/Floor_400x400.uasset" SILENT=true
[2018.10.10-16.22.23:856][  0]LogSavePackage: Moving '../../../../../../FPS/FPS/MyProject/Saved/Floor_400x40060A5B36F4130E965A59D90A226213E03.tmp' to '../../../../../../FPS/FPS/MyProject/Content/StarterContent/Architecture/Floor_400x400.uasset'
[2018.10.10-16.22.23:860][  0]LogFeaturePack: Warning: Inserted 1 feature packs
[2018.10.10-16.22.23:861][  0]Cmd: MAP LOAD FILE="../../../../../../FPS/FPS/MyProject/Content/FirstPersonBP/Maps/FirstPersonExampleMap.umap" TEMPLATE=0 SHOWPROGRESS=1 FEATURELEVEL=3
[2018.10.10-16.22.23:861][  0]LightingResults: New page: Lighting Build
[2018.10.10-16.22.23:863][  0]MapCheck: New page: Map Check
[2018.10.10-16.22.23:863][  0]LightingResults: New page: Lighting Build
[2018.10.10-16.22.24:306][  0]LogAIModule: Creating AISystem for world FirstPersonExampleMap
[2018.10.10-16.22.24:314][  0]LogEditorServer: Finished looking for orphan Actors (0.000 secs)
[2018.10.10-16.22.24:338][  0]Cmd: MAP CHECKDEP NOCLEARLOG
[2018.10.10-16.22.24:424][  0]MapCheck: Map check complete: 0 Error(s), 0 Warning(s), took 85,993ms to complete.
[2018.10.10-16.22.24:424][  0]LogFileHelpers: Loading map 'FirstPersonExampleMap' took 0.563
[2018.10.10-16.22.24:525][  0]LogSlate: Updating window title bar state: overlay mode, drag disabled, window buttons hidden, title bar hidden
[2018.10.10-16.22.24:531][  0]LogSlate: Updating window title bar state: overlay mode, drag disabled, window buttons hidden, title bar hidden
[2018.10.10-16.22.24:536][  0]LogSlate: Updating window title bar state: overlay mode, drag disabled, window buttons hidden, title bar hidden
[2018.10.10-16.22.24:542][  0]LogSlate: Updating window title bar state: overlay mode, drag disabled, window buttons hidden, title bar hidden
[2018.10.10-16.22.24:549][  0]LogCollectionManager: Loaded 0 collections in 0.001617 seconds
[2018.10.10-16.22.24:591][  0]LogFileCache: Scanning file cache for directory 'C:/FPS/FPS/MyProject/Saved/Collections/' took 0.01s
[2018.10.10-16.22.24:591][  0]LogFileCache: Scanning file cache for directory 'C:/FPS/FPS/MyProject/Content/Developers/Bartek/Collections/' took 0.01s
[2018.10.10-16.22.24:591][  0]LogFileCache: Scanning file cache for directory 'C:/FPS/FPS/MyProject/Content/Collections/' took 0.01s
[2018.10.10-16.22.24:591][  0]LogCollectionManager: Rebuilt the GUID cache for 0 collections in 0.000000 seconds
[2018.10.10-16.22.24:599][  0]LogContentBrowser: Native class hierarchy populated in 0.0077 seconds. Added 2572 classes and 603 folders.
[2018.10.10-16.22.24:605][  0]LogContentBrowser: Native class hierarchy updated for 'WidgetCarousel' in 0.0002 seconds. Added 0 classes and 0 folders.
[2018.10.10-16.22.24:652][  0]LogContentBrowser: Native class hierarchy updated for 'AddContentDialog' in 0.0002 seconds. Added 0 classes and 0 folders.
[2018.10.10-16.22.24:685][  0]LogContentBrowser: Native class hierarchy updated for 'SceneOutliner' in 0.0002 seconds. Added 1 classes and 2 folders.
[2018.10.10-16.22.24:699][  0]LogSlate: Took 0.000161 seconds to synchronously load lazily loaded font '../../../Engine/Content/Slate/Fonts/Roboto-Regular.ttf' (155K)
[2018.10.10-16.22.24:700][  0]LogSlate: Took 0.000130 seconds to synchronously load lazily loaded font '../../../Engine/Content/Slate/Fonts/Roboto-Bold.ttf' (160K)
[2018.10.10-16.22.24:705][  0]LogSlate: Took 0.000900 seconds to synchronously load lazily loaded font '../../../Engine/Content/Editor/Slate/Fonts/FontAwesome.ttf' (139K)
[2018.10.10-16.22.24:771][  0]LogRenderer: Reallocating scene render targets to support 1208x576 Format 10 NumSamples 1 (Frame:1).
[2018.10.10-16.22.24:820][  0]LogSlate: Took 0.000224 seconds to synchronously load lazily loaded font '../../../Engine/Content/Slate/Fonts/Roboto-Light.ttf' (167K)
[2018.10.10-16.22.24:935][  0]LogContentBrowser: Native class hierarchy updated for 'HierarchicalLODOutliner' in 0.0002 seconds. Added 0 classes and 0 folders.
[2018.10.10-16.22.24:935][  0]LogLoad: (Engine Initialization) Total time: 11.12 seconds
[2018.10.10-16.22.24:935][  0]LogLoad: (Engine Initialization) Total Blueprint compile time: 0.00 seconds
[2018.10.10-16.22.24:953][  0]LogWindowsTextInputMethodSystem: Display: IME system now deactivated.
[2018.10.10-16.22.25:173][  0]LogContentStreaming: Texture pool size now 1000 MB
[2018.10.10-16.22.25:197][  1]LogAssetRegistry: Asset discovery search completed in 7.5733 seconds
[2018.10.10-16.22.25:198][  1]LogCollectionManager: Rebuilt the object cache for 0 collections in 0.000000 seconds (found 0 objects)
[2018.10.10-16.22.25:198][  1]LogCollectionManager: Fixed up redirectors for 0 collections in 0.000038 seconds (updated 0 objects)
[2018.10.10-16.22.32:555][435]LogSlate: FSceneViewport::OnFocusLost() reason 0
[2018.10.10-16.22.37:482][725]LogSlate: Took 0.000244 seconds to synchronously load lazily loaded font '../../../Engine/Content/Slate/Fonts/Roboto-Light.ttf' (167K)
[2018.10.10-16.22.37:487][725]LogAssetEditorManager: Opening Asset editor for Blueprint /Game/FirstPersonBP/Blueprints/FirstPersonCharacter.FirstPersonCharacter
[2018.10.10-16.22.37:887][725]LogContentBrowser: Native class hierarchy updated for 'BlueprintGraph' in 0.0005 seconds. Added 116 classes and 0 folders.
[2018.10.10-16.22.38:504][725]LogSlate: Took 0.001278 seconds to synchronously load lazily loaded font '../../../Engine/Content/Slate/Fonts/Roboto-BoldCondensed.ttf' (158K)
[2018.10.10-16.22.38:687][726]LogSlate: Took 0.001476 seconds to synchronously load lazily loaded font '../../../Engine/Content/Slate/Fonts/Roboto-Italic.ttf' (157K)
[2018.10.10-16.22.43:892][972]LogSlate: Window 'FirstPersonCharacter' being destroyed
[2018.10.10-16.24.54:385][645]LogAssetEditorManager: Opening Asset editor for Blueprint /Game/FirstPersonBP/Blueprints/FirstPersonProjectile.FirstPersonProjectile
[2018.10.10-16.25.03:689][187]LogRenderer: Reallocating scene render targets to support 1208x712 Format 10 NumSamples 1 (Frame:1).
[2018.10.10-16.25.36:977][177]LogSlate: FSceneViewport::OnFocusLost() reason 0
[2018.10.10-16.32.25:159][646]LogFileHelpers: Editor autosave (incl. sublevels) for '/Game/FirstPersonBP/Maps/FirstPersonExampleMap' took 0.032
[2018.10.10-16.32.25:162][646]OBJ SavePackage: Generating thumbnails for [1] asset(s) in package [/Game/FirstPersonBP/Blueprints/FirstPersonCharacter] ([1] browsable assets)...
[2018.10.10-16.32.25:175][646]OBJ SavePackage:     Rendered thumbnail for [Blueprint /Game/FirstPersonBP/Blueprints/FirstPersonCharacter.FirstPersonCharacter]
[2018.10.10-16.32.25:175][646]OBJ SavePackage: Finished generating thumbnails for package [/Game/FirstPersonBP/Blueprints/FirstPersonCharacter]
[2018.10.10-16.32.25:236][646]LogSavePackage: Moving '../../../../../../FPS/FPS/MyProject/Saved/FirstPersonCharacter_Auto1579FB97E43ABBE55CD44809637300B9A.tmp' to '../../../../../../FPS/FPS/MyProject/Saved/Autosaves/Game/FirstPersonBP/Blueprints/FirstPersonCharacter_Auto1.uasset'
[2018.10.10-16.32.25:237][646]LogFileHelpers: Auto-saving content packages took 0.078
[2018.10.10-16.34.01:433][415]LogSlate: Took 0.002464 seconds to synchronously load lazily loaded font '../../../Engine/Content/Slate/Fonts/Roboto-BoldCondensedItalic.ttf' (160K)
